[2024-07-31T07:54:25.744+0000] {processor.py:161} INFO - Started process (PID=80) to work on /home/airflow/.local/lib/python3.12/site-packages/airflow/example_dags/example_setup_teardown.py
[2024-07-31T07:54:25.744+0000] {processor.py:830} INFO - Processing file /home/airflow/.local/lib/python3.12/site-packages/airflow/example_dags/example_setup_teardown.py for tasks to queue
[2024-07-31T07:54:25.746+0000] {logging_mixin.py:188} INFO - [2024-07-31T07:54:25.746+0000] {dagbag.py:545} INFO - Filling up the DagBag from /home/airflow/.local/lib/python3.12/site-packages/airflow/example_dags/example_setup_teardown.py
[2024-07-31T07:54:25.760+0000] {processor.py:840} INFO - DAG(s) 'example_setup_teardown' retrieved from /home/airflow/.local/lib/python3.12/site-packages/airflow/example_dags/example_setup_teardown.py
[2024-07-31T07:54:25.773+0000] {logging_mixin.py:188} INFO - [2024-07-31T07:54:25.772+0000] {dag.py:3089} INFO - Sync 1 DAGs
[2024-07-31T07:54:25.796+0000] {logging_mixin.py:188} INFO - [2024-07-31T07:54:25.796+0000] {dag.py:3947} INFO - Setting next_dagrun for example_setup_teardown to 2024-07-30 00:00:00+00:00, run_after=2024-07-31 00:00:00+00:00
[2024-07-31T07:54:25.819+0000] {processor.py:183} INFO - Processing /home/airflow/.local/lib/python3.12/site-packages/airflow/example_dags/example_setup_teardown.py took 0.081 seconds
[2024-07-31T07:54:45.746+0000] {processor.py:161} INFO - Started process (PID=73) to work on /home/airflow/.local/lib/python3.12/site-packages/airflow/example_dags/example_setup_teardown.py
[2024-07-31T07:54:45.747+0000] {processor.py:830} INFO - Processing file /home/airflow/.local/lib/python3.12/site-packages/airflow/example_dags/example_setup_teardown.py for tasks to queue
[2024-07-31T07:54:45.749+0000] {logging_mixin.py:188} INFO - [2024-07-31T07:54:45.748+0000] {dagbag.py:545} INFO - Filling up the DagBag from /home/airflow/.local/lib/python3.12/site-packages/airflow/example_dags/example_setup_teardown.py
[2024-07-31T07:54:45.760+0000] {processor.py:840} INFO - DAG(s) 'example_setup_teardown' retrieved from /home/airflow/.local/lib/python3.12/site-packages/airflow/example_dags/example_setup_teardown.py
[2024-07-31T07:54:45.890+0000] {logging_mixin.py:188} INFO - [2024-07-31T07:54:45.890+0000] {dag.py:3089} INFO - Sync 1 DAGs
[2024-07-31T07:54:45.911+0000] {logging_mixin.py:188} INFO - [2024-07-31T07:54:45.911+0000] {dag.py:3947} INFO - Setting next_dagrun for example_setup_teardown to 2024-07-30 00:00:00+00:00, run_after=2024-07-31 00:00:00+00:00
[2024-07-31T07:54:45.934+0000] {processor.py:183} INFO - Processing /home/airflow/.local/lib/python3.12/site-packages/airflow/example_dags/example_setup_teardown.py took 0.198 seconds
[2024-07-31T07:55:16.039+0000] {processor.py:161} INFO - Started process (PID=137) to work on /home/airflow/.local/lib/python3.12/site-packages/airflow/example_dags/example_setup_teardown.py
[2024-07-31T07:55:16.040+0000] {processor.py:830} INFO - Processing file /home/airflow/.local/lib/python3.12/site-packages/airflow/example_dags/example_setup_teardown.py for tasks to queue
[2024-07-31T07:55:16.041+0000] {logging_mixin.py:188} INFO - [2024-07-31T07:55:16.041+0000] {dagbag.py:545} INFO - Filling up the DagBag from /home/airflow/.local/lib/python3.12/site-packages/airflow/example_dags/example_setup_teardown.py
[2024-07-31T07:55:16.047+0000] {processor.py:840} INFO - DAG(s) 'example_setup_teardown' retrieved from /home/airflow/.local/lib/python3.12/site-packages/airflow/example_dags/example_setup_teardown.py
[2024-07-31T07:55:16.069+0000] {logging_mixin.py:188} INFO - [2024-07-31T07:55:16.069+0000] {dag.py:3089} INFO - Sync 1 DAGs
[2024-07-31T07:55:16.090+0000] {logging_mixin.py:188} INFO - [2024-07-31T07:55:16.090+0000] {dag.py:3947} INFO - Setting next_dagrun for example_setup_teardown to 2024-07-30 00:00:00+00:00, run_after=2024-07-31 00:00:00+00:00
[2024-07-31T07:55:16.108+0000] {processor.py:183} INFO - Processing /home/airflow/.local/lib/python3.12/site-packages/airflow/example_dags/example_setup_teardown.py took 0.074 seconds
[2024-07-31T07:55:46.444+0000] {processor.py:161} INFO - Started process (PID=195) to work on /home/airflow/.local/lib/python3.12/site-packages/airflow/example_dags/example_setup_teardown.py
[2024-07-31T07:55:46.444+0000] {processor.py:830} INFO - Processing file /home/airflow/.local/lib/python3.12/site-packages/airflow/example_dags/example_setup_teardown.py for tasks to queue
[2024-07-31T07:55:46.446+0000] {logging_mixin.py:188} INFO - [2024-07-31T07:55:46.446+0000] {dagbag.py:545} INFO - Filling up the DagBag from /home/airflow/.local/lib/python3.12/site-packages/airflow/example_dags/example_setup_teardown.py
[2024-07-31T07:55:46.451+0000] {processor.py:840} INFO - DAG(s) 'example_setup_teardown' retrieved from /home/airflow/.local/lib/python3.12/site-packages/airflow/example_dags/example_setup_teardown.py
[2024-07-31T07:55:46.473+0000] {logging_mixin.py:188} INFO - [2024-07-31T07:55:46.473+0000] {dag.py:3089} INFO - Sync 1 DAGs
[2024-07-31T07:55:46.494+0000] {logging_mixin.py:188} INFO - [2024-07-31T07:55:46.494+0000] {dag.py:3947} INFO - Setting next_dagrun for example_setup_teardown to 2024-07-30 00:00:00+00:00, run_after=2024-07-31 00:00:00+00:00
[2024-07-31T07:55:46.511+0000] {processor.py:183} INFO - Processing /home/airflow/.local/lib/python3.12/site-packages/airflow/example_dags/example_setup_teardown.py took 0.073 seconds
[2024-07-31T07:56:17.074+0000] {processor.py:161} INFO - Started process (PID=253) to work on /home/airflow/.local/lib/python3.12/site-packages/airflow/example_dags/example_setup_teardown.py
[2024-07-31T07:56:17.076+0000] {processor.py:830} INFO - Processing file /home/airflow/.local/lib/python3.12/site-packages/airflow/example_dags/example_setup_teardown.py for tasks to queue
[2024-07-31T07:56:17.077+0000] {logging_mixin.py:188} INFO - [2024-07-31T07:56:17.077+0000] {dagbag.py:545} INFO - Filling up the DagBag from /home/airflow/.local/lib/python3.12/site-packages/airflow/example_dags/example_setup_teardown.py
[2024-07-31T07:56:17.083+0000] {processor.py:840} INFO - DAG(s) 'example_setup_teardown' retrieved from /home/airflow/.local/lib/python3.12/site-packages/airflow/example_dags/example_setup_teardown.py
[2024-07-31T07:56:17.103+0000] {logging_mixin.py:188} INFO - [2024-07-31T07:56:17.103+0000] {dag.py:3089} INFO - Sync 1 DAGs
[2024-07-31T07:56:17.127+0000] {logging_mixin.py:188} INFO - [2024-07-31T07:56:17.127+0000] {dag.py:3947} INFO - Setting next_dagrun for example_setup_teardown to 2024-07-30 00:00:00+00:00, run_after=2024-07-31 00:00:00+00:00
[2024-07-31T07:56:17.146+0000] {processor.py:183} INFO - Processing /home/airflow/.local/lib/python3.12/site-packages/airflow/example_dags/example_setup_teardown.py took 0.084 seconds
[2024-07-31T07:56:47.281+0000] {processor.py:161} INFO - Started process (PID=311) to work on /home/airflow/.local/lib/python3.12/site-packages/airflow/example_dags/example_setup_teardown.py
[2024-07-31T07:56:47.282+0000] {processor.py:830} INFO - Processing file /home/airflow/.local/lib/python3.12/site-packages/airflow/example_dags/example_setup_teardown.py for tasks to queue
[2024-07-31T07:56:47.283+0000] {logging_mixin.py:188} INFO - [2024-07-31T07:56:47.283+0000] {dagbag.py:545} INFO - Filling up the DagBag from /home/airflow/.local/lib/python3.12/site-packages/airflow/example_dags/example_setup_teardown.py
[2024-07-31T07:56:47.288+0000] {processor.py:840} INFO - DAG(s) 'example_setup_teardown' retrieved from /home/airflow/.local/lib/python3.12/site-packages/airflow/example_dags/example_setup_teardown.py
[2024-07-31T07:56:47.308+0000] {logging_mixin.py:188} INFO - [2024-07-31T07:56:47.307+0000] {dag.py:3089} INFO - Sync 1 DAGs
[2024-07-31T07:56:47.326+0000] {logging_mixin.py:188} INFO - [2024-07-31T07:56:47.326+0000] {dag.py:3947} INFO - Setting next_dagrun for example_setup_teardown to 2024-07-30 00:00:00+00:00, run_after=2024-07-31 00:00:00+00:00
[2024-07-31T07:56:47.343+0000] {processor.py:183} INFO - Processing /home/airflow/.local/lib/python3.12/site-packages/airflow/example_dags/example_setup_teardown.py took 0.073 seconds
[2024-07-31T07:57:17.630+0000] {processor.py:161} INFO - Started process (PID=369) to work on /home/airflow/.local/lib/python3.12/site-packages/airflow/example_dags/example_setup_teardown.py
[2024-07-31T07:57:17.631+0000] {processor.py:830} INFO - Processing file /home/airflow/.local/lib/python3.12/site-packages/airflow/example_dags/example_setup_teardown.py for tasks to queue
[2024-07-31T07:57:17.633+0000] {logging_mixin.py:188} INFO - [2024-07-31T07:57:17.632+0000] {dagbag.py:545} INFO - Filling up the DagBag from /home/airflow/.local/lib/python3.12/site-packages/airflow/example_dags/example_setup_teardown.py
[2024-07-31T07:57:17.638+0000] {processor.py:840} INFO - DAG(s) 'example_setup_teardown' retrieved from /home/airflow/.local/lib/python3.12/site-packages/airflow/example_dags/example_setup_teardown.py
[2024-07-31T07:57:17.660+0000] {logging_mixin.py:188} INFO - [2024-07-31T07:57:17.660+0000] {dag.py:3089} INFO - Sync 1 DAGs
[2024-07-31T07:57:17.677+0000] {logging_mixin.py:188} INFO - [2024-07-31T07:57:17.677+0000] {dag.py:3947} INFO - Setting next_dagrun for example_setup_teardown to 2024-07-30 00:00:00+00:00, run_after=2024-07-31 00:00:00+00:00
[2024-07-31T07:57:17.694+0000] {processor.py:183} INFO - Processing /home/airflow/.local/lib/python3.12/site-packages/airflow/example_dags/example_setup_teardown.py took 0.070 seconds
[2024-07-31T07:57:47.751+0000] {processor.py:161} INFO - Started process (PID=427) to work on /home/airflow/.local/lib/python3.12/site-packages/airflow/example_dags/example_setup_teardown.py
[2024-07-31T07:57:47.753+0000] {processor.py:830} INFO - Processing file /home/airflow/.local/lib/python3.12/site-packages/airflow/example_dags/example_setup_teardown.py for tasks to queue
[2024-07-31T07:57:47.754+0000] {logging_mixin.py:188} INFO - [2024-07-31T07:57:47.754+0000] {dagbag.py:545} INFO - Filling up the DagBag from /home/airflow/.local/lib/python3.12/site-packages/airflow/example_dags/example_setup_teardown.py
[2024-07-31T07:57:47.760+0000] {processor.py:840} INFO - DAG(s) 'example_setup_teardown' retrieved from /home/airflow/.local/lib/python3.12/site-packages/airflow/example_dags/example_setup_teardown.py
[2024-07-31T07:57:47.780+0000] {logging_mixin.py:188} INFO - [2024-07-31T07:57:47.780+0000] {dag.py:3089} INFO - Sync 1 DAGs
[2024-07-31T07:57:47.801+0000] {logging_mixin.py:188} INFO - [2024-07-31T07:57:47.801+0000] {dag.py:3947} INFO - Setting next_dagrun for example_setup_teardown to 2024-07-30 00:00:00+00:00, run_after=2024-07-31 00:00:00+00:00
[2024-07-31T07:57:47.818+0000] {processor.py:183} INFO - Processing /home/airflow/.local/lib/python3.12/site-packages/airflow/example_dags/example_setup_teardown.py took 0.077 seconds
[2024-07-31T07:58:49.848+0000] {processor.py:161} INFO - Started process (PID=80) to work on /home/airflow/.local/lib/python3.12/site-packages/airflow/example_dags/example_setup_teardown.py
[2024-07-31T07:58:49.849+0000] {processor.py:830} INFO - Processing file /home/airflow/.local/lib/python3.12/site-packages/airflow/example_dags/example_setup_teardown.py for tasks to queue
[2024-07-31T07:58:49.851+0000] {logging_mixin.py:188} INFO - [2024-07-31T07:58:49.851+0000] {dagbag.py:545} INFO - Filling up the DagBag from /home/airflow/.local/lib/python3.12/site-packages/airflow/example_dags/example_setup_teardown.py
[2024-07-31T07:58:49.862+0000] {processor.py:840} INFO - DAG(s) 'example_setup_teardown' retrieved from /home/airflow/.local/lib/python3.12/site-packages/airflow/example_dags/example_setup_teardown.py
[2024-07-31T07:58:49.877+0000] {logging_mixin.py:188} INFO - [2024-07-31T07:58:49.877+0000] {dag.py:3089} INFO - Sync 1 DAGs
[2024-07-31T07:58:49.906+0000] {logging_mixin.py:188} INFO - [2024-07-31T07:58:49.906+0000] {dag.py:3947} INFO - Setting next_dagrun for example_setup_teardown to 2024-07-30 00:00:00+00:00, run_after=2024-07-31 00:00:00+00:00
[2024-07-31T07:58:49.932+0000] {processor.py:183} INFO - Processing /home/airflow/.local/lib/python3.12/site-packages/airflow/example_dags/example_setup_teardown.py took 0.090 seconds
[2024-07-31T07:59:21.554+0000] {processor.py:161} INFO - Started process (PID=144) to work on /home/airflow/.local/lib/python3.12/site-packages/airflow/example_dags/example_setup_teardown.py
[2024-07-31T07:59:21.555+0000] {processor.py:830} INFO - Processing file /home/airflow/.local/lib/python3.12/site-packages/airflow/example_dags/example_setup_teardown.py for tasks to queue
[2024-07-31T07:59:21.557+0000] {logging_mixin.py:188} INFO - [2024-07-31T07:59:21.557+0000] {dagbag.py:545} INFO - Filling up the DagBag from /home/airflow/.local/lib/python3.12/site-packages/airflow/example_dags/example_setup_teardown.py
[2024-07-31T07:59:21.562+0000] {processor.py:840} INFO - DAG(s) 'example_setup_teardown' retrieved from /home/airflow/.local/lib/python3.12/site-packages/airflow/example_dags/example_setup_teardown.py
[2024-07-31T07:59:21.664+0000] {logging_mixin.py:188} INFO - [2024-07-31T07:59:21.664+0000] {dag.py:3089} INFO - Sync 1 DAGs
[2024-07-31T07:59:21.684+0000] {logging_mixin.py:188} INFO - [2024-07-31T07:59:21.684+0000] {dag.py:3947} INFO - Setting next_dagrun for example_setup_teardown to 2024-07-30 00:00:00+00:00, run_after=2024-07-31 00:00:00+00:00
[2024-07-31T07:59:21.703+0000] {processor.py:183} INFO - Processing /home/airflow/.local/lib/python3.12/site-packages/airflow/example_dags/example_setup_teardown.py took 0.160 seconds
[2024-07-31T07:59:51.825+0000] {processor.py:161} INFO - Started process (PID=202) to work on /home/airflow/.local/lib/python3.12/site-packages/airflow/example_dags/example_setup_teardown.py
[2024-07-31T07:59:51.825+0000] {processor.py:830} INFO - Processing file /home/airflow/.local/lib/python3.12/site-packages/airflow/example_dags/example_setup_teardown.py for tasks to queue
[2024-07-31T07:59:51.827+0000] {logging_mixin.py:188} INFO - [2024-07-31T07:59:51.827+0000] {dagbag.py:545} INFO - Filling up the DagBag from /home/airflow/.local/lib/python3.12/site-packages/airflow/example_dags/example_setup_teardown.py
[2024-07-31T07:59:51.834+0000] {processor.py:840} INFO - DAG(s) 'example_setup_teardown' retrieved from /home/airflow/.local/lib/python3.12/site-packages/airflow/example_dags/example_setup_teardown.py
[2024-07-31T07:59:51.858+0000] {logging_mixin.py:188} INFO - [2024-07-31T07:59:51.858+0000] {dag.py:3089} INFO - Sync 1 DAGs
[2024-07-31T07:59:51.880+0000] {logging_mixin.py:188} INFO - [2024-07-31T07:59:51.880+0000] {dag.py:3947} INFO - Setting next_dagrun for example_setup_teardown to 2024-07-30 00:00:00+00:00, run_after=2024-07-31 00:00:00+00:00
[2024-07-31T07:59:51.901+0000] {processor.py:183} INFO - Processing /home/airflow/.local/lib/python3.12/site-packages/airflow/example_dags/example_setup_teardown.py took 0.083 seconds
[2024-07-31T08:00:22.773+0000] {processor.py:161} INFO - Started process (PID=260) to work on /home/airflow/.local/lib/python3.12/site-packages/airflow/example_dags/example_setup_teardown.py
[2024-07-31T08:00:22.774+0000] {processor.py:830} INFO - Processing file /home/airflow/.local/lib/python3.12/site-packages/airflow/example_dags/example_setup_teardown.py for tasks to queue
[2024-07-31T08:00:22.775+0000] {logging_mixin.py:188} INFO - [2024-07-31T08:00:22.775+0000] {dagbag.py:545} INFO - Filling up the DagBag from /home/airflow/.local/lib/python3.12/site-packages/airflow/example_dags/example_setup_teardown.py
[2024-07-31T08:00:22.781+0000] {processor.py:840} INFO - DAG(s) 'example_setup_teardown' retrieved from /home/airflow/.local/lib/python3.12/site-packages/airflow/example_dags/example_setup_teardown.py
[2024-07-31T08:00:22.804+0000] {logging_mixin.py:188} INFO - [2024-07-31T08:00:22.804+0000] {dag.py:3089} INFO - Sync 1 DAGs
[2024-07-31T08:00:22.828+0000] {logging_mixin.py:188} INFO - [2024-07-31T08:00:22.828+0000] {dag.py:3947} INFO - Setting next_dagrun for example_setup_teardown to 2024-07-30 00:00:00+00:00, run_after=2024-07-31 00:00:00+00:00
[2024-07-31T08:00:22.849+0000] {processor.py:183} INFO - Processing /home/airflow/.local/lib/python3.12/site-packages/airflow/example_dags/example_setup_teardown.py took 0.086 seconds
[2024-07-31T08:00:53.263+0000] {processor.py:161} INFO - Started process (PID=318) to work on /home/airflow/.local/lib/python3.12/site-packages/airflow/example_dags/example_setup_teardown.py
[2024-07-31T08:00:53.263+0000] {processor.py:830} INFO - Processing file /home/airflow/.local/lib/python3.12/site-packages/airflow/example_dags/example_setup_teardown.py for tasks to queue
[2024-07-31T08:00:53.266+0000] {logging_mixin.py:188} INFO - [2024-07-31T08:00:53.265+0000] {dagbag.py:545} INFO - Filling up the DagBag from /home/airflow/.local/lib/python3.12/site-packages/airflow/example_dags/example_setup_teardown.py
[2024-07-31T08:00:53.271+0000] {processor.py:840} INFO - DAG(s) 'example_setup_teardown' retrieved from /home/airflow/.local/lib/python3.12/site-packages/airflow/example_dags/example_setup_teardown.py
[2024-07-31T08:00:53.289+0000] {logging_mixin.py:188} INFO - [2024-07-31T08:00:53.289+0000] {dag.py:3089} INFO - Sync 1 DAGs
[2024-07-31T08:00:53.307+0000] {logging_mixin.py:188} INFO - [2024-07-31T08:00:53.307+0000] {dag.py:3947} INFO - Setting next_dagrun for example_setup_teardown to 2024-07-30 00:00:00+00:00, run_after=2024-07-31 00:00:00+00:00
[2024-07-31T08:00:53.324+0000] {processor.py:183} INFO - Processing /home/airflow/.local/lib/python3.12/site-packages/airflow/example_dags/example_setup_teardown.py took 0.073 seconds
[2024-07-31T08:01:23.524+0000] {processor.py:161} INFO - Started process (PID=376) to work on /home/airflow/.local/lib/python3.12/site-packages/airflow/example_dags/example_setup_teardown.py
[2024-07-31T08:01:23.524+0000] {processor.py:830} INFO - Processing file /home/airflow/.local/lib/python3.12/site-packages/airflow/example_dags/example_setup_teardown.py for tasks to queue
[2024-07-31T08:01:23.526+0000] {logging_mixin.py:188} INFO - [2024-07-31T08:01:23.526+0000] {dagbag.py:545} INFO - Filling up the DagBag from /home/airflow/.local/lib/python3.12/site-packages/airflow/example_dags/example_setup_teardown.py
[2024-07-31T08:01:23.531+0000] {processor.py:840} INFO - DAG(s) 'example_setup_teardown' retrieved from /home/airflow/.local/lib/python3.12/site-packages/airflow/example_dags/example_setup_teardown.py
[2024-07-31T08:01:23.552+0000] {logging_mixin.py:188} INFO - [2024-07-31T08:01:23.551+0000] {dag.py:3089} INFO - Sync 1 DAGs
[2024-07-31T08:01:23.572+0000] {logging_mixin.py:188} INFO - [2024-07-31T08:01:23.572+0000] {dag.py:3947} INFO - Setting next_dagrun for example_setup_teardown to 2024-07-30 00:00:00+00:00, run_after=2024-07-31 00:00:00+00:00
[2024-07-31T08:01:23.590+0000] {processor.py:183} INFO - Processing /home/airflow/.local/lib/python3.12/site-packages/airflow/example_dags/example_setup_teardown.py took 0.076 seconds
[2024-07-31T08:01:53.740+0000] {processor.py:161} INFO - Started process (PID=434) to work on /home/airflow/.local/lib/python3.12/site-packages/airflow/example_dags/example_setup_teardown.py
[2024-07-31T08:01:53.741+0000] {processor.py:830} INFO - Processing file /home/airflow/.local/lib/python3.12/site-packages/airflow/example_dags/example_setup_teardown.py for tasks to queue
[2024-07-31T08:01:53.743+0000] {logging_mixin.py:188} INFO - [2024-07-31T08:01:53.743+0000] {dagbag.py:545} INFO - Filling up the DagBag from /home/airflow/.local/lib/python3.12/site-packages/airflow/example_dags/example_setup_teardown.py
[2024-07-31T08:01:53.749+0000] {processor.py:840} INFO - DAG(s) 'example_setup_teardown' retrieved from /home/airflow/.local/lib/python3.12/site-packages/airflow/example_dags/example_setup_teardown.py
[2024-07-31T08:01:53.769+0000] {logging_mixin.py:188} INFO - [2024-07-31T08:01:53.769+0000] {dag.py:3089} INFO - Sync 1 DAGs
[2024-07-31T08:01:53.790+0000] {logging_mixin.py:188} INFO - [2024-07-31T08:01:53.790+0000] {dag.py:3947} INFO - Setting next_dagrun for example_setup_teardown to 2024-07-30 00:00:00+00:00, run_after=2024-07-31 00:00:00+00:00
[2024-07-31T08:01:53.808+0000] {processor.py:183} INFO - Processing /home/airflow/.local/lib/python3.12/site-packages/airflow/example_dags/example_setup_teardown.py took 0.079 seconds
[2024-07-31T08:02:24.076+0000] {processor.py:161} INFO - Started process (PID=492) to work on /home/airflow/.local/lib/python3.12/site-packages/airflow/example_dags/example_setup_teardown.py
[2024-07-31T08:02:24.077+0000] {processor.py:830} INFO - Processing file /home/airflow/.local/lib/python3.12/site-packages/airflow/example_dags/example_setup_teardown.py for tasks to queue
[2024-07-31T08:02:24.078+0000] {logging_mixin.py:188} INFO - [2024-07-31T08:02:24.078+0000] {dagbag.py:545} INFO - Filling up the DagBag from /home/airflow/.local/lib/python3.12/site-packages/airflow/example_dags/example_setup_teardown.py
[2024-07-31T08:02:24.084+0000] {processor.py:840} INFO - DAG(s) 'example_setup_teardown' retrieved from /home/airflow/.local/lib/python3.12/site-packages/airflow/example_dags/example_setup_teardown.py
[2024-07-31T08:02:24.103+0000] {logging_mixin.py:188} INFO - [2024-07-31T08:02:24.103+0000] {dag.py:3089} INFO - Sync 1 DAGs
[2024-07-31T08:02:24.124+0000] {logging_mixin.py:188} INFO - [2024-07-31T08:02:24.124+0000] {dag.py:3947} INFO - Setting next_dagrun for example_setup_teardown to 2024-07-30 00:00:00+00:00, run_after=2024-07-31 00:00:00+00:00
[2024-07-31T08:02:24.142+0000] {processor.py:183} INFO - Processing /home/airflow/.local/lib/python3.12/site-packages/airflow/example_dags/example_setup_teardown.py took 0.077 seconds
[2024-07-31T08:02:54.352+0000] {processor.py:161} INFO - Started process (PID=550) to work on /home/airflow/.local/lib/python3.12/site-packages/airflow/example_dags/example_setup_teardown.py
[2024-07-31T08:02:54.352+0000] {processor.py:830} INFO - Processing file /home/airflow/.local/lib/python3.12/site-packages/airflow/example_dags/example_setup_teardown.py for tasks to queue
[2024-07-31T08:02:54.354+0000] {logging_mixin.py:188} INFO - [2024-07-31T08:02:54.354+0000] {dagbag.py:545} INFO - Filling up the DagBag from /home/airflow/.local/lib/python3.12/site-packages/airflow/example_dags/example_setup_teardown.py
[2024-07-31T08:02:54.359+0000] {processor.py:840} INFO - DAG(s) 'example_setup_teardown' retrieved from /home/airflow/.local/lib/python3.12/site-packages/airflow/example_dags/example_setup_teardown.py
[2024-07-31T08:02:54.378+0000] {logging_mixin.py:188} INFO - [2024-07-31T08:02:54.378+0000] {dag.py:3089} INFO - Sync 1 DAGs
[2024-07-31T08:02:54.401+0000] {logging_mixin.py:188} INFO - [2024-07-31T08:02:54.401+0000] {dag.py:3947} INFO - Setting next_dagrun for example_setup_teardown to 2024-07-30 00:00:00+00:00, run_after=2024-07-31 00:00:00+00:00
[2024-07-31T08:02:54.419+0000] {processor.py:183} INFO - Processing /home/airflow/.local/lib/python3.12/site-packages/airflow/example_dags/example_setup_teardown.py took 0.077 seconds
[2024-07-31T08:03:24.602+0000] {processor.py:161} INFO - Started process (PID=608) to work on /home/airflow/.local/lib/python3.12/site-packages/airflow/example_dags/example_setup_teardown.py
[2024-07-31T08:03:24.602+0000] {processor.py:830} INFO - Processing file /home/airflow/.local/lib/python3.12/site-packages/airflow/example_dags/example_setup_teardown.py for tasks to queue
[2024-07-31T08:03:24.604+0000] {logging_mixin.py:188} INFO - [2024-07-31T08:03:24.604+0000] {dagbag.py:545} INFO - Filling up the DagBag from /home/airflow/.local/lib/python3.12/site-packages/airflow/example_dags/example_setup_teardown.py
[2024-07-31T08:03:24.610+0000] {processor.py:840} INFO - DAG(s) 'example_setup_teardown' retrieved from /home/airflow/.local/lib/python3.12/site-packages/airflow/example_dags/example_setup_teardown.py
[2024-07-31T08:03:24.631+0000] {logging_mixin.py:188} INFO - [2024-07-31T08:03:24.631+0000] {dag.py:3089} INFO - Sync 1 DAGs
[2024-07-31T08:03:24.652+0000] {logging_mixin.py:188} INFO - [2024-07-31T08:03:24.652+0000] {dag.py:3947} INFO - Setting next_dagrun for example_setup_teardown to 2024-07-30 00:00:00+00:00, run_after=2024-07-31 00:00:00+00:00
[2024-07-31T08:03:24.671+0000] {processor.py:183} INFO - Processing /home/airflow/.local/lib/python3.12/site-packages/airflow/example_dags/example_setup_teardown.py took 0.076 seconds
[2024-07-31T08:03:54.858+0000] {processor.py:161} INFO - Started process (PID=666) to work on /home/airflow/.local/lib/python3.12/site-packages/airflow/example_dags/example_setup_teardown.py
[2024-07-31T08:03:54.859+0000] {processor.py:830} INFO - Processing file /home/airflow/.local/lib/python3.12/site-packages/airflow/example_dags/example_setup_teardown.py for tasks to queue
[2024-07-31T08:03:54.861+0000] {logging_mixin.py:188} INFO - [2024-07-31T08:03:54.861+0000] {dagbag.py:545} INFO - Filling up the DagBag from /home/airflow/.local/lib/python3.12/site-packages/airflow/example_dags/example_setup_teardown.py
[2024-07-31T08:03:54.867+0000] {processor.py:840} INFO - DAG(s) 'example_setup_teardown' retrieved from /home/airflow/.local/lib/python3.12/site-packages/airflow/example_dags/example_setup_teardown.py
[2024-07-31T08:03:54.884+0000] {logging_mixin.py:188} INFO - [2024-07-31T08:03:54.884+0000] {dag.py:3089} INFO - Sync 1 DAGs
[2024-07-31T08:03:54.905+0000] {logging_mixin.py:188} INFO - [2024-07-31T08:03:54.905+0000] {dag.py:3947} INFO - Setting next_dagrun for example_setup_teardown to 2024-07-30 00:00:00+00:00, run_after=2024-07-31 00:00:00+00:00
[2024-07-31T08:03:54.923+0000] {processor.py:183} INFO - Processing /home/airflow/.local/lib/python3.12/site-packages/airflow/example_dags/example_setup_teardown.py took 0.070 seconds
[2024-07-31T08:04:25.448+0000] {processor.py:161} INFO - Started process (PID=724) to work on /home/airflow/.local/lib/python3.12/site-packages/airflow/example_dags/example_setup_teardown.py
[2024-07-31T08:04:25.450+0000] {processor.py:830} INFO - Processing file /home/airflow/.local/lib/python3.12/site-packages/airflow/example_dags/example_setup_teardown.py for tasks to queue
[2024-07-31T08:04:25.453+0000] {logging_mixin.py:188} INFO - [2024-07-31T08:04:25.452+0000] {dagbag.py:545} INFO - Filling up the DagBag from /home/airflow/.local/lib/python3.12/site-packages/airflow/example_dags/example_setup_teardown.py
[2024-07-31T08:04:25.458+0000] {processor.py:840} INFO - DAG(s) 'example_setup_teardown' retrieved from /home/airflow/.local/lib/python3.12/site-packages/airflow/example_dags/example_setup_teardown.py
[2024-07-31T08:04:25.478+0000] {logging_mixin.py:188} INFO - [2024-07-31T08:04:25.478+0000] {dag.py:3089} INFO - Sync 1 DAGs
[2024-07-31T08:04:25.498+0000] {logging_mixin.py:188} INFO - [2024-07-31T08:04:25.497+0000] {dag.py:3947} INFO - Setting next_dagrun for example_setup_teardown to 2024-07-30 00:00:00+00:00, run_after=2024-07-31 00:00:00+00:00
[2024-07-31T08:04:25.515+0000] {processor.py:183} INFO - Processing /home/airflow/.local/lib/python3.12/site-packages/airflow/example_dags/example_setup_teardown.py took 0.072 seconds
[2024-07-31T08:04:55.672+0000] {processor.py:161} INFO - Started process (PID=782) to work on /home/airflow/.local/lib/python3.12/site-packages/airflow/example_dags/example_setup_teardown.py
[2024-07-31T08:04:55.673+0000] {processor.py:830} INFO - Processing file /home/airflow/.local/lib/python3.12/site-packages/airflow/example_dags/example_setup_teardown.py for tasks to queue
[2024-07-31T08:04:55.675+0000] {logging_mixin.py:188} INFO - [2024-07-31T08:04:55.674+0000] {dagbag.py:545} INFO - Filling up the DagBag from /home/airflow/.local/lib/python3.12/site-packages/airflow/example_dags/example_setup_teardown.py
[2024-07-31T08:04:55.680+0000] {processor.py:840} INFO - DAG(s) 'example_setup_teardown' retrieved from /home/airflow/.local/lib/python3.12/site-packages/airflow/example_dags/example_setup_teardown.py
[2024-07-31T08:04:55.701+0000] {logging_mixin.py:188} INFO - [2024-07-31T08:04:55.701+0000] {dag.py:3089} INFO - Sync 1 DAGs
[2024-07-31T08:04:55.722+0000] {logging_mixin.py:188} INFO - [2024-07-31T08:04:55.722+0000] {dag.py:3947} INFO - Setting next_dagrun for example_setup_teardown to 2024-07-30 00:00:00+00:00, run_after=2024-07-31 00:00:00+00:00
[2024-07-31T08:04:55.740+0000] {processor.py:183} INFO - Processing /home/airflow/.local/lib/python3.12/site-packages/airflow/example_dags/example_setup_teardown.py took 0.079 seconds
[2024-07-31T08:05:26.050+0000] {processor.py:161} INFO - Started process (PID=840) to work on /home/airflow/.local/lib/python3.12/site-packages/airflow/example_dags/example_setup_teardown.py
[2024-07-31T08:05:26.051+0000] {processor.py:830} INFO - Processing file /home/airflow/.local/lib/python3.12/site-packages/airflow/example_dags/example_setup_teardown.py for tasks to queue
[2024-07-31T08:05:26.053+0000] {logging_mixin.py:188} INFO - [2024-07-31T08:05:26.053+0000] {dagbag.py:545} INFO - Filling up the DagBag from /home/airflow/.local/lib/python3.12/site-packages/airflow/example_dags/example_setup_teardown.py
[2024-07-31T08:05:26.060+0000] {processor.py:840} INFO - DAG(s) 'example_setup_teardown' retrieved from /home/airflow/.local/lib/python3.12/site-packages/airflow/example_dags/example_setup_teardown.py
[2024-07-31T08:05:26.078+0000] {logging_mixin.py:188} INFO - [2024-07-31T08:05:26.078+0000] {dag.py:3089} INFO - Sync 1 DAGs
[2024-07-31T08:05:26.098+0000] {logging_mixin.py:188} INFO - [2024-07-31T08:05:26.098+0000] {dag.py:3947} INFO - Setting next_dagrun for example_setup_teardown to 2024-07-30 00:00:00+00:00, run_after=2024-07-31 00:00:00+00:00
[2024-07-31T08:05:26.117+0000] {processor.py:183} INFO - Processing /home/airflow/.local/lib/python3.12/site-packages/airflow/example_dags/example_setup_teardown.py took 0.075 seconds
[2024-07-31T08:05:56.507+0000] {processor.py:161} INFO - Started process (PID=898) to work on /home/airflow/.local/lib/python3.12/site-packages/airflow/example_dags/example_setup_teardown.py
[2024-07-31T08:05:56.508+0000] {processor.py:830} INFO - Processing file /home/airflow/.local/lib/python3.12/site-packages/airflow/example_dags/example_setup_teardown.py for tasks to queue
[2024-07-31T08:05:56.509+0000] {logging_mixin.py:188} INFO - [2024-07-31T08:05:56.509+0000] {dagbag.py:545} INFO - Filling up the DagBag from /home/airflow/.local/lib/python3.12/site-packages/airflow/example_dags/example_setup_teardown.py
[2024-07-31T08:05:56.515+0000] {processor.py:840} INFO - DAG(s) 'example_setup_teardown' retrieved from /home/airflow/.local/lib/python3.12/site-packages/airflow/example_dags/example_setup_teardown.py
[2024-07-31T08:05:56.534+0000] {logging_mixin.py:188} INFO - [2024-07-31T08:05:56.534+0000] {dag.py:3089} INFO - Sync 1 DAGs
[2024-07-31T08:05:56.555+0000] {logging_mixin.py:188} INFO - [2024-07-31T08:05:56.555+0000] {dag.py:3947} INFO - Setting next_dagrun for example_setup_teardown to 2024-07-30 00:00:00+00:00, run_after=2024-07-31 00:00:00+00:00
[2024-07-31T08:05:56.574+0000] {processor.py:183} INFO - Processing /home/airflow/.local/lib/python3.12/site-packages/airflow/example_dags/example_setup_teardown.py took 0.075 seconds
[2024-07-31T08:06:27.481+0000] {processor.py:161} INFO - Started process (PID=956) to work on /home/airflow/.local/lib/python3.12/site-packages/airflow/example_dags/example_setup_teardown.py
[2024-07-31T08:06:27.482+0000] {processor.py:830} INFO - Processing file /home/airflow/.local/lib/python3.12/site-packages/airflow/example_dags/example_setup_teardown.py for tasks to queue
[2024-07-31T08:06:27.484+0000] {logging_mixin.py:188} INFO - [2024-07-31T08:06:27.484+0000] {dagbag.py:545} INFO - Filling up the DagBag from /home/airflow/.local/lib/python3.12/site-packages/airflow/example_dags/example_setup_teardown.py
[2024-07-31T08:06:27.490+0000] {processor.py:840} INFO - DAG(s) 'example_setup_teardown' retrieved from /home/airflow/.local/lib/python3.12/site-packages/airflow/example_dags/example_setup_teardown.py
[2024-07-31T08:06:27.510+0000] {logging_mixin.py:188} INFO - [2024-07-31T08:06:27.510+0000] {dag.py:3089} INFO - Sync 1 DAGs
[2024-07-31T08:06:27.531+0000] {logging_mixin.py:188} INFO - [2024-07-31T08:06:27.530+0000] {dag.py:3947} INFO - Setting next_dagrun for example_setup_teardown to 2024-07-30 00:00:00+00:00, run_after=2024-07-31 00:00:00+00:00
[2024-07-31T08:06:27.548+0000] {processor.py:183} INFO - Processing /home/airflow/.local/lib/python3.12/site-packages/airflow/example_dags/example_setup_teardown.py took 0.073 seconds
[2024-07-31T08:06:57.865+0000] {processor.py:161} INFO - Started process (PID=1014) to work on /home/airflow/.local/lib/python3.12/site-packages/airflow/example_dags/example_setup_teardown.py
[2024-07-31T08:06:57.866+0000] {processor.py:830} INFO - Processing file /home/airflow/.local/lib/python3.12/site-packages/airflow/example_dags/example_setup_teardown.py for tasks to queue
[2024-07-31T08:06:57.869+0000] {logging_mixin.py:188} INFO - [2024-07-31T08:06:57.868+0000] {dagbag.py:545} INFO - Filling up the DagBag from /home/airflow/.local/lib/python3.12/site-packages/airflow/example_dags/example_setup_teardown.py
[2024-07-31T08:06:57.874+0000] {processor.py:840} INFO - DAG(s) 'example_setup_teardown' retrieved from /home/airflow/.local/lib/python3.12/site-packages/airflow/example_dags/example_setup_teardown.py
[2024-07-31T08:06:57.892+0000] {logging_mixin.py:188} INFO - [2024-07-31T08:06:57.892+0000] {dag.py:3089} INFO - Sync 1 DAGs
[2024-07-31T08:06:57.911+0000] {logging_mixin.py:188} INFO - [2024-07-31T08:06:57.911+0000] {dag.py:3947} INFO - Setting next_dagrun for example_setup_teardown to 2024-07-30 00:00:00+00:00, run_after=2024-07-31 00:00:00+00:00
[2024-07-31T08:06:57.929+0000] {processor.py:183} INFO - Processing /home/airflow/.local/lib/python3.12/site-packages/airflow/example_dags/example_setup_teardown.py took 0.074 seconds
[2024-07-31T08:07:28.439+0000] {processor.py:161} INFO - Started process (PID=1072) to work on /home/airflow/.local/lib/python3.12/site-packages/airflow/example_dags/example_setup_teardown.py
[2024-07-31T08:07:28.440+0000] {processor.py:830} INFO - Processing file /home/airflow/.local/lib/python3.12/site-packages/airflow/example_dags/example_setup_teardown.py for tasks to queue
[2024-07-31T08:07:28.442+0000] {logging_mixin.py:188} INFO - [2024-07-31T08:07:28.442+0000] {dagbag.py:545} INFO - Filling up the DagBag from /home/airflow/.local/lib/python3.12/site-packages/airflow/example_dags/example_setup_teardown.py
[2024-07-31T08:07:28.448+0000] {processor.py:840} INFO - DAG(s) 'example_setup_teardown' retrieved from /home/airflow/.local/lib/python3.12/site-packages/airflow/example_dags/example_setup_teardown.py
[2024-07-31T08:07:28.466+0000] {logging_mixin.py:188} INFO - [2024-07-31T08:07:28.466+0000] {dag.py:3089} INFO - Sync 1 DAGs
[2024-07-31T08:07:28.484+0000] {logging_mixin.py:188} INFO - [2024-07-31T08:07:28.484+0000] {dag.py:3947} INFO - Setting next_dagrun for example_setup_teardown to 2024-07-30 00:00:00+00:00, run_after=2024-07-31 00:00:00+00:00
[2024-07-31T08:07:28.501+0000] {processor.py:183} INFO - Processing /home/airflow/.local/lib/python3.12/site-packages/airflow/example_dags/example_setup_teardown.py took 0.073 seconds
[2024-07-31T08:07:58.819+0000] {processor.py:161} INFO - Started process (PID=1130) to work on /home/airflow/.local/lib/python3.12/site-packages/airflow/example_dags/example_setup_teardown.py
[2024-07-31T08:07:58.821+0000] {processor.py:830} INFO - Processing file /home/airflow/.local/lib/python3.12/site-packages/airflow/example_dags/example_setup_teardown.py for tasks to queue
[2024-07-31T08:07:58.823+0000] {logging_mixin.py:188} INFO - [2024-07-31T08:07:58.823+0000] {dagbag.py:545} INFO - Filling up the DagBag from /home/airflow/.local/lib/python3.12/site-packages/airflow/example_dags/example_setup_teardown.py
[2024-07-31T08:07:58.829+0000] {processor.py:840} INFO - DAG(s) 'example_setup_teardown' retrieved from /home/airflow/.local/lib/python3.12/site-packages/airflow/example_dags/example_setup_teardown.py
[2024-07-31T08:07:58.851+0000] {logging_mixin.py:188} INFO - [2024-07-31T08:07:58.850+0000] {dag.py:3089} INFO - Sync 1 DAGs
[2024-07-31T08:07:58.872+0000] {logging_mixin.py:188} INFO - [2024-07-31T08:07:58.872+0000] {dag.py:3947} INFO - Setting next_dagrun for example_setup_teardown to 2024-07-30 00:00:00+00:00, run_after=2024-07-31 00:00:00+00:00
[2024-07-31T08:07:58.891+0000] {processor.py:183} INFO - Processing /home/airflow/.local/lib/python3.12/site-packages/airflow/example_dags/example_setup_teardown.py took 0.082 seconds
[2024-07-31T08:08:29.074+0000] {processor.py:161} INFO - Started process (PID=1189) to work on /home/airflow/.local/lib/python3.12/site-packages/airflow/example_dags/example_setup_teardown.py
[2024-07-31T08:08:29.075+0000] {processor.py:830} INFO - Processing file /home/airflow/.local/lib/python3.12/site-packages/airflow/example_dags/example_setup_teardown.py for tasks to queue
[2024-07-31T08:08:29.077+0000] {logging_mixin.py:188} INFO - [2024-07-31T08:08:29.077+0000] {dagbag.py:545} INFO - Filling up the DagBag from /home/airflow/.local/lib/python3.12/site-packages/airflow/example_dags/example_setup_teardown.py
[2024-07-31T08:08:29.082+0000] {processor.py:840} INFO - DAG(s) 'example_setup_teardown' retrieved from /home/airflow/.local/lib/python3.12/site-packages/airflow/example_dags/example_setup_teardown.py
[2024-07-31T08:08:29.102+0000] {logging_mixin.py:188} INFO - [2024-07-31T08:08:29.102+0000] {dag.py:3089} INFO - Sync 1 DAGs
[2024-07-31T08:08:29.123+0000] {logging_mixin.py:188} INFO - [2024-07-31T08:08:29.123+0000] {dag.py:3947} INFO - Setting next_dagrun for example_setup_teardown to 2024-07-30 00:00:00+00:00, run_after=2024-07-31 00:00:00+00:00
[2024-07-31T08:08:29.142+0000] {processor.py:183} INFO - Processing /home/airflow/.local/lib/python3.12/site-packages/airflow/example_dags/example_setup_teardown.py took 0.080 seconds
[2024-07-31T08:08:59.289+0000] {processor.py:161} INFO - Started process (PID=1247) to work on /home/airflow/.local/lib/python3.12/site-packages/airflow/example_dags/example_setup_teardown.py
[2024-07-31T08:08:59.290+0000] {processor.py:830} INFO - Processing file /home/airflow/.local/lib/python3.12/site-packages/airflow/example_dags/example_setup_teardown.py for tasks to queue
[2024-07-31T08:08:59.291+0000] {logging_mixin.py:188} INFO - [2024-07-31T08:08:59.291+0000] {dagbag.py:545} INFO - Filling up the DagBag from /home/airflow/.local/lib/python3.12/site-packages/airflow/example_dags/example_setup_teardown.py
[2024-07-31T08:08:59.297+0000] {processor.py:840} INFO - DAG(s) 'example_setup_teardown' retrieved from /home/airflow/.local/lib/python3.12/site-packages/airflow/example_dags/example_setup_teardown.py
[2024-07-31T08:08:59.316+0000] {logging_mixin.py:188} INFO - [2024-07-31T08:08:59.315+0000] {dag.py:3089} INFO - Sync 1 DAGs
[2024-07-31T08:08:59.334+0000] {logging_mixin.py:188} INFO - [2024-07-31T08:08:59.334+0000] {dag.py:3947} INFO - Setting next_dagrun for example_setup_teardown to 2024-07-30 00:00:00+00:00, run_after=2024-07-31 00:00:00+00:00
[2024-07-31T08:08:59.350+0000] {processor.py:183} INFO - Processing /home/airflow/.local/lib/python3.12/site-packages/airflow/example_dags/example_setup_teardown.py took 0.073 seconds
[2024-07-31T08:09:29.667+0000] {processor.py:161} INFO - Started process (PID=1305) to work on /home/airflow/.local/lib/python3.12/site-packages/airflow/example_dags/example_setup_teardown.py
[2024-07-31T08:09:29.668+0000] {processor.py:830} INFO - Processing file /home/airflow/.local/lib/python3.12/site-packages/airflow/example_dags/example_setup_teardown.py for tasks to queue
[2024-07-31T08:09:29.670+0000] {logging_mixin.py:188} INFO - [2024-07-31T08:09:29.670+0000] {dagbag.py:545} INFO - Filling up the DagBag from /home/airflow/.local/lib/python3.12/site-packages/airflow/example_dags/example_setup_teardown.py
[2024-07-31T08:09:29.675+0000] {processor.py:840} INFO - DAG(s) 'example_setup_teardown' retrieved from /home/airflow/.local/lib/python3.12/site-packages/airflow/example_dags/example_setup_teardown.py
[2024-07-31T08:09:29.697+0000] {logging_mixin.py:188} INFO - [2024-07-31T08:09:29.697+0000] {dag.py:3089} INFO - Sync 1 DAGs
[2024-07-31T08:09:29.718+0000] {logging_mixin.py:188} INFO - [2024-07-31T08:09:29.718+0000] {dag.py:3947} INFO - Setting next_dagrun for example_setup_teardown to 2024-07-30 00:00:00+00:00, run_after=2024-07-31 00:00:00+00:00
[2024-07-31T08:09:29.736+0000] {processor.py:183} INFO - Processing /home/airflow/.local/lib/python3.12/site-packages/airflow/example_dags/example_setup_teardown.py took 0.081 seconds
[2024-07-31T08:09:59.872+0000] {processor.py:161} INFO - Started process (PID=1363) to work on /home/airflow/.local/lib/python3.12/site-packages/airflow/example_dags/example_setup_teardown.py
[2024-07-31T08:09:59.873+0000] {processor.py:830} INFO - Processing file /home/airflow/.local/lib/python3.12/site-packages/airflow/example_dags/example_setup_teardown.py for tasks to queue
[2024-07-31T08:09:59.876+0000] {logging_mixin.py:188} INFO - [2024-07-31T08:09:59.875+0000] {dagbag.py:545} INFO - Filling up the DagBag from /home/airflow/.local/lib/python3.12/site-packages/airflow/example_dags/example_setup_teardown.py
[2024-07-31T08:09:59.883+0000] {processor.py:840} INFO - DAG(s) 'example_setup_teardown' retrieved from /home/airflow/.local/lib/python3.12/site-packages/airflow/example_dags/example_setup_teardown.py
[2024-07-31T08:09:59.904+0000] {logging_mixin.py:188} INFO - [2024-07-31T08:09:59.904+0000] {dag.py:3089} INFO - Sync 1 DAGs
[2024-07-31T08:09:59.926+0000] {logging_mixin.py:188} INFO - [2024-07-31T08:09:59.925+0000] {dag.py:3947} INFO - Setting next_dagrun for example_setup_teardown to 2024-07-30 00:00:00+00:00, run_after=2024-07-31 00:00:00+00:00
[2024-07-31T08:09:59.943+0000] {processor.py:183} INFO - Processing /home/airflow/.local/lib/python3.12/site-packages/airflow/example_dags/example_setup_teardown.py took 0.077 seconds
[2024-07-31T08:10:30.368+0000] {processor.py:161} INFO - Started process (PID=1421) to work on /home/airflow/.local/lib/python3.12/site-packages/airflow/example_dags/example_setup_teardown.py
[2024-07-31T08:10:30.370+0000] {processor.py:830} INFO - Processing file /home/airflow/.local/lib/python3.12/site-packages/airflow/example_dags/example_setup_teardown.py for tasks to queue
[2024-07-31T08:10:30.371+0000] {logging_mixin.py:188} INFO - [2024-07-31T08:10:30.371+0000] {dagbag.py:545} INFO - Filling up the DagBag from /home/airflow/.local/lib/python3.12/site-packages/airflow/example_dags/example_setup_teardown.py
[2024-07-31T08:10:30.377+0000] {processor.py:840} INFO - DAG(s) 'example_setup_teardown' retrieved from /home/airflow/.local/lib/python3.12/site-packages/airflow/example_dags/example_setup_teardown.py
[2024-07-31T08:10:30.399+0000] {logging_mixin.py:188} INFO - [2024-07-31T08:10:30.398+0000] {dag.py:3089} INFO - Sync 1 DAGs
[2024-07-31T08:10:30.420+0000] {logging_mixin.py:188} INFO - [2024-07-31T08:10:30.420+0000] {dag.py:3947} INFO - Setting next_dagrun for example_setup_teardown to 2024-07-30 00:00:00+00:00, run_after=2024-07-31 00:00:00+00:00
[2024-07-31T08:10:30.438+0000] {processor.py:183} INFO - Processing /home/airflow/.local/lib/python3.12/site-packages/airflow/example_dags/example_setup_teardown.py took 0.081 seconds
[2024-07-31T08:11:00.556+0000] {processor.py:161} INFO - Started process (PID=1478) to work on /home/airflow/.local/lib/python3.12/site-packages/airflow/example_dags/example_setup_teardown.py
[2024-07-31T08:11:00.557+0000] {processor.py:830} INFO - Processing file /home/airflow/.local/lib/python3.12/site-packages/airflow/example_dags/example_setup_teardown.py for tasks to queue
[2024-07-31T08:11:00.558+0000] {logging_mixin.py:188} INFO - [2024-07-31T08:11:00.558+0000] {dagbag.py:545} INFO - Filling up the DagBag from /home/airflow/.local/lib/python3.12/site-packages/airflow/example_dags/example_setup_teardown.py
[2024-07-31T08:11:00.564+0000] {processor.py:840} INFO - DAG(s) 'example_setup_teardown' retrieved from /home/airflow/.local/lib/python3.12/site-packages/airflow/example_dags/example_setup_teardown.py
[2024-07-31T08:11:00.583+0000] {logging_mixin.py:188} INFO - [2024-07-31T08:11:00.583+0000] {dag.py:3089} INFO - Sync 1 DAGs
[2024-07-31T08:11:00.602+0000] {logging_mixin.py:188} INFO - [2024-07-31T08:11:00.602+0000] {dag.py:3947} INFO - Setting next_dagrun for example_setup_teardown to 2024-07-30 00:00:00+00:00, run_after=2024-07-31 00:00:00+00:00
[2024-07-31T08:11:00.621+0000] {processor.py:183} INFO - Processing /home/airflow/.local/lib/python3.12/site-packages/airflow/example_dags/example_setup_teardown.py took 0.073 seconds
[2024-07-31T08:11:31.244+0000] {processor.py:161} INFO - Started process (PID=1537) to work on /home/airflow/.local/lib/python3.12/site-packages/airflow/example_dags/example_setup_teardown.py
[2024-07-31T08:11:31.245+0000] {processor.py:830} INFO - Processing file /home/airflow/.local/lib/python3.12/site-packages/airflow/example_dags/example_setup_teardown.py for tasks to queue
[2024-07-31T08:11:31.247+0000] {logging_mixin.py:188} INFO - [2024-07-31T08:11:31.247+0000] {dagbag.py:545} INFO - Filling up the DagBag from /home/airflow/.local/lib/python3.12/site-packages/airflow/example_dags/example_setup_teardown.py
[2024-07-31T08:11:31.253+0000] {processor.py:840} INFO - DAG(s) 'example_setup_teardown' retrieved from /home/airflow/.local/lib/python3.12/site-packages/airflow/example_dags/example_setup_teardown.py
[2024-07-31T08:11:31.274+0000] {logging_mixin.py:188} INFO - [2024-07-31T08:11:31.274+0000] {dag.py:3089} INFO - Sync 1 DAGs
[2024-07-31T08:11:31.296+0000] {logging_mixin.py:188} INFO - [2024-07-31T08:11:31.296+0000] {dag.py:3947} INFO - Setting next_dagrun for example_setup_teardown to 2024-07-30 00:00:00+00:00, run_after=2024-07-31 00:00:00+00:00
[2024-07-31T08:11:31.315+0000] {processor.py:183} INFO - Processing /home/airflow/.local/lib/python3.12/site-packages/airflow/example_dags/example_setup_teardown.py took 0.077 seconds
[2024-07-31T08:12:01.626+0000] {processor.py:161} INFO - Started process (PID=1595) to work on /home/airflow/.local/lib/python3.12/site-packages/airflow/example_dags/example_setup_teardown.py
[2024-07-31T08:12:01.627+0000] {processor.py:830} INFO - Processing file /home/airflow/.local/lib/python3.12/site-packages/airflow/example_dags/example_setup_teardown.py for tasks to queue
[2024-07-31T08:12:01.629+0000] {logging_mixin.py:188} INFO - [2024-07-31T08:12:01.629+0000] {dagbag.py:545} INFO - Filling up the DagBag from /home/airflow/.local/lib/python3.12/site-packages/airflow/example_dags/example_setup_teardown.py
[2024-07-31T08:12:01.635+0000] {processor.py:840} INFO - DAG(s) 'example_setup_teardown' retrieved from /home/airflow/.local/lib/python3.12/site-packages/airflow/example_dags/example_setup_teardown.py
[2024-07-31T08:12:01.658+0000] {logging_mixin.py:188} INFO - [2024-07-31T08:12:01.658+0000] {dag.py:3089} INFO - Sync 1 DAGs
[2024-07-31T08:12:01.681+0000] {logging_mixin.py:188} INFO - [2024-07-31T08:12:01.681+0000] {dag.py:3947} INFO - Setting next_dagrun for example_setup_teardown to 2024-07-30 00:00:00+00:00, run_after=2024-07-31 00:00:00+00:00
[2024-07-31T08:12:01.701+0000] {processor.py:183} INFO - Processing /home/airflow/.local/lib/python3.12/site-packages/airflow/example_dags/example_setup_teardown.py took 0.082 seconds
