[2024-07-31T07:54:24.950+0000] {processor.py:161} INFO - Started process (PID=67) to work on /home/airflow/.local/lib/python3.12/site-packages/airflow/example_dags/example_external_task_marker_dag.py
[2024-07-31T07:54:24.951+0000] {processor.py:830} INFO - Processing file /home/airflow/.local/lib/python3.12/site-packages/airflow/example_dags/example_external_task_marker_dag.py for tasks to queue
[2024-07-31T07:54:24.954+0000] {logging_mixin.py:188} INFO - [2024-07-31T07:54:24.953+0000] {dagbag.py:545} INFO - Filling up the DagBag from /home/airflow/.local/lib/python3.12/site-packages/airflow/example_dags/example_external_task_marker_dag.py
[2024-07-31T07:54:24.962+0000] {processor.py:840} INFO - DAG(s) 'example_external_task_marker_parent', 'example_external_task_marker_child' retrieved from /home/airflow/.local/lib/python3.12/site-packages/airflow/example_dags/example_external_task_marker_dag.py
[2024-07-31T07:54:24.976+0000] {logging_mixin.py:188} INFO - [2024-07-31T07:54:24.976+0000] {dag.py:3089} INFO - Sync 2 DAGs
[2024-07-31T07:54:24.989+0000] {logging_mixin.py:188} INFO - [2024-07-31T07:54:24.989+0000] {dag.py:3947} INFO - Setting next_dagrun for example_external_task_marker_child to None, run_after=None
[2024-07-31T07:54:24.992+0000] {logging_mixin.py:188} INFO - [2024-07-31T07:54:24.992+0000] {dag.py:3947} INFO - Setting next_dagrun for example_external_task_marker_parent to None, run_after=None
[2024-07-31T07:54:25.009+0000] {processor.py:183} INFO - Processing /home/airflow/.local/lib/python3.12/site-packages/airflow/example_dags/example_external_task_marker_dag.py took 0.065 seconds
[2024-07-31T07:54:43.875+0000] {processor.py:161} INFO - Started process (PID=60) to work on /home/airflow/.local/lib/python3.12/site-packages/airflow/example_dags/example_external_task_marker_dag.py
[2024-07-31T07:54:43.876+0000] {processor.py:830} INFO - Processing file /home/airflow/.local/lib/python3.12/site-packages/airflow/example_dags/example_external_task_marker_dag.py for tasks to queue
[2024-07-31T07:54:43.877+0000] {logging_mixin.py:188} INFO - [2024-07-31T07:54:43.877+0000] {dagbag.py:545} INFO - Filling up the DagBag from /home/airflow/.local/lib/python3.12/site-packages/airflow/example_dags/example_external_task_marker_dag.py
[2024-07-31T07:54:43.886+0000] {processor.py:840} INFO - DAG(s) 'example_external_task_marker_parent', 'example_external_task_marker_child' retrieved from /home/airflow/.local/lib/python3.12/site-packages/airflow/example_dags/example_external_task_marker_dag.py
[2024-07-31T07:54:44.016+0000] {logging_mixin.py:188} INFO - [2024-07-31T07:54:44.015+0000] {dag.py:3089} INFO - Sync 2 DAGs
[2024-07-31T07:54:44.030+0000] {logging_mixin.py:188} INFO - [2024-07-31T07:54:44.030+0000] {dag.py:3947} INFO - Setting next_dagrun for example_external_task_marker_child to None, run_after=None
[2024-07-31T07:54:44.034+0000] {logging_mixin.py:188} INFO - [2024-07-31T07:54:44.033+0000] {dag.py:3947} INFO - Setting next_dagrun for example_external_task_marker_parent to None, run_after=None
[2024-07-31T07:54:44.054+0000] {processor.py:183} INFO - Processing /home/airflow/.local/lib/python3.12/site-packages/airflow/example_dags/example_external_task_marker_dag.py took 0.185 seconds
[2024-07-31T07:55:14.376+0000] {processor.py:161} INFO - Started process (PID=118) to work on /home/airflow/.local/lib/python3.12/site-packages/airflow/example_dags/example_external_task_marker_dag.py
[2024-07-31T07:55:14.377+0000] {processor.py:830} INFO - Processing file /home/airflow/.local/lib/python3.12/site-packages/airflow/example_dags/example_external_task_marker_dag.py for tasks to queue
[2024-07-31T07:55:14.379+0000] {logging_mixin.py:188} INFO - [2024-07-31T07:55:14.379+0000] {dagbag.py:545} INFO - Filling up the DagBag from /home/airflow/.local/lib/python3.12/site-packages/airflow/example_dags/example_external_task_marker_dag.py
[2024-07-31T07:55:14.384+0000] {processor.py:840} INFO - DAG(s) 'example_external_task_marker_parent', 'example_external_task_marker_child' retrieved from /home/airflow/.local/lib/python3.12/site-packages/airflow/example_dags/example_external_task_marker_dag.py
[2024-07-31T07:55:14.406+0000] {logging_mixin.py:188} INFO - [2024-07-31T07:55:14.405+0000] {dag.py:3089} INFO - Sync 2 DAGs
[2024-07-31T07:55:14.417+0000] {logging_mixin.py:188} INFO - [2024-07-31T07:55:14.417+0000] {dag.py:3947} INFO - Setting next_dagrun for example_external_task_marker_child to None, run_after=None
[2024-07-31T07:55:14.420+0000] {logging_mixin.py:188} INFO - [2024-07-31T07:55:14.420+0000] {dag.py:3947} INFO - Setting next_dagrun for example_external_task_marker_parent to None, run_after=None
[2024-07-31T07:55:14.439+0000] {processor.py:183} INFO - Processing /home/airflow/.local/lib/python3.12/site-packages/airflow/example_dags/example_external_task_marker_dag.py took 0.068 seconds
[2024-07-31T07:55:44.725+0000] {processor.py:161} INFO - Started process (PID=176) to work on /home/airflow/.local/lib/python3.12/site-packages/airflow/example_dags/example_external_task_marker_dag.py
[2024-07-31T07:55:44.726+0000] {processor.py:830} INFO - Processing file /home/airflow/.local/lib/python3.12/site-packages/airflow/example_dags/example_external_task_marker_dag.py for tasks to queue
[2024-07-31T07:55:44.729+0000] {logging_mixin.py:188} INFO - [2024-07-31T07:55:44.728+0000] {dagbag.py:545} INFO - Filling up the DagBag from /home/airflow/.local/lib/python3.12/site-packages/airflow/example_dags/example_external_task_marker_dag.py
[2024-07-31T07:55:44.736+0000] {processor.py:840} INFO - DAG(s) 'example_external_task_marker_parent', 'example_external_task_marker_child' retrieved from /home/airflow/.local/lib/python3.12/site-packages/airflow/example_dags/example_external_task_marker_dag.py
[2024-07-31T07:55:44.759+0000] {logging_mixin.py:188} INFO - [2024-07-31T07:55:44.759+0000] {dag.py:3089} INFO - Sync 2 DAGs
[2024-07-31T07:55:44.772+0000] {logging_mixin.py:188} INFO - [2024-07-31T07:55:44.772+0000] {dag.py:3947} INFO - Setting next_dagrun for example_external_task_marker_child to None, run_after=None
[2024-07-31T07:55:44.775+0000] {logging_mixin.py:188} INFO - [2024-07-31T07:55:44.775+0000] {dag.py:3947} INFO - Setting next_dagrun for example_external_task_marker_parent to None, run_after=None
[2024-07-31T07:55:44.789+0000] {processor.py:183} INFO - Processing /home/airflow/.local/lib/python3.12/site-packages/airflow/example_dags/example_external_task_marker_dag.py took 0.069 seconds
[2024-07-31T07:56:15.224+0000] {processor.py:161} INFO - Started process (PID=234) to work on /home/airflow/.local/lib/python3.12/site-packages/airflow/example_dags/example_external_task_marker_dag.py
[2024-07-31T07:56:15.225+0000] {processor.py:830} INFO - Processing file /home/airflow/.local/lib/python3.12/site-packages/airflow/example_dags/example_external_task_marker_dag.py for tasks to queue
[2024-07-31T07:56:15.228+0000] {logging_mixin.py:188} INFO - [2024-07-31T07:56:15.227+0000] {dagbag.py:545} INFO - Filling up the DagBag from /home/airflow/.local/lib/python3.12/site-packages/airflow/example_dags/example_external_task_marker_dag.py
[2024-07-31T07:56:15.234+0000] {processor.py:840} INFO - DAG(s) 'example_external_task_marker_parent', 'example_external_task_marker_child' retrieved from /home/airflow/.local/lib/python3.12/site-packages/airflow/example_dags/example_external_task_marker_dag.py
[2024-07-31T07:56:15.257+0000] {logging_mixin.py:188} INFO - [2024-07-31T07:56:15.257+0000] {dag.py:3089} INFO - Sync 2 DAGs
[2024-07-31T07:56:15.270+0000] {logging_mixin.py:188} INFO - [2024-07-31T07:56:15.270+0000] {dag.py:3947} INFO - Setting next_dagrun for example_external_task_marker_child to None, run_after=None
[2024-07-31T07:56:15.273+0000] {logging_mixin.py:188} INFO - [2024-07-31T07:56:15.273+0000] {dag.py:3947} INFO - Setting next_dagrun for example_external_task_marker_parent to None, run_after=None
[2024-07-31T07:56:15.289+0000] {processor.py:183} INFO - Processing /home/airflow/.local/lib/python3.12/site-packages/airflow/example_dags/example_external_task_marker_dag.py took 0.070 seconds
[2024-07-31T07:56:45.543+0000] {processor.py:161} INFO - Started process (PID=292) to work on /home/airflow/.local/lib/python3.12/site-packages/airflow/example_dags/example_external_task_marker_dag.py
[2024-07-31T07:56:45.544+0000] {processor.py:830} INFO - Processing file /home/airflow/.local/lib/python3.12/site-packages/airflow/example_dags/example_external_task_marker_dag.py for tasks to queue
[2024-07-31T07:56:45.545+0000] {logging_mixin.py:188} INFO - [2024-07-31T07:56:45.545+0000] {dagbag.py:545} INFO - Filling up the DagBag from /home/airflow/.local/lib/python3.12/site-packages/airflow/example_dags/example_external_task_marker_dag.py
[2024-07-31T07:56:45.551+0000] {processor.py:840} INFO - DAG(s) 'example_external_task_marker_child', 'example_external_task_marker_parent' retrieved from /home/airflow/.local/lib/python3.12/site-packages/airflow/example_dags/example_external_task_marker_dag.py
[2024-07-31T07:56:45.571+0000] {logging_mixin.py:188} INFO - [2024-07-31T07:56:45.571+0000] {dag.py:3089} INFO - Sync 2 DAGs
[2024-07-31T07:56:45.583+0000] {logging_mixin.py:188} INFO - [2024-07-31T07:56:45.583+0000] {dag.py:3947} INFO - Setting next_dagrun for example_external_task_marker_child to None, run_after=None
[2024-07-31T07:56:45.587+0000] {logging_mixin.py:188} INFO - [2024-07-31T07:56:45.587+0000] {dag.py:3947} INFO - Setting next_dagrun for example_external_task_marker_parent to None, run_after=None
[2024-07-31T07:56:45.600+0000] {processor.py:183} INFO - Processing /home/airflow/.local/lib/python3.12/site-packages/airflow/example_dags/example_external_task_marker_dag.py took 0.063 seconds
[2024-07-31T07:57:16.630+0000] {processor.py:161} INFO - Started process (PID=356) to work on /home/airflow/.local/lib/python3.12/site-packages/airflow/example_dags/example_external_task_marker_dag.py
[2024-07-31T07:57:16.631+0000] {processor.py:830} INFO - Processing file /home/airflow/.local/lib/python3.12/site-packages/airflow/example_dags/example_external_task_marker_dag.py for tasks to queue
[2024-07-31T07:57:16.634+0000] {logging_mixin.py:188} INFO - [2024-07-31T07:57:16.633+0000] {dagbag.py:545} INFO - Filling up the DagBag from /home/airflow/.local/lib/python3.12/site-packages/airflow/example_dags/example_external_task_marker_dag.py
[2024-07-31T07:57:16.641+0000] {processor.py:840} INFO - DAG(s) 'example_external_task_marker_child', 'example_external_task_marker_parent' retrieved from /home/airflow/.local/lib/python3.12/site-packages/airflow/example_dags/example_external_task_marker_dag.py
[2024-07-31T07:57:16.660+0000] {logging_mixin.py:188} INFO - [2024-07-31T07:57:16.660+0000] {dag.py:3089} INFO - Sync 2 DAGs
[2024-07-31T07:57:16.672+0000] {logging_mixin.py:188} INFO - [2024-07-31T07:57:16.672+0000] {dag.py:3947} INFO - Setting next_dagrun for example_external_task_marker_child to None, run_after=None
[2024-07-31T07:57:16.676+0000] {logging_mixin.py:188} INFO - [2024-07-31T07:57:16.675+0000] {dag.py:3947} INFO - Setting next_dagrun for example_external_task_marker_parent to None, run_after=None
[2024-07-31T07:57:16.692+0000] {processor.py:183} INFO - Processing /home/airflow/.local/lib/python3.12/site-packages/airflow/example_dags/example_external_task_marker_dag.py took 0.068 seconds
[2024-07-31T07:57:47.121+0000] {processor.py:161} INFO - Started process (PID=414) to work on /home/airflow/.local/lib/python3.12/site-packages/airflow/example_dags/example_external_task_marker_dag.py
[2024-07-31T07:57:47.122+0000] {processor.py:830} INFO - Processing file /home/airflow/.local/lib/python3.12/site-packages/airflow/example_dags/example_external_task_marker_dag.py for tasks to queue
[2024-07-31T07:57:47.123+0000] {logging_mixin.py:188} INFO - [2024-07-31T07:57:47.123+0000] {dagbag.py:545} INFO - Filling up the DagBag from /home/airflow/.local/lib/python3.12/site-packages/airflow/example_dags/example_external_task_marker_dag.py
[2024-07-31T07:57:47.128+0000] {processor.py:840} INFO - DAG(s) 'example_external_task_marker_child', 'example_external_task_marker_parent' retrieved from /home/airflow/.local/lib/python3.12/site-packages/airflow/example_dags/example_external_task_marker_dag.py
[2024-07-31T07:57:47.148+0000] {logging_mixin.py:188} INFO - [2024-07-31T07:57:47.148+0000] {dag.py:3089} INFO - Sync 2 DAGs
[2024-07-31T07:57:47.160+0000] {logging_mixin.py:188} INFO - [2024-07-31T07:57:47.160+0000] {dag.py:3947} INFO - Setting next_dagrun for example_external_task_marker_child to None, run_after=None
[2024-07-31T07:57:47.163+0000] {logging_mixin.py:188} INFO - [2024-07-31T07:57:47.163+0000] {dag.py:3947} INFO - Setting next_dagrun for example_external_task_marker_parent to None, run_after=None
[2024-07-31T07:57:47.179+0000] {processor.py:183} INFO - Processing /home/airflow/.local/lib/python3.12/site-packages/airflow/example_dags/example_external_task_marker_dag.py took 0.068 seconds
[2024-07-31T07:58:49.051+0000] {processor.py:161} INFO - Started process (PID=67) to work on /home/airflow/.local/lib/python3.12/site-packages/airflow/example_dags/example_external_task_marker_dag.py
[2024-07-31T07:58:49.052+0000] {processor.py:830} INFO - Processing file /home/airflow/.local/lib/python3.12/site-packages/airflow/example_dags/example_external_task_marker_dag.py for tasks to queue
[2024-07-31T07:58:49.054+0000] {logging_mixin.py:188} INFO - [2024-07-31T07:58:49.054+0000] {dagbag.py:545} INFO - Filling up the DagBag from /home/airflow/.local/lib/python3.12/site-packages/airflow/example_dags/example_external_task_marker_dag.py
[2024-07-31T07:58:49.065+0000] {processor.py:840} INFO - DAG(s) 'example_external_task_marker_child', 'example_external_task_marker_parent' retrieved from /home/airflow/.local/lib/python3.12/site-packages/airflow/example_dags/example_external_task_marker_dag.py
[2024-07-31T07:58:49.082+0000] {logging_mixin.py:188} INFO - [2024-07-31T07:58:49.081+0000] {dag.py:3089} INFO - Sync 2 DAGs
[2024-07-31T07:58:49.095+0000] {logging_mixin.py:188} INFO - [2024-07-31T07:58:49.095+0000] {dag.py:3947} INFO - Setting next_dagrun for example_external_task_marker_child to None, run_after=None
[2024-07-31T07:58:49.099+0000] {logging_mixin.py:188} INFO - [2024-07-31T07:58:49.099+0000] {dag.py:3947} INFO - Setting next_dagrun for example_external_task_marker_parent to None, run_after=None
[2024-07-31T07:58:49.118+0000] {processor.py:183} INFO - Processing /home/airflow/.local/lib/python3.12/site-packages/airflow/example_dags/example_external_task_marker_dag.py took 0.072 seconds
[2024-07-31T07:59:20.274+0000] {processor.py:161} INFO - Started process (PID=125) to work on /home/airflow/.local/lib/python3.12/site-packages/airflow/example_dags/example_external_task_marker_dag.py
[2024-07-31T07:59:20.274+0000] {processor.py:830} INFO - Processing file /home/airflow/.local/lib/python3.12/site-packages/airflow/example_dags/example_external_task_marker_dag.py for tasks to queue
[2024-07-31T07:59:20.276+0000] {logging_mixin.py:188} INFO - [2024-07-31T07:59:20.276+0000] {dagbag.py:545} INFO - Filling up the DagBag from /home/airflow/.local/lib/python3.12/site-packages/airflow/example_dags/example_external_task_marker_dag.py
[2024-07-31T07:59:20.281+0000] {processor.py:840} INFO - DAG(s) 'example_external_task_marker_parent', 'example_external_task_marker_child' retrieved from /home/airflow/.local/lib/python3.12/site-packages/airflow/example_dags/example_external_task_marker_dag.py
[2024-07-31T07:59:20.401+0000] {logging_mixin.py:188} INFO - [2024-07-31T07:59:20.400+0000] {dag.py:3089} INFO - Sync 2 DAGs
[2024-07-31T07:59:20.413+0000] {logging_mixin.py:188} INFO - [2024-07-31T07:59:20.413+0000] {dag.py:3947} INFO - Setting next_dagrun for example_external_task_marker_child to None, run_after=None
[2024-07-31T07:59:20.416+0000] {logging_mixin.py:188} INFO - [2024-07-31T07:59:20.416+0000] {dag.py:3947} INFO - Setting next_dagrun for example_external_task_marker_parent to None, run_after=None
[2024-07-31T07:59:20.435+0000] {processor.py:183} INFO - Processing /home/airflow/.local/lib/python3.12/site-packages/airflow/example_dags/example_external_task_marker_dag.py took 0.173 seconds
[2024-07-31T07:59:50.856+0000] {processor.py:161} INFO - Started process (PID=189) to work on /home/airflow/.local/lib/python3.12/site-packages/airflow/example_dags/example_external_task_marker_dag.py
[2024-07-31T07:59:50.856+0000] {processor.py:830} INFO - Processing file /home/airflow/.local/lib/python3.12/site-packages/airflow/example_dags/example_external_task_marker_dag.py for tasks to queue
[2024-07-31T07:59:50.858+0000] {logging_mixin.py:188} INFO - [2024-07-31T07:59:50.858+0000] {dagbag.py:545} INFO - Filling up the DagBag from /home/airflow/.local/lib/python3.12/site-packages/airflow/example_dags/example_external_task_marker_dag.py
[2024-07-31T07:59:50.863+0000] {processor.py:840} INFO - DAG(s) 'example_external_task_marker_parent', 'example_external_task_marker_child' retrieved from /home/airflow/.local/lib/python3.12/site-packages/airflow/example_dags/example_external_task_marker_dag.py
[2024-07-31T07:59:50.886+0000] {logging_mixin.py:188} INFO - [2024-07-31T07:59:50.886+0000] {dag.py:3089} INFO - Sync 2 DAGs
[2024-07-31T07:59:50.899+0000] {logging_mixin.py:188} INFO - [2024-07-31T07:59:50.899+0000] {dag.py:3947} INFO - Setting next_dagrun for example_external_task_marker_child to None, run_after=None
[2024-07-31T07:59:50.902+0000] {logging_mixin.py:188} INFO - [2024-07-31T07:59:50.902+0000] {dag.py:3947} INFO - Setting next_dagrun for example_external_task_marker_parent to None, run_after=None
[2024-07-31T07:59:50.918+0000] {processor.py:183} INFO - Processing /home/airflow/.local/lib/python3.12/site-packages/airflow/example_dags/example_external_task_marker_dag.py took 0.067 seconds
[2024-07-31T08:00:21.103+0000] {processor.py:161} INFO - Started process (PID=247) to work on /home/airflow/.local/lib/python3.12/site-packages/airflow/example_dags/example_external_task_marker_dag.py
[2024-07-31T08:00:21.104+0000] {processor.py:830} INFO - Processing file /home/airflow/.local/lib/python3.12/site-packages/airflow/example_dags/example_external_task_marker_dag.py for tasks to queue
[2024-07-31T08:00:21.106+0000] {logging_mixin.py:188} INFO - [2024-07-31T08:00:21.106+0000] {dagbag.py:545} INFO - Filling up the DagBag from /home/airflow/.local/lib/python3.12/site-packages/airflow/example_dags/example_external_task_marker_dag.py
[2024-07-31T08:00:21.111+0000] {processor.py:840} INFO - DAG(s) 'example_external_task_marker_child', 'example_external_task_marker_parent' retrieved from /home/airflow/.local/lib/python3.12/site-packages/airflow/example_dags/example_external_task_marker_dag.py
[2024-07-31T08:00:21.135+0000] {logging_mixin.py:188} INFO - [2024-07-31T08:00:21.135+0000] {dag.py:3089} INFO - Sync 2 DAGs
[2024-07-31T08:00:21.146+0000] {logging_mixin.py:188} INFO - [2024-07-31T08:00:21.146+0000] {dag.py:3947} INFO - Setting next_dagrun for example_external_task_marker_child to None, run_after=None
[2024-07-31T08:00:21.149+0000] {logging_mixin.py:188} INFO - [2024-07-31T08:00:21.149+0000] {dag.py:3947} INFO - Setting next_dagrun for example_external_task_marker_parent to None, run_after=None
[2024-07-31T08:00:21.164+0000] {processor.py:183} INFO - Processing /home/airflow/.local/lib/python3.12/site-packages/airflow/example_dags/example_external_task_marker_dag.py took 0.065 seconds
[2024-07-31T08:00:51.639+0000] {processor.py:161} INFO - Started process (PID=305) to work on /home/airflow/.local/lib/python3.12/site-packages/airflow/example_dags/example_external_task_marker_dag.py
[2024-07-31T08:00:51.640+0000] {processor.py:830} INFO - Processing file /home/airflow/.local/lib/python3.12/site-packages/airflow/example_dags/example_external_task_marker_dag.py for tasks to queue
[2024-07-31T08:00:51.642+0000] {logging_mixin.py:188} INFO - [2024-07-31T08:00:51.641+0000] {dagbag.py:545} INFO - Filling up the DagBag from /home/airflow/.local/lib/python3.12/site-packages/airflow/example_dags/example_external_task_marker_dag.py
[2024-07-31T08:00:51.646+0000] {processor.py:840} INFO - DAG(s) 'example_external_task_marker_parent', 'example_external_task_marker_child' retrieved from /home/airflow/.local/lib/python3.12/site-packages/airflow/example_dags/example_external_task_marker_dag.py
[2024-07-31T08:00:51.668+0000] {logging_mixin.py:188} INFO - [2024-07-31T08:00:51.668+0000] {dag.py:3089} INFO - Sync 2 DAGs
[2024-07-31T08:00:51.681+0000] {logging_mixin.py:188} INFO - [2024-07-31T08:00:51.681+0000] {dag.py:3947} INFO - Setting next_dagrun for example_external_task_marker_child to None, run_after=None
[2024-07-31T08:00:51.684+0000] {logging_mixin.py:188} INFO - [2024-07-31T08:00:51.684+0000] {dag.py:3947} INFO - Setting next_dagrun for example_external_task_marker_parent to None, run_after=None
[2024-07-31T08:00:51.698+0000] {processor.py:183} INFO - Processing /home/airflow/.local/lib/python3.12/site-packages/airflow/example_dags/example_external_task_marker_dag.py took 0.070 seconds
[2024-07-31T08:01:21.870+0000] {processor.py:161} INFO - Started process (PID=363) to work on /home/airflow/.local/lib/python3.12/site-packages/airflow/example_dags/example_external_task_marker_dag.py
[2024-07-31T08:01:21.871+0000] {processor.py:830} INFO - Processing file /home/airflow/.local/lib/python3.12/site-packages/airflow/example_dags/example_external_task_marker_dag.py for tasks to queue
[2024-07-31T08:01:21.873+0000] {logging_mixin.py:188} INFO - [2024-07-31T08:01:21.873+0000] {dagbag.py:545} INFO - Filling up the DagBag from /home/airflow/.local/lib/python3.12/site-packages/airflow/example_dags/example_external_task_marker_dag.py
[2024-07-31T08:01:21.878+0000] {processor.py:840} INFO - DAG(s) 'example_external_task_marker_parent', 'example_external_task_marker_child' retrieved from /home/airflow/.local/lib/python3.12/site-packages/airflow/example_dags/example_external_task_marker_dag.py
[2024-07-31T08:01:21.899+0000] {logging_mixin.py:188} INFO - [2024-07-31T08:01:21.898+0000] {dag.py:3089} INFO - Sync 2 DAGs
[2024-07-31T08:01:21.910+0000] {logging_mixin.py:188} INFO - [2024-07-31T08:01:21.910+0000] {dag.py:3947} INFO - Setting next_dagrun for example_external_task_marker_child to None, run_after=None
[2024-07-31T08:01:21.913+0000] {logging_mixin.py:188} INFO - [2024-07-31T08:01:21.913+0000] {dag.py:3947} INFO - Setting next_dagrun for example_external_task_marker_parent to None, run_after=None
[2024-07-31T08:01:21.927+0000] {processor.py:183} INFO - Processing /home/airflow/.local/lib/python3.12/site-packages/airflow/example_dags/example_external_task_marker_dag.py took 0.068 seconds
[2024-07-31T08:01:52.111+0000] {processor.py:161} INFO - Started process (PID=421) to work on /home/airflow/.local/lib/python3.12/site-packages/airflow/example_dags/example_external_task_marker_dag.py
[2024-07-31T08:01:52.112+0000] {processor.py:830} INFO - Processing file /home/airflow/.local/lib/python3.12/site-packages/airflow/example_dags/example_external_task_marker_dag.py for tasks to queue
[2024-07-31T08:01:52.114+0000] {logging_mixin.py:188} INFO - [2024-07-31T08:01:52.113+0000] {dagbag.py:545} INFO - Filling up the DagBag from /home/airflow/.local/lib/python3.12/site-packages/airflow/example_dags/example_external_task_marker_dag.py
[2024-07-31T08:01:52.118+0000] {processor.py:840} INFO - DAG(s) 'example_external_task_marker_parent', 'example_external_task_marker_child' retrieved from /home/airflow/.local/lib/python3.12/site-packages/airflow/example_dags/example_external_task_marker_dag.py
[2024-07-31T08:01:52.140+0000] {logging_mixin.py:188} INFO - [2024-07-31T08:01:52.140+0000] {dag.py:3089} INFO - Sync 2 DAGs
[2024-07-31T08:01:52.152+0000] {logging_mixin.py:188} INFO - [2024-07-31T08:01:52.152+0000] {dag.py:3947} INFO - Setting next_dagrun for example_external_task_marker_child to None, run_after=None
[2024-07-31T08:01:52.155+0000] {logging_mixin.py:188} INFO - [2024-07-31T08:01:52.155+0000] {dag.py:3947} INFO - Setting next_dagrun for example_external_task_marker_parent to None, run_after=None
[2024-07-31T08:01:52.169+0000] {processor.py:183} INFO - Processing /home/airflow/.local/lib/python3.12/site-packages/airflow/example_dags/example_external_task_marker_dag.py took 0.070 seconds
[2024-07-31T08:02:22.391+0000] {processor.py:161} INFO - Started process (PID=479) to work on /home/airflow/.local/lib/python3.12/site-packages/airflow/example_dags/example_external_task_marker_dag.py
[2024-07-31T08:02:22.393+0000] {processor.py:830} INFO - Processing file /home/airflow/.local/lib/python3.12/site-packages/airflow/example_dags/example_external_task_marker_dag.py for tasks to queue
[2024-07-31T08:02:22.394+0000] {logging_mixin.py:188} INFO - [2024-07-31T08:02:22.394+0000] {dagbag.py:545} INFO - Filling up the DagBag from /home/airflow/.local/lib/python3.12/site-packages/airflow/example_dags/example_external_task_marker_dag.py
[2024-07-31T08:02:22.399+0000] {processor.py:840} INFO - DAG(s) 'example_external_task_marker_child', 'example_external_task_marker_parent' retrieved from /home/airflow/.local/lib/python3.12/site-packages/airflow/example_dags/example_external_task_marker_dag.py
[2024-07-31T08:02:22.423+0000] {logging_mixin.py:188} INFO - [2024-07-31T08:02:22.423+0000] {dag.py:3089} INFO - Sync 2 DAGs
[2024-07-31T08:02:22.436+0000] {logging_mixin.py:188} INFO - [2024-07-31T08:02:22.436+0000] {dag.py:3947} INFO - Setting next_dagrun for example_external_task_marker_child to None, run_after=None
[2024-07-31T08:02:22.440+0000] {logging_mixin.py:188} INFO - [2024-07-31T08:02:22.439+0000] {dag.py:3947} INFO - Setting next_dagrun for example_external_task_marker_parent to None, run_after=None
[2024-07-31T08:02:22.457+0000] {processor.py:183} INFO - Processing /home/airflow/.local/lib/python3.12/site-packages/airflow/example_dags/example_external_task_marker_dag.py took 0.070 seconds
[2024-07-31T08:02:52.660+0000] {processor.py:161} INFO - Started process (PID=537) to work on /home/airflow/.local/lib/python3.12/site-packages/airflow/example_dags/example_external_task_marker_dag.py
[2024-07-31T08:02:52.661+0000] {processor.py:830} INFO - Processing file /home/airflow/.local/lib/python3.12/site-packages/airflow/example_dags/example_external_task_marker_dag.py for tasks to queue
[2024-07-31T08:02:52.663+0000] {logging_mixin.py:188} INFO - [2024-07-31T08:02:52.662+0000] {dagbag.py:545} INFO - Filling up the DagBag from /home/airflow/.local/lib/python3.12/site-packages/airflow/example_dags/example_external_task_marker_dag.py
[2024-07-31T08:02:52.669+0000] {processor.py:840} INFO - DAG(s) 'example_external_task_marker_parent', 'example_external_task_marker_child' retrieved from /home/airflow/.local/lib/python3.12/site-packages/airflow/example_dags/example_external_task_marker_dag.py
[2024-07-31T08:02:52.701+0000] {logging_mixin.py:188} INFO - [2024-07-31T08:02:52.701+0000] {dag.py:3089} INFO - Sync 2 DAGs
[2024-07-31T08:02:52.715+0000] {logging_mixin.py:188} INFO - [2024-07-31T08:02:52.715+0000] {dag.py:3947} INFO - Setting next_dagrun for example_external_task_marker_child to None, run_after=None
[2024-07-31T08:02:52.720+0000] {logging_mixin.py:188} INFO - [2024-07-31T08:02:52.719+0000] {dag.py:3947} INFO - Setting next_dagrun for example_external_task_marker_parent to None, run_after=None
[2024-07-31T08:02:52.738+0000] {processor.py:183} INFO - Processing /home/airflow/.local/lib/python3.12/site-packages/airflow/example_dags/example_external_task_marker_dag.py took 0.084 seconds
[2024-07-31T08:03:22.859+0000] {processor.py:161} INFO - Started process (PID=595) to work on /home/airflow/.local/lib/python3.12/site-packages/airflow/example_dags/example_external_task_marker_dag.py
[2024-07-31T08:03:22.859+0000] {processor.py:830} INFO - Processing file /home/airflow/.local/lib/python3.12/site-packages/airflow/example_dags/example_external_task_marker_dag.py for tasks to queue
[2024-07-31T08:03:22.861+0000] {logging_mixin.py:188} INFO - [2024-07-31T08:03:22.861+0000] {dagbag.py:545} INFO - Filling up the DagBag from /home/airflow/.local/lib/python3.12/site-packages/airflow/example_dags/example_external_task_marker_dag.py
[2024-07-31T08:03:22.866+0000] {processor.py:840} INFO - DAG(s) 'example_external_task_marker_child', 'example_external_task_marker_parent' retrieved from /home/airflow/.local/lib/python3.12/site-packages/airflow/example_dags/example_external_task_marker_dag.py
[2024-07-31T08:03:22.890+0000] {logging_mixin.py:188} INFO - [2024-07-31T08:03:22.890+0000] {dag.py:3089} INFO - Sync 2 DAGs
[2024-07-31T08:03:22.903+0000] {logging_mixin.py:188} INFO - [2024-07-31T08:03:22.902+0000] {dag.py:3947} INFO - Setting next_dagrun for example_external_task_marker_child to None, run_after=None
[2024-07-31T08:03:22.907+0000] {logging_mixin.py:188} INFO - [2024-07-31T08:03:22.906+0000] {dag.py:3947} INFO - Setting next_dagrun for example_external_task_marker_parent to None, run_after=None
[2024-07-31T08:03:22.923+0000] {processor.py:183} INFO - Processing /home/airflow/.local/lib/python3.12/site-packages/airflow/example_dags/example_external_task_marker_dag.py took 0.070 seconds
[2024-07-31T08:03:53.001+0000] {processor.py:161} INFO - Started process (PID=653) to work on /home/airflow/.local/lib/python3.12/site-packages/airflow/example_dags/example_external_task_marker_dag.py
[2024-07-31T08:03:53.002+0000] {processor.py:830} INFO - Processing file /home/airflow/.local/lib/python3.12/site-packages/airflow/example_dags/example_external_task_marker_dag.py for tasks to queue
[2024-07-31T08:03:53.004+0000] {logging_mixin.py:188} INFO - [2024-07-31T08:03:53.004+0000] {dagbag.py:545} INFO - Filling up the DagBag from /home/airflow/.local/lib/python3.12/site-packages/airflow/example_dags/example_external_task_marker_dag.py
[2024-07-31T08:03:53.009+0000] {processor.py:840} INFO - DAG(s) 'example_external_task_marker_parent', 'example_external_task_marker_child' retrieved from /home/airflow/.local/lib/python3.12/site-packages/airflow/example_dags/example_external_task_marker_dag.py
[2024-07-31T08:03:53.032+0000] {logging_mixin.py:188} INFO - [2024-07-31T08:03:53.031+0000] {dag.py:3089} INFO - Sync 2 DAGs
[2024-07-31T08:03:53.044+0000] {logging_mixin.py:188} INFO - [2024-07-31T08:03:53.044+0000] {dag.py:3947} INFO - Setting next_dagrun for example_external_task_marker_child to None, run_after=None
[2024-07-31T08:03:53.048+0000] {logging_mixin.py:188} INFO - [2024-07-31T08:03:53.047+0000] {dag.py:3947} INFO - Setting next_dagrun for example_external_task_marker_parent to None, run_after=None
[2024-07-31T08:03:53.064+0000] {processor.py:183} INFO - Processing /home/airflow/.local/lib/python3.12/site-packages/airflow/example_dags/example_external_task_marker_dag.py took 0.073 seconds
[2024-07-31T08:04:23.654+0000] {processor.py:161} INFO - Started process (PID=711) to work on /home/airflow/.local/lib/python3.12/site-packages/airflow/example_dags/example_external_task_marker_dag.py
[2024-07-31T08:04:23.655+0000] {processor.py:830} INFO - Processing file /home/airflow/.local/lib/python3.12/site-packages/airflow/example_dags/example_external_task_marker_dag.py for tasks to queue
[2024-07-31T08:04:23.656+0000] {logging_mixin.py:188} INFO - [2024-07-31T08:04:23.656+0000] {dagbag.py:545} INFO - Filling up the DagBag from /home/airflow/.local/lib/python3.12/site-packages/airflow/example_dags/example_external_task_marker_dag.py
[2024-07-31T08:04:23.661+0000] {processor.py:840} INFO - DAG(s) 'example_external_task_marker_parent', 'example_external_task_marker_child' retrieved from /home/airflow/.local/lib/python3.12/site-packages/airflow/example_dags/example_external_task_marker_dag.py
[2024-07-31T08:04:23.687+0000] {logging_mixin.py:188} INFO - [2024-07-31T08:04:23.687+0000] {dag.py:3089} INFO - Sync 2 DAGs
[2024-07-31T08:04:23.701+0000] {logging_mixin.py:188} INFO - [2024-07-31T08:04:23.701+0000] {dag.py:3947} INFO - Setting next_dagrun for example_external_task_marker_child to None, run_after=None
[2024-07-31T08:04:23.705+0000] {logging_mixin.py:188} INFO - [2024-07-31T08:04:23.705+0000] {dag.py:3947} INFO - Setting next_dagrun for example_external_task_marker_parent to None, run_after=None
[2024-07-31T08:04:23.723+0000] {processor.py:183} INFO - Processing /home/airflow/.local/lib/python3.12/site-packages/airflow/example_dags/example_external_task_marker_dag.py took 0.081 seconds
[2024-07-31T08:04:53.791+0000] {processor.py:161} INFO - Started process (PID=768) to work on /home/airflow/.local/lib/python3.12/site-packages/airflow/example_dags/example_external_task_marker_dag.py
[2024-07-31T08:04:53.792+0000] {processor.py:830} INFO - Processing file /home/airflow/.local/lib/python3.12/site-packages/airflow/example_dags/example_external_task_marker_dag.py for tasks to queue
[2024-07-31T08:04:53.794+0000] {logging_mixin.py:188} INFO - [2024-07-31T08:04:53.794+0000] {dagbag.py:545} INFO - Filling up the DagBag from /home/airflow/.local/lib/python3.12/site-packages/airflow/example_dags/example_external_task_marker_dag.py
[2024-07-31T08:04:53.799+0000] {processor.py:840} INFO - DAG(s) 'example_external_task_marker_parent', 'example_external_task_marker_child' retrieved from /home/airflow/.local/lib/python3.12/site-packages/airflow/example_dags/example_external_task_marker_dag.py
[2024-07-31T08:04:53.820+0000] {logging_mixin.py:188} INFO - [2024-07-31T08:04:53.820+0000] {dag.py:3089} INFO - Sync 2 DAGs
[2024-07-31T08:04:53.833+0000] {logging_mixin.py:188} INFO - [2024-07-31T08:04:53.832+0000] {dag.py:3947} INFO - Setting next_dagrun for example_external_task_marker_child to None, run_after=None
[2024-07-31T08:04:53.836+0000] {logging_mixin.py:188} INFO - [2024-07-31T08:04:53.836+0000] {dag.py:3947} INFO - Setting next_dagrun for example_external_task_marker_parent to None, run_after=None
[2024-07-31T08:04:53.851+0000] {processor.py:183} INFO - Processing /home/airflow/.local/lib/python3.12/site-packages/airflow/example_dags/example_external_task_marker_dag.py took 0.071 seconds
[2024-07-31T08:05:24.132+0000] {processor.py:161} INFO - Started process (PID=826) to work on /home/airflow/.local/lib/python3.12/site-packages/airflow/example_dags/example_external_task_marker_dag.py
[2024-07-31T08:05:24.133+0000] {processor.py:830} INFO - Processing file /home/airflow/.local/lib/python3.12/site-packages/airflow/example_dags/example_external_task_marker_dag.py for tasks to queue
[2024-07-31T08:05:24.135+0000] {logging_mixin.py:188} INFO - [2024-07-31T08:05:24.135+0000] {dagbag.py:545} INFO - Filling up the DagBag from /home/airflow/.local/lib/python3.12/site-packages/airflow/example_dags/example_external_task_marker_dag.py
[2024-07-31T08:05:24.140+0000] {processor.py:840} INFO - DAG(s) 'example_external_task_marker_child', 'example_external_task_marker_parent' retrieved from /home/airflow/.local/lib/python3.12/site-packages/airflow/example_dags/example_external_task_marker_dag.py
[2024-07-31T08:05:24.162+0000] {logging_mixin.py:188} INFO - [2024-07-31T08:05:24.162+0000] {dag.py:3089} INFO - Sync 2 DAGs
[2024-07-31T08:05:24.175+0000] {logging_mixin.py:188} INFO - [2024-07-31T08:05:24.175+0000] {dag.py:3947} INFO - Setting next_dagrun for example_external_task_marker_child to None, run_after=None
[2024-07-31T08:05:24.179+0000] {logging_mixin.py:188} INFO - [2024-07-31T08:05:24.178+0000] {dag.py:3947} INFO - Setting next_dagrun for example_external_task_marker_parent to None, run_after=None
[2024-07-31T08:05:24.195+0000] {processor.py:183} INFO - Processing /home/airflow/.local/lib/python3.12/site-packages/airflow/example_dags/example_external_task_marker_dag.py took 0.074 seconds
[2024-07-31T08:05:54.340+0000] {processor.py:161} INFO - Started process (PID=884) to work on /home/airflow/.local/lib/python3.12/site-packages/airflow/example_dags/example_external_task_marker_dag.py
[2024-07-31T08:05:54.341+0000] {processor.py:830} INFO - Processing file /home/airflow/.local/lib/python3.12/site-packages/airflow/example_dags/example_external_task_marker_dag.py for tasks to queue
[2024-07-31T08:05:54.342+0000] {logging_mixin.py:188} INFO - [2024-07-31T08:05:54.342+0000] {dagbag.py:545} INFO - Filling up the DagBag from /home/airflow/.local/lib/python3.12/site-packages/airflow/example_dags/example_external_task_marker_dag.py
[2024-07-31T08:05:54.348+0000] {processor.py:840} INFO - DAG(s) 'example_external_task_marker_parent', 'example_external_task_marker_child' retrieved from /home/airflow/.local/lib/python3.12/site-packages/airflow/example_dags/example_external_task_marker_dag.py
[2024-07-31T08:05:54.375+0000] {logging_mixin.py:188} INFO - [2024-07-31T08:05:54.375+0000] {dag.py:3089} INFO - Sync 2 DAGs
[2024-07-31T08:05:54.389+0000] {logging_mixin.py:188} INFO - [2024-07-31T08:05:54.389+0000] {dag.py:3947} INFO - Setting next_dagrun for example_external_task_marker_child to None, run_after=None
[2024-07-31T08:05:54.393+0000] {logging_mixin.py:188} INFO - [2024-07-31T08:05:54.393+0000] {dag.py:3947} INFO - Setting next_dagrun for example_external_task_marker_parent to None, run_after=None
[2024-07-31T08:05:54.410+0000] {processor.py:183} INFO - Processing /home/airflow/.local/lib/python3.12/site-packages/airflow/example_dags/example_external_task_marker_dag.py took 0.076 seconds
[2024-07-31T08:06:24.617+0000] {processor.py:161} INFO - Started process (PID=942) to work on /home/airflow/.local/lib/python3.12/site-packages/airflow/example_dags/example_external_task_marker_dag.py
[2024-07-31T08:06:24.617+0000] {processor.py:830} INFO - Processing file /home/airflow/.local/lib/python3.12/site-packages/airflow/example_dags/example_external_task_marker_dag.py for tasks to queue
[2024-07-31T08:06:24.619+0000] {logging_mixin.py:188} INFO - [2024-07-31T08:06:24.619+0000] {dagbag.py:545} INFO - Filling up the DagBag from /home/airflow/.local/lib/python3.12/site-packages/airflow/example_dags/example_external_task_marker_dag.py
[2024-07-31T08:06:24.624+0000] {processor.py:840} INFO - DAG(s) 'example_external_task_marker_parent', 'example_external_task_marker_child' retrieved from /home/airflow/.local/lib/python3.12/site-packages/airflow/example_dags/example_external_task_marker_dag.py
[2024-07-31T08:06:24.650+0000] {logging_mixin.py:188} INFO - [2024-07-31T08:06:24.650+0000] {dag.py:3089} INFO - Sync 2 DAGs
[2024-07-31T08:06:24.664+0000] {logging_mixin.py:188} INFO - [2024-07-31T08:06:24.664+0000] {dag.py:3947} INFO - Setting next_dagrun for example_external_task_marker_child to None, run_after=None
[2024-07-31T08:06:24.668+0000] {logging_mixin.py:188} INFO - [2024-07-31T08:06:24.668+0000] {dag.py:3947} INFO - Setting next_dagrun for example_external_task_marker_parent to None, run_after=None
[2024-07-31T08:06:24.688+0000] {processor.py:183} INFO - Processing /home/airflow/.local/lib/python3.12/site-packages/airflow/example_dags/example_external_task_marker_dag.py took 0.077 seconds
[2024-07-31T08:06:55.088+0000] {processor.py:161} INFO - Started process (PID=1000) to work on /home/airflow/.local/lib/python3.12/site-packages/airflow/example_dags/example_external_task_marker_dag.py
[2024-07-31T08:06:55.089+0000] {processor.py:830} INFO - Processing file /home/airflow/.local/lib/python3.12/site-packages/airflow/example_dags/example_external_task_marker_dag.py for tasks to queue
[2024-07-31T08:06:55.091+0000] {logging_mixin.py:188} INFO - [2024-07-31T08:06:55.090+0000] {dagbag.py:545} INFO - Filling up the DagBag from /home/airflow/.local/lib/python3.12/site-packages/airflow/example_dags/example_external_task_marker_dag.py
[2024-07-31T08:06:55.095+0000] {processor.py:840} INFO - DAG(s) 'example_external_task_marker_parent', 'example_external_task_marker_child' retrieved from /home/airflow/.local/lib/python3.12/site-packages/airflow/example_dags/example_external_task_marker_dag.py
[2024-07-31T08:06:55.120+0000] {logging_mixin.py:188} INFO - [2024-07-31T08:06:55.120+0000] {dag.py:3089} INFO - Sync 2 DAGs
[2024-07-31T08:06:55.131+0000] {logging_mixin.py:188} INFO - [2024-07-31T08:06:55.131+0000] {dag.py:3947} INFO - Setting next_dagrun for example_external_task_marker_child to None, run_after=None
[2024-07-31T08:06:55.135+0000] {logging_mixin.py:188} INFO - [2024-07-31T08:06:55.134+0000] {dag.py:3947} INFO - Setting next_dagrun for example_external_task_marker_parent to None, run_after=None
[2024-07-31T08:06:55.149+0000] {processor.py:183} INFO - Processing /home/airflow/.local/lib/python3.12/site-packages/airflow/example_dags/example_external_task_marker_dag.py took 0.066 seconds
[2024-07-31T08:07:25.371+0000] {processor.py:161} INFO - Started process (PID=1058) to work on /home/airflow/.local/lib/python3.12/site-packages/airflow/example_dags/example_external_task_marker_dag.py
[2024-07-31T08:07:25.373+0000] {processor.py:830} INFO - Processing file /home/airflow/.local/lib/python3.12/site-packages/airflow/example_dags/example_external_task_marker_dag.py for tasks to queue
[2024-07-31T08:07:25.376+0000] {logging_mixin.py:188} INFO - [2024-07-31T08:07:25.375+0000] {dagbag.py:545} INFO - Filling up the DagBag from /home/airflow/.local/lib/python3.12/site-packages/airflow/example_dags/example_external_task_marker_dag.py
[2024-07-31T08:07:25.384+0000] {processor.py:840} INFO - DAG(s) 'example_external_task_marker_parent', 'example_external_task_marker_child' retrieved from /home/airflow/.local/lib/python3.12/site-packages/airflow/example_dags/example_external_task_marker_dag.py
[2024-07-31T08:07:25.410+0000] {logging_mixin.py:188} INFO - [2024-07-31T08:07:25.410+0000] {dag.py:3089} INFO - Sync 2 DAGs
[2024-07-31T08:07:25.427+0000] {logging_mixin.py:188} INFO - [2024-07-31T08:07:25.427+0000] {dag.py:3947} INFO - Setting next_dagrun for example_external_task_marker_child to None, run_after=None
[2024-07-31T08:07:25.431+0000] {logging_mixin.py:188} INFO - [2024-07-31T08:07:25.431+0000] {dag.py:3947} INFO - Setting next_dagrun for example_external_task_marker_parent to None, run_after=None
[2024-07-31T08:07:25.448+0000] {processor.py:183} INFO - Processing /home/airflow/.local/lib/python3.12/site-packages/airflow/example_dags/example_external_task_marker_dag.py took 0.081 seconds
[2024-07-31T08:07:55.761+0000] {processor.py:161} INFO - Started process (PID=1116) to work on /home/airflow/.local/lib/python3.12/site-packages/airflow/example_dags/example_external_task_marker_dag.py
[2024-07-31T08:07:55.762+0000] {processor.py:830} INFO - Processing file /home/airflow/.local/lib/python3.12/site-packages/airflow/example_dags/example_external_task_marker_dag.py for tasks to queue
[2024-07-31T08:07:55.763+0000] {logging_mixin.py:188} INFO - [2024-07-31T08:07:55.763+0000] {dagbag.py:545} INFO - Filling up the DagBag from /home/airflow/.local/lib/python3.12/site-packages/airflow/example_dags/example_external_task_marker_dag.py
[2024-07-31T08:07:55.768+0000] {processor.py:840} INFO - DAG(s) 'example_external_task_marker_child', 'example_external_task_marker_parent' retrieved from /home/airflow/.local/lib/python3.12/site-packages/airflow/example_dags/example_external_task_marker_dag.py
[2024-07-31T08:07:55.792+0000] {logging_mixin.py:188} INFO - [2024-07-31T08:07:55.792+0000] {dag.py:3089} INFO - Sync 2 DAGs
[2024-07-31T08:07:55.805+0000] {logging_mixin.py:188} INFO - [2024-07-31T08:07:55.805+0000] {dag.py:3947} INFO - Setting next_dagrun for example_external_task_marker_child to None, run_after=None
[2024-07-31T08:07:55.808+0000] {logging_mixin.py:188} INFO - [2024-07-31T08:07:55.808+0000] {dag.py:3947} INFO - Setting next_dagrun for example_external_task_marker_parent to None, run_after=None
[2024-07-31T08:07:55.824+0000] {processor.py:183} INFO - Processing /home/airflow/.local/lib/python3.12/site-packages/airflow/example_dags/example_external_task_marker_dag.py took 0.075 seconds
[2024-07-31T08:08:26.248+0000] {processor.py:161} INFO - Started process (PID=1175) to work on /home/airflow/.local/lib/python3.12/site-packages/airflow/example_dags/example_external_task_marker_dag.py
[2024-07-31T08:08:26.249+0000] {processor.py:830} INFO - Processing file /home/airflow/.local/lib/python3.12/site-packages/airflow/example_dags/example_external_task_marker_dag.py for tasks to queue
[2024-07-31T08:08:26.250+0000] {logging_mixin.py:188} INFO - [2024-07-31T08:08:26.250+0000] {dagbag.py:545} INFO - Filling up the DagBag from /home/airflow/.local/lib/python3.12/site-packages/airflow/example_dags/example_external_task_marker_dag.py
[2024-07-31T08:08:26.255+0000] {processor.py:840} INFO - DAG(s) 'example_external_task_marker_parent', 'example_external_task_marker_child' retrieved from /home/airflow/.local/lib/python3.12/site-packages/airflow/example_dags/example_external_task_marker_dag.py
[2024-07-31T08:08:26.276+0000] {logging_mixin.py:188} INFO - [2024-07-31T08:08:26.276+0000] {dag.py:3089} INFO - Sync 2 DAGs
[2024-07-31T08:08:26.287+0000] {logging_mixin.py:188} INFO - [2024-07-31T08:08:26.287+0000] {dag.py:3947} INFO - Setting next_dagrun for example_external_task_marker_child to None, run_after=None
[2024-07-31T08:08:26.291+0000] {logging_mixin.py:188} INFO - [2024-07-31T08:08:26.290+0000] {dag.py:3947} INFO - Setting next_dagrun for example_external_task_marker_parent to None, run_after=None
[2024-07-31T08:08:26.306+0000] {processor.py:183} INFO - Processing /home/airflow/.local/lib/python3.12/site-packages/airflow/example_dags/example_external_task_marker_dag.py took 0.062 seconds
[2024-07-31T08:08:56.426+0000] {processor.py:161} INFO - Started process (PID=1233) to work on /home/airflow/.local/lib/python3.12/site-packages/airflow/example_dags/example_external_task_marker_dag.py
[2024-07-31T08:08:56.427+0000] {processor.py:830} INFO - Processing file /home/airflow/.local/lib/python3.12/site-packages/airflow/example_dags/example_external_task_marker_dag.py for tasks to queue
[2024-07-31T08:08:56.428+0000] {logging_mixin.py:188} INFO - [2024-07-31T08:08:56.428+0000] {dagbag.py:545} INFO - Filling up the DagBag from /home/airflow/.local/lib/python3.12/site-packages/airflow/example_dags/example_external_task_marker_dag.py
[2024-07-31T08:08:56.433+0000] {processor.py:840} INFO - DAG(s) 'example_external_task_marker_child', 'example_external_task_marker_parent' retrieved from /home/airflow/.local/lib/python3.12/site-packages/airflow/example_dags/example_external_task_marker_dag.py
[2024-07-31T08:08:56.456+0000] {logging_mixin.py:188} INFO - [2024-07-31T08:08:56.456+0000] {dag.py:3089} INFO - Sync 2 DAGs
[2024-07-31T08:08:56.470+0000] {logging_mixin.py:188} INFO - [2024-07-31T08:08:56.470+0000] {dag.py:3947} INFO - Setting next_dagrun for example_external_task_marker_child to None, run_after=None
[2024-07-31T08:08:56.473+0000] {logging_mixin.py:188} INFO - [2024-07-31T08:08:56.473+0000] {dag.py:3947} INFO - Setting next_dagrun for example_external_task_marker_parent to None, run_after=None
[2024-07-31T08:08:56.489+0000] {processor.py:183} INFO - Processing /home/airflow/.local/lib/python3.12/site-packages/airflow/example_dags/example_external_task_marker_dag.py took 0.068 seconds
[2024-07-31T08:09:26.912+0000] {processor.py:161} INFO - Started process (PID=1291) to work on /home/airflow/.local/lib/python3.12/site-packages/airflow/example_dags/example_external_task_marker_dag.py
[2024-07-31T08:09:26.913+0000] {processor.py:830} INFO - Processing file /home/airflow/.local/lib/python3.12/site-packages/airflow/example_dags/example_external_task_marker_dag.py for tasks to queue
[2024-07-31T08:09:26.914+0000] {logging_mixin.py:188} INFO - [2024-07-31T08:09:26.914+0000] {dagbag.py:545} INFO - Filling up the DagBag from /home/airflow/.local/lib/python3.12/site-packages/airflow/example_dags/example_external_task_marker_dag.py
[2024-07-31T08:09:26.919+0000] {processor.py:840} INFO - DAG(s) 'example_external_task_marker_parent', 'example_external_task_marker_child' retrieved from /home/airflow/.local/lib/python3.12/site-packages/airflow/example_dags/example_external_task_marker_dag.py
[2024-07-31T08:09:26.939+0000] {logging_mixin.py:188} INFO - [2024-07-31T08:09:26.939+0000] {dag.py:3089} INFO - Sync 2 DAGs
[2024-07-31T08:09:26.951+0000] {logging_mixin.py:188} INFO - [2024-07-31T08:09:26.951+0000] {dag.py:3947} INFO - Setting next_dagrun for example_external_task_marker_child to None, run_after=None
[2024-07-31T08:09:26.954+0000] {logging_mixin.py:188} INFO - [2024-07-31T08:09:26.954+0000] {dag.py:3947} INFO - Setting next_dagrun for example_external_task_marker_parent to None, run_after=None
[2024-07-31T08:09:26.968+0000] {processor.py:183} INFO - Processing /home/airflow/.local/lib/python3.12/site-packages/airflow/example_dags/example_external_task_marker_dag.py took 0.067 seconds
[2024-07-31T08:09:57.101+0000] {processor.py:161} INFO - Started process (PID=1349) to work on /home/airflow/.local/lib/python3.12/site-packages/airflow/example_dags/example_external_task_marker_dag.py
[2024-07-31T08:09:57.102+0000] {processor.py:830} INFO - Processing file /home/airflow/.local/lib/python3.12/site-packages/airflow/example_dags/example_external_task_marker_dag.py for tasks to queue
[2024-07-31T08:09:57.103+0000] {logging_mixin.py:188} INFO - [2024-07-31T08:09:57.103+0000] {dagbag.py:545} INFO - Filling up the DagBag from /home/airflow/.local/lib/python3.12/site-packages/airflow/example_dags/example_external_task_marker_dag.py
[2024-07-31T08:09:57.108+0000] {processor.py:840} INFO - DAG(s) 'example_external_task_marker_child', 'example_external_task_marker_parent' retrieved from /home/airflow/.local/lib/python3.12/site-packages/airflow/example_dags/example_external_task_marker_dag.py
[2024-07-31T08:09:57.131+0000] {logging_mixin.py:188} INFO - [2024-07-31T08:09:57.131+0000] {dag.py:3089} INFO - Sync 2 DAGs
[2024-07-31T08:09:57.144+0000] {logging_mixin.py:188} INFO - [2024-07-31T08:09:57.144+0000] {dag.py:3947} INFO - Setting next_dagrun for example_external_task_marker_child to None, run_after=None
[2024-07-31T08:09:57.147+0000] {logging_mixin.py:188} INFO - [2024-07-31T08:09:57.147+0000] {dag.py:3947} INFO - Setting next_dagrun for example_external_task_marker_parent to None, run_after=None
[2024-07-31T08:09:57.164+0000] {processor.py:183} INFO - Processing /home/airflow/.local/lib/python3.12/site-packages/airflow/example_dags/example_external_task_marker_dag.py took 0.068 seconds
[2024-07-31T08:10:27.600+0000] {processor.py:161} INFO - Started process (PID=1407) to work on /home/airflow/.local/lib/python3.12/site-packages/airflow/example_dags/example_external_task_marker_dag.py
[2024-07-31T08:10:27.600+0000] {processor.py:830} INFO - Processing file /home/airflow/.local/lib/python3.12/site-packages/airflow/example_dags/example_external_task_marker_dag.py for tasks to queue
[2024-07-31T08:10:27.602+0000] {logging_mixin.py:188} INFO - [2024-07-31T08:10:27.602+0000] {dagbag.py:545} INFO - Filling up the DagBag from /home/airflow/.local/lib/python3.12/site-packages/airflow/example_dags/example_external_task_marker_dag.py
[2024-07-31T08:10:27.607+0000] {processor.py:840} INFO - DAG(s) 'example_external_task_marker_child', 'example_external_task_marker_parent' retrieved from /home/airflow/.local/lib/python3.12/site-packages/airflow/example_dags/example_external_task_marker_dag.py
[2024-07-31T08:10:27.628+0000] {logging_mixin.py:188} INFO - [2024-07-31T08:10:27.628+0000] {dag.py:3089} INFO - Sync 2 DAGs
[2024-07-31T08:10:27.639+0000] {logging_mixin.py:188} INFO - [2024-07-31T08:10:27.639+0000] {dag.py:3947} INFO - Setting next_dagrun for example_external_task_marker_child to None, run_after=None
[2024-07-31T08:10:27.643+0000] {logging_mixin.py:188} INFO - [2024-07-31T08:10:27.643+0000] {dag.py:3947} INFO - Setting next_dagrun for example_external_task_marker_parent to None, run_after=None
[2024-07-31T08:10:27.659+0000] {processor.py:183} INFO - Processing /home/airflow/.local/lib/python3.12/site-packages/airflow/example_dags/example_external_task_marker_dag.py took 0.069 seconds
[2024-07-31T08:10:57.857+0000] {processor.py:161} INFO - Started process (PID=1465) to work on /home/airflow/.local/lib/python3.12/site-packages/airflow/example_dags/example_external_task_marker_dag.py
[2024-07-31T08:10:57.857+0000] {processor.py:830} INFO - Processing file /home/airflow/.local/lib/python3.12/site-packages/airflow/example_dags/example_external_task_marker_dag.py for tasks to queue
[2024-07-31T08:10:57.859+0000] {logging_mixin.py:188} INFO - [2024-07-31T08:10:57.859+0000] {dagbag.py:545} INFO - Filling up the DagBag from /home/airflow/.local/lib/python3.12/site-packages/airflow/example_dags/example_external_task_marker_dag.py
[2024-07-31T08:10:57.864+0000] {processor.py:840} INFO - DAG(s) 'example_external_task_marker_parent', 'example_external_task_marker_child' retrieved from /home/airflow/.local/lib/python3.12/site-packages/airflow/example_dags/example_external_task_marker_dag.py
[2024-07-31T08:10:57.885+0000] {logging_mixin.py:188} INFO - [2024-07-31T08:10:57.885+0000] {dag.py:3089} INFO - Sync 2 DAGs
[2024-07-31T08:10:57.896+0000] {logging_mixin.py:188} INFO - [2024-07-31T08:10:57.896+0000] {dag.py:3947} INFO - Setting next_dagrun for example_external_task_marker_child to None, run_after=None
[2024-07-31T08:10:57.900+0000] {logging_mixin.py:188} INFO - [2024-07-31T08:10:57.899+0000] {dag.py:3947} INFO - Setting next_dagrun for example_external_task_marker_parent to None, run_after=None
[2024-07-31T08:10:57.914+0000] {processor.py:183} INFO - Processing /home/airflow/.local/lib/python3.12/site-packages/airflow/example_dags/example_external_task_marker_dag.py took 0.065 seconds
[2024-07-31T08:11:28.485+0000] {processor.py:161} INFO - Started process (PID=1523) to work on /home/airflow/.local/lib/python3.12/site-packages/airflow/example_dags/example_external_task_marker_dag.py
[2024-07-31T08:11:28.486+0000] {processor.py:830} INFO - Processing file /home/airflow/.local/lib/python3.12/site-packages/airflow/example_dags/example_external_task_marker_dag.py for tasks to queue
[2024-07-31T08:11:28.488+0000] {logging_mixin.py:188} INFO - [2024-07-31T08:11:28.488+0000] {dagbag.py:545} INFO - Filling up the DagBag from /home/airflow/.local/lib/python3.12/site-packages/airflow/example_dags/example_external_task_marker_dag.py
[2024-07-31T08:11:28.494+0000] {processor.py:840} INFO - DAG(s) 'example_external_task_marker_child', 'example_external_task_marker_parent' retrieved from /home/airflow/.local/lib/python3.12/site-packages/airflow/example_dags/example_external_task_marker_dag.py
[2024-07-31T08:11:28.514+0000] {logging_mixin.py:188} INFO - [2024-07-31T08:11:28.514+0000] {dag.py:3089} INFO - Sync 2 DAGs
[2024-07-31T08:11:28.526+0000] {logging_mixin.py:188} INFO - [2024-07-31T08:11:28.525+0000] {dag.py:3947} INFO - Setting next_dagrun for example_external_task_marker_child to None, run_after=None
[2024-07-31T08:11:28.529+0000] {logging_mixin.py:188} INFO - [2024-07-31T08:11:28.529+0000] {dag.py:3947} INFO - Setting next_dagrun for example_external_task_marker_parent to None, run_after=None
[2024-07-31T08:11:28.543+0000] {processor.py:183} INFO - Processing /home/airflow/.local/lib/python3.12/site-packages/airflow/example_dags/example_external_task_marker_dag.py took 0.064 seconds
[2024-07-31T08:11:58.793+0000] {processor.py:161} INFO - Started process (PID=1581) to work on /home/airflow/.local/lib/python3.12/site-packages/airflow/example_dags/example_external_task_marker_dag.py
[2024-07-31T08:11:58.794+0000] {processor.py:830} INFO - Processing file /home/airflow/.local/lib/python3.12/site-packages/airflow/example_dags/example_external_task_marker_dag.py for tasks to queue
[2024-07-31T08:11:58.795+0000] {logging_mixin.py:188} INFO - [2024-07-31T08:11:58.795+0000] {dagbag.py:545} INFO - Filling up the DagBag from /home/airflow/.local/lib/python3.12/site-packages/airflow/example_dags/example_external_task_marker_dag.py
[2024-07-31T08:11:58.800+0000] {processor.py:840} INFO - DAG(s) 'example_external_task_marker_child', 'example_external_task_marker_parent' retrieved from /home/airflow/.local/lib/python3.12/site-packages/airflow/example_dags/example_external_task_marker_dag.py
[2024-07-31T08:11:58.821+0000] {logging_mixin.py:188} INFO - [2024-07-31T08:11:58.820+0000] {dag.py:3089} INFO - Sync 2 DAGs
[2024-07-31T08:11:58.833+0000] {logging_mixin.py:188} INFO - [2024-07-31T08:11:58.833+0000] {dag.py:3947} INFO - Setting next_dagrun for example_external_task_marker_child to None, run_after=None
[2024-07-31T08:11:58.836+0000] {logging_mixin.py:188} INFO - [2024-07-31T08:11:58.836+0000] {dag.py:3947} INFO - Setting next_dagrun for example_external_task_marker_parent to None, run_after=None
[2024-07-31T08:11:58.851+0000] {processor.py:183} INFO - Processing /home/airflow/.local/lib/python3.12/site-packages/airflow/example_dags/example_external_task_marker_dag.py took 0.063 seconds
