[2024-07-31T07:54:24.668+0000] {processor.py:161} INFO - Started process (PID=64) to work on /home/airflow/.local/lib/python3.12/site-packages/airflow/example_dags/example_display_name.py
[2024-07-31T07:54:24.669+0000] {processor.py:830} INFO - Processing file /home/airflow/.local/lib/python3.12/site-packages/airflow/example_dags/example_display_name.py for tasks to queue
[2024-07-31T07:54:24.671+0000] {logging_mixin.py:188} INFO - [2024-07-31T07:54:24.670+0000] {dagbag.py:545} INFO - Filling up the DagBag from /home/airflow/.local/lib/python3.12/site-packages/airflow/example_dags/example_display_name.py
[2024-07-31T07:54:24.679+0000] {processor.py:840} INFO - DAG(s) 'example_display_name' retrieved from /home/airflow/.local/lib/python3.12/site-packages/airflow/example_dags/example_display_name.py
[2024-07-31T07:54:24.690+0000] {logging_mixin.py:188} INFO - [2024-07-31T07:54:24.690+0000] {dag.py:3089} INFO - Sync 1 DAGs
[2024-07-31T07:54:24.704+0000] {logging_mixin.py:188} INFO - [2024-07-31T07:54:24.704+0000] {dag.py:3947} INFO - Setting next_dagrun for example_display_name to None, run_after=None
[2024-07-31T07:54:24.725+0000] {processor.py:183} INFO - Processing /home/airflow/.local/lib/python3.12/site-packages/airflow/example_dags/example_display_name.py took 0.063 seconds
[2024-07-31T07:54:43.491+0000] {processor.py:161} INFO - Started process (PID=57) to work on /home/airflow/.local/lib/python3.12/site-packages/airflow/example_dags/example_display_name.py
[2024-07-31T07:54:43.492+0000] {processor.py:830} INFO - Processing file /home/airflow/.local/lib/python3.12/site-packages/airflow/example_dags/example_display_name.py for tasks to queue
[2024-07-31T07:54:43.493+0000] {logging_mixin.py:188} INFO - [2024-07-31T07:54:43.493+0000] {dagbag.py:545} INFO - Filling up the DagBag from /home/airflow/.local/lib/python3.12/site-packages/airflow/example_dags/example_display_name.py
[2024-07-31T07:54:43.499+0000] {processor.py:840} INFO - DAG(s) 'example_display_name' retrieved from /home/airflow/.local/lib/python3.12/site-packages/airflow/example_dags/example_display_name.py
[2024-07-31T07:54:43.602+0000] {logging_mixin.py:188} INFO - [2024-07-31T07:54:43.602+0000] {dag.py:3089} INFO - Sync 1 DAGs
[2024-07-31T07:54:43.613+0000] {logging_mixin.py:188} INFO - [2024-07-31T07:54:43.613+0000] {dag.py:3947} INFO - Setting next_dagrun for example_display_name to None, run_after=None
[2024-07-31T07:54:43.632+0000] {processor.py:183} INFO - Processing /home/airflow/.local/lib/python3.12/site-packages/airflow/example_dags/example_display_name.py took 0.146 seconds
[2024-07-31T07:55:14.252+0000] {processor.py:161} INFO - Started process (PID=115) to work on /home/airflow/.local/lib/python3.12/site-packages/airflow/example_dags/example_display_name.py
[2024-07-31T07:55:14.253+0000] {processor.py:830} INFO - Processing file /home/airflow/.local/lib/python3.12/site-packages/airflow/example_dags/example_display_name.py for tasks to queue
[2024-07-31T07:55:14.255+0000] {logging_mixin.py:188} INFO - [2024-07-31T07:55:14.254+0000] {dagbag.py:545} INFO - Filling up the DagBag from /home/airflow/.local/lib/python3.12/site-packages/airflow/example_dags/example_display_name.py
[2024-07-31T07:55:14.259+0000] {processor.py:840} INFO - DAG(s) 'example_display_name' retrieved from /home/airflow/.local/lib/python3.12/site-packages/airflow/example_dags/example_display_name.py
[2024-07-31T07:55:14.286+0000] {logging_mixin.py:188} INFO - [2024-07-31T07:55:14.286+0000] {dag.py:3089} INFO - Sync 1 DAGs
[2024-07-31T07:55:14.302+0000] {logging_mixin.py:188} INFO - [2024-07-31T07:55:14.302+0000] {dag.py:3947} INFO - Setting next_dagrun for example_display_name to None, run_after=None
[2024-07-31T07:55:14.318+0000] {processor.py:183} INFO - Processing /home/airflow/.local/lib/python3.12/site-packages/airflow/example_dags/example_display_name.py took 0.071 seconds
[2024-07-31T07:55:44.576+0000] {processor.py:161} INFO - Started process (PID=173) to work on /home/airflow/.local/lib/python3.12/site-packages/airflow/example_dags/example_display_name.py
[2024-07-31T07:55:44.577+0000] {processor.py:830} INFO - Processing file /home/airflow/.local/lib/python3.12/site-packages/airflow/example_dags/example_display_name.py for tasks to queue
[2024-07-31T07:55:44.578+0000] {logging_mixin.py:188} INFO - [2024-07-31T07:55:44.578+0000] {dagbag.py:545} INFO - Filling up the DagBag from /home/airflow/.local/lib/python3.12/site-packages/airflow/example_dags/example_display_name.py
[2024-07-31T07:55:44.583+0000] {processor.py:840} INFO - DAG(s) 'example_display_name' retrieved from /home/airflow/.local/lib/python3.12/site-packages/airflow/example_dags/example_display_name.py
[2024-07-31T07:55:44.603+0000] {logging_mixin.py:188} INFO - [2024-07-31T07:55:44.603+0000] {dag.py:3089} INFO - Sync 1 DAGs
[2024-07-31T07:55:44.617+0000] {logging_mixin.py:188} INFO - [2024-07-31T07:55:44.617+0000] {dag.py:3947} INFO - Setting next_dagrun for example_display_name to None, run_after=None
[2024-07-31T07:55:44.636+0000] {processor.py:183} INFO - Processing /home/airflow/.local/lib/python3.12/site-packages/airflow/example_dags/example_display_name.py took 0.065 seconds
[2024-07-31T07:56:15.076+0000] {processor.py:161} INFO - Started process (PID=231) to work on /home/airflow/.local/lib/python3.12/site-packages/airflow/example_dags/example_display_name.py
[2024-07-31T07:56:15.077+0000] {processor.py:830} INFO - Processing file /home/airflow/.local/lib/python3.12/site-packages/airflow/example_dags/example_display_name.py for tasks to queue
[2024-07-31T07:56:15.078+0000] {logging_mixin.py:188} INFO - [2024-07-31T07:56:15.078+0000] {dagbag.py:545} INFO - Filling up the DagBag from /home/airflow/.local/lib/python3.12/site-packages/airflow/example_dags/example_display_name.py
[2024-07-31T07:56:15.083+0000] {processor.py:840} INFO - DAG(s) 'example_display_name' retrieved from /home/airflow/.local/lib/python3.12/site-packages/airflow/example_dags/example_display_name.py
[2024-07-31T07:56:15.105+0000] {logging_mixin.py:188} INFO - [2024-07-31T07:56:15.104+0000] {dag.py:3089} INFO - Sync 1 DAGs
[2024-07-31T07:56:15.117+0000] {logging_mixin.py:188} INFO - [2024-07-31T07:56:15.116+0000] {dag.py:3947} INFO - Setting next_dagrun for example_display_name to None, run_after=None
[2024-07-31T07:56:15.133+0000] {processor.py:183} INFO - Processing /home/airflow/.local/lib/python3.12/site-packages/airflow/example_dags/example_display_name.py took 0.061 seconds
[2024-07-31T07:56:45.275+0000] {processor.py:161} INFO - Started process (PID=289) to work on /home/airflow/.local/lib/python3.12/site-packages/airflow/example_dags/example_display_name.py
[2024-07-31T07:56:45.275+0000] {processor.py:830} INFO - Processing file /home/airflow/.local/lib/python3.12/site-packages/airflow/example_dags/example_display_name.py for tasks to queue
[2024-07-31T07:56:45.277+0000] {logging_mixin.py:188} INFO - [2024-07-31T07:56:45.277+0000] {dagbag.py:545} INFO - Filling up the DagBag from /home/airflow/.local/lib/python3.12/site-packages/airflow/example_dags/example_display_name.py
[2024-07-31T07:56:45.281+0000] {processor.py:840} INFO - DAG(s) 'example_display_name' retrieved from /home/airflow/.local/lib/python3.12/site-packages/airflow/example_dags/example_display_name.py
[2024-07-31T07:56:45.300+0000] {logging_mixin.py:188} INFO - [2024-07-31T07:56:45.300+0000] {dag.py:3089} INFO - Sync 1 DAGs
[2024-07-31T07:56:45.313+0000] {logging_mixin.py:188} INFO - [2024-07-31T07:56:45.312+0000] {dag.py:3947} INFO - Setting next_dagrun for example_display_name to None, run_after=None
[2024-07-31T07:56:45.331+0000] {processor.py:183} INFO - Processing /home/airflow/.local/lib/python3.12/site-packages/airflow/example_dags/example_display_name.py took 0.063 seconds
[2024-07-31T07:57:16.434+0000] {processor.py:161} INFO - Started process (PID=353) to work on /home/airflow/.local/lib/python3.12/site-packages/airflow/example_dags/example_display_name.py
[2024-07-31T07:57:16.435+0000] {processor.py:830} INFO - Processing file /home/airflow/.local/lib/python3.12/site-packages/airflow/example_dags/example_display_name.py for tasks to queue
[2024-07-31T07:57:16.436+0000] {logging_mixin.py:188} INFO - [2024-07-31T07:57:16.436+0000] {dagbag.py:545} INFO - Filling up the DagBag from /home/airflow/.local/lib/python3.12/site-packages/airflow/example_dags/example_display_name.py
[2024-07-31T07:57:16.441+0000] {processor.py:840} INFO - DAG(s) 'example_display_name' retrieved from /home/airflow/.local/lib/python3.12/site-packages/airflow/example_dags/example_display_name.py
[2024-07-31T07:57:16.461+0000] {logging_mixin.py:188} INFO - [2024-07-31T07:57:16.461+0000] {dag.py:3089} INFO - Sync 1 DAGs
[2024-07-31T07:57:16.474+0000] {logging_mixin.py:188} INFO - [2024-07-31T07:57:16.474+0000] {dag.py:3947} INFO - Setting next_dagrun for example_display_name to None, run_after=None
[2024-07-31T07:57:16.495+0000] {processor.py:183} INFO - Processing /home/airflow/.local/lib/python3.12/site-packages/airflow/example_dags/example_display_name.py took 0.066 seconds
[2024-07-31T07:57:46.958+0000] {processor.py:161} INFO - Started process (PID=411) to work on /home/airflow/.local/lib/python3.12/site-packages/airflow/example_dags/example_display_name.py
[2024-07-31T07:57:46.960+0000] {processor.py:830} INFO - Processing file /home/airflow/.local/lib/python3.12/site-packages/airflow/example_dags/example_display_name.py for tasks to queue
[2024-07-31T07:57:46.961+0000] {logging_mixin.py:188} INFO - [2024-07-31T07:57:46.961+0000] {dagbag.py:545} INFO - Filling up the DagBag from /home/airflow/.local/lib/python3.12/site-packages/airflow/example_dags/example_display_name.py
[2024-07-31T07:57:46.965+0000] {processor.py:840} INFO - DAG(s) 'example_display_name' retrieved from /home/airflow/.local/lib/python3.12/site-packages/airflow/example_dags/example_display_name.py
[2024-07-31T07:57:46.983+0000] {logging_mixin.py:188} INFO - [2024-07-31T07:57:46.983+0000] {dag.py:3089} INFO - Sync 1 DAGs
[2024-07-31T07:57:46.996+0000] {logging_mixin.py:188} INFO - [2024-07-31T07:57:46.996+0000] {dag.py:3947} INFO - Setting next_dagrun for example_display_name to None, run_after=None
[2024-07-31T07:57:47.013+0000] {processor.py:183} INFO - Processing /home/airflow/.local/lib/python3.12/site-packages/airflow/example_dags/example_display_name.py took 0.066 seconds
[2024-07-31T07:58:48.814+0000] {processor.py:161} INFO - Started process (PID=64) to work on /home/airflow/.local/lib/python3.12/site-packages/airflow/example_dags/example_display_name.py
[2024-07-31T07:58:48.816+0000] {processor.py:830} INFO - Processing file /home/airflow/.local/lib/python3.12/site-packages/airflow/example_dags/example_display_name.py for tasks to queue
[2024-07-31T07:58:48.818+0000] {logging_mixin.py:188} INFO - [2024-07-31T07:58:48.818+0000] {dagbag.py:545} INFO - Filling up the DagBag from /home/airflow/.local/lib/python3.12/site-packages/airflow/example_dags/example_display_name.py
[2024-07-31T07:58:48.826+0000] {processor.py:840} INFO - DAG(s) 'example_display_name' retrieved from /home/airflow/.local/lib/python3.12/site-packages/airflow/example_dags/example_display_name.py
[2024-07-31T07:58:48.837+0000] {logging_mixin.py:188} INFO - [2024-07-31T07:58:48.837+0000] {dag.py:3089} INFO - Sync 1 DAGs
[2024-07-31T07:58:48.854+0000] {logging_mixin.py:188} INFO - [2024-07-31T07:58:48.854+0000] {dag.py:3947} INFO - Setting next_dagrun for example_display_name to None, run_after=None
[2024-07-31T07:58:48.879+0000] {processor.py:183} INFO - Processing /home/airflow/.local/lib/python3.12/site-packages/airflow/example_dags/example_display_name.py took 0.069 seconds
[2024-07-31T07:59:19.917+0000] {processor.py:161} INFO - Started process (PID=122) to work on /home/airflow/.local/lib/python3.12/site-packages/airflow/example_dags/example_display_name.py
[2024-07-31T07:59:19.918+0000] {processor.py:830} INFO - Processing file /home/airflow/.local/lib/python3.12/site-packages/airflow/example_dags/example_display_name.py for tasks to queue
[2024-07-31T07:59:19.920+0000] {logging_mixin.py:188} INFO - [2024-07-31T07:59:19.919+0000] {dagbag.py:545} INFO - Filling up the DagBag from /home/airflow/.local/lib/python3.12/site-packages/airflow/example_dags/example_display_name.py
[2024-07-31T07:59:19.924+0000] {processor.py:840} INFO - DAG(s) 'example_display_name' retrieved from /home/airflow/.local/lib/python3.12/site-packages/airflow/example_dags/example_display_name.py
[2024-07-31T07:59:20.029+0000] {logging_mixin.py:188} INFO - [2024-07-31T07:59:20.029+0000] {dag.py:3089} INFO - Sync 1 DAGs
[2024-07-31T07:59:20.039+0000] {logging_mixin.py:188} INFO - [2024-07-31T07:59:20.039+0000] {dag.py:3947} INFO - Setting next_dagrun for example_display_name to None, run_after=None
[2024-07-31T07:59:20.057+0000] {processor.py:183} INFO - Processing /home/airflow/.local/lib/python3.12/site-packages/airflow/example_dags/example_display_name.py took 0.149 seconds
[2024-07-31T07:59:50.687+0000] {processor.py:161} INFO - Started process (PID=186) to work on /home/airflow/.local/lib/python3.12/site-packages/airflow/example_dags/example_display_name.py
[2024-07-31T07:59:50.688+0000] {processor.py:830} INFO - Processing file /home/airflow/.local/lib/python3.12/site-packages/airflow/example_dags/example_display_name.py for tasks to queue
[2024-07-31T07:59:50.690+0000] {logging_mixin.py:188} INFO - [2024-07-31T07:59:50.690+0000] {dagbag.py:545} INFO - Filling up the DagBag from /home/airflow/.local/lib/python3.12/site-packages/airflow/example_dags/example_display_name.py
[2024-07-31T07:59:50.695+0000] {processor.py:840} INFO - DAG(s) 'example_display_name' retrieved from /home/airflow/.local/lib/python3.12/site-packages/airflow/example_dags/example_display_name.py
[2024-07-31T07:59:50.716+0000] {logging_mixin.py:188} INFO - [2024-07-31T07:59:50.716+0000] {dag.py:3089} INFO - Sync 1 DAGs
[2024-07-31T07:59:50.732+0000] {logging_mixin.py:188} INFO - [2024-07-31T07:59:50.731+0000] {dag.py:3947} INFO - Setting next_dagrun for example_display_name to None, run_after=None
[2024-07-31T07:59:50.751+0000] {processor.py:183} INFO - Processing /home/airflow/.local/lib/python3.12/site-packages/airflow/example_dags/example_display_name.py took 0.074 seconds
[2024-07-31T08:00:20.879+0000] {processor.py:161} INFO - Started process (PID=244) to work on /home/airflow/.local/lib/python3.12/site-packages/airflow/example_dags/example_display_name.py
[2024-07-31T08:00:20.880+0000] {processor.py:830} INFO - Processing file /home/airflow/.local/lib/python3.12/site-packages/airflow/example_dags/example_display_name.py for tasks to queue
[2024-07-31T08:00:20.882+0000] {logging_mixin.py:188} INFO - [2024-07-31T08:00:20.882+0000] {dagbag.py:545} INFO - Filling up the DagBag from /home/airflow/.local/lib/python3.12/site-packages/airflow/example_dags/example_display_name.py
[2024-07-31T08:00:20.887+0000] {processor.py:840} INFO - DAG(s) 'example_display_name' retrieved from /home/airflow/.local/lib/python3.12/site-packages/airflow/example_dags/example_display_name.py
[2024-07-31T08:00:20.905+0000] {logging_mixin.py:188} INFO - [2024-07-31T08:00:20.905+0000] {dag.py:3089} INFO - Sync 1 DAGs
[2024-07-31T08:00:20.916+0000] {logging_mixin.py:188} INFO - [2024-07-31T08:00:20.916+0000] {dag.py:3947} INFO - Setting next_dagrun for example_display_name to None, run_after=None
[2024-07-31T08:00:20.932+0000] {processor.py:183} INFO - Processing /home/airflow/.local/lib/python3.12/site-packages/airflow/example_dags/example_display_name.py took 0.063 seconds
[2024-07-31T08:00:51.336+0000] {processor.py:161} INFO - Started process (PID=302) to work on /home/airflow/.local/lib/python3.12/site-packages/airflow/example_dags/example_display_name.py
[2024-07-31T08:00:51.337+0000] {processor.py:830} INFO - Processing file /home/airflow/.local/lib/python3.12/site-packages/airflow/example_dags/example_display_name.py for tasks to queue
[2024-07-31T08:00:51.339+0000] {logging_mixin.py:188} INFO - [2024-07-31T08:00:51.339+0000] {dagbag.py:545} INFO - Filling up the DagBag from /home/airflow/.local/lib/python3.12/site-packages/airflow/example_dags/example_display_name.py
[2024-07-31T08:00:51.344+0000] {processor.py:840} INFO - DAG(s) 'example_display_name' retrieved from /home/airflow/.local/lib/python3.12/site-packages/airflow/example_dags/example_display_name.py
[2024-07-31T08:00:51.363+0000] {logging_mixin.py:188} INFO - [2024-07-31T08:00:51.363+0000] {dag.py:3089} INFO - Sync 1 DAGs
[2024-07-31T08:00:51.375+0000] {logging_mixin.py:188} INFO - [2024-07-31T08:00:51.375+0000] {dag.py:3947} INFO - Setting next_dagrun for example_display_name to None, run_after=None
[2024-07-31T08:00:51.392+0000] {processor.py:183} INFO - Processing /home/airflow/.local/lib/python3.12/site-packages/airflow/example_dags/example_display_name.py took 0.068 seconds
[2024-07-31T08:01:21.712+0000] {processor.py:161} INFO - Started process (PID=360) to work on /home/airflow/.local/lib/python3.12/site-packages/airflow/example_dags/example_display_name.py
[2024-07-31T08:01:21.713+0000] {processor.py:830} INFO - Processing file /home/airflow/.local/lib/python3.12/site-packages/airflow/example_dags/example_display_name.py for tasks to queue
[2024-07-31T08:01:21.714+0000] {logging_mixin.py:188} INFO - [2024-07-31T08:01:21.714+0000] {dagbag.py:545} INFO - Filling up the DagBag from /home/airflow/.local/lib/python3.12/site-packages/airflow/example_dags/example_display_name.py
[2024-07-31T08:01:21.718+0000] {processor.py:840} INFO - DAG(s) 'example_display_name' retrieved from /home/airflow/.local/lib/python3.12/site-packages/airflow/example_dags/example_display_name.py
[2024-07-31T08:01:21.740+0000] {logging_mixin.py:188} INFO - [2024-07-31T08:01:21.740+0000] {dag.py:3089} INFO - Sync 1 DAGs
[2024-07-31T08:01:21.754+0000] {logging_mixin.py:188} INFO - [2024-07-31T08:01:21.754+0000] {dag.py:3947} INFO - Setting next_dagrun for example_display_name to None, run_after=None
[2024-07-31T08:01:21.771+0000] {processor.py:183} INFO - Processing /home/airflow/.local/lib/python3.12/site-packages/airflow/example_dags/example_display_name.py took 0.064 seconds
[2024-07-31T08:01:51.958+0000] {processor.py:161} INFO - Started process (PID=418) to work on /home/airflow/.local/lib/python3.12/site-packages/airflow/example_dags/example_display_name.py
[2024-07-31T08:01:51.959+0000] {processor.py:830} INFO - Processing file /home/airflow/.local/lib/python3.12/site-packages/airflow/example_dags/example_display_name.py for tasks to queue
[2024-07-31T08:01:51.961+0000] {logging_mixin.py:188} INFO - [2024-07-31T08:01:51.961+0000] {dagbag.py:545} INFO - Filling up the DagBag from /home/airflow/.local/lib/python3.12/site-packages/airflow/example_dags/example_display_name.py
[2024-07-31T08:01:51.965+0000] {processor.py:840} INFO - DAG(s) 'example_display_name' retrieved from /home/airflow/.local/lib/python3.12/site-packages/airflow/example_dags/example_display_name.py
[2024-07-31T08:01:51.982+0000] {logging_mixin.py:188} INFO - [2024-07-31T08:01:51.982+0000] {dag.py:3089} INFO - Sync 1 DAGs
[2024-07-31T08:01:51.994+0000] {logging_mixin.py:188} INFO - [2024-07-31T08:01:51.994+0000] {dag.py:3947} INFO - Setting next_dagrun for example_display_name to None, run_after=None
[2024-07-31T08:01:52.011+0000] {processor.py:183} INFO - Processing /home/airflow/.local/lib/python3.12/site-packages/airflow/example_dags/example_display_name.py took 0.058 seconds
[2024-07-31T08:02:22.139+0000] {processor.py:161} INFO - Started process (PID=476) to work on /home/airflow/.local/lib/python3.12/site-packages/airflow/example_dags/example_display_name.py
[2024-07-31T08:02:22.140+0000] {processor.py:830} INFO - Processing file /home/airflow/.local/lib/python3.12/site-packages/airflow/example_dags/example_display_name.py for tasks to queue
[2024-07-31T08:02:22.143+0000] {logging_mixin.py:188} INFO - [2024-07-31T08:02:22.142+0000] {dagbag.py:545} INFO - Filling up the DagBag from /home/airflow/.local/lib/python3.12/site-packages/airflow/example_dags/example_display_name.py
[2024-07-31T08:02:22.151+0000] {processor.py:840} INFO - DAG(s) 'example_display_name' retrieved from /home/airflow/.local/lib/python3.12/site-packages/airflow/example_dags/example_display_name.py
[2024-07-31T08:02:22.171+0000] {logging_mixin.py:188} INFO - [2024-07-31T08:02:22.170+0000] {dag.py:3089} INFO - Sync 1 DAGs
[2024-07-31T08:02:22.183+0000] {logging_mixin.py:188} INFO - [2024-07-31T08:02:22.183+0000] {dag.py:3947} INFO - Setting next_dagrun for example_display_name to None, run_after=None
[2024-07-31T08:02:22.202+0000] {processor.py:183} INFO - Processing /home/airflow/.local/lib/python3.12/site-packages/airflow/example_dags/example_display_name.py took 0.069 seconds
[2024-07-31T08:02:52.307+0000] {processor.py:161} INFO - Started process (PID=533) to work on /home/airflow/.local/lib/python3.12/site-packages/airflow/example_dags/example_display_name.py
[2024-07-31T08:02:52.308+0000] {processor.py:830} INFO - Processing file /home/airflow/.local/lib/python3.12/site-packages/airflow/example_dags/example_display_name.py for tasks to queue
[2024-07-31T08:02:52.310+0000] {logging_mixin.py:188} INFO - [2024-07-31T08:02:52.309+0000] {dagbag.py:545} INFO - Filling up the DagBag from /home/airflow/.local/lib/python3.12/site-packages/airflow/example_dags/example_display_name.py
[2024-07-31T08:02:52.315+0000] {processor.py:840} INFO - DAG(s) 'example_display_name' retrieved from /home/airflow/.local/lib/python3.12/site-packages/airflow/example_dags/example_display_name.py
[2024-07-31T08:02:52.336+0000] {logging_mixin.py:188} INFO - [2024-07-31T08:02:52.336+0000] {dag.py:3089} INFO - Sync 1 DAGs
[2024-07-31T08:02:52.349+0000] {logging_mixin.py:188} INFO - [2024-07-31T08:02:52.348+0000] {dag.py:3947} INFO - Setting next_dagrun for example_display_name to None, run_after=None
[2024-07-31T08:02:52.366+0000] {processor.py:183} INFO - Processing /home/airflow/.local/lib/python3.12/site-packages/airflow/example_dags/example_display_name.py took 0.065 seconds
