[2024-07-31T07:54:25.139+0000] {processor.py:161} INFO - Started process (PID=70) to work on /home/airflow/.local/lib/python3.12/site-packages/airflow/example_dags/example_latest_only_with_trigger.py
[2024-07-31T07:54:25.139+0000] {processor.py:830} INFO - Processing file /home/airflow/.local/lib/python3.12/site-packages/airflow/example_dags/example_latest_only_with_trigger.py for tasks to queue
[2024-07-31T07:54:25.141+0000] {logging_mixin.py:188} INFO - [2024-07-31T07:54:25.141+0000] {dagbag.py:545} INFO - Filling up the DagBag from /home/airflow/.local/lib/python3.12/site-packages/airflow/example_dags/example_latest_only_with_trigger.py
[2024-07-31T07:54:25.151+0000] {processor.py:840} INFO - DAG(s) 'latest_only_with_trigger' retrieved from /home/airflow/.local/lib/python3.12/site-packages/airflow/example_dags/example_latest_only_with_trigger.py
[2024-07-31T07:54:25.166+0000] {logging_mixin.py:188} INFO - [2024-07-31T07:54:25.165+0000] {dag.py:3089} INFO - Sync 1 DAGs
[2024-07-31T07:54:25.194+0000] {logging_mixin.py:188} INFO - [2024-07-31T07:54:25.194+0000] {dag.py:3947} INFO - Setting next_dagrun for latest_only_with_trigger to 2024-07-31 00:00:00+00:00, run_after=2024-07-31 04:00:00+00:00
[2024-07-31T07:54:25.220+0000] {processor.py:183} INFO - Processing /home/airflow/.local/lib/python3.12/site-packages/airflow/example_dags/example_latest_only_with_trigger.py took 0.086 seconds
[2024-07-31T07:54:44.265+0000] {processor.py:161} INFO - Started process (PID=63) to work on /home/airflow/.local/lib/python3.12/site-packages/airflow/example_dags/example_latest_only_with_trigger.py
[2024-07-31T07:54:44.266+0000] {processor.py:830} INFO - Processing file /home/airflow/.local/lib/python3.12/site-packages/airflow/example_dags/example_latest_only_with_trigger.py for tasks to queue
[2024-07-31T07:54:44.268+0000] {logging_mixin.py:188} INFO - [2024-07-31T07:54:44.268+0000] {dagbag.py:545} INFO - Filling up the DagBag from /home/airflow/.local/lib/python3.12/site-packages/airflow/example_dags/example_latest_only_with_trigger.py
[2024-07-31T07:54:44.278+0000] {processor.py:840} INFO - DAG(s) 'latest_only_with_trigger' retrieved from /home/airflow/.local/lib/python3.12/site-packages/airflow/example_dags/example_latest_only_with_trigger.py
[2024-07-31T07:54:44.383+0000] {logging_mixin.py:188} INFO - [2024-07-31T07:54:44.383+0000] {dag.py:3089} INFO - Sync 1 DAGs
[2024-07-31T07:54:44.405+0000] {logging_mixin.py:188} INFO - [2024-07-31T07:54:44.405+0000] {dag.py:3947} INFO - Setting next_dagrun for latest_only_with_trigger to 2024-07-31 00:00:00+00:00, run_after=2024-07-31 04:00:00+00:00
[2024-07-31T07:54:44.426+0000] {processor.py:183} INFO - Processing /home/airflow/.local/lib/python3.12/site-packages/airflow/example_dags/example_latest_only_with_trigger.py took 0.167 seconds
[2024-07-31T07:55:14.551+0000] {processor.py:161} INFO - Started process (PID=121) to work on /home/airflow/.local/lib/python3.12/site-packages/airflow/example_dags/example_latest_only_with_trigger.py
[2024-07-31T07:55:14.552+0000] {processor.py:830} INFO - Processing file /home/airflow/.local/lib/python3.12/site-packages/airflow/example_dags/example_latest_only_with_trigger.py for tasks to queue
[2024-07-31T07:55:14.553+0000] {logging_mixin.py:188} INFO - [2024-07-31T07:55:14.553+0000] {dagbag.py:545} INFO - Filling up the DagBag from /home/airflow/.local/lib/python3.12/site-packages/airflow/example_dags/example_latest_only_with_trigger.py
[2024-07-31T07:55:14.558+0000] {processor.py:840} INFO - DAG(s) 'latest_only_with_trigger' retrieved from /home/airflow/.local/lib/python3.12/site-packages/airflow/example_dags/example_latest_only_with_trigger.py
[2024-07-31T07:55:14.579+0000] {logging_mixin.py:188} INFO - [2024-07-31T07:55:14.579+0000] {dag.py:3089} INFO - Sync 1 DAGs
[2024-07-31T07:55:14.600+0000] {logging_mixin.py:188} INFO - [2024-07-31T07:55:14.600+0000] {dag.py:3947} INFO - Setting next_dagrun for latest_only_with_trigger to 2024-07-31 00:00:00+00:00, run_after=2024-07-31 04:00:00+00:00
[2024-07-31T07:55:14.618+0000] {processor.py:183} INFO - Processing /home/airflow/.local/lib/python3.12/site-packages/airflow/example_dags/example_latest_only_with_trigger.py took 0.072 seconds
[2024-07-31T07:55:44.868+0000] {processor.py:161} INFO - Started process (PID=179) to work on /home/airflow/.local/lib/python3.12/site-packages/airflow/example_dags/example_latest_only_with_trigger.py
[2024-07-31T07:55:44.869+0000] {processor.py:830} INFO - Processing file /home/airflow/.local/lib/python3.12/site-packages/airflow/example_dags/example_latest_only_with_trigger.py for tasks to queue
[2024-07-31T07:55:44.871+0000] {logging_mixin.py:188} INFO - [2024-07-31T07:55:44.871+0000] {dagbag.py:545} INFO - Filling up the DagBag from /home/airflow/.local/lib/python3.12/site-packages/airflow/example_dags/example_latest_only_with_trigger.py
[2024-07-31T07:55:44.876+0000] {processor.py:840} INFO - DAG(s) 'latest_only_with_trigger' retrieved from /home/airflow/.local/lib/python3.12/site-packages/airflow/example_dags/example_latest_only_with_trigger.py
[2024-07-31T07:55:44.893+0000] {logging_mixin.py:188} INFO - [2024-07-31T07:55:44.893+0000] {dag.py:3089} INFO - Sync 1 DAGs
[2024-07-31T07:55:44.914+0000] {logging_mixin.py:188} INFO - [2024-07-31T07:55:44.914+0000] {dag.py:3947} INFO - Setting next_dagrun for latest_only_with_trigger to 2024-07-31 00:00:00+00:00, run_after=2024-07-31 04:00:00+00:00
[2024-07-31T07:55:44.930+0000] {processor.py:183} INFO - Processing /home/airflow/.local/lib/python3.12/site-packages/airflow/example_dags/example_latest_only_with_trigger.py took 0.066 seconds
[2024-07-31T07:56:15.372+0000] {processor.py:161} INFO - Started process (PID=237) to work on /home/airflow/.local/lib/python3.12/site-packages/airflow/example_dags/example_latest_only_with_trigger.py
[2024-07-31T07:56:15.373+0000] {processor.py:830} INFO - Processing file /home/airflow/.local/lib/python3.12/site-packages/airflow/example_dags/example_latest_only_with_trigger.py for tasks to queue
[2024-07-31T07:56:15.375+0000] {logging_mixin.py:188} INFO - [2024-07-31T07:56:15.375+0000] {dagbag.py:545} INFO - Filling up the DagBag from /home/airflow/.local/lib/python3.12/site-packages/airflow/example_dags/example_latest_only_with_trigger.py
[2024-07-31T07:56:15.380+0000] {processor.py:840} INFO - DAG(s) 'latest_only_with_trigger' retrieved from /home/airflow/.local/lib/python3.12/site-packages/airflow/example_dags/example_latest_only_with_trigger.py
[2024-07-31T07:56:15.402+0000] {logging_mixin.py:188} INFO - [2024-07-31T07:56:15.401+0000] {dag.py:3089} INFO - Sync 1 DAGs
[2024-07-31T07:56:15.424+0000] {logging_mixin.py:188} INFO - [2024-07-31T07:56:15.423+0000] {dag.py:3947} INFO - Setting next_dagrun for latest_only_with_trigger to 2024-07-31 00:00:00+00:00, run_after=2024-07-31 04:00:00+00:00
[2024-07-31T07:56:15.442+0000] {processor.py:183} INFO - Processing /home/airflow/.local/lib/python3.12/site-packages/airflow/example_dags/example_latest_only_with_trigger.py took 0.079 seconds
[2024-07-31T07:56:45.677+0000] {processor.py:161} INFO - Started process (PID=295) to work on /home/airflow/.local/lib/python3.12/site-packages/airflow/example_dags/example_latest_only_with_trigger.py
[2024-07-31T07:56:45.677+0000] {processor.py:830} INFO - Processing file /home/airflow/.local/lib/python3.12/site-packages/airflow/example_dags/example_latest_only_with_trigger.py for tasks to queue
[2024-07-31T07:56:45.679+0000] {logging_mixin.py:188} INFO - [2024-07-31T07:56:45.679+0000] {dagbag.py:545} INFO - Filling up the DagBag from /home/airflow/.local/lib/python3.12/site-packages/airflow/example_dags/example_latest_only_with_trigger.py
[2024-07-31T07:56:45.683+0000] {processor.py:840} INFO - DAG(s) 'latest_only_with_trigger' retrieved from /home/airflow/.local/lib/python3.12/site-packages/airflow/example_dags/example_latest_only_with_trigger.py
[2024-07-31T07:56:45.705+0000] {logging_mixin.py:188} INFO - [2024-07-31T07:56:45.705+0000] {dag.py:3089} INFO - Sync 1 DAGs
[2024-07-31T07:56:45.725+0000] {logging_mixin.py:188} INFO - [2024-07-31T07:56:45.724+0000] {dag.py:3947} INFO - Setting next_dagrun for latest_only_with_trigger to 2024-07-31 00:00:00+00:00, run_after=2024-07-31 04:00:00+00:00
[2024-07-31T07:56:45.741+0000] {processor.py:183} INFO - Processing /home/airflow/.local/lib/python3.12/site-packages/airflow/example_dags/example_latest_only_with_trigger.py took 0.070 seconds
[2024-07-31T07:57:16.840+0000] {processor.py:161} INFO - Started process (PID=359) to work on /home/airflow/.local/lib/python3.12/site-packages/airflow/example_dags/example_latest_only_with_trigger.py
[2024-07-31T07:57:16.841+0000] {processor.py:830} INFO - Processing file /home/airflow/.local/lib/python3.12/site-packages/airflow/example_dags/example_latest_only_with_trigger.py for tasks to queue
[2024-07-31T07:57:16.843+0000] {logging_mixin.py:188} INFO - [2024-07-31T07:57:16.842+0000] {dagbag.py:545} INFO - Filling up the DagBag from /home/airflow/.local/lib/python3.12/site-packages/airflow/example_dags/example_latest_only_with_trigger.py
[2024-07-31T07:57:16.847+0000] {processor.py:840} INFO - DAG(s) 'latest_only_with_trigger' retrieved from /home/airflow/.local/lib/python3.12/site-packages/airflow/example_dags/example_latest_only_with_trigger.py
[2024-07-31T07:57:16.865+0000] {logging_mixin.py:188} INFO - [2024-07-31T07:57:16.865+0000] {dag.py:3089} INFO - Sync 1 DAGs
[2024-07-31T07:57:16.886+0000] {logging_mixin.py:188} INFO - [2024-07-31T07:57:16.885+0000] {dag.py:3947} INFO - Setting next_dagrun for latest_only_with_trigger to 2024-07-31 00:00:00+00:00, run_after=2024-07-31 04:00:00+00:00
[2024-07-31T07:57:16.903+0000] {processor.py:183} INFO - Processing /home/airflow/.local/lib/python3.12/site-packages/airflow/example_dags/example_latest_only_with_trigger.py took 0.072 seconds
[2024-07-31T07:57:47.266+0000] {processor.py:161} INFO - Started process (PID=417) to work on /home/airflow/.local/lib/python3.12/site-packages/airflow/example_dags/example_latest_only_with_trigger.py
[2024-07-31T07:57:47.267+0000] {processor.py:830} INFO - Processing file /home/airflow/.local/lib/python3.12/site-packages/airflow/example_dags/example_latest_only_with_trigger.py for tasks to queue
[2024-07-31T07:57:47.269+0000] {logging_mixin.py:188} INFO - [2024-07-31T07:57:47.268+0000] {dagbag.py:545} INFO - Filling up the DagBag from /home/airflow/.local/lib/python3.12/site-packages/airflow/example_dags/example_latest_only_with_trigger.py
[2024-07-31T07:57:47.273+0000] {processor.py:840} INFO - DAG(s) 'latest_only_with_trigger' retrieved from /home/airflow/.local/lib/python3.12/site-packages/airflow/example_dags/example_latest_only_with_trigger.py
[2024-07-31T07:57:47.291+0000] {logging_mixin.py:188} INFO - [2024-07-31T07:57:47.291+0000] {dag.py:3089} INFO - Sync 1 DAGs
[2024-07-31T07:57:47.311+0000] {logging_mixin.py:188} INFO - [2024-07-31T07:57:47.311+0000] {dag.py:3947} INFO - Setting next_dagrun for latest_only_with_trigger to 2024-07-31 00:00:00+00:00, run_after=2024-07-31 04:00:00+00:00
[2024-07-31T07:57:47.327+0000] {processor.py:183} INFO - Processing /home/airflow/.local/lib/python3.12/site-packages/airflow/example_dags/example_latest_only_with_trigger.py took 0.069 seconds
[2024-07-31T07:58:49.214+0000] {processor.py:161} INFO - Started process (PID=70) to work on /home/airflow/.local/lib/python3.12/site-packages/airflow/example_dags/example_latest_only_with_trigger.py
[2024-07-31T07:58:49.215+0000] {processor.py:830} INFO - Processing file /home/airflow/.local/lib/python3.12/site-packages/airflow/example_dags/example_latest_only_with_trigger.py for tasks to queue
[2024-07-31T07:58:49.217+0000] {logging_mixin.py:188} INFO - [2024-07-31T07:58:49.217+0000] {dagbag.py:545} INFO - Filling up the DagBag from /home/airflow/.local/lib/python3.12/site-packages/airflow/example_dags/example_latest_only_with_trigger.py
[2024-07-31T07:58:49.228+0000] {processor.py:840} INFO - DAG(s) 'latest_only_with_trigger' retrieved from /home/airflow/.local/lib/python3.12/site-packages/airflow/example_dags/example_latest_only_with_trigger.py
[2024-07-31T07:58:49.241+0000] {logging_mixin.py:188} INFO - [2024-07-31T07:58:49.240+0000] {dag.py:3089} INFO - Sync 1 DAGs
[2024-07-31T07:58:49.263+0000] {logging_mixin.py:188} INFO - [2024-07-31T07:58:49.262+0000] {dag.py:3947} INFO - Setting next_dagrun for latest_only_with_trigger to 2024-07-31 00:00:00+00:00, run_after=2024-07-31 04:00:00+00:00
[2024-07-31T07:58:49.282+0000] {processor.py:183} INFO - Processing /home/airflow/.local/lib/python3.12/site-packages/airflow/example_dags/example_latest_only_with_trigger.py took 0.074 seconds
[2024-07-31T07:59:20.552+0000] {processor.py:161} INFO - Started process (PID=134) to work on /home/airflow/.local/lib/python3.12/site-packages/airflow/example_dags/example_latest_only_with_trigger.py
[2024-07-31T07:59:20.553+0000] {processor.py:830} INFO - Processing file /home/airflow/.local/lib/python3.12/site-packages/airflow/example_dags/example_latest_only_with_trigger.py for tasks to queue
[2024-07-31T07:59:20.555+0000] {logging_mixin.py:188} INFO - [2024-07-31T07:59:20.555+0000] {dagbag.py:545} INFO - Filling up the DagBag from /home/airflow/.local/lib/python3.12/site-packages/airflow/example_dags/example_latest_only_with_trigger.py
[2024-07-31T07:59:20.560+0000] {processor.py:840} INFO - DAG(s) 'latest_only_with_trigger' retrieved from /home/airflow/.local/lib/python3.12/site-packages/airflow/example_dags/example_latest_only_with_trigger.py
[2024-07-31T07:59:20.677+0000] {logging_mixin.py:188} INFO - [2024-07-31T07:59:20.677+0000] {dag.py:3089} INFO - Sync 1 DAGs
[2024-07-31T07:59:20.697+0000] {logging_mixin.py:188} INFO - [2024-07-31T07:59:20.697+0000] {dag.py:3947} INFO - Setting next_dagrun for latest_only_with_trigger to 2024-07-31 00:00:00+00:00, run_after=2024-07-31 04:00:00+00:00
[2024-07-31T07:59:20.719+0000] {processor.py:183} INFO - Processing /home/airflow/.local/lib/python3.12/site-packages/airflow/example_dags/example_latest_only_with_trigger.py took 0.172 seconds
[2024-07-31T07:59:50.997+0000] {processor.py:161} INFO - Started process (PID=192) to work on /home/airflow/.local/lib/python3.12/site-packages/airflow/example_dags/example_latest_only_with_trigger.py
[2024-07-31T07:59:50.998+0000] {processor.py:830} INFO - Processing file /home/airflow/.local/lib/python3.12/site-packages/airflow/example_dags/example_latest_only_with_trigger.py for tasks to queue
[2024-07-31T07:59:50.999+0000] {logging_mixin.py:188} INFO - [2024-07-31T07:59:50.999+0000] {dagbag.py:545} INFO - Filling up the DagBag from /home/airflow/.local/lib/python3.12/site-packages/airflow/example_dags/example_latest_only_with_trigger.py
[2024-07-31T07:59:51.004+0000] {processor.py:840} INFO - DAG(s) 'latest_only_with_trigger' retrieved from /home/airflow/.local/lib/python3.12/site-packages/airflow/example_dags/example_latest_only_with_trigger.py
[2024-07-31T07:59:51.029+0000] {logging_mixin.py:188} INFO - [2024-07-31T07:59:51.029+0000] {dag.py:3089} INFO - Sync 1 DAGs
[2024-07-31T07:59:51.053+0000] {logging_mixin.py:188} INFO - [2024-07-31T07:59:51.053+0000] {dag.py:3947} INFO - Setting next_dagrun for latest_only_with_trigger to 2024-07-31 00:00:00+00:00, run_after=2024-07-31 04:00:00+00:00
[2024-07-31T07:59:51.070+0000] {processor.py:183} INFO - Processing /home/airflow/.local/lib/python3.12/site-packages/airflow/example_dags/example_latest_only_with_trigger.py took 0.085 seconds
[2024-07-31T08:00:21.257+0000] {processor.py:161} INFO - Started process (PID=250) to work on /home/airflow/.local/lib/python3.12/site-packages/airflow/example_dags/example_latest_only_with_trigger.py
[2024-07-31T08:00:21.258+0000] {processor.py:830} INFO - Processing file /home/airflow/.local/lib/python3.12/site-packages/airflow/example_dags/example_latest_only_with_trigger.py for tasks to queue
[2024-07-31T08:00:21.260+0000] {logging_mixin.py:188} INFO - [2024-07-31T08:00:21.259+0000] {dagbag.py:545} INFO - Filling up the DagBag from /home/airflow/.local/lib/python3.12/site-packages/airflow/example_dags/example_latest_only_with_trigger.py
[2024-07-31T08:00:21.264+0000] {processor.py:840} INFO - DAG(s) 'latest_only_with_trigger' retrieved from /home/airflow/.local/lib/python3.12/site-packages/airflow/example_dags/example_latest_only_with_trigger.py
[2024-07-31T08:00:21.286+0000] {logging_mixin.py:188} INFO - [2024-07-31T08:00:21.286+0000] {dag.py:3089} INFO - Sync 1 DAGs
[2024-07-31T08:00:21.305+0000] {logging_mixin.py:188} INFO - [2024-07-31T08:00:21.305+0000] {dag.py:3947} INFO - Setting next_dagrun for latest_only_with_trigger to 2024-07-31 04:00:00+00:00, run_after=2024-07-31 08:00:00+00:00
[2024-07-31T08:00:21.323+0000] {processor.py:183} INFO - Processing /home/airflow/.local/lib/python3.12/site-packages/airflow/example_dags/example_latest_only_with_trigger.py took 0.076 seconds
[2024-07-31T08:00:51.757+0000] {processor.py:161} INFO - Started process (PID=308) to work on /home/airflow/.local/lib/python3.12/site-packages/airflow/example_dags/example_latest_only_with_trigger.py
[2024-07-31T08:00:51.758+0000] {processor.py:830} INFO - Processing file /home/airflow/.local/lib/python3.12/site-packages/airflow/example_dags/example_latest_only_with_trigger.py for tasks to queue
[2024-07-31T08:00:51.759+0000] {logging_mixin.py:188} INFO - [2024-07-31T08:00:51.759+0000] {dagbag.py:545} INFO - Filling up the DagBag from /home/airflow/.local/lib/python3.12/site-packages/airflow/example_dags/example_latest_only_with_trigger.py
[2024-07-31T08:00:51.763+0000] {processor.py:840} INFO - DAG(s) 'latest_only_with_trigger' retrieved from /home/airflow/.local/lib/python3.12/site-packages/airflow/example_dags/example_latest_only_with_trigger.py
[2024-07-31T08:00:51.784+0000] {logging_mixin.py:188} INFO - [2024-07-31T08:00:51.784+0000] {dag.py:3089} INFO - Sync 1 DAGs
[2024-07-31T08:00:51.805+0000] {logging_mixin.py:188} INFO - [2024-07-31T08:00:51.804+0000] {dag.py:3947} INFO - Setting next_dagrun for latest_only_with_trigger to 2024-07-31 04:00:00+00:00, run_after=2024-07-31 08:00:00+00:00
[2024-07-31T08:00:51.821+0000] {processor.py:183} INFO - Processing /home/airflow/.local/lib/python3.12/site-packages/airflow/example_dags/example_latest_only_with_trigger.py took 0.069 seconds
[2024-07-31T08:01:21.992+0000] {processor.py:161} INFO - Started process (PID=366) to work on /home/airflow/.local/lib/python3.12/site-packages/airflow/example_dags/example_latest_only_with_trigger.py
[2024-07-31T08:01:21.993+0000] {processor.py:830} INFO - Processing file /home/airflow/.local/lib/python3.12/site-packages/airflow/example_dags/example_latest_only_with_trigger.py for tasks to queue
[2024-07-31T08:01:21.994+0000] {logging_mixin.py:188} INFO - [2024-07-31T08:01:21.994+0000] {dagbag.py:545} INFO - Filling up the DagBag from /home/airflow/.local/lib/python3.12/site-packages/airflow/example_dags/example_latest_only_with_trigger.py
[2024-07-31T08:01:21.998+0000] {processor.py:840} INFO - DAG(s) 'latest_only_with_trigger' retrieved from /home/airflow/.local/lib/python3.12/site-packages/airflow/example_dags/example_latest_only_with_trigger.py
[2024-07-31T08:01:22.017+0000] {logging_mixin.py:188} INFO - [2024-07-31T08:01:22.017+0000] {dag.py:3089} INFO - Sync 1 DAGs
[2024-07-31T08:01:22.042+0000] {logging_mixin.py:188} INFO - [2024-07-31T08:01:22.041+0000] {dag.py:3947} INFO - Setting next_dagrun for latest_only_with_trigger to 2024-07-31 04:00:00+00:00, run_after=2024-07-31 08:00:00+00:00
[2024-07-31T08:01:22.065+0000] {processor.py:183} INFO - Processing /home/airflow/.local/lib/python3.12/site-packages/airflow/example_dags/example_latest_only_with_trigger.py took 0.078 seconds
[2024-07-31T08:01:52.231+0000] {processor.py:161} INFO - Started process (PID=424) to work on /home/airflow/.local/lib/python3.12/site-packages/airflow/example_dags/example_latest_only_with_trigger.py
[2024-07-31T08:01:52.232+0000] {processor.py:830} INFO - Processing file /home/airflow/.local/lib/python3.12/site-packages/airflow/example_dags/example_latest_only_with_trigger.py for tasks to queue
[2024-07-31T08:01:52.234+0000] {logging_mixin.py:188} INFO - [2024-07-31T08:01:52.234+0000] {dagbag.py:545} INFO - Filling up the DagBag from /home/airflow/.local/lib/python3.12/site-packages/airflow/example_dags/example_latest_only_with_trigger.py
[2024-07-31T08:01:52.238+0000] {processor.py:840} INFO - DAG(s) 'latest_only_with_trigger' retrieved from /home/airflow/.local/lib/python3.12/site-packages/airflow/example_dags/example_latest_only_with_trigger.py
[2024-07-31T08:01:52.257+0000] {logging_mixin.py:188} INFO - [2024-07-31T08:01:52.257+0000] {dag.py:3089} INFO - Sync 1 DAGs
[2024-07-31T08:01:52.277+0000] {logging_mixin.py:188} INFO - [2024-07-31T08:01:52.277+0000] {dag.py:3947} INFO - Setting next_dagrun for latest_only_with_trigger to 2024-07-31 04:00:00+00:00, run_after=2024-07-31 08:00:00+00:00
[2024-07-31T08:01:52.293+0000] {processor.py:183} INFO - Processing /home/airflow/.local/lib/python3.12/site-packages/airflow/example_dags/example_latest_only_with_trigger.py took 0.067 seconds
[2024-07-31T08:02:22.553+0000] {processor.py:161} INFO - Started process (PID=482) to work on /home/airflow/.local/lib/python3.12/site-packages/airflow/example_dags/example_latest_only_with_trigger.py
[2024-07-31T08:02:22.554+0000] {processor.py:830} INFO - Processing file /home/airflow/.local/lib/python3.12/site-packages/airflow/example_dags/example_latest_only_with_trigger.py for tasks to queue
[2024-07-31T08:02:22.556+0000] {logging_mixin.py:188} INFO - [2024-07-31T08:02:22.556+0000] {dagbag.py:545} INFO - Filling up the DagBag from /home/airflow/.local/lib/python3.12/site-packages/airflow/example_dags/example_latest_only_with_trigger.py
[2024-07-31T08:02:22.560+0000] {processor.py:840} INFO - DAG(s) 'latest_only_with_trigger' retrieved from /home/airflow/.local/lib/python3.12/site-packages/airflow/example_dags/example_latest_only_with_trigger.py
[2024-07-31T08:02:22.582+0000] {logging_mixin.py:188} INFO - [2024-07-31T08:02:22.581+0000] {dag.py:3089} INFO - Sync 1 DAGs
[2024-07-31T08:02:22.604+0000] {logging_mixin.py:188} INFO - [2024-07-31T08:02:22.604+0000] {dag.py:3947} INFO - Setting next_dagrun for latest_only_with_trigger to 2024-07-31 04:00:00+00:00, run_after=2024-07-31 08:00:00+00:00
[2024-07-31T08:02:22.621+0000] {processor.py:183} INFO - Processing /home/airflow/.local/lib/python3.12/site-packages/airflow/example_dags/example_latest_only_with_trigger.py took 0.072 seconds
[2024-07-31T08:02:52.797+0000] {processor.py:161} INFO - Started process (PID=540) to work on /home/airflow/.local/lib/python3.12/site-packages/airflow/example_dags/example_latest_only_with_trigger.py
[2024-07-31T08:02:52.798+0000] {processor.py:830} INFO - Processing file /home/airflow/.local/lib/python3.12/site-packages/airflow/example_dags/example_latest_only_with_trigger.py for tasks to queue
[2024-07-31T08:02:52.799+0000] {logging_mixin.py:188} INFO - [2024-07-31T08:02:52.799+0000] {dagbag.py:545} INFO - Filling up the DagBag from /home/airflow/.local/lib/python3.12/site-packages/airflow/example_dags/example_latest_only_with_trigger.py
[2024-07-31T08:02:52.805+0000] {processor.py:840} INFO - DAG(s) 'latest_only_with_trigger' retrieved from /home/airflow/.local/lib/python3.12/site-packages/airflow/example_dags/example_latest_only_with_trigger.py
[2024-07-31T08:02:52.829+0000] {logging_mixin.py:188} INFO - [2024-07-31T08:02:52.829+0000] {dag.py:3089} INFO - Sync 1 DAGs
[2024-07-31T08:02:52.854+0000] {logging_mixin.py:188} INFO - [2024-07-31T08:02:52.853+0000] {dag.py:3947} INFO - Setting next_dagrun for latest_only_with_trigger to 2024-07-31 04:00:00+00:00, run_after=2024-07-31 08:00:00+00:00
[2024-07-31T08:02:52.877+0000] {processor.py:183} INFO - Processing /home/airflow/.local/lib/python3.12/site-packages/airflow/example_dags/example_latest_only_with_trigger.py took 0.087 seconds
[2024-07-31T08:03:23.094+0000] {processor.py:161} INFO - Started process (PID=598) to work on /home/airflow/.local/lib/python3.12/site-packages/airflow/example_dags/example_latest_only_with_trigger.py
[2024-07-31T08:03:23.094+0000] {processor.py:830} INFO - Processing file /home/airflow/.local/lib/python3.12/site-packages/airflow/example_dags/example_latest_only_with_trigger.py for tasks to queue
[2024-07-31T08:03:23.096+0000] {logging_mixin.py:188} INFO - [2024-07-31T08:03:23.096+0000] {dagbag.py:545} INFO - Filling up the DagBag from /home/airflow/.local/lib/python3.12/site-packages/airflow/example_dags/example_latest_only_with_trigger.py
[2024-07-31T08:03:23.101+0000] {processor.py:840} INFO - DAG(s) 'latest_only_with_trigger' retrieved from /home/airflow/.local/lib/python3.12/site-packages/airflow/example_dags/example_latest_only_with_trigger.py
[2024-07-31T08:03:23.121+0000] {logging_mixin.py:188} INFO - [2024-07-31T08:03:23.121+0000] {dag.py:3089} INFO - Sync 1 DAGs
[2024-07-31T08:03:23.144+0000] {logging_mixin.py:188} INFO - [2024-07-31T08:03:23.144+0000] {dag.py:3947} INFO - Setting next_dagrun for latest_only_with_trigger to 2024-07-31 04:00:00+00:00, run_after=2024-07-31 08:00:00+00:00
[2024-07-31T08:03:23.162+0000] {processor.py:183} INFO - Processing /home/airflow/.local/lib/python3.12/site-packages/airflow/example_dags/example_latest_only_with_trigger.py took 0.074 seconds
[2024-07-31T08:03:53.317+0000] {processor.py:161} INFO - Started process (PID=656) to work on /home/airflow/.local/lib/python3.12/site-packages/airflow/example_dags/example_latest_only_with_trigger.py
[2024-07-31T08:03:53.318+0000] {processor.py:830} INFO - Processing file /home/airflow/.local/lib/python3.12/site-packages/airflow/example_dags/example_latest_only_with_trigger.py for tasks to queue
[2024-07-31T08:03:53.320+0000] {logging_mixin.py:188} INFO - [2024-07-31T08:03:53.319+0000] {dagbag.py:545} INFO - Filling up the DagBag from /home/airflow/.local/lib/python3.12/site-packages/airflow/example_dags/example_latest_only_with_trigger.py
[2024-07-31T08:03:53.324+0000] {processor.py:840} INFO - DAG(s) 'latest_only_with_trigger' retrieved from /home/airflow/.local/lib/python3.12/site-packages/airflow/example_dags/example_latest_only_with_trigger.py
[2024-07-31T08:03:53.344+0000] {logging_mixin.py:188} INFO - [2024-07-31T08:03:53.343+0000] {dag.py:3089} INFO - Sync 1 DAGs
[2024-07-31T08:03:53.365+0000] {logging_mixin.py:188} INFO - [2024-07-31T08:03:53.365+0000] {dag.py:3947} INFO - Setting next_dagrun for latest_only_with_trigger to 2024-07-31 04:00:00+00:00, run_after=2024-07-31 08:00:00+00:00
[2024-07-31T08:03:53.383+0000] {processor.py:183} INFO - Processing /home/airflow/.local/lib/python3.12/site-packages/airflow/example_dags/example_latest_only_with_trigger.py took 0.072 seconds
[2024-07-31T08:04:23.922+0000] {processor.py:161} INFO - Started process (PID=714) to work on /home/airflow/.local/lib/python3.12/site-packages/airflow/example_dags/example_latest_only_with_trigger.py
[2024-07-31T08:04:23.923+0000] {processor.py:830} INFO - Processing file /home/airflow/.local/lib/python3.12/site-packages/airflow/example_dags/example_latest_only_with_trigger.py for tasks to queue
[2024-07-31T08:04:23.926+0000] {logging_mixin.py:188} INFO - [2024-07-31T08:04:23.926+0000] {dagbag.py:545} INFO - Filling up the DagBag from /home/airflow/.local/lib/python3.12/site-packages/airflow/example_dags/example_latest_only_with_trigger.py
[2024-07-31T08:04:23.931+0000] {processor.py:840} INFO - DAG(s) 'latest_only_with_trigger' retrieved from /home/airflow/.local/lib/python3.12/site-packages/airflow/example_dags/example_latest_only_with_trigger.py
[2024-07-31T08:04:23.955+0000] {logging_mixin.py:188} INFO - [2024-07-31T08:04:23.954+0000] {dag.py:3089} INFO - Sync 1 DAGs
[2024-07-31T08:04:23.980+0000] {logging_mixin.py:188} INFO - [2024-07-31T08:04:23.979+0000] {dag.py:3947} INFO - Setting next_dagrun for latest_only_with_trigger to 2024-07-31 04:00:00+00:00, run_after=2024-07-31 08:00:00+00:00
[2024-07-31T08:04:23.999+0000] {processor.py:183} INFO - Processing /home/airflow/.local/lib/python3.12/site-packages/airflow/example_dags/example_latest_only_with_trigger.py took 0.087 seconds
[2024-07-31T08:04:54.131+0000] {processor.py:161} INFO - Started process (PID=772) to work on /home/airflow/.local/lib/python3.12/site-packages/airflow/example_dags/example_latest_only_with_trigger.py
[2024-07-31T08:04:54.133+0000] {processor.py:830} INFO - Processing file /home/airflow/.local/lib/python3.12/site-packages/airflow/example_dags/example_latest_only_with_trigger.py for tasks to queue
[2024-07-31T08:04:54.134+0000] {logging_mixin.py:188} INFO - [2024-07-31T08:04:54.134+0000] {dagbag.py:545} INFO - Filling up the DagBag from /home/airflow/.local/lib/python3.12/site-packages/airflow/example_dags/example_latest_only_with_trigger.py
[2024-07-31T08:04:54.139+0000] {processor.py:840} INFO - DAG(s) 'latest_only_with_trigger' retrieved from /home/airflow/.local/lib/python3.12/site-packages/airflow/example_dags/example_latest_only_with_trigger.py
[2024-07-31T08:04:54.159+0000] {logging_mixin.py:188} INFO - [2024-07-31T08:04:54.159+0000] {dag.py:3089} INFO - Sync 1 DAGs
[2024-07-31T08:04:54.179+0000] {logging_mixin.py:188} INFO - [2024-07-31T08:04:54.178+0000] {dag.py:3947} INFO - Setting next_dagrun for latest_only_with_trigger to 2024-07-31 04:00:00+00:00, run_after=2024-07-31 08:00:00+00:00
[2024-07-31T08:04:54.194+0000] {processor.py:183} INFO - Processing /home/airflow/.local/lib/python3.12/site-packages/airflow/example_dags/example_latest_only_with_trigger.py took 0.074 seconds
[2024-07-31T08:05:24.330+0000] {processor.py:161} INFO - Started process (PID=830) to work on /home/airflow/.local/lib/python3.12/site-packages/airflow/example_dags/example_latest_only_with_trigger.py
[2024-07-31T08:05:24.330+0000] {processor.py:830} INFO - Processing file /home/airflow/.local/lib/python3.12/site-packages/airflow/example_dags/example_latest_only_with_trigger.py for tasks to queue
[2024-07-31T08:05:24.332+0000] {logging_mixin.py:188} INFO - [2024-07-31T08:05:24.331+0000] {dagbag.py:545} INFO - Filling up the DagBag from /home/airflow/.local/lib/python3.12/site-packages/airflow/example_dags/example_latest_only_with_trigger.py
[2024-07-31T08:05:24.336+0000] {processor.py:840} INFO - DAG(s) 'latest_only_with_trigger' retrieved from /home/airflow/.local/lib/python3.12/site-packages/airflow/example_dags/example_latest_only_with_trigger.py
[2024-07-31T08:05:24.354+0000] {logging_mixin.py:188} INFO - [2024-07-31T08:05:24.354+0000] {dag.py:3089} INFO - Sync 1 DAGs
[2024-07-31T08:05:24.375+0000] {logging_mixin.py:188} INFO - [2024-07-31T08:05:24.375+0000] {dag.py:3947} INFO - Setting next_dagrun for latest_only_with_trigger to 2024-07-31 04:00:00+00:00, run_after=2024-07-31 08:00:00+00:00
[2024-07-31T08:05:24.393+0000] {processor.py:183} INFO - Processing /home/airflow/.local/lib/python3.12/site-packages/airflow/example_dags/example_latest_only_with_trigger.py took 0.074 seconds
[2024-07-31T08:05:54.534+0000] {processor.py:161} INFO - Started process (PID=887) to work on /home/airflow/.local/lib/python3.12/site-packages/airflow/example_dags/example_latest_only_with_trigger.py
[2024-07-31T08:05:54.535+0000] {processor.py:830} INFO - Processing file /home/airflow/.local/lib/python3.12/site-packages/airflow/example_dags/example_latest_only_with_trigger.py for tasks to queue
[2024-07-31T08:05:54.536+0000] {logging_mixin.py:188} INFO - [2024-07-31T08:05:54.536+0000] {dagbag.py:545} INFO - Filling up the DagBag from /home/airflow/.local/lib/python3.12/site-packages/airflow/example_dags/example_latest_only_with_trigger.py
[2024-07-31T08:05:54.541+0000] {processor.py:840} INFO - DAG(s) 'latest_only_with_trigger' retrieved from /home/airflow/.local/lib/python3.12/site-packages/airflow/example_dags/example_latest_only_with_trigger.py
[2024-07-31T08:05:54.562+0000] {logging_mixin.py:188} INFO - [2024-07-31T08:05:54.561+0000] {dag.py:3089} INFO - Sync 1 DAGs
[2024-07-31T08:05:54.582+0000] {logging_mixin.py:188} INFO - [2024-07-31T08:05:54.582+0000] {dag.py:3947} INFO - Setting next_dagrun for latest_only_with_trigger to 2024-07-31 04:00:00+00:00, run_after=2024-07-31 08:00:00+00:00
[2024-07-31T08:05:54.602+0000] {processor.py:183} INFO - Processing /home/airflow/.local/lib/python3.12/site-packages/airflow/example_dags/example_latest_only_with_trigger.py took 0.073 seconds
[2024-07-31T08:06:24.798+0000] {processor.py:161} INFO - Started process (PID=945) to work on /home/airflow/.local/lib/python3.12/site-packages/airflow/example_dags/example_latest_only_with_trigger.py
[2024-07-31T08:06:24.799+0000] {processor.py:830} INFO - Processing file /home/airflow/.local/lib/python3.12/site-packages/airflow/example_dags/example_latest_only_with_trigger.py for tasks to queue
[2024-07-31T08:06:24.801+0000] {logging_mixin.py:188} INFO - [2024-07-31T08:06:24.800+0000] {dagbag.py:545} INFO - Filling up the DagBag from /home/airflow/.local/lib/python3.12/site-packages/airflow/example_dags/example_latest_only_with_trigger.py
[2024-07-31T08:06:24.806+0000] {processor.py:840} INFO - DAG(s) 'latest_only_with_trigger' retrieved from /home/airflow/.local/lib/python3.12/site-packages/airflow/example_dags/example_latest_only_with_trigger.py
[2024-07-31T08:06:24.828+0000] {logging_mixin.py:188} INFO - [2024-07-31T08:06:24.828+0000] {dag.py:3089} INFO - Sync 1 DAGs
[2024-07-31T08:06:24.850+0000] {logging_mixin.py:188} INFO - [2024-07-31T08:06:24.850+0000] {dag.py:3947} INFO - Setting next_dagrun for latest_only_with_trigger to 2024-07-31 04:00:00+00:00, run_after=2024-07-31 08:00:00+00:00
[2024-07-31T08:06:24.872+0000] {processor.py:183} INFO - Processing /home/airflow/.local/lib/python3.12/site-packages/airflow/example_dags/example_latest_only_with_trigger.py took 0.080 seconds
[2024-07-31T08:06:55.220+0000] {processor.py:161} INFO - Started process (PID=1003) to work on /home/airflow/.local/lib/python3.12/site-packages/airflow/example_dags/example_latest_only_with_trigger.py
[2024-07-31T08:06:55.221+0000] {processor.py:830} INFO - Processing file /home/airflow/.local/lib/python3.12/site-packages/airflow/example_dags/example_latest_only_with_trigger.py for tasks to queue
[2024-07-31T08:06:55.223+0000] {logging_mixin.py:188} INFO - [2024-07-31T08:06:55.223+0000] {dagbag.py:545} INFO - Filling up the DagBag from /home/airflow/.local/lib/python3.12/site-packages/airflow/example_dags/example_latest_only_with_trigger.py
[2024-07-31T08:06:55.227+0000] {processor.py:840} INFO - DAG(s) 'latest_only_with_trigger' retrieved from /home/airflow/.local/lib/python3.12/site-packages/airflow/example_dags/example_latest_only_with_trigger.py
[2024-07-31T08:06:55.248+0000] {logging_mixin.py:188} INFO - [2024-07-31T08:06:55.248+0000] {dag.py:3089} INFO - Sync 1 DAGs
[2024-07-31T08:06:55.271+0000] {logging_mixin.py:188} INFO - [2024-07-31T08:06:55.270+0000] {dag.py:3947} INFO - Setting next_dagrun for latest_only_with_trigger to 2024-07-31 04:00:00+00:00, run_after=2024-07-31 08:00:00+00:00
[2024-07-31T08:06:55.287+0000] {processor.py:183} INFO - Processing /home/airflow/.local/lib/python3.12/site-packages/airflow/example_dags/example_latest_only_with_trigger.py took 0.078 seconds
[2024-07-31T08:07:25.526+0000] {processor.py:161} INFO - Started process (PID=1061) to work on /home/airflow/.local/lib/python3.12/site-packages/airflow/example_dags/example_latest_only_with_trigger.py
[2024-07-31T08:07:25.527+0000] {processor.py:830} INFO - Processing file /home/airflow/.local/lib/python3.12/site-packages/airflow/example_dags/example_latest_only_with_trigger.py for tasks to queue
[2024-07-31T08:07:25.529+0000] {logging_mixin.py:188} INFO - [2024-07-31T08:07:25.529+0000] {dagbag.py:545} INFO - Filling up the DagBag from /home/airflow/.local/lib/python3.12/site-packages/airflow/example_dags/example_latest_only_with_trigger.py
[2024-07-31T08:07:25.534+0000] {processor.py:840} INFO - DAG(s) 'latest_only_with_trigger' retrieved from /home/airflow/.local/lib/python3.12/site-packages/airflow/example_dags/example_latest_only_with_trigger.py
[2024-07-31T08:07:25.555+0000] {logging_mixin.py:188} INFO - [2024-07-31T08:07:25.555+0000] {dag.py:3089} INFO - Sync 1 DAGs
[2024-07-31T08:07:25.575+0000] {logging_mixin.py:188} INFO - [2024-07-31T08:07:25.575+0000] {dag.py:3947} INFO - Setting next_dagrun for latest_only_with_trigger to 2024-07-31 04:00:00+00:00, run_after=2024-07-31 08:00:00+00:00
[2024-07-31T08:07:25.592+0000] {processor.py:183} INFO - Processing /home/airflow/.local/lib/python3.12/site-packages/airflow/example_dags/example_latest_only_with_trigger.py took 0.071 seconds
[2024-07-31T08:07:55.932+0000] {processor.py:161} INFO - Started process (PID=1119) to work on /home/airflow/.local/lib/python3.12/site-packages/airflow/example_dags/example_latest_only_with_trigger.py
[2024-07-31T08:07:55.934+0000] {processor.py:830} INFO - Processing file /home/airflow/.local/lib/python3.12/site-packages/airflow/example_dags/example_latest_only_with_trigger.py for tasks to queue
[2024-07-31T08:07:55.935+0000] {logging_mixin.py:188} INFO - [2024-07-31T08:07:55.935+0000] {dagbag.py:545} INFO - Filling up the DagBag from /home/airflow/.local/lib/python3.12/site-packages/airflow/example_dags/example_latest_only_with_trigger.py
[2024-07-31T08:07:55.940+0000] {processor.py:840} INFO - DAG(s) 'latest_only_with_trigger' retrieved from /home/airflow/.local/lib/python3.12/site-packages/airflow/example_dags/example_latest_only_with_trigger.py
[2024-07-31T08:07:55.957+0000] {logging_mixin.py:188} INFO - [2024-07-31T08:07:55.957+0000] {dag.py:3089} INFO - Sync 1 DAGs
[2024-07-31T08:07:55.978+0000] {logging_mixin.py:188} INFO - [2024-07-31T08:07:55.977+0000] {dag.py:3947} INFO - Setting next_dagrun for latest_only_with_trigger to 2024-07-31 04:00:00+00:00, run_after=2024-07-31 08:00:00+00:00
[2024-07-31T08:07:55.995+0000] {processor.py:183} INFO - Processing /home/airflow/.local/lib/python3.12/site-packages/airflow/example_dags/example_latest_only_with_trigger.py took 0.073 seconds
[2024-07-31T08:08:26.431+0000] {processor.py:161} INFO - Started process (PID=1178) to work on /home/airflow/.local/lib/python3.12/site-packages/airflow/example_dags/example_latest_only_with_trigger.py
[2024-07-31T08:08:26.431+0000] {processor.py:830} INFO - Processing file /home/airflow/.local/lib/python3.12/site-packages/airflow/example_dags/example_latest_only_with_trigger.py for tasks to queue
[2024-07-31T08:08:26.433+0000] {logging_mixin.py:188} INFO - [2024-07-31T08:08:26.433+0000] {dagbag.py:545} INFO - Filling up the DagBag from /home/airflow/.local/lib/python3.12/site-packages/airflow/example_dags/example_latest_only_with_trigger.py
[2024-07-31T08:08:26.437+0000] {processor.py:840} INFO - DAG(s) 'latest_only_with_trigger' retrieved from /home/airflow/.local/lib/python3.12/site-packages/airflow/example_dags/example_latest_only_with_trigger.py
[2024-07-31T08:08:26.458+0000] {logging_mixin.py:188} INFO - [2024-07-31T08:08:26.458+0000] {dag.py:3089} INFO - Sync 1 DAGs
[2024-07-31T08:08:26.478+0000] {logging_mixin.py:188} INFO - [2024-07-31T08:08:26.478+0000] {dag.py:3947} INFO - Setting next_dagrun for latest_only_with_trigger to 2024-07-31 04:00:00+00:00, run_after=2024-07-31 08:00:00+00:00
[2024-07-31T08:08:26.493+0000] {processor.py:183} INFO - Processing /home/airflow/.local/lib/python3.12/site-packages/airflow/example_dags/example_latest_only_with_trigger.py took 0.073 seconds
[2024-07-31T08:08:56.603+0000] {processor.py:161} INFO - Started process (PID=1236) to work on /home/airflow/.local/lib/python3.12/site-packages/airflow/example_dags/example_latest_only_with_trigger.py
[2024-07-31T08:08:56.604+0000] {processor.py:830} INFO - Processing file /home/airflow/.local/lib/python3.12/site-packages/airflow/example_dags/example_latest_only_with_trigger.py for tasks to queue
[2024-07-31T08:08:56.606+0000] {logging_mixin.py:188} INFO - [2024-07-31T08:08:56.606+0000] {dagbag.py:545} INFO - Filling up the DagBag from /home/airflow/.local/lib/python3.12/site-packages/airflow/example_dags/example_latest_only_with_trigger.py
[2024-07-31T08:08:56.611+0000] {processor.py:840} INFO - DAG(s) 'latest_only_with_trigger' retrieved from /home/airflow/.local/lib/python3.12/site-packages/airflow/example_dags/example_latest_only_with_trigger.py
[2024-07-31T08:08:56.632+0000] {logging_mixin.py:188} INFO - [2024-07-31T08:08:56.631+0000] {dag.py:3089} INFO - Sync 1 DAGs
[2024-07-31T08:08:56.652+0000] {logging_mixin.py:188} INFO - [2024-07-31T08:08:56.652+0000] {dag.py:3947} INFO - Setting next_dagrun for latest_only_with_trigger to 2024-07-31 04:00:00+00:00, run_after=2024-07-31 08:00:00+00:00
[2024-07-31T08:08:56.669+0000] {processor.py:183} INFO - Processing /home/airflow/.local/lib/python3.12/site-packages/airflow/example_dags/example_latest_only_with_trigger.py took 0.076 seconds
[2024-07-31T08:09:27.046+0000] {processor.py:161} INFO - Started process (PID=1294) to work on /home/airflow/.local/lib/python3.12/site-packages/airflow/example_dags/example_latest_only_with_trigger.py
[2024-07-31T08:09:27.047+0000] {processor.py:830} INFO - Processing file /home/airflow/.local/lib/python3.12/site-packages/airflow/example_dags/example_latest_only_with_trigger.py for tasks to queue
[2024-07-31T08:09:27.049+0000] {logging_mixin.py:188} INFO - [2024-07-31T08:09:27.048+0000] {dagbag.py:545} INFO - Filling up the DagBag from /home/airflow/.local/lib/python3.12/site-packages/airflow/example_dags/example_latest_only_with_trigger.py
[2024-07-31T08:09:27.053+0000] {processor.py:840} INFO - DAG(s) 'latest_only_with_trigger' retrieved from /home/airflow/.local/lib/python3.12/site-packages/airflow/example_dags/example_latest_only_with_trigger.py
[2024-07-31T08:09:27.075+0000] {logging_mixin.py:188} INFO - [2024-07-31T08:09:27.074+0000] {dag.py:3089} INFO - Sync 1 DAGs
[2024-07-31T08:09:27.096+0000] {logging_mixin.py:188} INFO - [2024-07-31T08:09:27.096+0000] {dag.py:3947} INFO - Setting next_dagrun for latest_only_with_trigger to 2024-07-31 04:00:00+00:00, run_after=2024-07-31 08:00:00+00:00
[2024-07-31T08:09:27.114+0000] {processor.py:183} INFO - Processing /home/airflow/.local/lib/python3.12/site-packages/airflow/example_dags/example_latest_only_with_trigger.py took 0.072 seconds
[2024-07-31T08:09:57.286+0000] {processor.py:161} INFO - Started process (PID=1352) to work on /home/airflow/.local/lib/python3.12/site-packages/airflow/example_dags/example_latest_only_with_trigger.py
[2024-07-31T08:09:57.288+0000] {processor.py:830} INFO - Processing file /home/airflow/.local/lib/python3.12/site-packages/airflow/example_dags/example_latest_only_with_trigger.py for tasks to queue
[2024-07-31T08:09:57.291+0000] {logging_mixin.py:188} INFO - [2024-07-31T08:09:57.291+0000] {dagbag.py:545} INFO - Filling up the DagBag from /home/airflow/.local/lib/python3.12/site-packages/airflow/example_dags/example_latest_only_with_trigger.py
[2024-07-31T08:09:57.296+0000] {processor.py:840} INFO - DAG(s) 'latest_only_with_trigger' retrieved from /home/airflow/.local/lib/python3.12/site-packages/airflow/example_dags/example_latest_only_with_trigger.py
[2024-07-31T08:09:57.315+0000] {logging_mixin.py:188} INFO - [2024-07-31T08:09:57.315+0000] {dag.py:3089} INFO - Sync 1 DAGs
[2024-07-31T08:09:57.336+0000] {logging_mixin.py:188} INFO - [2024-07-31T08:09:57.336+0000] {dag.py:3947} INFO - Setting next_dagrun for latest_only_with_trigger to 2024-07-31 04:00:00+00:00, run_after=2024-07-31 08:00:00+00:00
[2024-07-31T08:09:57.354+0000] {processor.py:183} INFO - Processing /home/airflow/.local/lib/python3.12/site-packages/airflow/example_dags/example_latest_only_with_trigger.py took 0.077 seconds
[2024-07-31T08:10:27.770+0000] {processor.py:161} INFO - Started process (PID=1410) to work on /home/airflow/.local/lib/python3.12/site-packages/airflow/example_dags/example_latest_only_with_trigger.py
[2024-07-31T08:10:27.770+0000] {processor.py:830} INFO - Processing file /home/airflow/.local/lib/python3.12/site-packages/airflow/example_dags/example_latest_only_with_trigger.py for tasks to queue
[2024-07-31T08:10:27.772+0000] {logging_mixin.py:188} INFO - [2024-07-31T08:10:27.772+0000] {dagbag.py:545} INFO - Filling up the DagBag from /home/airflow/.local/lib/python3.12/site-packages/airflow/example_dags/example_latest_only_with_trigger.py
[2024-07-31T08:10:27.776+0000] {processor.py:840} INFO - DAG(s) 'latest_only_with_trigger' retrieved from /home/airflow/.local/lib/python3.12/site-packages/airflow/example_dags/example_latest_only_with_trigger.py
[2024-07-31T08:10:27.794+0000] {logging_mixin.py:188} INFO - [2024-07-31T08:10:27.794+0000] {dag.py:3089} INFO - Sync 1 DAGs
[2024-07-31T08:10:27.813+0000] {logging_mixin.py:188} INFO - [2024-07-31T08:10:27.813+0000] {dag.py:3947} INFO - Setting next_dagrun for latest_only_with_trigger to 2024-07-31 04:00:00+00:00, run_after=2024-07-31 08:00:00+00:00
[2024-07-31T08:10:27.829+0000] {processor.py:183} INFO - Processing /home/airflow/.local/lib/python3.12/site-packages/airflow/example_dags/example_latest_only_with_trigger.py took 0.070 seconds
[2024-07-31T08:10:58.020+0000] {processor.py:161} INFO - Started process (PID=1468) to work on /home/airflow/.local/lib/python3.12/site-packages/airflow/example_dags/example_latest_only_with_trigger.py
[2024-07-31T08:10:58.021+0000] {processor.py:830} INFO - Processing file /home/airflow/.local/lib/python3.12/site-packages/airflow/example_dags/example_latest_only_with_trigger.py for tasks to queue
[2024-07-31T08:10:58.023+0000] {logging_mixin.py:188} INFO - [2024-07-31T08:10:58.022+0000] {dagbag.py:545} INFO - Filling up the DagBag from /home/airflow/.local/lib/python3.12/site-packages/airflow/example_dags/example_latest_only_with_trigger.py
[2024-07-31T08:10:58.027+0000] {processor.py:840} INFO - DAG(s) 'latest_only_with_trigger' retrieved from /home/airflow/.local/lib/python3.12/site-packages/airflow/example_dags/example_latest_only_with_trigger.py
[2024-07-31T08:10:58.046+0000] {logging_mixin.py:188} INFO - [2024-07-31T08:10:58.046+0000] {dag.py:3089} INFO - Sync 1 DAGs
[2024-07-31T08:10:58.067+0000] {logging_mixin.py:188} INFO - [2024-07-31T08:10:58.067+0000] {dag.py:3947} INFO - Setting next_dagrun for latest_only_with_trigger to 2024-07-31 04:00:00+00:00, run_after=2024-07-31 08:00:00+00:00
[2024-07-31T08:10:58.086+0000] {processor.py:183} INFO - Processing /home/airflow/.local/lib/python3.12/site-packages/airflow/example_dags/example_latest_only_with_trigger.py took 0.070 seconds
[2024-07-31T08:11:28.647+0000] {processor.py:161} INFO - Started process (PID=1526) to work on /home/airflow/.local/lib/python3.12/site-packages/airflow/example_dags/example_latest_only_with_trigger.py
[2024-07-31T08:11:28.648+0000] {processor.py:830} INFO - Processing file /home/airflow/.local/lib/python3.12/site-packages/airflow/example_dags/example_latest_only_with_trigger.py for tasks to queue
[2024-07-31T08:11:28.650+0000] {logging_mixin.py:188} INFO - [2024-07-31T08:11:28.650+0000] {dagbag.py:545} INFO - Filling up the DagBag from /home/airflow/.local/lib/python3.12/site-packages/airflow/example_dags/example_latest_only_with_trigger.py
[2024-07-31T08:11:28.654+0000] {processor.py:840} INFO - DAG(s) 'latest_only_with_trigger' retrieved from /home/airflow/.local/lib/python3.12/site-packages/airflow/example_dags/example_latest_only_with_trigger.py
[2024-07-31T08:11:28.675+0000] {logging_mixin.py:188} INFO - [2024-07-31T08:11:28.674+0000] {dag.py:3089} INFO - Sync 1 DAGs
[2024-07-31T08:11:28.695+0000] {logging_mixin.py:188} INFO - [2024-07-31T08:11:28.695+0000] {dag.py:3947} INFO - Setting next_dagrun for latest_only_with_trigger to 2024-07-31 04:00:00+00:00, run_after=2024-07-31 08:00:00+00:00
[2024-07-31T08:11:28.713+0000] {processor.py:183} INFO - Processing /home/airflow/.local/lib/python3.12/site-packages/airflow/example_dags/example_latest_only_with_trigger.py took 0.074 seconds
[2024-07-31T08:11:58.964+0000] {processor.py:161} INFO - Started process (PID=1584) to work on /home/airflow/.local/lib/python3.12/site-packages/airflow/example_dags/example_latest_only_with_trigger.py
[2024-07-31T08:11:58.965+0000] {processor.py:830} INFO - Processing file /home/airflow/.local/lib/python3.12/site-packages/airflow/example_dags/example_latest_only_with_trigger.py for tasks to queue
[2024-07-31T08:11:58.967+0000] {logging_mixin.py:188} INFO - [2024-07-31T08:11:58.967+0000] {dagbag.py:545} INFO - Filling up the DagBag from /home/airflow/.local/lib/python3.12/site-packages/airflow/example_dags/example_latest_only_with_trigger.py
[2024-07-31T08:11:58.971+0000] {processor.py:840} INFO - DAG(s) 'latest_only_with_trigger' retrieved from /home/airflow/.local/lib/python3.12/site-packages/airflow/example_dags/example_latest_only_with_trigger.py
[2024-07-31T08:11:58.991+0000] {logging_mixin.py:188} INFO - [2024-07-31T08:11:58.991+0000] {dag.py:3089} INFO - Sync 1 DAGs
[2024-07-31T08:11:59.010+0000] {logging_mixin.py:188} INFO - [2024-07-31T08:11:59.010+0000] {dag.py:3947} INFO - Setting next_dagrun for latest_only_with_trigger to 2024-07-31 04:00:00+00:00, run_after=2024-07-31 08:00:00+00:00
[2024-07-31T08:11:59.027+0000] {processor.py:183} INFO - Processing /home/airflow/.local/lib/python3.12/site-packages/airflow/example_dags/example_latest_only_with_trigger.py took 0.074 seconds
