[2024-07-31T07:54:26.209+0000] {processor.py:161} INFO - Started process (PID=88) to work on /home/airflow/.local/lib/python3.12/site-packages/airflow/example_dags/example_task_group_decorator.py
[2024-07-31T07:54:26.210+0000] {processor.py:830} INFO - Processing file /home/airflow/.local/lib/python3.12/site-packages/airflow/example_dags/example_task_group_decorator.py for tasks to queue
[2024-07-31T07:54:26.212+0000] {logging_mixin.py:188} INFO - [2024-07-31T07:54:26.211+0000] {dagbag.py:545} INFO - Filling up the DagBag from /home/airflow/.local/lib/python3.12/site-packages/airflow/example_dags/example_task_group_decorator.py
[2024-07-31T07:54:26.227+0000] {processor.py:840} INFO - DAG(s) 'example_task_group_decorator' retrieved from /home/airflow/.local/lib/python3.12/site-packages/airflow/example_dags/example_task_group_decorator.py
[2024-07-31T07:54:26.239+0000] {logging_mixin.py:188} INFO - [2024-07-31T07:54:26.239+0000] {dag.py:3089} INFO - Sync 1 DAGs
[2024-07-31T07:54:26.266+0000] {logging_mixin.py:188} INFO - [2024-07-31T07:54:26.265+0000] {dag.py:3947} INFO - Setting next_dagrun for example_task_group_decorator to 2024-07-30 00:00:00+00:00, run_after=2024-07-31 00:00:00+00:00
[2024-07-31T07:54:26.287+0000] {processor.py:183} INFO - Processing /home/airflow/.local/lib/python3.12/site-packages/airflow/example_dags/example_task_group_decorator.py took 0.083 seconds
[2024-07-31T07:54:46.610+0000] {processor.py:161} INFO - Started process (PID=87) to work on /home/airflow/.local/lib/python3.12/site-packages/airflow/example_dags/example_task_group_decorator.py
[2024-07-31T07:54:46.611+0000] {processor.py:830} INFO - Processing file /home/airflow/.local/lib/python3.12/site-packages/airflow/example_dags/example_task_group_decorator.py for tasks to queue
[2024-07-31T07:54:46.613+0000] {logging_mixin.py:188} INFO - [2024-07-31T07:54:46.612+0000] {dagbag.py:545} INFO - Filling up the DagBag from /home/airflow/.local/lib/python3.12/site-packages/airflow/example_dags/example_task_group_decorator.py
[2024-07-31T07:54:46.624+0000] {processor.py:840} INFO - DAG(s) 'example_task_group_decorator' retrieved from /home/airflow/.local/lib/python3.12/site-packages/airflow/example_dags/example_task_group_decorator.py
[2024-07-31T07:54:46.734+0000] {logging_mixin.py:188} INFO - [2024-07-31T07:54:46.734+0000] {dag.py:3089} INFO - Sync 1 DAGs
[2024-07-31T07:54:46.753+0000] {logging_mixin.py:188} INFO - [2024-07-31T07:54:46.753+0000] {dag.py:3947} INFO - Setting next_dagrun for example_task_group_decorator to 2024-07-30 00:00:00+00:00, run_after=2024-07-31 00:00:00+00:00
[2024-07-31T07:54:46.774+0000] {processor.py:183} INFO - Processing /home/airflow/.local/lib/python3.12/site-packages/airflow/example_dags/example_task_group_decorator.py took 0.174 seconds
[2024-07-31T07:55:16.874+0000] {processor.py:161} INFO - Started process (PID=145) to work on /home/airflow/.local/lib/python3.12/site-packages/airflow/example_dags/example_task_group_decorator.py
[2024-07-31T07:55:16.875+0000] {processor.py:830} INFO - Processing file /home/airflow/.local/lib/python3.12/site-packages/airflow/example_dags/example_task_group_decorator.py for tasks to queue
[2024-07-31T07:55:16.876+0000] {logging_mixin.py:188} INFO - [2024-07-31T07:55:16.876+0000] {dagbag.py:545} INFO - Filling up the DagBag from /home/airflow/.local/lib/python3.12/site-packages/airflow/example_dags/example_task_group_decorator.py
[2024-07-31T07:55:16.889+0000] {processor.py:840} INFO - DAG(s) 'example_task_group_decorator' retrieved from /home/airflow/.local/lib/python3.12/site-packages/airflow/example_dags/example_task_group_decorator.py
[2024-07-31T07:55:16.915+0000] {logging_mixin.py:188} INFO - [2024-07-31T07:55:16.915+0000] {dag.py:3089} INFO - Sync 1 DAGs
[2024-07-31T07:55:16.937+0000] {logging_mixin.py:188} INFO - [2024-07-31T07:55:16.936+0000] {dag.py:3947} INFO - Setting next_dagrun for example_task_group_decorator to 2024-07-30 00:00:00+00:00, run_after=2024-07-31 00:00:00+00:00
[2024-07-31T07:55:16.955+0000] {processor.py:183} INFO - Processing /home/airflow/.local/lib/python3.12/site-packages/airflow/example_dags/example_task_group_decorator.py took 0.087 seconds
[2024-07-31T07:55:47.022+0000] {processor.py:161} INFO - Started process (PID=203) to work on /home/airflow/.local/lib/python3.12/site-packages/airflow/example_dags/example_task_group_decorator.py
[2024-07-31T07:55:47.024+0000] {processor.py:830} INFO - Processing file /home/airflow/.local/lib/python3.12/site-packages/airflow/example_dags/example_task_group_decorator.py for tasks to queue
[2024-07-31T07:55:47.025+0000] {logging_mixin.py:188} INFO - [2024-07-31T07:55:47.025+0000] {dagbag.py:545} INFO - Filling up the DagBag from /home/airflow/.local/lib/python3.12/site-packages/airflow/example_dags/example_task_group_decorator.py
[2024-07-31T07:55:47.037+0000] {processor.py:840} INFO - DAG(s) 'example_task_group_decorator' retrieved from /home/airflow/.local/lib/python3.12/site-packages/airflow/example_dags/example_task_group_decorator.py
[2024-07-31T07:55:47.063+0000] {logging_mixin.py:188} INFO - [2024-07-31T07:55:47.062+0000] {dag.py:3089} INFO - Sync 1 DAGs
[2024-07-31T07:55:47.085+0000] {logging_mixin.py:188} INFO - [2024-07-31T07:55:47.084+0000] {dag.py:3947} INFO - Setting next_dagrun for example_task_group_decorator to 2024-07-30 00:00:00+00:00, run_after=2024-07-31 00:00:00+00:00
[2024-07-31T07:55:47.103+0000] {processor.py:183} INFO - Processing /home/airflow/.local/lib/python3.12/site-packages/airflow/example_dags/example_task_group_decorator.py took 0.092 seconds
[2024-07-31T07:56:17.607+0000] {processor.py:161} INFO - Started process (PID=261) to work on /home/airflow/.local/lib/python3.12/site-packages/airflow/example_dags/example_task_group_decorator.py
[2024-07-31T07:56:17.608+0000] {processor.py:830} INFO - Processing file /home/airflow/.local/lib/python3.12/site-packages/airflow/example_dags/example_task_group_decorator.py for tasks to queue
[2024-07-31T07:56:17.610+0000] {logging_mixin.py:188} INFO - [2024-07-31T07:56:17.610+0000] {dagbag.py:545} INFO - Filling up the DagBag from /home/airflow/.local/lib/python3.12/site-packages/airflow/example_dags/example_task_group_decorator.py
[2024-07-31T07:56:17.622+0000] {processor.py:840} INFO - DAG(s) 'example_task_group_decorator' retrieved from /home/airflow/.local/lib/python3.12/site-packages/airflow/example_dags/example_task_group_decorator.py
[2024-07-31T07:56:17.648+0000] {logging_mixin.py:188} INFO - [2024-07-31T07:56:17.647+0000] {dag.py:3089} INFO - Sync 1 DAGs
[2024-07-31T07:56:17.669+0000] {logging_mixin.py:188} INFO - [2024-07-31T07:56:17.669+0000] {dag.py:3947} INFO - Setting next_dagrun for example_task_group_decorator to 2024-07-30 00:00:00+00:00, run_after=2024-07-31 00:00:00+00:00
[2024-07-31T07:56:17.685+0000] {processor.py:183} INFO - Processing /home/airflow/.local/lib/python3.12/site-packages/airflow/example_dags/example_task_group_decorator.py took 0.086 seconds
[2024-07-31T07:56:47.711+0000] {processor.py:161} INFO - Started process (PID=319) to work on /home/airflow/.local/lib/python3.12/site-packages/airflow/example_dags/example_task_group_decorator.py
[2024-07-31T07:56:47.712+0000] {processor.py:830} INFO - Processing file /home/airflow/.local/lib/python3.12/site-packages/airflow/example_dags/example_task_group_decorator.py for tasks to queue
[2024-07-31T07:56:47.714+0000] {logging_mixin.py:188} INFO - [2024-07-31T07:56:47.714+0000] {dagbag.py:545} INFO - Filling up the DagBag from /home/airflow/.local/lib/python3.12/site-packages/airflow/example_dags/example_task_group_decorator.py
[2024-07-31T07:56:47.727+0000] {processor.py:840} INFO - DAG(s) 'example_task_group_decorator' retrieved from /home/airflow/.local/lib/python3.12/site-packages/airflow/example_dags/example_task_group_decorator.py
[2024-07-31T07:56:47.753+0000] {logging_mixin.py:188} INFO - [2024-07-31T07:56:47.752+0000] {dag.py:3089} INFO - Sync 1 DAGs
[2024-07-31T07:56:47.774+0000] {logging_mixin.py:188} INFO - [2024-07-31T07:56:47.773+0000] {dag.py:3947} INFO - Setting next_dagrun for example_task_group_decorator to 2024-07-30 00:00:00+00:00, run_after=2024-07-31 00:00:00+00:00
[2024-07-31T07:56:47.789+0000] {processor.py:183} INFO - Processing /home/airflow/.local/lib/python3.12/site-packages/airflow/example_dags/example_task_group_decorator.py took 0.083 seconds
[2024-07-31T07:57:18.052+0000] {processor.py:161} INFO - Started process (PID=377) to work on /home/airflow/.local/lib/python3.12/site-packages/airflow/example_dags/example_task_group_decorator.py
[2024-07-31T07:57:18.053+0000] {processor.py:830} INFO - Processing file /home/airflow/.local/lib/python3.12/site-packages/airflow/example_dags/example_task_group_decorator.py for tasks to queue
[2024-07-31T07:57:18.054+0000] {logging_mixin.py:188} INFO - [2024-07-31T07:57:18.054+0000] {dagbag.py:545} INFO - Filling up the DagBag from /home/airflow/.local/lib/python3.12/site-packages/airflow/example_dags/example_task_group_decorator.py
[2024-07-31T07:57:18.066+0000] {processor.py:840} INFO - DAG(s) 'example_task_group_decorator' retrieved from /home/airflow/.local/lib/python3.12/site-packages/airflow/example_dags/example_task_group_decorator.py
[2024-07-31T07:57:18.089+0000] {logging_mixin.py:188} INFO - [2024-07-31T07:57:18.089+0000] {dag.py:3089} INFO - Sync 1 DAGs
[2024-07-31T07:57:18.107+0000] {logging_mixin.py:188} INFO - [2024-07-31T07:57:18.107+0000] {dag.py:3947} INFO - Setting next_dagrun for example_task_group_decorator to 2024-07-30 00:00:00+00:00, run_after=2024-07-31 00:00:00+00:00
[2024-07-31T07:57:18.125+0000] {processor.py:183} INFO - Processing /home/airflow/.local/lib/python3.12/site-packages/airflow/example_dags/example_task_group_decorator.py took 0.078 seconds
[2024-07-31T07:57:48.356+0000] {processor.py:161} INFO - Started process (PID=435) to work on /home/airflow/.local/lib/python3.12/site-packages/airflow/example_dags/example_task_group_decorator.py
[2024-07-31T07:57:48.357+0000] {processor.py:830} INFO - Processing file /home/airflow/.local/lib/python3.12/site-packages/airflow/example_dags/example_task_group_decorator.py for tasks to queue
[2024-07-31T07:57:48.359+0000] {logging_mixin.py:188} INFO - [2024-07-31T07:57:48.358+0000] {dagbag.py:545} INFO - Filling up the DagBag from /home/airflow/.local/lib/python3.12/site-packages/airflow/example_dags/example_task_group_decorator.py
[2024-07-31T07:57:48.372+0000] {processor.py:840} INFO - DAG(s) 'example_task_group_decorator' retrieved from /home/airflow/.local/lib/python3.12/site-packages/airflow/example_dags/example_task_group_decorator.py
[2024-07-31T07:57:48.400+0000] {logging_mixin.py:188} INFO - [2024-07-31T07:57:48.400+0000] {dag.py:3089} INFO - Sync 1 DAGs
[2024-07-31T07:57:48.424+0000] {logging_mixin.py:188} INFO - [2024-07-31T07:57:48.424+0000] {dag.py:3947} INFO - Setting next_dagrun for example_task_group_decorator to 2024-07-30 00:00:00+00:00, run_after=2024-07-31 00:00:00+00:00
[2024-07-31T07:57:48.449+0000] {processor.py:183} INFO - Processing /home/airflow/.local/lib/python3.12/site-packages/airflow/example_dags/example_task_group_decorator.py took 0.104 seconds
[2024-07-31T07:58:50.316+0000] {processor.py:161} INFO - Started process (PID=88) to work on /home/airflow/.local/lib/python3.12/site-packages/airflow/example_dags/example_task_group_decorator.py
[2024-07-31T07:58:50.317+0000] {processor.py:830} INFO - Processing file /home/airflow/.local/lib/python3.12/site-packages/airflow/example_dags/example_task_group_decorator.py for tasks to queue
[2024-07-31T07:58:50.318+0000] {logging_mixin.py:188} INFO - [2024-07-31T07:58:50.318+0000] {dagbag.py:545} INFO - Filling up the DagBag from /home/airflow/.local/lib/python3.12/site-packages/airflow/example_dags/example_task_group_decorator.py
[2024-07-31T07:58:50.332+0000] {processor.py:840} INFO - DAG(s) 'example_task_group_decorator' retrieved from /home/airflow/.local/lib/python3.12/site-packages/airflow/example_dags/example_task_group_decorator.py
[2024-07-31T07:58:50.346+0000] {logging_mixin.py:188} INFO - [2024-07-31T07:58:50.345+0000] {dag.py:3089} INFO - Sync 1 DAGs
[2024-07-31T07:58:50.374+0000] {logging_mixin.py:188} INFO - [2024-07-31T07:58:50.373+0000] {dag.py:3947} INFO - Setting next_dagrun for example_task_group_decorator to 2024-07-30 00:00:00+00:00, run_after=2024-07-31 00:00:00+00:00
[2024-07-31T07:58:50.396+0000] {processor.py:183} INFO - Processing /home/airflow/.local/lib/python3.12/site-packages/airflow/example_dags/example_task_group_decorator.py took 0.086 seconds
[2024-07-31T07:59:22.296+0000] {processor.py:161} INFO - Started process (PID=152) to work on /home/airflow/.local/lib/python3.12/site-packages/airflow/example_dags/example_task_group_decorator.py
[2024-07-31T07:59:22.298+0000] {processor.py:830} INFO - Processing file /home/airflow/.local/lib/python3.12/site-packages/airflow/example_dags/example_task_group_decorator.py for tasks to queue
[2024-07-31T07:59:22.299+0000] {logging_mixin.py:188} INFO - [2024-07-31T07:59:22.299+0000] {dagbag.py:545} INFO - Filling up the DagBag from /home/airflow/.local/lib/python3.12/site-packages/airflow/example_dags/example_task_group_decorator.py
[2024-07-31T07:59:22.311+0000] {processor.py:840} INFO - DAG(s) 'example_task_group_decorator' retrieved from /home/airflow/.local/lib/python3.12/site-packages/airflow/example_dags/example_task_group_decorator.py
[2024-07-31T07:59:22.411+0000] {logging_mixin.py:188} INFO - [2024-07-31T07:59:22.410+0000] {dag.py:3089} INFO - Sync 1 DAGs
[2024-07-31T07:59:22.432+0000] {logging_mixin.py:188} INFO - [2024-07-31T07:59:22.432+0000] {dag.py:3947} INFO - Setting next_dagrun for example_task_group_decorator to 2024-07-30 00:00:00+00:00, run_after=2024-07-31 00:00:00+00:00
[2024-07-31T07:59:22.451+0000] {processor.py:183} INFO - Processing /home/airflow/.local/lib/python3.12/site-packages/airflow/example_dags/example_task_group_decorator.py took 0.166 seconds
[2024-07-31T07:59:52.584+0000] {processor.py:161} INFO - Started process (PID=210) to work on /home/airflow/.local/lib/python3.12/site-packages/airflow/example_dags/example_task_group_decorator.py
[2024-07-31T07:59:52.584+0000] {processor.py:830} INFO - Processing file /home/airflow/.local/lib/python3.12/site-packages/airflow/example_dags/example_task_group_decorator.py for tasks to queue
[2024-07-31T07:59:52.586+0000] {logging_mixin.py:188} INFO - [2024-07-31T07:59:52.586+0000] {dagbag.py:545} INFO - Filling up the DagBag from /home/airflow/.local/lib/python3.12/site-packages/airflow/example_dags/example_task_group_decorator.py
[2024-07-31T07:59:52.599+0000] {processor.py:840} INFO - DAG(s) 'example_task_group_decorator' retrieved from /home/airflow/.local/lib/python3.12/site-packages/airflow/example_dags/example_task_group_decorator.py
[2024-07-31T07:59:52.628+0000] {logging_mixin.py:188} INFO - [2024-07-31T07:59:52.627+0000] {dag.py:3089} INFO - Sync 1 DAGs
[2024-07-31T07:59:52.651+0000] {logging_mixin.py:188} INFO - [2024-07-31T07:59:52.650+0000] {dag.py:3947} INFO - Setting next_dagrun for example_task_group_decorator to 2024-07-30 00:00:00+00:00, run_after=2024-07-31 00:00:00+00:00
[2024-07-31T07:59:52.668+0000] {processor.py:183} INFO - Processing /home/airflow/.local/lib/python3.12/site-packages/airflow/example_dags/example_task_group_decorator.py took 0.090 seconds
[2024-07-31T08:00:23.292+0000] {processor.py:161} INFO - Started process (PID=268) to work on /home/airflow/.local/lib/python3.12/site-packages/airflow/example_dags/example_task_group_decorator.py
[2024-07-31T08:00:23.293+0000] {processor.py:830} INFO - Processing file /home/airflow/.local/lib/python3.12/site-packages/airflow/example_dags/example_task_group_decorator.py for tasks to queue
[2024-07-31T08:00:23.294+0000] {logging_mixin.py:188} INFO - [2024-07-31T08:00:23.294+0000] {dagbag.py:545} INFO - Filling up the DagBag from /home/airflow/.local/lib/python3.12/site-packages/airflow/example_dags/example_task_group_decorator.py
[2024-07-31T08:00:23.306+0000] {processor.py:840} INFO - DAG(s) 'example_task_group_decorator' retrieved from /home/airflow/.local/lib/python3.12/site-packages/airflow/example_dags/example_task_group_decorator.py
[2024-07-31T08:00:23.331+0000] {logging_mixin.py:188} INFO - [2024-07-31T08:00:23.330+0000] {dag.py:3089} INFO - Sync 1 DAGs
[2024-07-31T08:00:23.352+0000] {logging_mixin.py:188} INFO - [2024-07-31T08:00:23.352+0000] {dag.py:3947} INFO - Setting next_dagrun for example_task_group_decorator to 2024-07-30 00:00:00+00:00, run_after=2024-07-31 00:00:00+00:00
[2024-07-31T08:00:23.368+0000] {processor.py:183} INFO - Processing /home/airflow/.local/lib/python3.12/site-packages/airflow/example_dags/example_task_group_decorator.py took 0.081 seconds
[2024-07-31T08:00:53.709+0000] {processor.py:161} INFO - Started process (PID=326) to work on /home/airflow/.local/lib/python3.12/site-packages/airflow/example_dags/example_task_group_decorator.py
[2024-07-31T08:00:53.710+0000] {processor.py:830} INFO - Processing file /home/airflow/.local/lib/python3.12/site-packages/airflow/example_dags/example_task_group_decorator.py for tasks to queue
[2024-07-31T08:00:53.712+0000] {logging_mixin.py:188} INFO - [2024-07-31T08:00:53.711+0000] {dagbag.py:545} INFO - Filling up the DagBag from /home/airflow/.local/lib/python3.12/site-packages/airflow/example_dags/example_task_group_decorator.py
[2024-07-31T08:00:53.724+0000] {processor.py:840} INFO - DAG(s) 'example_task_group_decorator' retrieved from /home/airflow/.local/lib/python3.12/site-packages/airflow/example_dags/example_task_group_decorator.py
[2024-07-31T08:00:53.750+0000] {logging_mixin.py:188} INFO - [2024-07-31T08:00:53.750+0000] {dag.py:3089} INFO - Sync 1 DAGs
[2024-07-31T08:00:53.772+0000] {logging_mixin.py:188} INFO - [2024-07-31T08:00:53.772+0000] {dag.py:3947} INFO - Setting next_dagrun for example_task_group_decorator to 2024-07-30 00:00:00+00:00, run_after=2024-07-31 00:00:00+00:00
[2024-07-31T08:00:53.789+0000] {processor.py:183} INFO - Processing /home/airflow/.local/lib/python3.12/site-packages/airflow/example_dags/example_task_group_decorator.py took 0.085 seconds
[2024-07-31T08:01:23.954+0000] {processor.py:161} INFO - Started process (PID=384) to work on /home/airflow/.local/lib/python3.12/site-packages/airflow/example_dags/example_task_group_decorator.py
[2024-07-31T08:01:23.955+0000] {processor.py:830} INFO - Processing file /home/airflow/.local/lib/python3.12/site-packages/airflow/example_dags/example_task_group_decorator.py for tasks to queue
[2024-07-31T08:01:23.956+0000] {logging_mixin.py:188} INFO - [2024-07-31T08:01:23.956+0000] {dagbag.py:545} INFO - Filling up the DagBag from /home/airflow/.local/lib/python3.12/site-packages/airflow/example_dags/example_task_group_decorator.py
[2024-07-31T08:01:23.968+0000] {processor.py:840} INFO - DAG(s) 'example_task_group_decorator' retrieved from /home/airflow/.local/lib/python3.12/site-packages/airflow/example_dags/example_task_group_decorator.py
[2024-07-31T08:01:23.991+0000] {logging_mixin.py:188} INFO - [2024-07-31T08:01:23.990+0000] {dag.py:3089} INFO - Sync 1 DAGs
[2024-07-31T08:01:24.011+0000] {logging_mixin.py:188} INFO - [2024-07-31T08:01:24.011+0000] {dag.py:3947} INFO - Setting next_dagrun for example_task_group_decorator to 2024-07-30 00:00:00+00:00, run_after=2024-07-31 00:00:00+00:00
[2024-07-31T08:01:24.029+0000] {processor.py:183} INFO - Processing /home/airflow/.local/lib/python3.12/site-packages/airflow/example_dags/example_task_group_decorator.py took 0.080 seconds
[2024-07-31T08:01:54.177+0000] {processor.py:161} INFO - Started process (PID=442) to work on /home/airflow/.local/lib/python3.12/site-packages/airflow/example_dags/example_task_group_decorator.py
[2024-07-31T08:01:54.178+0000] {processor.py:830} INFO - Processing file /home/airflow/.local/lib/python3.12/site-packages/airflow/example_dags/example_task_group_decorator.py for tasks to queue
[2024-07-31T08:01:54.179+0000] {logging_mixin.py:188} INFO - [2024-07-31T08:01:54.179+0000] {dagbag.py:545} INFO - Filling up the DagBag from /home/airflow/.local/lib/python3.12/site-packages/airflow/example_dags/example_task_group_decorator.py
[2024-07-31T08:01:54.192+0000] {processor.py:840} INFO - DAG(s) 'example_task_group_decorator' retrieved from /home/airflow/.local/lib/python3.12/site-packages/airflow/example_dags/example_task_group_decorator.py
[2024-07-31T08:01:54.214+0000] {logging_mixin.py:188} INFO - [2024-07-31T08:01:54.214+0000] {dag.py:3089} INFO - Sync 1 DAGs
[2024-07-31T08:01:54.237+0000] {logging_mixin.py:188} INFO - [2024-07-31T08:01:54.237+0000] {dag.py:3947} INFO - Setting next_dagrun for example_task_group_decorator to 2024-07-30 00:00:00+00:00, run_after=2024-07-31 00:00:00+00:00
[2024-07-31T08:01:54.257+0000] {processor.py:183} INFO - Processing /home/airflow/.local/lib/python3.12/site-packages/airflow/example_dags/example_task_group_decorator.py took 0.085 seconds
[2024-07-31T08:02:24.496+0000] {processor.py:161} INFO - Started process (PID=500) to work on /home/airflow/.local/lib/python3.12/site-packages/airflow/example_dags/example_task_group_decorator.py
[2024-07-31T08:02:24.497+0000] {processor.py:830} INFO - Processing file /home/airflow/.local/lib/python3.12/site-packages/airflow/example_dags/example_task_group_decorator.py for tasks to queue
[2024-07-31T08:02:24.499+0000] {logging_mixin.py:188} INFO - [2024-07-31T08:02:24.499+0000] {dagbag.py:545} INFO - Filling up the DagBag from /home/airflow/.local/lib/python3.12/site-packages/airflow/example_dags/example_task_group_decorator.py
[2024-07-31T08:02:24.511+0000] {processor.py:840} INFO - DAG(s) 'example_task_group_decorator' retrieved from /home/airflow/.local/lib/python3.12/site-packages/airflow/example_dags/example_task_group_decorator.py
[2024-07-31T08:02:24.540+0000] {logging_mixin.py:188} INFO - [2024-07-31T08:02:24.540+0000] {dag.py:3089} INFO - Sync 1 DAGs
[2024-07-31T08:02:24.562+0000] {logging_mixin.py:188} INFO - [2024-07-31T08:02:24.561+0000] {dag.py:3947} INFO - Setting next_dagrun for example_task_group_decorator to 2024-07-30 00:00:00+00:00, run_after=2024-07-31 00:00:00+00:00
[2024-07-31T08:02:24.579+0000] {processor.py:183} INFO - Processing /home/airflow/.local/lib/python3.12/site-packages/airflow/example_dags/example_task_group_decorator.py took 0.088 seconds
[2024-07-31T08:02:54.978+0000] {processor.py:161} INFO - Started process (PID=558) to work on /home/airflow/.local/lib/python3.12/site-packages/airflow/example_dags/example_task_group_decorator.py
[2024-07-31T08:02:54.979+0000] {processor.py:830} INFO - Processing file /home/airflow/.local/lib/python3.12/site-packages/airflow/example_dags/example_task_group_decorator.py for tasks to queue
[2024-07-31T08:02:54.980+0000] {logging_mixin.py:188} INFO - [2024-07-31T08:02:54.980+0000] {dagbag.py:545} INFO - Filling up the DagBag from /home/airflow/.local/lib/python3.12/site-packages/airflow/example_dags/example_task_group_decorator.py
[2024-07-31T08:02:54.992+0000] {processor.py:840} INFO - DAG(s) 'example_task_group_decorator' retrieved from /home/airflow/.local/lib/python3.12/site-packages/airflow/example_dags/example_task_group_decorator.py
[2024-07-31T08:02:55.019+0000] {logging_mixin.py:188} INFO - [2024-07-31T08:02:55.019+0000] {dag.py:3089} INFO - Sync 1 DAGs
[2024-07-31T08:02:55.039+0000] {logging_mixin.py:188} INFO - [2024-07-31T08:02:55.039+0000] {dag.py:3947} INFO - Setting next_dagrun for example_task_group_decorator to 2024-07-30 00:00:00+00:00, run_after=2024-07-31 00:00:00+00:00
[2024-07-31T08:02:55.057+0000] {processor.py:183} INFO - Processing /home/airflow/.local/lib/python3.12/site-packages/airflow/example_dags/example_task_group_decorator.py took 0.086 seconds
[2024-07-31T08:03:25.125+0000] {processor.py:161} INFO - Started process (PID=616) to work on /home/airflow/.local/lib/python3.12/site-packages/airflow/example_dags/example_task_group_decorator.py
[2024-07-31T08:03:25.126+0000] {processor.py:830} INFO - Processing file /home/airflow/.local/lib/python3.12/site-packages/airflow/example_dags/example_task_group_decorator.py for tasks to queue
[2024-07-31T08:03:25.127+0000] {logging_mixin.py:188} INFO - [2024-07-31T08:03:25.127+0000] {dagbag.py:545} INFO - Filling up the DagBag from /home/airflow/.local/lib/python3.12/site-packages/airflow/example_dags/example_task_group_decorator.py
[2024-07-31T08:03:25.139+0000] {processor.py:840} INFO - DAG(s) 'example_task_group_decorator' retrieved from /home/airflow/.local/lib/python3.12/site-packages/airflow/example_dags/example_task_group_decorator.py
[2024-07-31T08:03:25.160+0000] {logging_mixin.py:188} INFO - [2024-07-31T08:03:25.160+0000] {dag.py:3089} INFO - Sync 1 DAGs
[2024-07-31T08:03:25.180+0000] {logging_mixin.py:188} INFO - [2024-07-31T08:03:25.180+0000] {dag.py:3947} INFO - Setting next_dagrun for example_task_group_decorator to 2024-07-30 00:00:00+00:00, run_after=2024-07-31 00:00:00+00:00
[2024-07-31T08:03:25.200+0000] {processor.py:183} INFO - Processing /home/airflow/.local/lib/python3.12/site-packages/airflow/example_dags/example_task_group_decorator.py took 0.080 seconds
[2024-07-31T08:03:55.401+0000] {processor.py:161} INFO - Started process (PID=674) to work on /home/airflow/.local/lib/python3.12/site-packages/airflow/example_dags/example_task_group_decorator.py
[2024-07-31T08:03:55.402+0000] {processor.py:830} INFO - Processing file /home/airflow/.local/lib/python3.12/site-packages/airflow/example_dags/example_task_group_decorator.py for tasks to queue
[2024-07-31T08:03:55.404+0000] {logging_mixin.py:188} INFO - [2024-07-31T08:03:55.404+0000] {dagbag.py:545} INFO - Filling up the DagBag from /home/airflow/.local/lib/python3.12/site-packages/airflow/example_dags/example_task_group_decorator.py
[2024-07-31T08:03:55.417+0000] {processor.py:840} INFO - DAG(s) 'example_task_group_decorator' retrieved from /home/airflow/.local/lib/python3.12/site-packages/airflow/example_dags/example_task_group_decorator.py
[2024-07-31T08:03:55.442+0000] {logging_mixin.py:188} INFO - [2024-07-31T08:03:55.442+0000] {dag.py:3089} INFO - Sync 1 DAGs
[2024-07-31T08:03:55.463+0000] {logging_mixin.py:188} INFO - [2024-07-31T08:03:55.462+0000] {dag.py:3947} INFO - Setting next_dagrun for example_task_group_decorator to 2024-07-30 00:00:00+00:00, run_after=2024-07-31 00:00:00+00:00
[2024-07-31T08:03:55.480+0000] {processor.py:183} INFO - Processing /home/airflow/.local/lib/python3.12/site-packages/airflow/example_dags/example_task_group_decorator.py took 0.084 seconds
[2024-07-31T08:04:26.069+0000] {processor.py:161} INFO - Started process (PID=732) to work on /home/airflow/.local/lib/python3.12/site-packages/airflow/example_dags/example_task_group_decorator.py
[2024-07-31T08:04:26.070+0000] {processor.py:830} INFO - Processing file /home/airflow/.local/lib/python3.12/site-packages/airflow/example_dags/example_task_group_decorator.py for tasks to queue
[2024-07-31T08:04:26.071+0000] {logging_mixin.py:188} INFO - [2024-07-31T08:04:26.071+0000] {dagbag.py:545} INFO - Filling up the DagBag from /home/airflow/.local/lib/python3.12/site-packages/airflow/example_dags/example_task_group_decorator.py
[2024-07-31T08:04:26.083+0000] {processor.py:840} INFO - DAG(s) 'example_task_group_decorator' retrieved from /home/airflow/.local/lib/python3.12/site-packages/airflow/example_dags/example_task_group_decorator.py
[2024-07-31T08:04:26.109+0000] {logging_mixin.py:188} INFO - [2024-07-31T08:04:26.109+0000] {dag.py:3089} INFO - Sync 1 DAGs
[2024-07-31T08:04:26.129+0000] {logging_mixin.py:188} INFO - [2024-07-31T08:04:26.129+0000] {dag.py:3947} INFO - Setting next_dagrun for example_task_group_decorator to 2024-07-30 00:00:00+00:00, run_after=2024-07-31 00:00:00+00:00
[2024-07-31T08:04:26.146+0000] {processor.py:183} INFO - Processing /home/airflow/.local/lib/python3.12/site-packages/airflow/example_dags/example_task_group_decorator.py took 0.082 seconds
[2024-07-31T08:04:56.198+0000] {processor.py:161} INFO - Started process (PID=790) to work on /home/airflow/.local/lib/python3.12/site-packages/airflow/example_dags/example_task_group_decorator.py
[2024-07-31T08:04:56.199+0000] {processor.py:830} INFO - Processing file /home/airflow/.local/lib/python3.12/site-packages/airflow/example_dags/example_task_group_decorator.py for tasks to queue
[2024-07-31T08:04:56.201+0000] {logging_mixin.py:188} INFO - [2024-07-31T08:04:56.200+0000] {dagbag.py:545} INFO - Filling up the DagBag from /home/airflow/.local/lib/python3.12/site-packages/airflow/example_dags/example_task_group_decorator.py
[2024-07-31T08:04:56.214+0000] {processor.py:840} INFO - DAG(s) 'example_task_group_decorator' retrieved from /home/airflow/.local/lib/python3.12/site-packages/airflow/example_dags/example_task_group_decorator.py
[2024-07-31T08:04:56.239+0000] {logging_mixin.py:188} INFO - [2024-07-31T08:04:56.239+0000] {dag.py:3089} INFO - Sync 1 DAGs
[2024-07-31T08:04:56.260+0000] {logging_mixin.py:188} INFO - [2024-07-31T08:04:56.259+0000] {dag.py:3947} INFO - Setting next_dagrun for example_task_group_decorator to 2024-07-30 00:00:00+00:00, run_after=2024-07-31 00:00:00+00:00
[2024-07-31T08:04:56.276+0000] {processor.py:183} INFO - Processing /home/airflow/.local/lib/python3.12/site-packages/airflow/example_dags/example_task_group_decorator.py took 0.083 seconds
[2024-07-31T08:05:26.586+0000] {processor.py:161} INFO - Started process (PID=848) to work on /home/airflow/.local/lib/python3.12/site-packages/airflow/example_dags/example_task_group_decorator.py
[2024-07-31T08:05:26.587+0000] {processor.py:830} INFO - Processing file /home/airflow/.local/lib/python3.12/site-packages/airflow/example_dags/example_task_group_decorator.py for tasks to queue
[2024-07-31T08:05:26.589+0000] {logging_mixin.py:188} INFO - [2024-07-31T08:05:26.588+0000] {dagbag.py:545} INFO - Filling up the DagBag from /home/airflow/.local/lib/python3.12/site-packages/airflow/example_dags/example_task_group_decorator.py
[2024-07-31T08:05:26.602+0000] {processor.py:840} INFO - DAG(s) 'example_task_group_decorator' retrieved from /home/airflow/.local/lib/python3.12/site-packages/airflow/example_dags/example_task_group_decorator.py
[2024-07-31T08:05:26.626+0000] {logging_mixin.py:188} INFO - [2024-07-31T08:05:26.625+0000] {dag.py:3089} INFO - Sync 1 DAGs
[2024-07-31T08:05:26.645+0000] {logging_mixin.py:188} INFO - [2024-07-31T08:05:26.645+0000] {dag.py:3947} INFO - Setting next_dagrun for example_task_group_decorator to 2024-07-30 00:00:00+00:00, run_after=2024-07-31 00:00:00+00:00
[2024-07-31T08:05:26.663+0000] {processor.py:183} INFO - Processing /home/airflow/.local/lib/python3.12/site-packages/airflow/example_dags/example_task_group_decorator.py took 0.084 seconds
[2024-07-31T08:05:57.066+0000] {processor.py:161} INFO - Started process (PID=906) to work on /home/airflow/.local/lib/python3.12/site-packages/airflow/example_dags/example_task_group_decorator.py
[2024-07-31T08:05:57.067+0000] {processor.py:830} INFO - Processing file /home/airflow/.local/lib/python3.12/site-packages/airflow/example_dags/example_task_group_decorator.py for tasks to queue
[2024-07-31T08:05:57.070+0000] {logging_mixin.py:188} INFO - [2024-07-31T08:05:57.069+0000] {dagbag.py:545} INFO - Filling up the DagBag from /home/airflow/.local/lib/python3.12/site-packages/airflow/example_dags/example_task_group_decorator.py
[2024-07-31T08:05:57.083+0000] {processor.py:840} INFO - DAG(s) 'example_task_group_decorator' retrieved from /home/airflow/.local/lib/python3.12/site-packages/airflow/example_dags/example_task_group_decorator.py
[2024-07-31T08:05:57.110+0000] {logging_mixin.py:188} INFO - [2024-07-31T08:05:57.109+0000] {dag.py:3089} INFO - Sync 1 DAGs
[2024-07-31T08:05:57.132+0000] {logging_mixin.py:188} INFO - [2024-07-31T08:05:57.132+0000] {dag.py:3947} INFO - Setting next_dagrun for example_task_group_decorator to 2024-07-30 00:00:00+00:00, run_after=2024-07-31 00:00:00+00:00
[2024-07-31T08:05:57.150+0000] {processor.py:183} INFO - Processing /home/airflow/.local/lib/python3.12/site-packages/airflow/example_dags/example_task_group_decorator.py took 0.090 seconds
[2024-07-31T08:06:28.028+0000] {processor.py:161} INFO - Started process (PID=964) to work on /home/airflow/.local/lib/python3.12/site-packages/airflow/example_dags/example_task_group_decorator.py
[2024-07-31T08:06:28.029+0000] {processor.py:830} INFO - Processing file /home/airflow/.local/lib/python3.12/site-packages/airflow/example_dags/example_task_group_decorator.py for tasks to queue
[2024-07-31T08:06:28.031+0000] {logging_mixin.py:188} INFO - [2024-07-31T08:06:28.031+0000] {dagbag.py:545} INFO - Filling up the DagBag from /home/airflow/.local/lib/python3.12/site-packages/airflow/example_dags/example_task_group_decorator.py
[2024-07-31T08:06:28.043+0000] {processor.py:840} INFO - DAG(s) 'example_task_group_decorator' retrieved from /home/airflow/.local/lib/python3.12/site-packages/airflow/example_dags/example_task_group_decorator.py
[2024-07-31T08:06:28.083+0000] {logging_mixin.py:188} INFO - [2024-07-31T08:06:28.083+0000] {dag.py:3089} INFO - Sync 1 DAGs
[2024-07-31T08:06:28.105+0000] {logging_mixin.py:188} INFO - [2024-07-31T08:06:28.104+0000] {dag.py:3947} INFO - Setting next_dagrun for example_task_group_decorator to 2024-07-30 00:00:00+00:00, run_after=2024-07-31 00:00:00+00:00
[2024-07-31T08:06:28.122+0000] {processor.py:183} INFO - Processing /home/airflow/.local/lib/python3.12/site-packages/airflow/example_dags/example_task_group_decorator.py took 0.098 seconds
[2024-07-31T08:06:58.393+0000] {processor.py:161} INFO - Started process (PID=1022) to work on /home/airflow/.local/lib/python3.12/site-packages/airflow/example_dags/example_task_group_decorator.py
[2024-07-31T08:06:58.394+0000] {processor.py:830} INFO - Processing file /home/airflow/.local/lib/python3.12/site-packages/airflow/example_dags/example_task_group_decorator.py for tasks to queue
[2024-07-31T08:06:58.395+0000] {logging_mixin.py:188} INFO - [2024-07-31T08:06:58.395+0000] {dagbag.py:545} INFO - Filling up the DagBag from /home/airflow/.local/lib/python3.12/site-packages/airflow/example_dags/example_task_group_decorator.py
[2024-07-31T08:06:58.408+0000] {processor.py:840} INFO - DAG(s) 'example_task_group_decorator' retrieved from /home/airflow/.local/lib/python3.12/site-packages/airflow/example_dags/example_task_group_decorator.py
[2024-07-31T08:06:58.431+0000] {logging_mixin.py:188} INFO - [2024-07-31T08:06:58.431+0000] {dag.py:3089} INFO - Sync 1 DAGs
[2024-07-31T08:06:58.455+0000] {logging_mixin.py:188} INFO - [2024-07-31T08:06:58.455+0000] {dag.py:3947} INFO - Setting next_dagrun for example_task_group_decorator to 2024-07-30 00:00:00+00:00, run_after=2024-07-31 00:00:00+00:00
[2024-07-31T08:06:58.474+0000] {processor.py:183} INFO - Processing /home/airflow/.local/lib/python3.12/site-packages/airflow/example_dags/example_task_group_decorator.py took 0.086 seconds
[2024-07-31T08:07:28.852+0000] {processor.py:161} INFO - Started process (PID=1080) to work on /home/airflow/.local/lib/python3.12/site-packages/airflow/example_dags/example_task_group_decorator.py
[2024-07-31T08:07:28.853+0000] {processor.py:830} INFO - Processing file /home/airflow/.local/lib/python3.12/site-packages/airflow/example_dags/example_task_group_decorator.py for tasks to queue
[2024-07-31T08:07:28.855+0000] {logging_mixin.py:188} INFO - [2024-07-31T08:07:28.855+0000] {dagbag.py:545} INFO - Filling up the DagBag from /home/airflow/.local/lib/python3.12/site-packages/airflow/example_dags/example_task_group_decorator.py
[2024-07-31T08:07:28.868+0000] {processor.py:840} INFO - DAG(s) 'example_task_group_decorator' retrieved from /home/airflow/.local/lib/python3.12/site-packages/airflow/example_dags/example_task_group_decorator.py
[2024-07-31T08:07:28.893+0000] {logging_mixin.py:188} INFO - [2024-07-31T08:07:28.893+0000] {dag.py:3089} INFO - Sync 1 DAGs
[2024-07-31T08:07:28.915+0000] {logging_mixin.py:188} INFO - [2024-07-31T08:07:28.915+0000] {dag.py:3947} INFO - Setting next_dagrun for example_task_group_decorator to 2024-07-30 00:00:00+00:00, run_after=2024-07-31 00:00:00+00:00
[2024-07-31T08:07:28.931+0000] {processor.py:183} INFO - Processing /home/airflow/.local/lib/python3.12/site-packages/airflow/example_dags/example_task_group_decorator.py took 0.089 seconds
[2024-07-31T08:07:59.275+0000] {processor.py:161} INFO - Started process (PID=1138) to work on /home/airflow/.local/lib/python3.12/site-packages/airflow/example_dags/example_task_group_decorator.py
[2024-07-31T08:07:59.276+0000] {processor.py:830} INFO - Processing file /home/airflow/.local/lib/python3.12/site-packages/airflow/example_dags/example_task_group_decorator.py for tasks to queue
[2024-07-31T08:07:59.278+0000] {logging_mixin.py:188} INFO - [2024-07-31T08:07:59.277+0000] {dagbag.py:545} INFO - Filling up the DagBag from /home/airflow/.local/lib/python3.12/site-packages/airflow/example_dags/example_task_group_decorator.py
[2024-07-31T08:07:59.290+0000] {processor.py:840} INFO - DAG(s) 'example_task_group_decorator' retrieved from /home/airflow/.local/lib/python3.12/site-packages/airflow/example_dags/example_task_group_decorator.py
[2024-07-31T08:07:59.313+0000] {logging_mixin.py:188} INFO - [2024-07-31T08:07:59.313+0000] {dag.py:3089} INFO - Sync 1 DAGs
[2024-07-31T08:07:59.336+0000] {logging_mixin.py:188} INFO - [2024-07-31T08:07:59.336+0000] {dag.py:3947} INFO - Setting next_dagrun for example_task_group_decorator to 2024-07-30 00:00:00+00:00, run_after=2024-07-31 00:00:00+00:00
[2024-07-31T08:07:59.355+0000] {processor.py:183} INFO - Processing /home/airflow/.local/lib/python3.12/site-packages/airflow/example_dags/example_task_group_decorator.py took 0.087 seconds
[2024-07-31T08:08:29.495+0000] {processor.py:161} INFO - Started process (PID=1197) to work on /home/airflow/.local/lib/python3.12/site-packages/airflow/example_dags/example_task_group_decorator.py
[2024-07-31T08:08:29.495+0000] {processor.py:830} INFO - Processing file /home/airflow/.local/lib/python3.12/site-packages/airflow/example_dags/example_task_group_decorator.py for tasks to queue
[2024-07-31T08:08:29.497+0000] {logging_mixin.py:188} INFO - [2024-07-31T08:08:29.497+0000] {dagbag.py:545} INFO - Filling up the DagBag from /home/airflow/.local/lib/python3.12/site-packages/airflow/example_dags/example_task_group_decorator.py
[2024-07-31T08:08:29.508+0000] {processor.py:840} INFO - DAG(s) 'example_task_group_decorator' retrieved from /home/airflow/.local/lib/python3.12/site-packages/airflow/example_dags/example_task_group_decorator.py
[2024-07-31T08:08:29.532+0000] {logging_mixin.py:188} INFO - [2024-07-31T08:08:29.531+0000] {dag.py:3089} INFO - Sync 1 DAGs
[2024-07-31T08:08:29.552+0000] {logging_mixin.py:188} INFO - [2024-07-31T08:08:29.551+0000] {dag.py:3947} INFO - Setting next_dagrun for example_task_group_decorator to 2024-07-30 00:00:00+00:00, run_after=2024-07-31 00:00:00+00:00
[2024-07-31T08:08:29.569+0000] {processor.py:183} INFO - Processing /home/airflow/.local/lib/python3.12/site-packages/airflow/example_dags/example_task_group_decorator.py took 0.079 seconds
[2024-07-31T08:08:59.707+0000] {processor.py:161} INFO - Started process (PID=1255) to work on /home/airflow/.local/lib/python3.12/site-packages/airflow/example_dags/example_task_group_decorator.py
[2024-07-31T08:08:59.708+0000] {processor.py:830} INFO - Processing file /home/airflow/.local/lib/python3.12/site-packages/airflow/example_dags/example_task_group_decorator.py for tasks to queue
[2024-07-31T08:08:59.709+0000] {logging_mixin.py:188} INFO - [2024-07-31T08:08:59.709+0000] {dagbag.py:545} INFO - Filling up the DagBag from /home/airflow/.local/lib/python3.12/site-packages/airflow/example_dags/example_task_group_decorator.py
[2024-07-31T08:08:59.721+0000] {processor.py:840} INFO - DAG(s) 'example_task_group_decorator' retrieved from /home/airflow/.local/lib/python3.12/site-packages/airflow/example_dags/example_task_group_decorator.py
[2024-07-31T08:08:59.746+0000] {logging_mixin.py:188} INFO - [2024-07-31T08:08:59.746+0000] {dag.py:3089} INFO - Sync 1 DAGs
[2024-07-31T08:08:59.768+0000] {logging_mixin.py:188} INFO - [2024-07-31T08:08:59.767+0000] {dag.py:3947} INFO - Setting next_dagrun for example_task_group_decorator to 2024-07-30 00:00:00+00:00, run_after=2024-07-31 00:00:00+00:00
[2024-07-31T08:08:59.785+0000] {processor.py:183} INFO - Processing /home/airflow/.local/lib/python3.12/site-packages/airflow/example_dags/example_task_group_decorator.py took 0.087 seconds
[2024-07-31T08:09:30.176+0000] {processor.py:161} INFO - Started process (PID=1313) to work on /home/airflow/.local/lib/python3.12/site-packages/airflow/example_dags/example_task_group_decorator.py
[2024-07-31T08:09:30.177+0000] {processor.py:830} INFO - Processing file /home/airflow/.local/lib/python3.12/site-packages/airflow/example_dags/example_task_group_decorator.py for tasks to queue
[2024-07-31T08:09:30.180+0000] {logging_mixin.py:188} INFO - [2024-07-31T08:09:30.179+0000] {dagbag.py:545} INFO - Filling up the DagBag from /home/airflow/.local/lib/python3.12/site-packages/airflow/example_dags/example_task_group_decorator.py
[2024-07-31T08:09:30.191+0000] {processor.py:840} INFO - DAG(s) 'example_task_group_decorator' retrieved from /home/airflow/.local/lib/python3.12/site-packages/airflow/example_dags/example_task_group_decorator.py
[2024-07-31T08:09:30.220+0000] {logging_mixin.py:188} INFO - [2024-07-31T08:09:30.220+0000] {dag.py:3089} INFO - Sync 1 DAGs
[2024-07-31T08:09:30.242+0000] {logging_mixin.py:188} INFO - [2024-07-31T08:09:30.241+0000] {dag.py:3947} INFO - Setting next_dagrun for example_task_group_decorator to 2024-07-30 00:00:00+00:00, run_after=2024-07-31 00:00:00+00:00
[2024-07-31T08:09:30.259+0000] {processor.py:183} INFO - Processing /home/airflow/.local/lib/python3.12/site-packages/airflow/example_dags/example_task_group_decorator.py took 0.087 seconds
[2024-07-31T08:10:00.393+0000] {processor.py:161} INFO - Started process (PID=1371) to work on /home/airflow/.local/lib/python3.12/site-packages/airflow/example_dags/example_task_group_decorator.py
[2024-07-31T08:10:00.395+0000] {processor.py:830} INFO - Processing file /home/airflow/.local/lib/python3.12/site-packages/airflow/example_dags/example_task_group_decorator.py for tasks to queue
[2024-07-31T08:10:00.396+0000] {logging_mixin.py:188} INFO - [2024-07-31T08:10:00.396+0000] {dagbag.py:545} INFO - Filling up the DagBag from /home/airflow/.local/lib/python3.12/site-packages/airflow/example_dags/example_task_group_decorator.py
[2024-07-31T08:10:00.408+0000] {processor.py:840} INFO - DAG(s) 'example_task_group_decorator' retrieved from /home/airflow/.local/lib/python3.12/site-packages/airflow/example_dags/example_task_group_decorator.py
[2024-07-31T08:10:00.434+0000] {logging_mixin.py:188} INFO - [2024-07-31T08:10:00.433+0000] {dag.py:3089} INFO - Sync 1 DAGs
[2024-07-31T08:10:00.455+0000] {logging_mixin.py:188} INFO - [2024-07-31T08:10:00.455+0000] {dag.py:3947} INFO - Setting next_dagrun for example_task_group_decorator to 2024-07-30 00:00:00+00:00, run_after=2024-07-31 00:00:00+00:00
[2024-07-31T08:10:00.474+0000] {processor.py:183} INFO - Processing /home/airflow/.local/lib/python3.12/site-packages/airflow/example_dags/example_task_group_decorator.py took 0.092 seconds
[2024-07-31T08:10:30.872+0000] {processor.py:161} INFO - Started process (PID=1429) to work on /home/airflow/.local/lib/python3.12/site-packages/airflow/example_dags/example_task_group_decorator.py
[2024-07-31T08:10:30.873+0000] {processor.py:830} INFO - Processing file /home/airflow/.local/lib/python3.12/site-packages/airflow/example_dags/example_task_group_decorator.py for tasks to queue
[2024-07-31T08:10:30.874+0000] {logging_mixin.py:188} INFO - [2024-07-31T08:10:30.874+0000] {dagbag.py:545} INFO - Filling up the DagBag from /home/airflow/.local/lib/python3.12/site-packages/airflow/example_dags/example_task_group_decorator.py
[2024-07-31T08:10:30.886+0000] {processor.py:840} INFO - DAG(s) 'example_task_group_decorator' retrieved from /home/airflow/.local/lib/python3.12/site-packages/airflow/example_dags/example_task_group_decorator.py
[2024-07-31T08:10:30.909+0000] {logging_mixin.py:188} INFO - [2024-07-31T08:10:30.909+0000] {dag.py:3089} INFO - Sync 1 DAGs
[2024-07-31T08:10:30.929+0000] {logging_mixin.py:188} INFO - [2024-07-31T08:10:30.929+0000] {dag.py:3947} INFO - Setting next_dagrun for example_task_group_decorator to 2024-07-30 00:00:00+00:00, run_after=2024-07-31 00:00:00+00:00
[2024-07-31T08:10:30.946+0000] {processor.py:183} INFO - Processing /home/airflow/.local/lib/python3.12/site-packages/airflow/example_dags/example_task_group_decorator.py took 0.085 seconds
[2024-07-31T08:11:01.208+0000] {processor.py:161} INFO - Started process (PID=1487) to work on /home/airflow/.local/lib/python3.12/site-packages/airflow/example_dags/example_task_group_decorator.py
[2024-07-31T08:11:01.209+0000] {processor.py:830} INFO - Processing file /home/airflow/.local/lib/python3.12/site-packages/airflow/example_dags/example_task_group_decorator.py for tasks to queue
[2024-07-31T08:11:01.211+0000] {logging_mixin.py:188} INFO - [2024-07-31T08:11:01.211+0000] {dagbag.py:545} INFO - Filling up the DagBag from /home/airflow/.local/lib/python3.12/site-packages/airflow/example_dags/example_task_group_decorator.py
[2024-07-31T08:11:01.224+0000] {processor.py:840} INFO - DAG(s) 'example_task_group_decorator' retrieved from /home/airflow/.local/lib/python3.12/site-packages/airflow/example_dags/example_task_group_decorator.py
[2024-07-31T08:11:01.249+0000] {logging_mixin.py:188} INFO - [2024-07-31T08:11:01.248+0000] {dag.py:3089} INFO - Sync 1 DAGs
[2024-07-31T08:11:01.269+0000] {logging_mixin.py:188} INFO - [2024-07-31T08:11:01.269+0000] {dag.py:3947} INFO - Setting next_dagrun for example_task_group_decorator to 2024-07-30 00:00:00+00:00, run_after=2024-07-31 00:00:00+00:00
[2024-07-31T08:11:01.288+0000] {processor.py:183} INFO - Processing /home/airflow/.local/lib/python3.12/site-packages/airflow/example_dags/example_task_group_decorator.py took 0.085 seconds
[2024-07-31T08:11:31.831+0000] {processor.py:161} INFO - Started process (PID=1545) to work on /home/airflow/.local/lib/python3.12/site-packages/airflow/example_dags/example_task_group_decorator.py
[2024-07-31T08:11:31.832+0000] {processor.py:830} INFO - Processing file /home/airflow/.local/lib/python3.12/site-packages/airflow/example_dags/example_task_group_decorator.py for tasks to queue
[2024-07-31T08:11:31.835+0000] {logging_mixin.py:188} INFO - [2024-07-31T08:11:31.834+0000] {dagbag.py:545} INFO - Filling up the DagBag from /home/airflow/.local/lib/python3.12/site-packages/airflow/example_dags/example_task_group_decorator.py
[2024-07-31T08:11:31.850+0000] {processor.py:840} INFO - DAG(s) 'example_task_group_decorator' retrieved from /home/airflow/.local/lib/python3.12/site-packages/airflow/example_dags/example_task_group_decorator.py
[2024-07-31T08:11:31.876+0000] {logging_mixin.py:188} INFO - [2024-07-31T08:11:31.875+0000] {dag.py:3089} INFO - Sync 1 DAGs
[2024-07-31T08:11:31.900+0000] {logging_mixin.py:188} INFO - [2024-07-31T08:11:31.900+0000] {dag.py:3947} INFO - Setting next_dagrun for example_task_group_decorator to 2024-07-30 00:00:00+00:00, run_after=2024-07-31 00:00:00+00:00
[2024-07-31T08:11:31.921+0000] {processor.py:183} INFO - Processing /home/airflow/.local/lib/python3.12/site-packages/airflow/example_dags/example_task_group_decorator.py took 0.095 seconds
[2024-07-31T08:12:02.172+0000] {processor.py:161} INFO - Started process (PID=1603) to work on /home/airflow/.local/lib/python3.12/site-packages/airflow/example_dags/example_task_group_decorator.py
[2024-07-31T08:12:02.173+0000] {processor.py:830} INFO - Processing file /home/airflow/.local/lib/python3.12/site-packages/airflow/example_dags/example_task_group_decorator.py for tasks to queue
[2024-07-31T08:12:02.174+0000] {logging_mixin.py:188} INFO - [2024-07-31T08:12:02.174+0000] {dagbag.py:545} INFO - Filling up the DagBag from /home/airflow/.local/lib/python3.12/site-packages/airflow/example_dags/example_task_group_decorator.py
[2024-07-31T08:12:02.186+0000] {processor.py:840} INFO - DAG(s) 'example_task_group_decorator' retrieved from /home/airflow/.local/lib/python3.12/site-packages/airflow/example_dags/example_task_group_decorator.py
[2024-07-31T08:12:02.212+0000] {logging_mixin.py:188} INFO - [2024-07-31T08:12:02.211+0000] {dag.py:3089} INFO - Sync 1 DAGs
[2024-07-31T08:12:02.232+0000] {logging_mixin.py:188} INFO - [2024-07-31T08:12:02.232+0000] {dag.py:3947} INFO - Setting next_dagrun for example_task_group_decorator to 2024-07-30 00:00:00+00:00, run_after=2024-07-31 00:00:00+00:00
[2024-07-31T08:12:02.378+0000] {processor.py:183} INFO - Processing /home/airflow/.local/lib/python3.12/site-packages/airflow/example_dags/example_task_group_decorator.py took 0.211 seconds
