[2024-07-31T07:54:24.349+0000] {processor.py:161} INFO - Started process (PID=60) to work on /home/airflow/.local/lib/python3.12/site-packages/airflow/example_dags/example_branch_python_dop_operator_3.py
[2024-07-31T07:54:24.350+0000] {processor.py:830} INFO - Processing file /home/airflow/.local/lib/python3.12/site-packages/airflow/example_dags/example_branch_python_dop_operator_3.py for tasks to queue
[2024-07-31T07:54:24.351+0000] {logging_mixin.py:188} INFO - [2024-07-31T07:54:24.351+0000] {dagbag.py:545} INFO - Filling up the DagBag from /home/airflow/.local/lib/python3.12/site-packages/airflow/example_dags/example_branch_python_dop_operator_3.py
[2024-07-31T07:54:24.364+0000] {processor.py:840} INFO - DAG(s) 'example_branch_dop_operator_v3' retrieved from /home/airflow/.local/lib/python3.12/site-packages/airflow/example_dags/example_branch_python_dop_operator_3.py
[2024-07-31T07:54:24.376+0000] {logging_mixin.py:188} INFO - [2024-07-31T07:54:24.376+0000] {dag.py:3089} INFO - Sync 1 DAGs
[2024-07-31T07:54:24.405+0000] {logging_mixin.py:188} INFO - [2024-07-31T07:54:24.405+0000] {dag.py:3947} INFO - Setting next_dagrun for example_branch_dop_operator_v3 to 2024-07-31 07:53:00+00:00, run_after=2024-07-31 07:54:00+00:00
[2024-07-31T07:54:24.428+0000] {processor.py:183} INFO - Processing /home/airflow/.local/lib/python3.12/site-packages/airflow/example_dags/example_branch_python_dop_operator_3.py took 0.091 seconds
[2024-07-31T07:54:42.968+0000] {processor.py:161} INFO - Started process (PID=53) to work on /home/airflow/.local/lib/python3.12/site-packages/airflow/example_dags/example_branch_python_dop_operator_3.py
[2024-07-31T07:54:42.968+0000] {processor.py:830} INFO - Processing file /home/airflow/.local/lib/python3.12/site-packages/airflow/example_dags/example_branch_python_dop_operator_3.py for tasks to queue
[2024-07-31T07:54:42.970+0000] {logging_mixin.py:188} INFO - [2024-07-31T07:54:42.969+0000] {dagbag.py:545} INFO - Filling up the DagBag from /home/airflow/.local/lib/python3.12/site-packages/airflow/example_dags/example_branch_python_dop_operator_3.py
[2024-07-31T07:54:42.979+0000] {processor.py:840} INFO - DAG(s) 'example_branch_dop_operator_v3' retrieved from /home/airflow/.local/lib/python3.12/site-packages/airflow/example_dags/example_branch_python_dop_operator_3.py
[2024-07-31T07:54:43.080+0000] {logging_mixin.py:188} INFO - [2024-07-31T07:54:43.080+0000] {dag.py:3089} INFO - Sync 1 DAGs
[2024-07-31T07:54:43.101+0000] {logging_mixin.py:188} INFO - [2024-07-31T07:54:43.100+0000] {dag.py:3947} INFO - Setting next_dagrun for example_branch_dop_operator_v3 to 2024-07-31 07:53:00+00:00, run_after=2024-07-31 07:54:00+00:00
[2024-07-31T07:54:43.119+0000] {processor.py:183} INFO - Processing /home/airflow/.local/lib/python3.12/site-packages/airflow/example_dags/example_branch_python_dop_operator_3.py took 0.162 seconds
[2024-07-31T07:55:13.939+0000] {processor.py:161} INFO - Started process (PID=111) to work on /home/airflow/.local/lib/python3.12/site-packages/airflow/example_dags/example_branch_python_dop_operator_3.py
[2024-07-31T07:55:13.940+0000] {processor.py:830} INFO - Processing file /home/airflow/.local/lib/python3.12/site-packages/airflow/example_dags/example_branch_python_dop_operator_3.py for tasks to queue
[2024-07-31T07:55:13.941+0000] {logging_mixin.py:188} INFO - [2024-07-31T07:55:13.941+0000] {dagbag.py:545} INFO - Filling up the DagBag from /home/airflow/.local/lib/python3.12/site-packages/airflow/example_dags/example_branch_python_dop_operator_3.py
[2024-07-31T07:55:13.948+0000] {processor.py:840} INFO - DAG(s) 'example_branch_dop_operator_v3' retrieved from /home/airflow/.local/lib/python3.12/site-packages/airflow/example_dags/example_branch_python_dop_operator_3.py
[2024-07-31T07:55:13.969+0000] {logging_mixin.py:188} INFO - [2024-07-31T07:55:13.969+0000] {dag.py:3089} INFO - Sync 1 DAGs
[2024-07-31T07:55:13.996+0000] {logging_mixin.py:188} INFO - [2024-07-31T07:55:13.996+0000] {dag.py:3947} INFO - Setting next_dagrun for example_branch_dop_operator_v3 to 2024-07-31 07:54:00+00:00, run_after=2024-07-31 07:55:00+00:00
[2024-07-31T07:55:14.016+0000] {processor.py:183} INFO - Processing /home/airflow/.local/lib/python3.12/site-packages/airflow/example_dags/example_branch_python_dop_operator_3.py took 0.088 seconds
[2024-07-31T07:55:44.275+0000] {processor.py:161} INFO - Started process (PID=169) to work on /home/airflow/.local/lib/python3.12/site-packages/airflow/example_dags/example_branch_python_dop_operator_3.py
[2024-07-31T07:55:44.276+0000] {processor.py:830} INFO - Processing file /home/airflow/.local/lib/python3.12/site-packages/airflow/example_dags/example_branch_python_dop_operator_3.py for tasks to queue
[2024-07-31T07:55:44.278+0000] {logging_mixin.py:188} INFO - [2024-07-31T07:55:44.278+0000] {dagbag.py:545} INFO - Filling up the DagBag from /home/airflow/.local/lib/python3.12/site-packages/airflow/example_dags/example_branch_python_dop_operator_3.py
[2024-07-31T07:55:44.285+0000] {processor.py:840} INFO - DAG(s) 'example_branch_dop_operator_v3' retrieved from /home/airflow/.local/lib/python3.12/site-packages/airflow/example_dags/example_branch_python_dop_operator_3.py
[2024-07-31T07:55:44.304+0000] {logging_mixin.py:188} INFO - [2024-07-31T07:55:44.304+0000] {dag.py:3089} INFO - Sync 1 DAGs
[2024-07-31T07:55:44.327+0000] {logging_mixin.py:188} INFO - [2024-07-31T07:55:44.327+0000] {dag.py:3947} INFO - Setting next_dagrun for example_branch_dop_operator_v3 to 2024-07-31 07:54:00+00:00, run_after=2024-07-31 07:55:00+00:00
[2024-07-31T07:55:44.345+0000] {processor.py:183} INFO - Processing /home/airflow/.local/lib/python3.12/site-packages/airflow/example_dags/example_branch_python_dop_operator_3.py took 0.076 seconds
[2024-07-31T07:56:14.783+0000] {processor.py:161} INFO - Started process (PID=227) to work on /home/airflow/.local/lib/python3.12/site-packages/airflow/example_dags/example_branch_python_dop_operator_3.py
[2024-07-31T07:56:14.784+0000] {processor.py:830} INFO - Processing file /home/airflow/.local/lib/python3.12/site-packages/airflow/example_dags/example_branch_python_dop_operator_3.py for tasks to queue
[2024-07-31T07:56:14.786+0000] {logging_mixin.py:188} INFO - [2024-07-31T07:56:14.785+0000] {dagbag.py:545} INFO - Filling up the DagBag from /home/airflow/.local/lib/python3.12/site-packages/airflow/example_dags/example_branch_python_dop_operator_3.py
[2024-07-31T07:56:14.793+0000] {processor.py:840} INFO - DAG(s) 'example_branch_dop_operator_v3' retrieved from /home/airflow/.local/lib/python3.12/site-packages/airflow/example_dags/example_branch_python_dop_operator_3.py
[2024-07-31T07:56:14.811+0000] {logging_mixin.py:188} INFO - [2024-07-31T07:56:14.811+0000] {dag.py:3089} INFO - Sync 1 DAGs
[2024-07-31T07:56:14.835+0000] {logging_mixin.py:188} INFO - [2024-07-31T07:56:14.834+0000] {dag.py:3947} INFO - Setting next_dagrun for example_branch_dop_operator_v3 to 2024-07-31 07:55:00+00:00, run_after=2024-07-31 07:56:00+00:00
[2024-07-31T07:56:14.852+0000] {processor.py:183} INFO - Processing /home/airflow/.local/lib/python3.12/site-packages/airflow/example_dags/example_branch_python_dop_operator_3.py took 0.074 seconds
[2024-07-31T07:56:44.952+0000] {processor.py:161} INFO - Started process (PID=285) to work on /home/airflow/.local/lib/python3.12/site-packages/airflow/example_dags/example_branch_python_dop_operator_3.py
[2024-07-31T07:56:44.953+0000] {processor.py:830} INFO - Processing file /home/airflow/.local/lib/python3.12/site-packages/airflow/example_dags/example_branch_python_dop_operator_3.py for tasks to queue
[2024-07-31T07:56:44.955+0000] {logging_mixin.py:188} INFO - [2024-07-31T07:56:44.955+0000] {dagbag.py:545} INFO - Filling up the DagBag from /home/airflow/.local/lib/python3.12/site-packages/airflow/example_dags/example_branch_python_dop_operator_3.py
[2024-07-31T07:56:44.962+0000] {processor.py:840} INFO - DAG(s) 'example_branch_dop_operator_v3' retrieved from /home/airflow/.local/lib/python3.12/site-packages/airflow/example_dags/example_branch_python_dop_operator_3.py
[2024-07-31T07:56:44.978+0000] {logging_mixin.py:188} INFO - [2024-07-31T07:56:44.978+0000] {dag.py:3089} INFO - Sync 1 DAGs
[2024-07-31T07:56:45.006+0000] {logging_mixin.py:188} INFO - [2024-07-31T07:56:45.006+0000] {dag.py:3947} INFO - Setting next_dagrun for example_branch_dop_operator_v3 to 2024-07-31 07:55:00+00:00, run_after=2024-07-31 07:56:00+00:00
[2024-07-31T07:56:45.022+0000] {processor.py:183} INFO - Processing /home/airflow/.local/lib/python3.12/site-packages/airflow/example_dags/example_branch_python_dop_operator_3.py took 0.075 seconds
[2024-07-31T07:57:15.135+0000] {processor.py:161} INFO - Started process (PID=343) to work on /home/airflow/.local/lib/python3.12/site-packages/airflow/example_dags/example_branch_python_dop_operator_3.py
[2024-07-31T07:57:15.135+0000] {processor.py:830} INFO - Processing file /home/airflow/.local/lib/python3.12/site-packages/airflow/example_dags/example_branch_python_dop_operator_3.py for tasks to queue
[2024-07-31T07:57:15.137+0000] {logging_mixin.py:188} INFO - [2024-07-31T07:57:15.137+0000] {dagbag.py:545} INFO - Filling up the DagBag from /home/airflow/.local/lib/python3.12/site-packages/airflow/example_dags/example_branch_python_dop_operator_3.py
[2024-07-31T07:57:15.144+0000] {processor.py:840} INFO - DAG(s) 'example_branch_dop_operator_v3' retrieved from /home/airflow/.local/lib/python3.12/site-packages/airflow/example_dags/example_branch_python_dop_operator_3.py
[2024-07-31T07:57:15.167+0000] {logging_mixin.py:188} INFO - [2024-07-31T07:57:15.167+0000] {dag.py:3089} INFO - Sync 1 DAGs
[2024-07-31T07:57:15.194+0000] {logging_mixin.py:188} INFO - [2024-07-31T07:57:15.193+0000] {dag.py:3947} INFO - Setting next_dagrun for example_branch_dop_operator_v3 to 2024-07-31 07:56:00+00:00, run_after=2024-07-31 07:57:00+00:00
[2024-07-31T07:57:15.213+0000] {processor.py:183} INFO - Processing /home/airflow/.local/lib/python3.12/site-packages/airflow/example_dags/example_branch_python_dop_operator_3.py took 0.084 seconds
[2024-07-31T07:57:45.667+0000] {processor.py:161} INFO - Started process (PID=401) to work on /home/airflow/.local/lib/python3.12/site-packages/airflow/example_dags/example_branch_python_dop_operator_3.py
[2024-07-31T07:57:45.668+0000] {processor.py:830} INFO - Processing file /home/airflow/.local/lib/python3.12/site-packages/airflow/example_dags/example_branch_python_dop_operator_3.py for tasks to queue
[2024-07-31T07:57:45.670+0000] {logging_mixin.py:188} INFO - [2024-07-31T07:57:45.670+0000] {dagbag.py:545} INFO - Filling up the DagBag from /home/airflow/.local/lib/python3.12/site-packages/airflow/example_dags/example_branch_python_dop_operator_3.py
[2024-07-31T07:57:45.678+0000] {processor.py:840} INFO - DAG(s) 'example_branch_dop_operator_v3' retrieved from /home/airflow/.local/lib/python3.12/site-packages/airflow/example_dags/example_branch_python_dop_operator_3.py
[2024-07-31T07:57:45.695+0000] {logging_mixin.py:188} INFO - [2024-07-31T07:57:45.695+0000] {dag.py:3089} INFO - Sync 1 DAGs
[2024-07-31T07:57:45.717+0000] {logging_mixin.py:188} INFO - [2024-07-31T07:57:45.717+0000] {dag.py:3947} INFO - Setting next_dagrun for example_branch_dop_operator_v3 to 2024-07-31 07:56:00+00:00, run_after=2024-07-31 07:57:00+00:00
[2024-07-31T07:57:45.733+0000] {processor.py:183} INFO - Processing /home/airflow/.local/lib/python3.12/site-packages/airflow/example_dags/example_branch_python_dop_operator_3.py took 0.072 seconds
[2024-07-31T07:58:48.427+0000] {processor.py:161} INFO - Started process (PID=60) to work on /home/airflow/.local/lib/python3.12/site-packages/airflow/example_dags/example_branch_python_dop_operator_3.py
[2024-07-31T07:58:48.428+0000] {processor.py:830} INFO - Processing file /home/airflow/.local/lib/python3.12/site-packages/airflow/example_dags/example_branch_python_dop_operator_3.py for tasks to queue
[2024-07-31T07:58:48.430+0000] {logging_mixin.py:188} INFO - [2024-07-31T07:58:48.429+0000] {dagbag.py:545} INFO - Filling up the DagBag from /home/airflow/.local/lib/python3.12/site-packages/airflow/example_dags/example_branch_python_dop_operator_3.py
[2024-07-31T07:58:48.444+0000] {processor.py:840} INFO - DAG(s) 'example_branch_dop_operator_v3' retrieved from /home/airflow/.local/lib/python3.12/site-packages/airflow/example_dags/example_branch_python_dop_operator_3.py
[2024-07-31T07:58:48.458+0000] {logging_mixin.py:188} INFO - [2024-07-31T07:58:48.457+0000] {dag.py:3089} INFO - Sync 1 DAGs
[2024-07-31T07:58:48.495+0000] {logging_mixin.py:188} INFO - [2024-07-31T07:58:48.495+0000] {dag.py:3947} INFO - Setting next_dagrun for example_branch_dop_operator_v3 to 2024-07-31 07:57:00+00:00, run_after=2024-07-31 07:58:00+00:00
[2024-07-31T07:58:48.519+0000] {processor.py:183} INFO - Processing /home/airflow/.local/lib/python3.12/site-packages/airflow/example_dags/example_branch_python_dop_operator_3.py took 0.098 seconds
[2024-07-31T07:59:19.391+0000] {processor.py:161} INFO - Started process (PID=118) to work on /home/airflow/.local/lib/python3.12/site-packages/airflow/example_dags/example_branch_python_dop_operator_3.py
[2024-07-31T07:59:19.392+0000] {processor.py:830} INFO - Processing file /home/airflow/.local/lib/python3.12/site-packages/airflow/example_dags/example_branch_python_dop_operator_3.py for tasks to queue
[2024-07-31T07:59:19.395+0000] {logging_mixin.py:188} INFO - [2024-07-31T07:59:19.395+0000] {dagbag.py:545} INFO - Filling up the DagBag from /home/airflow/.local/lib/python3.12/site-packages/airflow/example_dags/example_branch_python_dop_operator_3.py
[2024-07-31T07:59:19.402+0000] {processor.py:840} INFO - DAG(s) 'example_branch_dop_operator_v3' retrieved from /home/airflow/.local/lib/python3.12/site-packages/airflow/example_dags/example_branch_python_dop_operator_3.py
[2024-07-31T07:59:19.497+0000] {logging_mixin.py:188} INFO - [2024-07-31T07:59:19.497+0000] {dag.py:3089} INFO - Sync 1 DAGs
[2024-07-31T07:59:19.519+0000] {logging_mixin.py:188} INFO - [2024-07-31T07:59:19.519+0000] {dag.py:3947} INFO - Setting next_dagrun for example_branch_dop_operator_v3 to 2024-07-31 07:58:00+00:00, run_after=2024-07-31 07:59:00+00:00
[2024-07-31T07:59:19.539+0000] {processor.py:183} INFO - Processing /home/airflow/.local/lib/python3.12/site-packages/airflow/example_dags/example_branch_python_dop_operator_3.py took 0.159 seconds
[2024-07-31T07:59:50.396+0000] {processor.py:161} INFO - Started process (PID=176) to work on /home/airflow/.local/lib/python3.12/site-packages/airflow/example_dags/example_branch_python_dop_operator_3.py
[2024-07-31T07:59:50.397+0000] {processor.py:830} INFO - Processing file /home/airflow/.local/lib/python3.12/site-packages/airflow/example_dags/example_branch_python_dop_operator_3.py for tasks to queue
[2024-07-31T07:59:50.399+0000] {logging_mixin.py:188} INFO - [2024-07-31T07:59:50.398+0000] {dagbag.py:545} INFO - Filling up the DagBag from /home/airflow/.local/lib/python3.12/site-packages/airflow/example_dags/example_branch_python_dop_operator_3.py
[2024-07-31T07:59:50.406+0000] {processor.py:840} INFO - DAG(s) 'example_branch_dop_operator_v3' retrieved from /home/airflow/.local/lib/python3.12/site-packages/airflow/example_dags/example_branch_python_dop_operator_3.py
[2024-07-31T07:59:50.425+0000] {logging_mixin.py:188} INFO - [2024-07-31T07:59:50.424+0000] {dag.py:3089} INFO - Sync 1 DAGs
[2024-07-31T07:59:50.447+0000] {logging_mixin.py:188} INFO - [2024-07-31T07:59:50.446+0000] {dag.py:3947} INFO - Setting next_dagrun for example_branch_dop_operator_v3 to 2024-07-31 07:58:00+00:00, run_after=2024-07-31 07:59:00+00:00
[2024-07-31T07:59:50.465+0000] {processor.py:183} INFO - Processing /home/airflow/.local/lib/python3.12/site-packages/airflow/example_dags/example_branch_python_dop_operator_3.py took 0.076 seconds
[2024-07-31T08:00:20.566+0000] {processor.py:161} INFO - Started process (PID=240) to work on /home/airflow/.local/lib/python3.12/site-packages/airflow/example_dags/example_branch_python_dop_operator_3.py
[2024-07-31T08:00:20.567+0000] {processor.py:830} INFO - Processing file /home/airflow/.local/lib/python3.12/site-packages/airflow/example_dags/example_branch_python_dop_operator_3.py for tasks to queue
[2024-07-31T08:00:20.569+0000] {logging_mixin.py:188} INFO - [2024-07-31T08:00:20.568+0000] {dagbag.py:545} INFO - Filling up the DagBag from /home/airflow/.local/lib/python3.12/site-packages/airflow/example_dags/example_branch_python_dop_operator_3.py
[2024-07-31T08:00:20.576+0000] {processor.py:840} INFO - DAG(s) 'example_branch_dop_operator_v3' retrieved from /home/airflow/.local/lib/python3.12/site-packages/airflow/example_dags/example_branch_python_dop_operator_3.py
[2024-07-31T08:00:20.595+0000] {logging_mixin.py:188} INFO - [2024-07-31T08:00:20.595+0000] {dag.py:3089} INFO - Sync 1 DAGs
[2024-07-31T08:00:20.617+0000] {logging_mixin.py:188} INFO - [2024-07-31T08:00:20.617+0000] {dag.py:3947} INFO - Setting next_dagrun for example_branch_dop_operator_v3 to 2024-07-31 07:59:00+00:00, run_after=2024-07-31 08:00:00+00:00
[2024-07-31T08:00:20.633+0000] {processor.py:183} INFO - Processing /home/airflow/.local/lib/python3.12/site-packages/airflow/example_dags/example_branch_python_dop_operator_3.py took 0.073 seconds
[2024-07-31T08:00:51.045+0000] {processor.py:161} INFO - Started process (PID=298) to work on /home/airflow/.local/lib/python3.12/site-packages/airflow/example_dags/example_branch_python_dop_operator_3.py
[2024-07-31T08:00:51.046+0000] {processor.py:830} INFO - Processing file /home/airflow/.local/lib/python3.12/site-packages/airflow/example_dags/example_branch_python_dop_operator_3.py for tasks to queue
[2024-07-31T08:00:51.048+0000] {logging_mixin.py:188} INFO - [2024-07-31T08:00:51.047+0000] {dagbag.py:545} INFO - Filling up the DagBag from /home/airflow/.local/lib/python3.12/site-packages/airflow/example_dags/example_branch_python_dop_operator_3.py
[2024-07-31T08:00:51.054+0000] {processor.py:840} INFO - DAG(s) 'example_branch_dop_operator_v3' retrieved from /home/airflow/.local/lib/python3.12/site-packages/airflow/example_dags/example_branch_python_dop_operator_3.py
[2024-07-31T08:00:51.075+0000] {logging_mixin.py:188} INFO - [2024-07-31T08:00:51.074+0000] {dag.py:3089} INFO - Sync 1 DAGs
[2024-07-31T08:00:51.098+0000] {logging_mixin.py:188} INFO - [2024-07-31T08:00:51.098+0000] {dag.py:3947} INFO - Setting next_dagrun for example_branch_dop_operator_v3 to 2024-07-31 07:59:00+00:00, run_after=2024-07-31 08:00:00+00:00
[2024-07-31T08:00:51.115+0000] {processor.py:183} INFO - Processing /home/airflow/.local/lib/python3.12/site-packages/airflow/example_dags/example_branch_python_dop_operator_3.py took 0.075 seconds
[2024-07-31T08:01:21.424+0000] {processor.py:161} INFO - Started process (PID=356) to work on /home/airflow/.local/lib/python3.12/site-packages/airflow/example_dags/example_branch_python_dop_operator_3.py
[2024-07-31T08:01:21.425+0000] {processor.py:830} INFO - Processing file /home/airflow/.local/lib/python3.12/site-packages/airflow/example_dags/example_branch_python_dop_operator_3.py for tasks to queue
[2024-07-31T08:01:21.426+0000] {logging_mixin.py:188} INFO - [2024-07-31T08:01:21.426+0000] {dagbag.py:545} INFO - Filling up the DagBag from /home/airflow/.local/lib/python3.12/site-packages/airflow/example_dags/example_branch_python_dop_operator_3.py
[2024-07-31T08:01:21.433+0000] {processor.py:840} INFO - DAG(s) 'example_branch_dop_operator_v3' retrieved from /home/airflow/.local/lib/python3.12/site-packages/airflow/example_dags/example_branch_python_dop_operator_3.py
[2024-07-31T08:01:21.453+0000] {logging_mixin.py:188} INFO - [2024-07-31T08:01:21.452+0000] {dag.py:3089} INFO - Sync 1 DAGs
[2024-07-31T08:01:21.474+0000] {logging_mixin.py:188} INFO - [2024-07-31T08:01:21.474+0000] {dag.py:3947} INFO - Setting next_dagrun for example_branch_dop_operator_v3 to 2024-07-31 08:00:00+00:00, run_after=2024-07-31 08:01:00+00:00
[2024-07-31T08:01:21.490+0000] {processor.py:183} INFO - Processing /home/airflow/.local/lib/python3.12/site-packages/airflow/example_dags/example_branch_python_dop_operator_3.py took 0.074 seconds
[2024-07-31T08:01:51.565+0000] {processor.py:161} INFO - Started process (PID=414) to work on /home/airflow/.local/lib/python3.12/site-packages/airflow/example_dags/example_branch_python_dop_operator_3.py
[2024-07-31T08:01:51.566+0000] {processor.py:830} INFO - Processing file /home/airflow/.local/lib/python3.12/site-packages/airflow/example_dags/example_branch_python_dop_operator_3.py for tasks to queue
[2024-07-31T08:01:51.567+0000] {logging_mixin.py:188} INFO - [2024-07-31T08:01:51.567+0000] {dagbag.py:545} INFO - Filling up the DagBag from /home/airflow/.local/lib/python3.12/site-packages/airflow/example_dags/example_branch_python_dop_operator_3.py
[2024-07-31T08:01:51.574+0000] {processor.py:840} INFO - DAG(s) 'example_branch_dop_operator_v3' retrieved from /home/airflow/.local/lib/python3.12/site-packages/airflow/example_dags/example_branch_python_dop_operator_3.py
[2024-07-31T08:01:51.592+0000] {logging_mixin.py:188} INFO - [2024-07-31T08:01:51.592+0000] {dag.py:3089} INFO - Sync 1 DAGs
[2024-07-31T08:01:51.615+0000] {logging_mixin.py:188} INFO - [2024-07-31T08:01:51.614+0000] {dag.py:3947} INFO - Setting next_dagrun for example_branch_dop_operator_v3 to 2024-07-31 08:00:00+00:00, run_after=2024-07-31 08:01:00+00:00
[2024-07-31T08:01:51.632+0000] {processor.py:183} INFO - Processing /home/airflow/.local/lib/python3.12/site-packages/airflow/example_dags/example_branch_python_dop_operator_3.py took 0.077 seconds
[2024-07-31T08:02:21.823+0000] {processor.py:161} INFO - Started process (PID=472) to work on /home/airflow/.local/lib/python3.12/site-packages/airflow/example_dags/example_branch_python_dop_operator_3.py
[2024-07-31T08:02:21.824+0000] {processor.py:830} INFO - Processing file /home/airflow/.local/lib/python3.12/site-packages/airflow/example_dags/example_branch_python_dop_operator_3.py for tasks to queue
[2024-07-31T08:02:21.826+0000] {logging_mixin.py:188} INFO - [2024-07-31T08:02:21.825+0000] {dagbag.py:545} INFO - Filling up the DagBag from /home/airflow/.local/lib/python3.12/site-packages/airflow/example_dags/example_branch_python_dop_operator_3.py
[2024-07-31T08:02:21.836+0000] {processor.py:840} INFO - DAG(s) 'example_branch_dop_operator_v3' retrieved from /home/airflow/.local/lib/python3.12/site-packages/airflow/example_dags/example_branch_python_dop_operator_3.py
[2024-07-31T08:02:21.856+0000] {logging_mixin.py:188} INFO - [2024-07-31T08:02:21.856+0000] {dag.py:3089} INFO - Sync 1 DAGs
[2024-07-31T08:02:21.880+0000] {logging_mixin.py:188} INFO - [2024-07-31T08:02:21.880+0000] {dag.py:3947} INFO - Setting next_dagrun for example_branch_dop_operator_v3 to 2024-07-31 08:01:00+00:00, run_after=2024-07-31 08:02:00+00:00
[2024-07-31T08:02:21.898+0000] {processor.py:183} INFO - Processing /home/airflow/.local/lib/python3.12/site-packages/airflow/example_dags/example_branch_python_dop_operator_3.py took 0.080 seconds
[2024-07-31T08:02:52.152+0000] {processor.py:161} INFO - Started process (PID=530) to work on /home/airflow/.local/lib/python3.12/site-packages/airflow/example_dags/example_branch_python_dop_operator_3.py
[2024-07-31T08:02:52.153+0000] {processor.py:830} INFO - Processing file /home/airflow/.local/lib/python3.12/site-packages/airflow/example_dags/example_branch_python_dop_operator_3.py for tasks to queue
[2024-07-31T08:02:52.155+0000] {logging_mixin.py:188} INFO - [2024-07-31T08:02:52.155+0000] {dagbag.py:545} INFO - Filling up the DagBag from /home/airflow/.local/lib/python3.12/site-packages/airflow/example_dags/example_branch_python_dop_operator_3.py
[2024-07-31T08:02:52.165+0000] {processor.py:840} INFO - DAG(s) 'example_branch_dop_operator_v3' retrieved from /home/airflow/.local/lib/python3.12/site-packages/airflow/example_dags/example_branch_python_dop_operator_3.py
[2024-07-31T08:02:52.188+0000] {logging_mixin.py:188} INFO - [2024-07-31T08:02:52.187+0000] {dag.py:3089} INFO - Sync 1 DAGs
[2024-07-31T08:02:52.214+0000] {logging_mixin.py:188} INFO - [2024-07-31T08:02:52.213+0000] {dag.py:3947} INFO - Setting next_dagrun for example_branch_dop_operator_v3 to 2024-07-31 08:01:00+00:00, run_after=2024-07-31 08:02:00+00:00
[2024-07-31T08:02:52.232+0000] {processor.py:183} INFO - Processing /home/airflow/.local/lib/python3.12/site-packages/airflow/example_dags/example_branch_python_dop_operator_3.py took 0.086 seconds
