[2024-07-31T07:54:25.886+0000] {processor.py:161} INFO - Started process (PID=83) to work on /home/airflow/.local/lib/python3.12/site-packages/airflow/example_dags/example_short_circuit_operator.py
[2024-07-31T07:54:25.887+0000] {processor.py:830} INFO - Processing file /home/airflow/.local/lib/python3.12/site-packages/airflow/example_dags/example_short_circuit_operator.py for tasks to queue
[2024-07-31T07:54:25.889+0000] {logging_mixin.py:188} INFO - [2024-07-31T07:54:25.888+0000] {dagbag.py:545} INFO - Filling up the DagBag from /home/airflow/.local/lib/python3.12/site-packages/airflow/example_dags/example_short_circuit_operator.py
[2024-07-31T07:54:25.901+0000] {processor.py:840} INFO - DAG(s) 'example_short_circuit_operator' retrieved from /home/airflow/.local/lib/python3.12/site-packages/airflow/example_dags/example_short_circuit_operator.py
[2024-07-31T07:54:25.913+0000] {logging_mixin.py:188} INFO - [2024-07-31T07:54:25.912+0000] {dag.py:3089} INFO - Sync 1 DAGs
[2024-07-31T07:54:25.939+0000] {logging_mixin.py:188} INFO - [2024-07-31T07:54:25.938+0000] {dag.py:3947} INFO - Setting next_dagrun for example_short_circuit_operator to 2024-07-30 00:00:00+00:00, run_after=2024-07-31 00:00:00+00:00
[2024-07-31T07:54:25.964+0000] {processor.py:183} INFO - Processing /home/airflow/.local/lib/python3.12/site-packages/airflow/example_dags/example_short_circuit_operator.py took 0.084 seconds
[2024-07-31T07:54:46.037+0000] {processor.py:161} INFO - Started process (PID=82) to work on /home/airflow/.local/lib/python3.12/site-packages/airflow/example_dags/example_short_circuit_operator.py
[2024-07-31T07:54:46.038+0000] {processor.py:830} INFO - Processing file /home/airflow/.local/lib/python3.12/site-packages/airflow/example_dags/example_short_circuit_operator.py for tasks to queue
[2024-07-31T07:54:46.040+0000] {logging_mixin.py:188} INFO - [2024-07-31T07:54:46.040+0000] {dagbag.py:545} INFO - Filling up the DagBag from /home/airflow/.local/lib/python3.12/site-packages/airflow/example_dags/example_short_circuit_operator.py
[2024-07-31T07:54:46.050+0000] {processor.py:840} INFO - DAG(s) 'example_short_circuit_operator' retrieved from /home/airflow/.local/lib/python3.12/site-packages/airflow/example_dags/example_short_circuit_operator.py
[2024-07-31T07:54:46.181+0000] {logging_mixin.py:188} INFO - [2024-07-31T07:54:46.181+0000] {dag.py:3089} INFO - Sync 1 DAGs
[2024-07-31T07:54:46.208+0000] {logging_mixin.py:188} INFO - [2024-07-31T07:54:46.208+0000] {dag.py:3947} INFO - Setting next_dagrun for example_short_circuit_operator to 2024-07-30 00:00:00+00:00, run_after=2024-07-31 00:00:00+00:00
[2024-07-31T07:54:46.234+0000] {processor.py:183} INFO - Processing /home/airflow/.local/lib/python3.12/site-packages/airflow/example_dags/example_short_circuit_operator.py took 0.203 seconds
[2024-07-31T07:55:16.314+0000] {processor.py:161} INFO - Started process (PID=140) to work on /home/airflow/.local/lib/python3.12/site-packages/airflow/example_dags/example_short_circuit_operator.py
[2024-07-31T07:55:16.314+0000] {processor.py:830} INFO - Processing file /home/airflow/.local/lib/python3.12/site-packages/airflow/example_dags/example_short_circuit_operator.py for tasks to queue
[2024-07-31T07:55:16.316+0000] {logging_mixin.py:188} INFO - [2024-07-31T07:55:16.316+0000] {dagbag.py:545} INFO - Filling up the DagBag from /home/airflow/.local/lib/python3.12/site-packages/airflow/example_dags/example_short_circuit_operator.py
[2024-07-31T07:55:16.324+0000] {processor.py:840} INFO - DAG(s) 'example_short_circuit_operator' retrieved from /home/airflow/.local/lib/python3.12/site-packages/airflow/example_dags/example_short_circuit_operator.py
[2024-07-31T07:55:16.350+0000] {logging_mixin.py:188} INFO - [2024-07-31T07:55:16.350+0000] {dag.py:3089} INFO - Sync 1 DAGs
[2024-07-31T07:55:16.373+0000] {logging_mixin.py:188} INFO - [2024-07-31T07:55:16.373+0000] {dag.py:3947} INFO - Setting next_dagrun for example_short_circuit_operator to 2024-07-30 00:00:00+00:00, run_after=2024-07-31 00:00:00+00:00
[2024-07-31T07:55:16.393+0000] {processor.py:183} INFO - Processing /home/airflow/.local/lib/python3.12/site-packages/airflow/example_dags/example_short_circuit_operator.py took 0.085 seconds
[2024-07-31T07:55:46.656+0000] {processor.py:161} INFO - Started process (PID=198) to work on /home/airflow/.local/lib/python3.12/site-packages/airflow/example_dags/example_short_circuit_operator.py
[2024-07-31T07:55:46.657+0000] {processor.py:830} INFO - Processing file /home/airflow/.local/lib/python3.12/site-packages/airflow/example_dags/example_short_circuit_operator.py for tasks to queue
[2024-07-31T07:55:46.659+0000] {logging_mixin.py:188} INFO - [2024-07-31T07:55:46.658+0000] {dagbag.py:545} INFO - Filling up the DagBag from /home/airflow/.local/lib/python3.12/site-packages/airflow/example_dags/example_short_circuit_operator.py
[2024-07-31T07:55:46.665+0000] {processor.py:840} INFO - DAG(s) 'example_short_circuit_operator' retrieved from /home/airflow/.local/lib/python3.12/site-packages/airflow/example_dags/example_short_circuit_operator.py
[2024-07-31T07:55:46.693+0000] {logging_mixin.py:188} INFO - [2024-07-31T07:55:46.693+0000] {dag.py:3089} INFO - Sync 1 DAGs
[2024-07-31T07:55:46.714+0000] {logging_mixin.py:188} INFO - [2024-07-31T07:55:46.713+0000] {dag.py:3947} INFO - Setting next_dagrun for example_short_circuit_operator to 2024-07-30 00:00:00+00:00, run_after=2024-07-31 00:00:00+00:00
[2024-07-31T07:55:46.729+0000] {processor.py:183} INFO - Processing /home/airflow/.local/lib/python3.12/site-packages/airflow/example_dags/example_short_circuit_operator.py took 0.078 seconds
[2024-07-31T07:56:17.285+0000] {processor.py:161} INFO - Started process (PID=256) to work on /home/airflow/.local/lib/python3.12/site-packages/airflow/example_dags/example_short_circuit_operator.py
[2024-07-31T07:56:17.286+0000] {processor.py:830} INFO - Processing file /home/airflow/.local/lib/python3.12/site-packages/airflow/example_dags/example_short_circuit_operator.py for tasks to queue
[2024-07-31T07:56:17.287+0000] {logging_mixin.py:188} INFO - [2024-07-31T07:56:17.287+0000] {dagbag.py:545} INFO - Filling up the DagBag from /home/airflow/.local/lib/python3.12/site-packages/airflow/example_dags/example_short_circuit_operator.py
[2024-07-31T07:56:17.293+0000] {processor.py:840} INFO - DAG(s) 'example_short_circuit_operator' retrieved from /home/airflow/.local/lib/python3.12/site-packages/airflow/example_dags/example_short_circuit_operator.py
[2024-07-31T07:56:17.315+0000] {logging_mixin.py:188} INFO - [2024-07-31T07:56:17.315+0000] {dag.py:3089} INFO - Sync 1 DAGs
[2024-07-31T07:56:17.337+0000] {logging_mixin.py:188} INFO - [2024-07-31T07:56:17.337+0000] {dag.py:3947} INFO - Setting next_dagrun for example_short_circuit_operator to 2024-07-30 00:00:00+00:00, run_after=2024-07-31 00:00:00+00:00
[2024-07-31T07:56:17.354+0000] {processor.py:183} INFO - Processing /home/airflow/.local/lib/python3.12/site-packages/airflow/example_dags/example_short_circuit_operator.py took 0.078 seconds
[2024-07-31T07:56:47.411+0000] {processor.py:161} INFO - Started process (PID=314) to work on /home/airflow/.local/lib/python3.12/site-packages/airflow/example_dags/example_short_circuit_operator.py
[2024-07-31T07:56:47.412+0000] {processor.py:830} INFO - Processing file /home/airflow/.local/lib/python3.12/site-packages/airflow/example_dags/example_short_circuit_operator.py for tasks to queue
[2024-07-31T07:56:47.413+0000] {logging_mixin.py:188} INFO - [2024-07-31T07:56:47.413+0000] {dagbag.py:545} INFO - Filling up the DagBag from /home/airflow/.local/lib/python3.12/site-packages/airflow/example_dags/example_short_circuit_operator.py
[2024-07-31T07:56:47.420+0000] {processor.py:840} INFO - DAG(s) 'example_short_circuit_operator' retrieved from /home/airflow/.local/lib/python3.12/site-packages/airflow/example_dags/example_short_circuit_operator.py
[2024-07-31T07:56:47.443+0000] {logging_mixin.py:188} INFO - [2024-07-31T07:56:47.443+0000] {dag.py:3089} INFO - Sync 1 DAGs
[2024-07-31T07:56:47.470+0000] {logging_mixin.py:188} INFO - [2024-07-31T07:56:47.469+0000] {dag.py:3947} INFO - Setting next_dagrun for example_short_circuit_operator to 2024-07-30 00:00:00+00:00, run_after=2024-07-31 00:00:00+00:00
[2024-07-31T07:56:47.493+0000] {processor.py:183} INFO - Processing /home/airflow/.local/lib/python3.12/site-packages/airflow/example_dags/example_short_circuit_operator.py took 0.088 seconds
[2024-07-31T07:57:17.807+0000] {processor.py:161} INFO - Started process (PID=372) to work on /home/airflow/.local/lib/python3.12/site-packages/airflow/example_dags/example_short_circuit_operator.py
[2024-07-31T07:57:17.808+0000] {processor.py:830} INFO - Processing file /home/airflow/.local/lib/python3.12/site-packages/airflow/example_dags/example_short_circuit_operator.py for tasks to queue
[2024-07-31T07:57:17.809+0000] {logging_mixin.py:188} INFO - [2024-07-31T07:57:17.809+0000] {dagbag.py:545} INFO - Filling up the DagBag from /home/airflow/.local/lib/python3.12/site-packages/airflow/example_dags/example_short_circuit_operator.py
[2024-07-31T07:57:17.815+0000] {processor.py:840} INFO - DAG(s) 'example_short_circuit_operator' retrieved from /home/airflow/.local/lib/python3.12/site-packages/airflow/example_dags/example_short_circuit_operator.py
[2024-07-31T07:57:17.839+0000] {logging_mixin.py:188} INFO - [2024-07-31T07:57:17.839+0000] {dag.py:3089} INFO - Sync 1 DAGs
[2024-07-31T07:57:17.859+0000] {logging_mixin.py:188} INFO - [2024-07-31T07:57:17.859+0000] {dag.py:3947} INFO - Setting next_dagrun for example_short_circuit_operator to 2024-07-30 00:00:00+00:00, run_after=2024-07-31 00:00:00+00:00
[2024-07-31T07:57:17.876+0000] {processor.py:183} INFO - Processing /home/airflow/.local/lib/python3.12/site-packages/airflow/example_dags/example_short_circuit_operator.py took 0.074 seconds
[2024-07-31T07:57:47.947+0000] {processor.py:161} INFO - Started process (PID=430) to work on /home/airflow/.local/lib/python3.12/site-packages/airflow/example_dags/example_short_circuit_operator.py
[2024-07-31T07:57:47.948+0000] {processor.py:830} INFO - Processing file /home/airflow/.local/lib/python3.12/site-packages/airflow/example_dags/example_short_circuit_operator.py for tasks to queue
[2024-07-31T07:57:47.950+0000] {logging_mixin.py:188} INFO - [2024-07-31T07:57:47.949+0000] {dagbag.py:545} INFO - Filling up the DagBag from /home/airflow/.local/lib/python3.12/site-packages/airflow/example_dags/example_short_circuit_operator.py
[2024-07-31T07:57:47.961+0000] {processor.py:840} INFO - DAG(s) 'example_short_circuit_operator' retrieved from /home/airflow/.local/lib/python3.12/site-packages/airflow/example_dags/example_short_circuit_operator.py
[2024-07-31T07:57:47.996+0000] {logging_mixin.py:188} INFO - [2024-07-31T07:57:47.995+0000] {dag.py:3089} INFO - Sync 1 DAGs
[2024-07-31T07:57:48.022+0000] {logging_mixin.py:188} INFO - [2024-07-31T07:57:48.022+0000] {dag.py:3947} INFO - Setting next_dagrun for example_short_circuit_operator to 2024-07-30 00:00:00+00:00, run_after=2024-07-31 00:00:00+00:00
[2024-07-31T07:57:48.043+0000] {processor.py:183} INFO - Processing /home/airflow/.local/lib/python3.12/site-packages/airflow/example_dags/example_short_circuit_operator.py took 0.103 seconds
[2024-07-31T07:58:49.983+0000] {processor.py:161} INFO - Started process (PID=83) to work on /home/airflow/.local/lib/python3.12/site-packages/airflow/example_dags/example_short_circuit_operator.py
[2024-07-31T07:58:49.984+0000] {processor.py:830} INFO - Processing file /home/airflow/.local/lib/python3.12/site-packages/airflow/example_dags/example_short_circuit_operator.py for tasks to queue
[2024-07-31T07:58:49.985+0000] {logging_mixin.py:188} INFO - [2024-07-31T07:58:49.985+0000] {dagbag.py:545} INFO - Filling up the DagBag from /home/airflow/.local/lib/python3.12/site-packages/airflow/example_dags/example_short_circuit_operator.py
[2024-07-31T07:58:49.998+0000] {processor.py:840} INFO - DAG(s) 'example_short_circuit_operator' retrieved from /home/airflow/.local/lib/python3.12/site-packages/airflow/example_dags/example_short_circuit_operator.py
[2024-07-31T07:58:50.014+0000] {logging_mixin.py:188} INFO - [2024-07-31T07:58:50.014+0000] {dag.py:3089} INFO - Sync 1 DAGs
[2024-07-31T07:58:50.041+0000] {logging_mixin.py:188} INFO - [2024-07-31T07:58:50.041+0000] {dag.py:3947} INFO - Setting next_dagrun for example_short_circuit_operator to 2024-07-30 00:00:00+00:00, run_after=2024-07-31 00:00:00+00:00
[2024-07-31T07:58:50.068+0000] {processor.py:183} INFO - Processing /home/airflow/.local/lib/python3.12/site-packages/airflow/example_dags/example_short_circuit_operator.py took 0.092 seconds
[2024-07-31T07:59:21.843+0000] {processor.py:161} INFO - Started process (PID=147) to work on /home/airflow/.local/lib/python3.12/site-packages/airflow/example_dags/example_short_circuit_operator.py
[2024-07-31T07:59:21.844+0000] {processor.py:830} INFO - Processing file /home/airflow/.local/lib/python3.12/site-packages/airflow/example_dags/example_short_circuit_operator.py for tasks to queue
[2024-07-31T07:59:21.845+0000] {logging_mixin.py:188} INFO - [2024-07-31T07:59:21.845+0000] {dagbag.py:545} INFO - Filling up the DagBag from /home/airflow/.local/lib/python3.12/site-packages/airflow/example_dags/example_short_circuit_operator.py
[2024-07-31T07:59:21.851+0000] {processor.py:840} INFO - DAG(s) 'example_short_circuit_operator' retrieved from /home/airflow/.local/lib/python3.12/site-packages/airflow/example_dags/example_short_circuit_operator.py
[2024-07-31T07:59:21.954+0000] {logging_mixin.py:188} INFO - [2024-07-31T07:59:21.954+0000] {dag.py:3089} INFO - Sync 1 DAGs
[2024-07-31T07:59:21.974+0000] {logging_mixin.py:188} INFO - [2024-07-31T07:59:21.973+0000] {dag.py:3947} INFO - Setting next_dagrun for example_short_circuit_operator to 2024-07-30 00:00:00+00:00, run_after=2024-07-31 00:00:00+00:00
[2024-07-31T07:59:21.994+0000] {processor.py:183} INFO - Processing /home/airflow/.local/lib/python3.12/site-packages/airflow/example_dags/example_short_circuit_operator.py took 0.158 seconds
[2024-07-31T07:59:52.051+0000] {processor.py:161} INFO - Started process (PID=205) to work on /home/airflow/.local/lib/python3.12/site-packages/airflow/example_dags/example_short_circuit_operator.py
[2024-07-31T07:59:52.052+0000] {processor.py:830} INFO - Processing file /home/airflow/.local/lib/python3.12/site-packages/airflow/example_dags/example_short_circuit_operator.py for tasks to queue
[2024-07-31T07:59:52.053+0000] {logging_mixin.py:188} INFO - [2024-07-31T07:59:52.053+0000] {dagbag.py:545} INFO - Filling up the DagBag from /home/airflow/.local/lib/python3.12/site-packages/airflow/example_dags/example_short_circuit_operator.py
[2024-07-31T07:59:52.059+0000] {processor.py:840} INFO - DAG(s) 'example_short_circuit_operator' retrieved from /home/airflow/.local/lib/python3.12/site-packages/airflow/example_dags/example_short_circuit_operator.py
[2024-07-31T07:59:52.082+0000] {logging_mixin.py:188} INFO - [2024-07-31T07:59:52.082+0000] {dag.py:3089} INFO - Sync 1 DAGs
[2024-07-31T07:59:52.104+0000] {logging_mixin.py:188} INFO - [2024-07-31T07:59:52.104+0000] {dag.py:3947} INFO - Setting next_dagrun for example_short_circuit_operator to 2024-07-30 00:00:00+00:00, run_after=2024-07-31 00:00:00+00:00
[2024-07-31T07:59:52.121+0000] {processor.py:183} INFO - Processing /home/airflow/.local/lib/python3.12/site-packages/airflow/example_dags/example_short_circuit_operator.py took 0.081 seconds
[2024-07-31T08:00:22.991+0000] {processor.py:161} INFO - Started process (PID=263) to work on /home/airflow/.local/lib/python3.12/site-packages/airflow/example_dags/example_short_circuit_operator.py
[2024-07-31T08:00:22.992+0000] {processor.py:830} INFO - Processing file /home/airflow/.local/lib/python3.12/site-packages/airflow/example_dags/example_short_circuit_operator.py for tasks to queue
[2024-07-31T08:00:22.994+0000] {logging_mixin.py:188} INFO - [2024-07-31T08:00:22.994+0000] {dagbag.py:545} INFO - Filling up the DagBag from /home/airflow/.local/lib/python3.12/site-packages/airflow/example_dags/example_short_circuit_operator.py
[2024-07-31T08:00:23.000+0000] {processor.py:840} INFO - DAG(s) 'example_short_circuit_operator' retrieved from /home/airflow/.local/lib/python3.12/site-packages/airflow/example_dags/example_short_circuit_operator.py
[2024-07-31T08:00:23.024+0000] {logging_mixin.py:188} INFO - [2024-07-31T08:00:23.024+0000] {dag.py:3089} INFO - Sync 1 DAGs
[2024-07-31T08:00:23.046+0000] {logging_mixin.py:188} INFO - [2024-07-31T08:00:23.046+0000] {dag.py:3947} INFO - Setting next_dagrun for example_short_circuit_operator to 2024-07-30 00:00:00+00:00, run_after=2024-07-31 00:00:00+00:00
[2024-07-31T08:00:23.065+0000] {processor.py:183} INFO - Processing /home/airflow/.local/lib/python3.12/site-packages/airflow/example_dags/example_short_circuit_operator.py took 0.083 seconds
[2024-07-31T08:00:53.437+0000] {processor.py:161} INFO - Started process (PID=321) to work on /home/airflow/.local/lib/python3.12/site-packages/airflow/example_dags/example_short_circuit_operator.py
[2024-07-31T08:00:53.438+0000] {processor.py:830} INFO - Processing file /home/airflow/.local/lib/python3.12/site-packages/airflow/example_dags/example_short_circuit_operator.py for tasks to queue
[2024-07-31T08:00:53.439+0000] {logging_mixin.py:188} INFO - [2024-07-31T08:00:53.439+0000] {dagbag.py:545} INFO - Filling up the DagBag from /home/airflow/.local/lib/python3.12/site-packages/airflow/example_dags/example_short_circuit_operator.py
[2024-07-31T08:00:53.445+0000] {processor.py:840} INFO - DAG(s) 'example_short_circuit_operator' retrieved from /home/airflow/.local/lib/python3.12/site-packages/airflow/example_dags/example_short_circuit_operator.py
[2024-07-31T08:00:53.469+0000] {logging_mixin.py:188} INFO - [2024-07-31T08:00:53.469+0000] {dag.py:3089} INFO - Sync 1 DAGs
[2024-07-31T08:00:53.491+0000] {logging_mixin.py:188} INFO - [2024-07-31T08:00:53.491+0000] {dag.py:3947} INFO - Setting next_dagrun for example_short_circuit_operator to 2024-07-30 00:00:00+00:00, run_after=2024-07-31 00:00:00+00:00
[2024-07-31T08:00:53.508+0000] {processor.py:183} INFO - Processing /home/airflow/.local/lib/python3.12/site-packages/airflow/example_dags/example_short_circuit_operator.py took 0.080 seconds
[2024-07-31T08:01:23.702+0000] {processor.py:161} INFO - Started process (PID=379) to work on /home/airflow/.local/lib/python3.12/site-packages/airflow/example_dags/example_short_circuit_operator.py
[2024-07-31T08:01:23.703+0000] {processor.py:830} INFO - Processing file /home/airflow/.local/lib/python3.12/site-packages/airflow/example_dags/example_short_circuit_operator.py for tasks to queue
[2024-07-31T08:01:23.706+0000] {logging_mixin.py:188} INFO - [2024-07-31T08:01:23.705+0000] {dagbag.py:545} INFO - Filling up the DagBag from /home/airflow/.local/lib/python3.12/site-packages/airflow/example_dags/example_short_circuit_operator.py
[2024-07-31T08:01:23.715+0000] {processor.py:840} INFO - DAG(s) 'example_short_circuit_operator' retrieved from /home/airflow/.local/lib/python3.12/site-packages/airflow/example_dags/example_short_circuit_operator.py
[2024-07-31T08:01:23.740+0000] {logging_mixin.py:188} INFO - [2024-07-31T08:01:23.740+0000] {dag.py:3089} INFO - Sync 1 DAGs
[2024-07-31T08:01:23.764+0000] {logging_mixin.py:188} INFO - [2024-07-31T08:01:23.764+0000] {dag.py:3947} INFO - Setting next_dagrun for example_short_circuit_operator to 2024-07-30 00:00:00+00:00, run_after=2024-07-31 00:00:00+00:00
[2024-07-31T08:01:23.785+0000] {processor.py:183} INFO - Processing /home/airflow/.local/lib/python3.12/site-packages/airflow/example_dags/example_short_circuit_operator.py took 0.089 seconds
[2024-07-31T08:01:53.931+0000] {processor.py:161} INFO - Started process (PID=437) to work on /home/airflow/.local/lib/python3.12/site-packages/airflow/example_dags/example_short_circuit_operator.py
[2024-07-31T08:01:53.932+0000] {processor.py:830} INFO - Processing file /home/airflow/.local/lib/python3.12/site-packages/airflow/example_dags/example_short_circuit_operator.py for tasks to queue
[2024-07-31T08:01:53.934+0000] {logging_mixin.py:188} INFO - [2024-07-31T08:01:53.933+0000] {dagbag.py:545} INFO - Filling up the DagBag from /home/airflow/.local/lib/python3.12/site-packages/airflow/example_dags/example_short_circuit_operator.py
[2024-07-31T08:01:53.940+0000] {processor.py:840} INFO - DAG(s) 'example_short_circuit_operator' retrieved from /home/airflow/.local/lib/python3.12/site-packages/airflow/example_dags/example_short_circuit_operator.py
[2024-07-31T08:01:53.961+0000] {logging_mixin.py:188} INFO - [2024-07-31T08:01:53.961+0000] {dag.py:3089} INFO - Sync 1 DAGs
[2024-07-31T08:01:53.981+0000] {logging_mixin.py:188} INFO - [2024-07-31T08:01:53.981+0000] {dag.py:3947} INFO - Setting next_dagrun for example_short_circuit_operator to 2024-07-30 00:00:00+00:00, run_after=2024-07-31 00:00:00+00:00
[2024-07-31T08:01:54.000+0000] {processor.py:183} INFO - Processing /home/airflow/.local/lib/python3.12/site-packages/airflow/example_dags/example_short_circuit_operator.py took 0.080 seconds
[2024-07-31T08:02:24.239+0000] {processor.py:161} INFO - Started process (PID=495) to work on /home/airflow/.local/lib/python3.12/site-packages/airflow/example_dags/example_short_circuit_operator.py
[2024-07-31T08:02:24.240+0000] {processor.py:830} INFO - Processing file /home/airflow/.local/lib/python3.12/site-packages/airflow/example_dags/example_short_circuit_operator.py for tasks to queue
[2024-07-31T08:02:24.241+0000] {logging_mixin.py:188} INFO - [2024-07-31T08:02:24.241+0000] {dagbag.py:545} INFO - Filling up the DagBag from /home/airflow/.local/lib/python3.12/site-packages/airflow/example_dags/example_short_circuit_operator.py
[2024-07-31T08:02:24.247+0000] {processor.py:840} INFO - DAG(s) 'example_short_circuit_operator' retrieved from /home/airflow/.local/lib/python3.12/site-packages/airflow/example_dags/example_short_circuit_operator.py
[2024-07-31T08:02:24.268+0000] {logging_mixin.py:188} INFO - [2024-07-31T08:02:24.268+0000] {dag.py:3089} INFO - Sync 1 DAGs
[2024-07-31T08:02:24.289+0000] {logging_mixin.py:188} INFO - [2024-07-31T08:02:24.288+0000] {dag.py:3947} INFO - Setting next_dagrun for example_short_circuit_operator to 2024-07-30 00:00:00+00:00, run_after=2024-07-31 00:00:00+00:00
[2024-07-31T08:02:24.306+0000] {processor.py:183} INFO - Processing /home/airflow/.local/lib/python3.12/site-packages/airflow/example_dags/example_short_circuit_operator.py took 0.072 seconds
[2024-07-31T08:02:54.668+0000] {processor.py:161} INFO - Started process (PID=553) to work on /home/airflow/.local/lib/python3.12/site-packages/airflow/example_dags/example_short_circuit_operator.py
[2024-07-31T08:02:54.669+0000] {processor.py:830} INFO - Processing file /home/airflow/.local/lib/python3.12/site-packages/airflow/example_dags/example_short_circuit_operator.py for tasks to queue
[2024-07-31T08:02:54.671+0000] {logging_mixin.py:188} INFO - [2024-07-31T08:02:54.670+0000] {dagbag.py:545} INFO - Filling up the DagBag from /home/airflow/.local/lib/python3.12/site-packages/airflow/example_dags/example_short_circuit_operator.py
[2024-07-31T08:02:54.677+0000] {processor.py:840} INFO - DAG(s) 'example_short_circuit_operator' retrieved from /home/airflow/.local/lib/python3.12/site-packages/airflow/example_dags/example_short_circuit_operator.py
[2024-07-31T08:02:54.698+0000] {logging_mixin.py:188} INFO - [2024-07-31T08:02:54.697+0000] {dag.py:3089} INFO - Sync 1 DAGs
[2024-07-31T08:02:54.717+0000] {logging_mixin.py:188} INFO - [2024-07-31T08:02:54.717+0000] {dag.py:3947} INFO - Setting next_dagrun for example_short_circuit_operator to 2024-07-30 00:00:00+00:00, run_after=2024-07-31 00:00:00+00:00
[2024-07-31T08:02:54.735+0000] {processor.py:183} INFO - Processing /home/airflow/.local/lib/python3.12/site-packages/airflow/example_dags/example_short_circuit_operator.py took 0.079 seconds
