[2024-07-31T07:54:25.055+0000] {processor.py:161} INFO - Started process (PID=69) to work on /home/airflow/.local/lib/python3.12/site-packages/airflow/example_dags/example_latest_only.py
[2024-07-31T07:54:25.056+0000] {processor.py:830} INFO - Processing file /home/airflow/.local/lib/python3.12/site-packages/airflow/example_dags/example_latest_only.py for tasks to queue
[2024-07-31T07:54:25.057+0000] {logging_mixin.py:188} INFO - [2024-07-31T07:54:25.057+0000] {dagbag.py:545} INFO - Filling up the DagBag from /home/airflow/.local/lib/python3.12/site-packages/airflow/example_dags/example_latest_only.py
[2024-07-31T07:54:25.070+0000] {processor.py:840} INFO - DAG(s) 'latest_only' retrieved from /home/airflow/.local/lib/python3.12/site-packages/airflow/example_dags/example_latest_only.py
[2024-07-31T07:54:25.081+0000] {logging_mixin.py:188} INFO - [2024-07-31T07:54:25.081+0000] {dag.py:3089} INFO - Sync 1 DAGs
[2024-07-31T07:54:25.103+0000] {logging_mixin.py:188} INFO - [2024-07-31T07:54:25.103+0000] {dag.py:3947} INFO - Setting next_dagrun for latest_only to 2024-07-31 00:00:00+00:00, run_after=2024-07-31 04:00:00+00:00
[2024-07-31T07:54:25.123+0000] {processor.py:183} INFO - Processing /home/airflow/.local/lib/python3.12/site-packages/airflow/example_dags/example_latest_only.py took 0.077 seconds
[2024-07-31T07:54:44.085+0000] {processor.py:161} INFO - Started process (PID=62) to work on /home/airflow/.local/lib/python3.12/site-packages/airflow/example_dags/example_latest_only.py
[2024-07-31T07:54:44.086+0000] {processor.py:830} INFO - Processing file /home/airflow/.local/lib/python3.12/site-packages/airflow/example_dags/example_latest_only.py for tasks to queue
[2024-07-31T07:54:44.088+0000] {logging_mixin.py:188} INFO - [2024-07-31T07:54:44.088+0000] {dagbag.py:545} INFO - Filling up the DagBag from /home/airflow/.local/lib/python3.12/site-packages/airflow/example_dags/example_latest_only.py
[2024-07-31T07:54:44.095+0000] {processor.py:840} INFO - DAG(s) 'latest_only' retrieved from /home/airflow/.local/lib/python3.12/site-packages/airflow/example_dags/example_latest_only.py
[2024-07-31T07:54:44.195+0000] {logging_mixin.py:188} INFO - [2024-07-31T07:54:44.195+0000] {dag.py:3089} INFO - Sync 1 DAGs
[2024-07-31T07:54:44.217+0000] {logging_mixin.py:188} INFO - [2024-07-31T07:54:44.216+0000] {dag.py:3947} INFO - Setting next_dagrun for latest_only to 2024-07-31 00:00:00+00:00, run_after=2024-07-31 04:00:00+00:00
[2024-07-31T07:54:44.238+0000] {processor.py:183} INFO - Processing /home/airflow/.local/lib/python3.12/site-packages/airflow/example_dags/example_latest_only.py took 0.157 seconds
[2024-07-31T07:55:14.477+0000] {processor.py:161} INFO - Started process (PID=120) to work on /home/airflow/.local/lib/python3.12/site-packages/airflow/example_dags/example_latest_only.py
[2024-07-31T07:55:14.478+0000] {processor.py:830} INFO - Processing file /home/airflow/.local/lib/python3.12/site-packages/airflow/example_dags/example_latest_only.py for tasks to queue
[2024-07-31T07:55:14.479+0000] {logging_mixin.py:188} INFO - [2024-07-31T07:55:14.479+0000] {dagbag.py:545} INFO - Filling up the DagBag from /home/airflow/.local/lib/python3.12/site-packages/airflow/example_dags/example_latest_only.py
[2024-07-31T07:55:14.483+0000] {processor.py:840} INFO - DAG(s) 'latest_only' retrieved from /home/airflow/.local/lib/python3.12/site-packages/airflow/example_dags/example_latest_only.py
[2024-07-31T07:55:14.507+0000] {logging_mixin.py:188} INFO - [2024-07-31T07:55:14.507+0000] {dag.py:3089} INFO - Sync 1 DAGs
[2024-07-31T07:55:14.527+0000] {logging_mixin.py:188} INFO - [2024-07-31T07:55:14.526+0000] {dag.py:3947} INFO - Setting next_dagrun for latest_only to 2024-07-31 00:00:00+00:00, run_after=2024-07-31 04:00:00+00:00
[2024-07-31T07:55:14.545+0000] {processor.py:183} INFO - Processing /home/airflow/.local/lib/python3.12/site-packages/airflow/example_dags/example_latest_only.py took 0.073 seconds
[2024-07-31T07:55:44.814+0000] {processor.py:161} INFO - Started process (PID=178) to work on /home/airflow/.local/lib/python3.12/site-packages/airflow/example_dags/example_latest_only.py
[2024-07-31T07:55:44.815+0000] {processor.py:830} INFO - Processing file /home/airflow/.local/lib/python3.12/site-packages/airflow/example_dags/example_latest_only.py for tasks to queue
[2024-07-31T07:55:44.816+0000] {logging_mixin.py:188} INFO - [2024-07-31T07:55:44.816+0000] {dagbag.py:545} INFO - Filling up the DagBag from /home/airflow/.local/lib/python3.12/site-packages/airflow/example_dags/example_latest_only.py
[2024-07-31T07:55:44.821+0000] {processor.py:840} INFO - DAG(s) 'latest_only' retrieved from /home/airflow/.local/lib/python3.12/site-packages/airflow/example_dags/example_latest_only.py
[2024-07-31T07:55:44.841+0000] {logging_mixin.py:188} INFO - [2024-07-31T07:55:44.841+0000] {dag.py:3089} INFO - Sync 1 DAGs
[2024-07-31T07:55:44.862+0000] {logging_mixin.py:188} INFO - [2024-07-31T07:55:44.861+0000] {dag.py:3947} INFO - Setting next_dagrun for latest_only to 2024-07-31 00:00:00+00:00, run_after=2024-07-31 04:00:00+00:00
[2024-07-31T07:55:44.880+0000] {processor.py:183} INFO - Processing /home/airflow/.local/lib/python3.12/site-packages/airflow/example_dags/example_latest_only.py took 0.071 seconds
[2024-07-31T07:56:15.318+0000] {processor.py:161} INFO - Started process (PID=236) to work on /home/airflow/.local/lib/python3.12/site-packages/airflow/example_dags/example_latest_only.py
[2024-07-31T07:56:15.319+0000] {processor.py:830} INFO - Processing file /home/airflow/.local/lib/python3.12/site-packages/airflow/example_dags/example_latest_only.py for tasks to queue
[2024-07-31T07:56:15.320+0000] {logging_mixin.py:188} INFO - [2024-07-31T07:56:15.320+0000] {dagbag.py:545} INFO - Filling up the DagBag from /home/airflow/.local/lib/python3.12/site-packages/airflow/example_dags/example_latest_only.py
[2024-07-31T07:56:15.324+0000] {processor.py:840} INFO - DAG(s) 'latest_only' retrieved from /home/airflow/.local/lib/python3.12/site-packages/airflow/example_dags/example_latest_only.py
[2024-07-31T07:56:15.348+0000] {logging_mixin.py:188} INFO - [2024-07-31T07:56:15.347+0000] {dag.py:3089} INFO - Sync 1 DAGs
[2024-07-31T07:56:15.367+0000] {logging_mixin.py:188} INFO - [2024-07-31T07:56:15.367+0000] {dag.py:3947} INFO - Setting next_dagrun for latest_only to 2024-07-31 00:00:00+00:00, run_after=2024-07-31 04:00:00+00:00
[2024-07-31T07:56:15.386+0000] {processor.py:183} INFO - Processing /home/airflow/.local/lib/python3.12/site-packages/airflow/example_dags/example_latest_only.py took 0.073 seconds
[2024-07-31T07:56:45.626+0000] {processor.py:161} INFO - Started process (PID=294) to work on /home/airflow/.local/lib/python3.12/site-packages/airflow/example_dags/example_latest_only.py
[2024-07-31T07:56:45.627+0000] {processor.py:830} INFO - Processing file /home/airflow/.local/lib/python3.12/site-packages/airflow/example_dags/example_latest_only.py for tasks to queue
[2024-07-31T07:56:45.629+0000] {logging_mixin.py:188} INFO - [2024-07-31T07:56:45.628+0000] {dagbag.py:545} INFO - Filling up the DagBag from /home/airflow/.local/lib/python3.12/site-packages/airflow/example_dags/example_latest_only.py
[2024-07-31T07:56:45.632+0000] {processor.py:840} INFO - DAG(s) 'latest_only' retrieved from /home/airflow/.local/lib/python3.12/site-packages/airflow/example_dags/example_latest_only.py
[2024-07-31T07:56:45.655+0000] {logging_mixin.py:188} INFO - [2024-07-31T07:56:45.655+0000] {dag.py:3089} INFO - Sync 1 DAGs
[2024-07-31T07:56:45.677+0000] {logging_mixin.py:188} INFO - [2024-07-31T07:56:45.677+0000] {dag.py:3947} INFO - Setting next_dagrun for latest_only to 2024-07-31 00:00:00+00:00, run_after=2024-07-31 04:00:00+00:00
[2024-07-31T07:56:45.694+0000] {processor.py:183} INFO - Processing /home/airflow/.local/lib/python3.12/site-packages/airflow/example_dags/example_latest_only.py took 0.073 seconds
[2024-07-31T07:57:16.832+0000] {processor.py:161} INFO - Started process (PID=358) to work on /home/airflow/.local/lib/python3.12/site-packages/airflow/example_dags/example_latest_only.py
[2024-07-31T07:57:16.833+0000] {processor.py:830} INFO - Processing file /home/airflow/.local/lib/python3.12/site-packages/airflow/example_dags/example_latest_only.py for tasks to queue
[2024-07-31T07:57:16.835+0000] {logging_mixin.py:188} INFO - [2024-07-31T07:57:16.835+0000] {dagbag.py:545} INFO - Filling up the DagBag from /home/airflow/.local/lib/python3.12/site-packages/airflow/example_dags/example_latest_only.py
[2024-07-31T07:57:16.839+0000] {processor.py:840} INFO - DAG(s) 'latest_only' retrieved from /home/airflow/.local/lib/python3.12/site-packages/airflow/example_dags/example_latest_only.py
[2024-07-31T07:57:16.863+0000] {logging_mixin.py:188} INFO - [2024-07-31T07:57:16.862+0000] {dag.py:3089} INFO - Sync 1 DAGs
[2024-07-31T07:57:16.885+0000] {logging_mixin.py:188} INFO - [2024-07-31T07:57:16.885+0000] {dag.py:3947} INFO - Setting next_dagrun for latest_only to 2024-07-31 00:00:00+00:00, run_after=2024-07-31 04:00:00+00:00
[2024-07-31T07:57:16.903+0000] {processor.py:183} INFO - Processing /home/airflow/.local/lib/python3.12/site-packages/airflow/example_dags/example_latest_only.py took 0.081 seconds
[2024-07-31T07:57:47.218+0000] {processor.py:161} INFO - Started process (PID=416) to work on /home/airflow/.local/lib/python3.12/site-packages/airflow/example_dags/example_latest_only.py
[2024-07-31T07:57:47.218+0000] {processor.py:830} INFO - Processing file /home/airflow/.local/lib/python3.12/site-packages/airflow/example_dags/example_latest_only.py for tasks to queue
[2024-07-31T07:57:47.220+0000] {logging_mixin.py:188} INFO - [2024-07-31T07:57:47.220+0000] {dagbag.py:545} INFO - Filling up the DagBag from /home/airflow/.local/lib/python3.12/site-packages/airflow/example_dags/example_latest_only.py
[2024-07-31T07:57:47.224+0000] {processor.py:840} INFO - DAG(s) 'latest_only' retrieved from /home/airflow/.local/lib/python3.12/site-packages/airflow/example_dags/example_latest_only.py
[2024-07-31T07:57:47.247+0000] {logging_mixin.py:188} INFO - [2024-07-31T07:57:47.246+0000] {dag.py:3089} INFO - Sync 1 DAGs
[2024-07-31T07:57:47.268+0000] {logging_mixin.py:188} INFO - [2024-07-31T07:57:47.268+0000] {dag.py:3947} INFO - Setting next_dagrun for latest_only to 2024-07-31 00:00:00+00:00, run_after=2024-07-31 04:00:00+00:00
[2024-07-31T07:57:47.286+0000] {processor.py:183} INFO - Processing /home/airflow/.local/lib/python3.12/site-packages/airflow/example_dags/example_latest_only.py took 0.079 seconds
[2024-07-31T07:58:49.146+0000] {processor.py:161} INFO - Started process (PID=69) to work on /home/airflow/.local/lib/python3.12/site-packages/airflow/example_dags/example_latest_only.py
[2024-07-31T07:58:49.147+0000] {processor.py:830} INFO - Processing file /home/airflow/.local/lib/python3.12/site-packages/airflow/example_dags/example_latest_only.py for tasks to queue
[2024-07-31T07:58:49.149+0000] {logging_mixin.py:188} INFO - [2024-07-31T07:58:49.148+0000] {dagbag.py:545} INFO - Filling up the DagBag from /home/airflow/.local/lib/python3.12/site-packages/airflow/example_dags/example_latest_only.py
[2024-07-31T07:58:49.159+0000] {processor.py:840} INFO - DAG(s) 'latest_only' retrieved from /home/airflow/.local/lib/python3.12/site-packages/airflow/example_dags/example_latest_only.py
[2024-07-31T07:58:49.170+0000] {logging_mixin.py:188} INFO - [2024-07-31T07:58:49.170+0000] {dag.py:3089} INFO - Sync 1 DAGs
[2024-07-31T07:58:49.192+0000] {logging_mixin.py:188} INFO - [2024-07-31T07:58:49.192+0000] {dag.py:3947} INFO - Setting next_dagrun for latest_only to 2024-07-31 00:00:00+00:00, run_after=2024-07-31 04:00:00+00:00
[2024-07-31T07:58:49.215+0000] {processor.py:183} INFO - Processing /home/airflow/.local/lib/python3.12/site-packages/airflow/example_dags/example_latest_only.py took 0.075 seconds
[2024-07-31T07:59:20.462+0000] {processor.py:161} INFO - Started process (PID=133) to work on /home/airflow/.local/lib/python3.12/site-packages/airflow/example_dags/example_latest_only.py
[2024-07-31T07:59:20.463+0000] {processor.py:830} INFO - Processing file /home/airflow/.local/lib/python3.12/site-packages/airflow/example_dags/example_latest_only.py for tasks to queue
[2024-07-31T07:59:20.465+0000] {logging_mixin.py:188} INFO - [2024-07-31T07:59:20.465+0000] {dagbag.py:545} INFO - Filling up the DagBag from /home/airflow/.local/lib/python3.12/site-packages/airflow/example_dags/example_latest_only.py
[2024-07-31T07:59:20.470+0000] {processor.py:840} INFO - DAG(s) 'latest_only' retrieved from /home/airflow/.local/lib/python3.12/site-packages/airflow/example_dags/example_latest_only.py
[2024-07-31T07:59:20.569+0000] {logging_mixin.py:188} INFO - [2024-07-31T07:59:20.569+0000] {dag.py:3089} INFO - Sync 1 DAGs
[2024-07-31T07:59:20.589+0000] {logging_mixin.py:188} INFO - [2024-07-31T07:59:20.588+0000] {dag.py:3947} INFO - Setting next_dagrun for latest_only to 2024-07-31 00:00:00+00:00, run_after=2024-07-31 04:00:00+00:00
[2024-07-31T07:59:20.608+0000] {processor.py:183} INFO - Processing /home/airflow/.local/lib/python3.12/site-packages/airflow/example_dags/example_latest_only.py took 0.151 seconds
[2024-07-31T07:59:50.949+0000] {processor.py:161} INFO - Started process (PID=191) to work on /home/airflow/.local/lib/python3.12/site-packages/airflow/example_dags/example_latest_only.py
[2024-07-31T07:59:50.951+0000] {processor.py:830} INFO - Processing file /home/airflow/.local/lib/python3.12/site-packages/airflow/example_dags/example_latest_only.py for tasks to queue
[2024-07-31T07:59:50.952+0000] {logging_mixin.py:188} INFO - [2024-07-31T07:59:50.952+0000] {dagbag.py:545} INFO - Filling up the DagBag from /home/airflow/.local/lib/python3.12/site-packages/airflow/example_dags/example_latest_only.py
[2024-07-31T07:59:50.956+0000] {processor.py:840} INFO - DAG(s) 'latest_only' retrieved from /home/airflow/.local/lib/python3.12/site-packages/airflow/example_dags/example_latest_only.py
[2024-07-31T07:59:50.975+0000] {logging_mixin.py:188} INFO - [2024-07-31T07:59:50.975+0000] {dag.py:3089} INFO - Sync 1 DAGs
[2024-07-31T07:59:50.995+0000] {logging_mixin.py:188} INFO - [2024-07-31T07:59:50.994+0000] {dag.py:3947} INFO - Setting next_dagrun for latest_only to 2024-07-31 00:00:00+00:00, run_after=2024-07-31 04:00:00+00:00
[2024-07-31T07:59:51.013+0000] {processor.py:183} INFO - Processing /home/airflow/.local/lib/python3.12/site-packages/airflow/example_dags/example_latest_only.py took 0.074 seconds
[2024-07-31T08:00:21.191+0000] {processor.py:161} INFO - Started process (PID=249) to work on /home/airflow/.local/lib/python3.12/site-packages/airflow/example_dags/example_latest_only.py
[2024-07-31T08:00:21.192+0000] {processor.py:830} INFO - Processing file /home/airflow/.local/lib/python3.12/site-packages/airflow/example_dags/example_latest_only.py for tasks to queue
[2024-07-31T08:00:21.193+0000] {logging_mixin.py:188} INFO - [2024-07-31T08:00:21.193+0000] {dagbag.py:545} INFO - Filling up the DagBag from /home/airflow/.local/lib/python3.12/site-packages/airflow/example_dags/example_latest_only.py
[2024-07-31T08:00:21.197+0000] {processor.py:840} INFO - DAG(s) 'latest_only' retrieved from /home/airflow/.local/lib/python3.12/site-packages/airflow/example_dags/example_latest_only.py
[2024-07-31T08:00:21.217+0000] {logging_mixin.py:188} INFO - [2024-07-31T08:00:21.217+0000] {dag.py:3089} INFO - Sync 1 DAGs
[2024-07-31T08:00:21.239+0000] {logging_mixin.py:188} INFO - [2024-07-31T08:00:21.239+0000] {dag.py:3947} INFO - Setting next_dagrun for latest_only to 2024-07-31 04:00:00+00:00, run_after=2024-07-31 08:00:00+00:00
[2024-07-31T08:00:21.257+0000] {processor.py:183} INFO - Processing /home/airflow/.local/lib/python3.12/site-packages/airflow/example_dags/example_latest_only.py took 0.071 seconds
[2024-07-31T08:00:51.729+0000] {processor.py:161} INFO - Started process (PID=307) to work on /home/airflow/.local/lib/python3.12/site-packages/airflow/example_dags/example_latest_only.py
[2024-07-31T08:00:51.730+0000] {processor.py:830} INFO - Processing file /home/airflow/.local/lib/python3.12/site-packages/airflow/example_dags/example_latest_only.py for tasks to queue
[2024-07-31T08:00:51.732+0000] {logging_mixin.py:188} INFO - [2024-07-31T08:00:51.731+0000] {dagbag.py:545} INFO - Filling up the DagBag from /home/airflow/.local/lib/python3.12/site-packages/airflow/example_dags/example_latest_only.py
[2024-07-31T08:00:51.736+0000] {processor.py:840} INFO - DAG(s) 'latest_only' retrieved from /home/airflow/.local/lib/python3.12/site-packages/airflow/example_dags/example_latest_only.py
[2024-07-31T08:00:51.754+0000] {logging_mixin.py:188} INFO - [2024-07-31T08:00:51.754+0000] {dag.py:3089} INFO - Sync 1 DAGs
[2024-07-31T08:00:51.774+0000] {logging_mixin.py:188} INFO - [2024-07-31T08:00:51.774+0000] {dag.py:3947} INFO - Setting next_dagrun for latest_only to 2024-07-31 04:00:00+00:00, run_after=2024-07-31 08:00:00+00:00
[2024-07-31T08:00:51.790+0000] {processor.py:183} INFO - Processing /home/airflow/.local/lib/python3.12/site-packages/airflow/example_dags/example_latest_only.py took 0.066 seconds
[2024-07-31T08:01:21.956+0000] {processor.py:161} INFO - Started process (PID=365) to work on /home/airflow/.local/lib/python3.12/site-packages/airflow/example_dags/example_latest_only.py
[2024-07-31T08:01:21.956+0000] {processor.py:830} INFO - Processing file /home/airflow/.local/lib/python3.12/site-packages/airflow/example_dags/example_latest_only.py for tasks to queue
[2024-07-31T08:01:21.958+0000] {logging_mixin.py:188} INFO - [2024-07-31T08:01:21.958+0000] {dagbag.py:545} INFO - Filling up the DagBag from /home/airflow/.local/lib/python3.12/site-packages/airflow/example_dags/example_latest_only.py
[2024-07-31T08:01:21.962+0000] {processor.py:840} INFO - DAG(s) 'latest_only' retrieved from /home/airflow/.local/lib/python3.12/site-packages/airflow/example_dags/example_latest_only.py
[2024-07-31T08:01:21.982+0000] {logging_mixin.py:188} INFO - [2024-07-31T08:01:21.982+0000] {dag.py:3089} INFO - Sync 1 DAGs
[2024-07-31T08:01:22.003+0000] {logging_mixin.py:188} INFO - [2024-07-31T08:01:22.003+0000] {dag.py:3947} INFO - Setting next_dagrun for latest_only to 2024-07-31 04:00:00+00:00, run_after=2024-07-31 08:00:00+00:00
[2024-07-31T08:01:22.020+0000] {processor.py:183} INFO - Processing /home/airflow/.local/lib/python3.12/site-packages/airflow/example_dags/example_latest_only.py took 0.069 seconds
[2024-07-31T08:01:52.195+0000] {processor.py:161} INFO - Started process (PID=423) to work on /home/airflow/.local/lib/python3.12/site-packages/airflow/example_dags/example_latest_only.py
[2024-07-31T08:01:52.196+0000] {processor.py:830} INFO - Processing file /home/airflow/.local/lib/python3.12/site-packages/airflow/example_dags/example_latest_only.py for tasks to queue
[2024-07-31T08:01:52.197+0000] {logging_mixin.py:188} INFO - [2024-07-31T08:01:52.197+0000] {dagbag.py:545} INFO - Filling up the DagBag from /home/airflow/.local/lib/python3.12/site-packages/airflow/example_dags/example_latest_only.py
[2024-07-31T08:01:52.201+0000] {processor.py:840} INFO - DAG(s) 'latest_only' retrieved from /home/airflow/.local/lib/python3.12/site-packages/airflow/example_dags/example_latest_only.py
[2024-07-31T08:01:52.219+0000] {logging_mixin.py:188} INFO - [2024-07-31T08:01:52.219+0000] {dag.py:3089} INFO - Sync 1 DAGs
[2024-07-31T08:01:52.239+0000] {logging_mixin.py:188} INFO - [2024-07-31T08:01:52.239+0000] {dag.py:3947} INFO - Setting next_dagrun for latest_only to 2024-07-31 04:00:00+00:00, run_after=2024-07-31 08:00:00+00:00
[2024-07-31T08:01:52.255+0000] {processor.py:183} INFO - Processing /home/airflow/.local/lib/python3.12/site-packages/airflow/example_dags/example_latest_only.py took 0.065 seconds
[2024-07-31T08:02:22.489+0000] {processor.py:161} INFO - Started process (PID=481) to work on /home/airflow/.local/lib/python3.12/site-packages/airflow/example_dags/example_latest_only.py
[2024-07-31T08:02:22.490+0000] {processor.py:830} INFO - Processing file /home/airflow/.local/lib/python3.12/site-packages/airflow/example_dags/example_latest_only.py for tasks to queue
[2024-07-31T08:02:22.492+0000] {logging_mixin.py:188} INFO - [2024-07-31T08:02:22.491+0000] {dagbag.py:545} INFO - Filling up the DagBag from /home/airflow/.local/lib/python3.12/site-packages/airflow/example_dags/example_latest_only.py
[2024-07-31T08:02:22.496+0000] {processor.py:840} INFO - DAG(s) 'latest_only' retrieved from /home/airflow/.local/lib/python3.12/site-packages/airflow/example_dags/example_latest_only.py
[2024-07-31T08:02:22.516+0000] {logging_mixin.py:188} INFO - [2024-07-31T08:02:22.516+0000] {dag.py:3089} INFO - Sync 1 DAGs
[2024-07-31T08:02:22.539+0000] {logging_mixin.py:188} INFO - [2024-07-31T08:02:22.538+0000] {dag.py:3947} INFO - Setting next_dagrun for latest_only to 2024-07-31 04:00:00+00:00, run_after=2024-07-31 08:00:00+00:00
[2024-07-31T08:02:22.558+0000] {processor.py:183} INFO - Processing /home/airflow/.local/lib/python3.12/site-packages/airflow/example_dags/example_latest_only.py took 0.074 seconds
[2024-07-31T08:02:52.774+0000] {processor.py:161} INFO - Started process (PID=539) to work on /home/airflow/.local/lib/python3.12/site-packages/airflow/example_dags/example_latest_only.py
[2024-07-31T08:02:52.775+0000] {processor.py:830} INFO - Processing file /home/airflow/.local/lib/python3.12/site-packages/airflow/example_dags/example_latest_only.py for tasks to queue
[2024-07-31T08:02:52.777+0000] {logging_mixin.py:188} INFO - [2024-07-31T08:02:52.776+0000] {dagbag.py:545} INFO - Filling up the DagBag from /home/airflow/.local/lib/python3.12/site-packages/airflow/example_dags/example_latest_only.py
[2024-07-31T08:02:52.781+0000] {processor.py:840} INFO - DAG(s) 'latest_only' retrieved from /home/airflow/.local/lib/python3.12/site-packages/airflow/example_dags/example_latest_only.py
[2024-07-31T08:02:52.804+0000] {logging_mixin.py:188} INFO - [2024-07-31T08:02:52.804+0000] {dag.py:3089} INFO - Sync 1 DAGs
[2024-07-31T08:02:52.827+0000] {logging_mixin.py:188} INFO - [2024-07-31T08:02:52.827+0000] {dag.py:3947} INFO - Setting next_dagrun for latest_only to 2024-07-31 04:00:00+00:00, run_after=2024-07-31 08:00:00+00:00
[2024-07-31T08:02:52.846+0000] {processor.py:183} INFO - Processing /home/airflow/.local/lib/python3.12/site-packages/airflow/example_dags/example_latest_only.py took 0.078 seconds
