[2024-07-31T07:54:24.500+0000] {processor.py:161} INFO - Started process (PID=63) to work on /home/airflow/.local/lib/python3.12/site-packages/airflow/example_dags/example_datasets.py
[2024-07-31T07:54:24.500+0000] {processor.py:830} INFO - Processing file /home/airflow/.local/lib/python3.12/site-packages/airflow/example_dags/example_datasets.py for tasks to queue
[2024-07-31T07:54:24.502+0000] {logging_mixin.py:188} INFO - [2024-07-31T07:54:24.502+0000] {dagbag.py:545} INFO - Filling up the DagBag from /home/airflow/.local/lib/python3.12/site-packages/airflow/example_dags/example_datasets.py
[2024-07-31T07:54:24.521+0000] {processor.py:840} INFO - DAG(s) 'dataset_produces_2', 'conditional_dataset_and_time_based_timetable', 'consume_1_or_2_with_dataset_expressions', 'dataset_consumes_1_never_scheduled', 'dataset_consumes_unknown_never_scheduled', 'consume_1_and_2_with_dataset_expressions', 'consume_1_or_both_2_and_3_with_dataset_expressions', 'dataset_consumes_1_and_2', 'dataset_produces_1', 'dataset_consumes_1' retrieved from /home/airflow/.local/lib/python3.12/site-packages/airflow/example_dags/example_datasets.py
[2024-07-31T07:54:24.543+0000] {logging_mixin.py:188} INFO - [2024-07-31T07:54:24.542+0000] {dag.py:3089} INFO - Sync 10 DAGs
[2024-07-31T07:54:24.573+0000] {logging_mixin.py:188} INFO - [2024-07-31T07:54:24.573+0000] {dag.py:3947} INFO - Setting next_dagrun for conditional_dataset_and_time_based_timetable to 2024-07-31 01:00:00+00:00, run_after=2024-07-31 01:00:00+00:00
[2024-07-31T07:54:24.579+0000] {logging_mixin.py:188} INFO - [2024-07-31T07:54:24.578+0000] {dag.py:3947} INFO - Setting next_dagrun for consume_1_and_2_with_dataset_expressions to None, run_after=None
[2024-07-31T07:54:24.581+0000] {logging_mixin.py:188} INFO - [2024-07-31T07:54:24.581+0000] {dag.py:3947} INFO - Setting next_dagrun for consume_1_or_2_with_dataset_expressions to None, run_after=None
[2024-07-31T07:54:24.583+0000] {logging_mixin.py:188} INFO - [2024-07-31T07:54:24.583+0000] {dag.py:3947} INFO - Setting next_dagrun for consume_1_or_both_2_and_3_with_dataset_expressions to None, run_after=None
[2024-07-31T07:54:24.585+0000] {logging_mixin.py:188} INFO - [2024-07-31T07:54:24.585+0000] {dag.py:3947} INFO - Setting next_dagrun for dataset_consumes_1 to None, run_after=None
[2024-07-31T07:54:24.587+0000] {logging_mixin.py:188} INFO - [2024-07-31T07:54:24.586+0000] {dag.py:3947} INFO - Setting next_dagrun for dataset_consumes_1_and_2 to None, run_after=None
[2024-07-31T07:54:24.588+0000] {logging_mixin.py:188} INFO - [2024-07-31T07:54:24.588+0000] {dag.py:3947} INFO - Setting next_dagrun for dataset_consumes_1_never_scheduled to None, run_after=None
[2024-07-31T07:54:24.590+0000] {logging_mixin.py:188} INFO - [2024-07-31T07:54:24.590+0000] {dag.py:3947} INFO - Setting next_dagrun for dataset_consumes_unknown_never_scheduled to None, run_after=None
[2024-07-31T07:54:24.593+0000] {logging_mixin.py:188} INFO - [2024-07-31T07:54:24.593+0000] {dag.py:3947} INFO - Setting next_dagrun for dataset_produces_1 to 2024-07-30 00:00:00+00:00, run_after=2024-07-31 00:00:00+00:00
[2024-07-31T07:54:24.595+0000] {logging_mixin.py:188} INFO - [2024-07-31T07:54:24.594+0000] {dag.py:3947} INFO - Setting next_dagrun for dataset_produces_2 to None, run_after=None
[2024-07-31T07:54:24.640+0000] {processor.py:183} INFO - Processing /home/airflow/.local/lib/python3.12/site-packages/airflow/example_dags/example_datasets.py took 0.147 seconds
[2024-07-31T07:54:43.354+0000] {processor.py:161} INFO - Started process (PID=56) to work on /home/airflow/.local/lib/python3.12/site-packages/airflow/example_dags/example_datasets.py
[2024-07-31T07:54:43.354+0000] {processor.py:830} INFO - Processing file /home/airflow/.local/lib/python3.12/site-packages/airflow/example_dags/example_datasets.py for tasks to queue
[2024-07-31T07:54:43.356+0000] {logging_mixin.py:188} INFO - [2024-07-31T07:54:43.356+0000] {dagbag.py:545} INFO - Filling up the DagBag from /home/airflow/.local/lib/python3.12/site-packages/airflow/example_dags/example_datasets.py
[2024-07-31T07:54:43.372+0000] {processor.py:840} INFO - DAG(s) 'consume_1_or_both_2_and_3_with_dataset_expressions', 'conditional_dataset_and_time_based_timetable', 'dataset_consumes_1_never_scheduled', 'dataset_consumes_1', 'dataset_produces_2', 'dataset_consumes_unknown_never_scheduled', 'consume_1_or_2_with_dataset_expressions', 'consume_1_and_2_with_dataset_expressions', 'dataset_produces_1', 'dataset_consumes_1_and_2' retrieved from /home/airflow/.local/lib/python3.12/site-packages/airflow/example_dags/example_datasets.py
[2024-07-31T07:54:43.571+0000] {logging_mixin.py:188} INFO - [2024-07-31T07:54:43.570+0000] {dag.py:3089} INFO - Sync 10 DAGs
[2024-07-31T07:54:43.593+0000] {logging_mixin.py:188} INFO - [2024-07-31T07:54:43.593+0000] {dag.py:3947} INFO - Setting next_dagrun for conditional_dataset_and_time_based_timetable to 2024-07-31 01:00:00+00:00, run_after=2024-07-31 01:00:00+00:00
[2024-07-31T07:54:43.597+0000] {logging_mixin.py:188} INFO - [2024-07-31T07:54:43.597+0000] {dag.py:3947} INFO - Setting next_dagrun for consume_1_and_2_with_dataset_expressions to None, run_after=None
[2024-07-31T07:54:43.598+0000] {logging_mixin.py:188} INFO - [2024-07-31T07:54:43.598+0000] {dag.py:3947} INFO - Setting next_dagrun for consume_1_or_2_with_dataset_expressions to None, run_after=None
[2024-07-31T07:54:43.599+0000] {logging_mixin.py:188} INFO - [2024-07-31T07:54:43.599+0000] {dag.py:3947} INFO - Setting next_dagrun for consume_1_or_both_2_and_3_with_dataset_expressions to None, run_after=None
[2024-07-31T07:54:43.601+0000] {logging_mixin.py:188} INFO - [2024-07-31T07:54:43.600+0000] {dag.py:3947} INFO - Setting next_dagrun for dataset_consumes_1 to None, run_after=None
[2024-07-31T07:54:43.602+0000] {logging_mixin.py:188} INFO - [2024-07-31T07:54:43.602+0000] {dag.py:3947} INFO - Setting next_dagrun for dataset_consumes_1_and_2 to None, run_after=None
[2024-07-31T07:54:43.603+0000] {logging_mixin.py:188} INFO - [2024-07-31T07:54:43.603+0000] {dag.py:3947} INFO - Setting next_dagrun for dataset_consumes_1_never_scheduled to None, run_after=None
[2024-07-31T07:54:43.605+0000] {logging_mixin.py:188} INFO - [2024-07-31T07:54:43.605+0000] {dag.py:3947} INFO - Setting next_dagrun for dataset_consumes_unknown_never_scheduled to None, run_after=None
[2024-07-31T07:54:43.607+0000] {logging_mixin.py:188} INFO - [2024-07-31T07:54:43.607+0000] {dag.py:3947} INFO - Setting next_dagrun for dataset_produces_1 to 2024-07-30 00:00:00+00:00, run_after=2024-07-31 00:00:00+00:00
[2024-07-31T07:54:43.608+0000] {logging_mixin.py:188} INFO - [2024-07-31T07:54:43.608+0000] {dag.py:3947} INFO - Setting next_dagrun for dataset_produces_2 to None, run_after=None
[2024-07-31T07:54:43.642+0000] {processor.py:183} INFO - Processing /home/airflow/.local/lib/python3.12/site-packages/airflow/example_dags/example_datasets.py took 0.293 seconds
[2024-07-31T07:55:14.094+0000] {processor.py:161} INFO - Started process (PID=114) to work on /home/airflow/.local/lib/python3.12/site-packages/airflow/example_dags/example_datasets.py
[2024-07-31T07:55:14.095+0000] {processor.py:830} INFO - Processing file /home/airflow/.local/lib/python3.12/site-packages/airflow/example_dags/example_datasets.py for tasks to queue
[2024-07-31T07:55:14.097+0000] {logging_mixin.py:188} INFO - [2024-07-31T07:55:14.097+0000] {dagbag.py:545} INFO - Filling up the DagBag from /home/airflow/.local/lib/python3.12/site-packages/airflow/example_dags/example_datasets.py
[2024-07-31T07:55:14.108+0000] {processor.py:840} INFO - DAG(s) 'consume_1_and_2_with_dataset_expressions', 'dataset_consumes_1_never_scheduled', 'dataset_consumes_unknown_never_scheduled', 'dataset_consumes_1_and_2', 'dataset_consumes_1', 'consume_1_or_both_2_and_3_with_dataset_expressions', 'dataset_produces_1', 'conditional_dataset_and_time_based_timetable', 'dataset_produces_2', 'consume_1_or_2_with_dataset_expressions' retrieved from /home/airflow/.local/lib/python3.12/site-packages/airflow/example_dags/example_datasets.py
[2024-07-31T07:55:14.155+0000] {logging_mixin.py:188} INFO - [2024-07-31T07:55:14.155+0000] {dag.py:3089} INFO - Sync 10 DAGs
[2024-07-31T07:55:14.180+0000] {logging_mixin.py:188} INFO - [2024-07-31T07:55:14.179+0000] {dag.py:3947} INFO - Setting next_dagrun for conditional_dataset_and_time_based_timetable to 2024-07-31 01:00:00+00:00, run_after=2024-07-31 01:00:00+00:00
[2024-07-31T07:55:14.183+0000] {logging_mixin.py:188} INFO - [2024-07-31T07:55:14.183+0000] {dag.py:3947} INFO - Setting next_dagrun for consume_1_and_2_with_dataset_expressions to None, run_after=None
[2024-07-31T07:55:14.185+0000] {logging_mixin.py:188} INFO - [2024-07-31T07:55:14.184+0000] {dag.py:3947} INFO - Setting next_dagrun for consume_1_or_2_with_dataset_expressions to None, run_after=None
[2024-07-31T07:55:14.186+0000] {logging_mixin.py:188} INFO - [2024-07-31T07:55:14.186+0000] {dag.py:3947} INFO - Setting next_dagrun for consume_1_or_both_2_and_3_with_dataset_expressions to None, run_after=None
[2024-07-31T07:55:14.187+0000] {logging_mixin.py:188} INFO - [2024-07-31T07:55:14.187+0000] {dag.py:3947} INFO - Setting next_dagrun for dataset_consumes_1 to None, run_after=None
[2024-07-31T07:55:14.189+0000] {logging_mixin.py:188} INFO - [2024-07-31T07:55:14.188+0000] {dag.py:3947} INFO - Setting next_dagrun for dataset_consumes_1_and_2 to None, run_after=None
[2024-07-31T07:55:14.190+0000] {logging_mixin.py:188} INFO - [2024-07-31T07:55:14.190+0000] {dag.py:3947} INFO - Setting next_dagrun for dataset_consumes_1_never_scheduled to None, run_after=None
[2024-07-31T07:55:14.192+0000] {logging_mixin.py:188} INFO - [2024-07-31T07:55:14.191+0000] {dag.py:3947} INFO - Setting next_dagrun for dataset_consumes_unknown_never_scheduled to None, run_after=None
[2024-07-31T07:55:14.194+0000] {logging_mixin.py:188} INFO - [2024-07-31T07:55:14.194+0000] {dag.py:3947} INFO - Setting next_dagrun for dataset_produces_1 to 2024-07-30 00:00:00+00:00, run_after=2024-07-31 00:00:00+00:00
[2024-07-31T07:55:14.195+0000] {logging_mixin.py:188} INFO - [2024-07-31T07:55:14.195+0000] {dag.py:3947} INFO - Setting next_dagrun for dataset_produces_2 to None, run_after=None
[2024-07-31T07:55:14.224+0000] {processor.py:183} INFO - Processing /home/airflow/.local/lib/python3.12/site-packages/airflow/example_dags/example_datasets.py took 0.141 seconds
[2024-07-31T07:55:44.401+0000] {processor.py:161} INFO - Started process (PID=172) to work on /home/airflow/.local/lib/python3.12/site-packages/airflow/example_dags/example_datasets.py
[2024-07-31T07:55:44.402+0000] {processor.py:830} INFO - Processing file /home/airflow/.local/lib/python3.12/site-packages/airflow/example_dags/example_datasets.py for tasks to queue
[2024-07-31T07:55:44.403+0000] {logging_mixin.py:188} INFO - [2024-07-31T07:55:44.403+0000] {dagbag.py:545} INFO - Filling up the DagBag from /home/airflow/.local/lib/python3.12/site-packages/airflow/example_dags/example_datasets.py
[2024-07-31T07:55:44.415+0000] {processor.py:840} INFO - DAG(s) 'conditional_dataset_and_time_based_timetable', 'dataset_produces_1', 'dataset_consumes_1', 'dataset_consumes_1_never_scheduled', 'dataset_consumes_unknown_never_scheduled', 'dataset_produces_2', 'consume_1_or_2_with_dataset_expressions', 'dataset_consumes_1_and_2', 'consume_1_and_2_with_dataset_expressions', 'consume_1_or_both_2_and_3_with_dataset_expressions' retrieved from /home/airflow/.local/lib/python3.12/site-packages/airflow/example_dags/example_datasets.py
[2024-07-31T07:55:44.461+0000] {logging_mixin.py:188} INFO - [2024-07-31T07:55:44.461+0000] {dag.py:3089} INFO - Sync 10 DAGs
[2024-07-31T07:55:44.498+0000] {logging_mixin.py:188} INFO - [2024-07-31T07:55:44.497+0000] {dag.py:3947} INFO - Setting next_dagrun for conditional_dataset_and_time_based_timetable to 2024-07-31 01:00:00+00:00, run_after=2024-07-31 01:00:00+00:00
[2024-07-31T07:55:44.503+0000] {logging_mixin.py:188} INFO - [2024-07-31T07:55:44.502+0000] {dag.py:3947} INFO - Setting next_dagrun for consume_1_and_2_with_dataset_expressions to None, run_after=None
[2024-07-31T07:55:44.505+0000] {logging_mixin.py:188} INFO - [2024-07-31T07:55:44.504+0000] {dag.py:3947} INFO - Setting next_dagrun for consume_1_or_2_with_dataset_expressions to None, run_after=None
[2024-07-31T07:55:44.507+0000] {logging_mixin.py:188} INFO - [2024-07-31T07:55:44.506+0000] {dag.py:3947} INFO - Setting next_dagrun for consume_1_or_both_2_and_3_with_dataset_expressions to None, run_after=None
[2024-07-31T07:55:44.510+0000] {logging_mixin.py:188} INFO - [2024-07-31T07:55:44.509+0000] {dag.py:3947} INFO - Setting next_dagrun for dataset_consumes_1 to None, run_after=None
[2024-07-31T07:55:44.512+0000] {logging_mixin.py:188} INFO - [2024-07-31T07:55:44.512+0000] {dag.py:3947} INFO - Setting next_dagrun for dataset_consumes_1_and_2 to None, run_after=None
[2024-07-31T07:55:44.514+0000] {logging_mixin.py:188} INFO - [2024-07-31T07:55:44.514+0000] {dag.py:3947} INFO - Setting next_dagrun for dataset_consumes_1_never_scheduled to None, run_after=None
[2024-07-31T07:55:44.516+0000] {logging_mixin.py:188} INFO - [2024-07-31T07:55:44.516+0000] {dag.py:3947} INFO - Setting next_dagrun for dataset_consumes_unknown_never_scheduled to None, run_after=None
[2024-07-31T07:55:44.519+0000] {logging_mixin.py:188} INFO - [2024-07-31T07:55:44.519+0000] {dag.py:3947} INFO - Setting next_dagrun for dataset_produces_1 to 2024-07-30 00:00:00+00:00, run_after=2024-07-31 00:00:00+00:00
[2024-07-31T07:55:44.521+0000] {logging_mixin.py:188} INFO - [2024-07-31T07:55:44.520+0000] {dag.py:3947} INFO - Setting next_dagrun for dataset_produces_2 to None, run_after=None
[2024-07-31T07:55:44.552+0000] {processor.py:183} INFO - Processing /home/airflow/.local/lib/python3.12/site-packages/airflow/example_dags/example_datasets.py took 0.156 seconds
[2024-07-31T07:56:14.914+0000] {processor.py:161} INFO - Started process (PID=230) to work on /home/airflow/.local/lib/python3.12/site-packages/airflow/example_dags/example_datasets.py
[2024-07-31T07:56:14.915+0000] {processor.py:830} INFO - Processing file /home/airflow/.local/lib/python3.12/site-packages/airflow/example_dags/example_datasets.py for tasks to queue
[2024-07-31T07:56:14.917+0000] {logging_mixin.py:188} INFO - [2024-07-31T07:56:14.916+0000] {dagbag.py:545} INFO - Filling up the DagBag from /home/airflow/.local/lib/python3.12/site-packages/airflow/example_dags/example_datasets.py
[2024-07-31T07:56:14.928+0000] {processor.py:840} INFO - DAG(s) 'dataset_consumes_1', 'dataset_consumes_unknown_never_scheduled', 'consume_1_or_both_2_and_3_with_dataset_expressions', 'consume_1_or_2_with_dataset_expressions', 'conditional_dataset_and_time_based_timetable', 'dataset_consumes_1_never_scheduled', 'consume_1_and_2_with_dataset_expressions', 'dataset_produces_2', 'dataset_consumes_1_and_2', 'dataset_produces_1' retrieved from /home/airflow/.local/lib/python3.12/site-packages/airflow/example_dags/example_datasets.py
[2024-07-31T07:56:14.977+0000] {logging_mixin.py:188} INFO - [2024-07-31T07:56:14.977+0000] {dag.py:3089} INFO - Sync 10 DAGs
[2024-07-31T07:56:15.002+0000] {logging_mixin.py:188} INFO - [2024-07-31T07:56:15.002+0000] {dag.py:3947} INFO - Setting next_dagrun for conditional_dataset_and_time_based_timetable to 2024-07-31 01:00:00+00:00, run_after=2024-07-31 01:00:00+00:00
[2024-07-31T07:56:15.006+0000] {logging_mixin.py:188} INFO - [2024-07-31T07:56:15.006+0000] {dag.py:3947} INFO - Setting next_dagrun for consume_1_and_2_with_dataset_expressions to None, run_after=None
[2024-07-31T07:56:15.008+0000] {logging_mixin.py:188} INFO - [2024-07-31T07:56:15.008+0000] {dag.py:3947} INFO - Setting next_dagrun for consume_1_or_2_with_dataset_expressions to None, run_after=None
[2024-07-31T07:56:15.009+0000] {logging_mixin.py:188} INFO - [2024-07-31T07:56:15.009+0000] {dag.py:3947} INFO - Setting next_dagrun for consume_1_or_both_2_and_3_with_dataset_expressions to None, run_after=None
[2024-07-31T07:56:15.010+0000] {logging_mixin.py:188} INFO - [2024-07-31T07:56:15.010+0000] {dag.py:3947} INFO - Setting next_dagrun for dataset_consumes_1 to None, run_after=None
[2024-07-31T07:56:15.011+0000] {logging_mixin.py:188} INFO - [2024-07-31T07:56:15.011+0000] {dag.py:3947} INFO - Setting next_dagrun for dataset_consumes_1_and_2 to None, run_after=None
[2024-07-31T07:56:15.012+0000] {logging_mixin.py:188} INFO - [2024-07-31T07:56:15.012+0000] {dag.py:3947} INFO - Setting next_dagrun for dataset_consumes_1_never_scheduled to None, run_after=None
[2024-07-31T07:56:15.013+0000] {logging_mixin.py:188} INFO - [2024-07-31T07:56:15.013+0000] {dag.py:3947} INFO - Setting next_dagrun for dataset_consumes_unknown_never_scheduled to None, run_after=None
[2024-07-31T07:56:15.015+0000] {logging_mixin.py:188} INFO - [2024-07-31T07:56:15.015+0000] {dag.py:3947} INFO - Setting next_dagrun for dataset_produces_1 to 2024-07-30 00:00:00+00:00, run_after=2024-07-31 00:00:00+00:00
[2024-07-31T07:56:15.016+0000] {logging_mixin.py:188} INFO - [2024-07-31T07:56:15.016+0000] {dag.py:3947} INFO - Setting next_dagrun for dataset_produces_2 to None, run_after=None
[2024-07-31T07:56:15.049+0000] {processor.py:183} INFO - Processing /home/airflow/.local/lib/python3.12/site-packages/airflow/example_dags/example_datasets.py took 0.140 seconds
[2024-07-31T07:56:45.095+0000] {processor.py:161} INFO - Started process (PID=287) to work on /home/airflow/.local/lib/python3.12/site-packages/airflow/example_dags/example_datasets.py
[2024-07-31T07:56:45.096+0000] {processor.py:830} INFO - Processing file /home/airflow/.local/lib/python3.12/site-packages/airflow/example_dags/example_datasets.py for tasks to queue
[2024-07-31T07:56:45.098+0000] {logging_mixin.py:188} INFO - [2024-07-31T07:56:45.097+0000] {dagbag.py:545} INFO - Filling up the DagBag from /home/airflow/.local/lib/python3.12/site-packages/airflow/example_dags/example_datasets.py
[2024-07-31T07:56:45.111+0000] {processor.py:840} INFO - DAG(s) 'consume_1_and_2_with_dataset_expressions', 'dataset_produces_2', 'dataset_consumes_1', 'consume_1_or_both_2_and_3_with_dataset_expressions', 'dataset_produces_1', 'consume_1_or_2_with_dataset_expressions', 'dataset_consumes_1_never_scheduled', 'dataset_consumes_unknown_never_scheduled', 'conditional_dataset_and_time_based_timetable', 'dataset_consumes_1_and_2' retrieved from /home/airflow/.local/lib/python3.12/site-packages/airflow/example_dags/example_datasets.py
[2024-07-31T07:56:45.162+0000] {logging_mixin.py:188} INFO - [2024-07-31T07:56:45.162+0000] {dag.py:3089} INFO - Sync 10 DAGs
[2024-07-31T07:56:45.186+0000] {logging_mixin.py:188} INFO - [2024-07-31T07:56:45.186+0000] {dag.py:3947} INFO - Setting next_dagrun for conditional_dataset_and_time_based_timetable to 2024-07-31 01:00:00+00:00, run_after=2024-07-31 01:00:00+00:00
[2024-07-31T07:56:45.192+0000] {logging_mixin.py:188} INFO - [2024-07-31T07:56:45.191+0000] {dag.py:3947} INFO - Setting next_dagrun for consume_1_and_2_with_dataset_expressions to None, run_after=None
[2024-07-31T07:56:45.193+0000] {logging_mixin.py:188} INFO - [2024-07-31T07:56:45.193+0000] {dag.py:3947} INFO - Setting next_dagrun for consume_1_or_2_with_dataset_expressions to None, run_after=None
[2024-07-31T07:56:45.195+0000] {logging_mixin.py:188} INFO - [2024-07-31T07:56:45.194+0000] {dag.py:3947} INFO - Setting next_dagrun for consume_1_or_both_2_and_3_with_dataset_expressions to None, run_after=None
[2024-07-31T07:56:45.196+0000] {logging_mixin.py:188} INFO - [2024-07-31T07:56:45.196+0000] {dag.py:3947} INFO - Setting next_dagrun for dataset_consumes_1 to None, run_after=None
[2024-07-31T07:56:45.198+0000] {logging_mixin.py:188} INFO - [2024-07-31T07:56:45.198+0000] {dag.py:3947} INFO - Setting next_dagrun for dataset_consumes_1_and_2 to None, run_after=None
[2024-07-31T07:56:45.200+0000] {logging_mixin.py:188} INFO - [2024-07-31T07:56:45.199+0000] {dag.py:3947} INFO - Setting next_dagrun for dataset_consumes_1_never_scheduled to None, run_after=None
[2024-07-31T07:56:45.201+0000] {logging_mixin.py:188} INFO - [2024-07-31T07:56:45.201+0000] {dag.py:3947} INFO - Setting next_dagrun for dataset_consumes_unknown_never_scheduled to None, run_after=None
[2024-07-31T07:56:45.203+0000] {logging_mixin.py:188} INFO - [2024-07-31T07:56:45.203+0000] {dag.py:3947} INFO - Setting next_dagrun for dataset_produces_1 to 2024-07-30 00:00:00+00:00, run_after=2024-07-31 00:00:00+00:00
[2024-07-31T07:56:45.204+0000] {logging_mixin.py:188} INFO - [2024-07-31T07:56:45.204+0000] {dag.py:3947} INFO - Setting next_dagrun for dataset_produces_2 to None, run_after=None
[2024-07-31T07:56:45.239+0000] {processor.py:183} INFO - Processing /home/airflow/.local/lib/python3.12/site-packages/airflow/example_dags/example_datasets.py took 0.149 seconds
[2024-07-31T07:57:16.257+0000] {processor.py:161} INFO - Started process (PID=352) to work on /home/airflow/.local/lib/python3.12/site-packages/airflow/example_dags/example_datasets.py
[2024-07-31T07:57:16.258+0000] {processor.py:830} INFO - Processing file /home/airflow/.local/lib/python3.12/site-packages/airflow/example_dags/example_datasets.py for tasks to queue
[2024-07-31T07:57:16.260+0000] {logging_mixin.py:188} INFO - [2024-07-31T07:57:16.260+0000] {dagbag.py:545} INFO - Filling up the DagBag from /home/airflow/.local/lib/python3.12/site-packages/airflow/example_dags/example_datasets.py
[2024-07-31T07:57:16.272+0000] {processor.py:840} INFO - DAG(s) 'dataset_produces_1', 'dataset_consumes_1_never_scheduled', 'dataset_consumes_1_and_2', 'consume_1_and_2_with_dataset_expressions', 'dataset_consumes_unknown_never_scheduled', 'consume_1_or_2_with_dataset_expressions', 'conditional_dataset_and_time_based_timetable', 'consume_1_or_both_2_and_3_with_dataset_expressions', 'dataset_produces_2', 'dataset_consumes_1' retrieved from /home/airflow/.local/lib/python3.12/site-packages/airflow/example_dags/example_datasets.py
[2024-07-31T07:57:16.323+0000] {logging_mixin.py:188} INFO - [2024-07-31T07:57:16.322+0000] {dag.py:3089} INFO - Sync 10 DAGs
[2024-07-31T07:57:16.347+0000] {logging_mixin.py:188} INFO - [2024-07-31T07:57:16.347+0000] {dag.py:3947} INFO - Setting next_dagrun for conditional_dataset_and_time_based_timetable to 2024-07-31 01:00:00+00:00, run_after=2024-07-31 01:00:00+00:00
[2024-07-31T07:57:16.352+0000] {logging_mixin.py:188} INFO - [2024-07-31T07:57:16.351+0000] {dag.py:3947} INFO - Setting next_dagrun for consume_1_and_2_with_dataset_expressions to None, run_after=None
[2024-07-31T07:57:16.353+0000] {logging_mixin.py:188} INFO - [2024-07-31T07:57:16.353+0000] {dag.py:3947} INFO - Setting next_dagrun for consume_1_or_2_with_dataset_expressions to None, run_after=None
[2024-07-31T07:57:16.354+0000] {logging_mixin.py:188} INFO - [2024-07-31T07:57:16.354+0000] {dag.py:3947} INFO - Setting next_dagrun for consume_1_or_both_2_and_3_with_dataset_expressions to None, run_after=None
[2024-07-31T07:57:16.356+0000] {logging_mixin.py:188} INFO - [2024-07-31T07:57:16.356+0000] {dag.py:3947} INFO - Setting next_dagrun for dataset_consumes_1 to None, run_after=None
[2024-07-31T07:57:16.358+0000] {logging_mixin.py:188} INFO - [2024-07-31T07:57:16.358+0000] {dag.py:3947} INFO - Setting next_dagrun for dataset_consumes_1_and_2 to None, run_after=None
[2024-07-31T07:57:16.359+0000] {logging_mixin.py:188} INFO - [2024-07-31T07:57:16.359+0000] {dag.py:3947} INFO - Setting next_dagrun for dataset_consumes_1_never_scheduled to None, run_after=None
[2024-07-31T07:57:16.360+0000] {logging_mixin.py:188} INFO - [2024-07-31T07:57:16.360+0000] {dag.py:3947} INFO - Setting next_dagrun for dataset_consumes_unknown_never_scheduled to None, run_after=None
[2024-07-31T07:57:16.363+0000] {logging_mixin.py:188} INFO - [2024-07-31T07:57:16.363+0000] {dag.py:3947} INFO - Setting next_dagrun for dataset_produces_1 to 2024-07-30 00:00:00+00:00, run_after=2024-07-31 00:00:00+00:00
[2024-07-31T07:57:16.365+0000] {logging_mixin.py:188} INFO - [2024-07-31T07:57:16.364+0000] {dag.py:3947} INFO - Setting next_dagrun for dataset_produces_2 to None, run_after=None
[2024-07-31T07:57:16.405+0000] {processor.py:183} INFO - Processing /home/airflow/.local/lib/python3.12/site-packages/airflow/example_dags/example_datasets.py took 0.156 seconds
[2024-07-31T07:57:46.793+0000] {processor.py:161} INFO - Started process (PID=410) to work on /home/airflow/.local/lib/python3.12/site-packages/airflow/example_dags/example_datasets.py
[2024-07-31T07:57:46.795+0000] {processor.py:830} INFO - Processing file /home/airflow/.local/lib/python3.12/site-packages/airflow/example_dags/example_datasets.py for tasks to queue
[2024-07-31T07:57:46.797+0000] {logging_mixin.py:188} INFO - [2024-07-31T07:57:46.796+0000] {dagbag.py:545} INFO - Filling up the DagBag from /home/airflow/.local/lib/python3.12/site-packages/airflow/example_dags/example_datasets.py
[2024-07-31T07:57:46.809+0000] {processor.py:840} INFO - DAG(s) 'dataset_produces_2', 'dataset_consumes_1_never_scheduled', 'dataset_consumes_unknown_never_scheduled', 'dataset_consumes_1_and_2', 'consume_1_or_both_2_and_3_with_dataset_expressions', 'dataset_consumes_1', 'consume_1_and_2_with_dataset_expressions', 'dataset_produces_1', 'consume_1_or_2_with_dataset_expressions', 'conditional_dataset_and_time_based_timetable' retrieved from /home/airflow/.local/lib/python3.12/site-packages/airflow/example_dags/example_datasets.py
[2024-07-31T07:57:46.855+0000] {logging_mixin.py:188} INFO - [2024-07-31T07:57:46.854+0000] {dag.py:3089} INFO - Sync 10 DAGs
[2024-07-31T07:57:46.878+0000] {logging_mixin.py:188} INFO - [2024-07-31T07:57:46.877+0000] {dag.py:3947} INFO - Setting next_dagrun for conditional_dataset_and_time_based_timetable to 2024-07-31 01:00:00+00:00, run_after=2024-07-31 01:00:00+00:00
[2024-07-31T07:57:46.881+0000] {logging_mixin.py:188} INFO - [2024-07-31T07:57:46.881+0000] {dag.py:3947} INFO - Setting next_dagrun for consume_1_and_2_with_dataset_expressions to None, run_after=None
[2024-07-31T07:57:46.883+0000] {logging_mixin.py:188} INFO - [2024-07-31T07:57:46.882+0000] {dag.py:3947} INFO - Setting next_dagrun for consume_1_or_2_with_dataset_expressions to None, run_after=None
[2024-07-31T07:57:46.884+0000] {logging_mixin.py:188} INFO - [2024-07-31T07:57:46.884+0000] {dag.py:3947} INFO - Setting next_dagrun for consume_1_or_both_2_and_3_with_dataset_expressions to None, run_after=None
[2024-07-31T07:57:46.885+0000] {logging_mixin.py:188} INFO - [2024-07-31T07:57:46.885+0000] {dag.py:3947} INFO - Setting next_dagrun for dataset_consumes_1 to None, run_after=None
[2024-07-31T07:57:46.886+0000] {logging_mixin.py:188} INFO - [2024-07-31T07:57:46.886+0000] {dag.py:3947} INFO - Setting next_dagrun for dataset_consumes_1_and_2 to None, run_after=None
[2024-07-31T07:57:46.888+0000] {logging_mixin.py:188} INFO - [2024-07-31T07:57:46.888+0000] {dag.py:3947} INFO - Setting next_dagrun for dataset_consumes_1_never_scheduled to None, run_after=None
[2024-07-31T07:57:46.889+0000] {logging_mixin.py:188} INFO - [2024-07-31T07:57:46.889+0000] {dag.py:3947} INFO - Setting next_dagrun for dataset_consumes_unknown_never_scheduled to None, run_after=None
[2024-07-31T07:57:46.891+0000] {logging_mixin.py:188} INFO - [2024-07-31T07:57:46.891+0000] {dag.py:3947} INFO - Setting next_dagrun for dataset_produces_1 to 2024-07-30 00:00:00+00:00, run_after=2024-07-31 00:00:00+00:00
[2024-07-31T07:57:46.892+0000] {logging_mixin.py:188} INFO - [2024-07-31T07:57:46.892+0000] {dag.py:3947} INFO - Setting next_dagrun for dataset_produces_2 to None, run_after=None
[2024-07-31T07:57:46.927+0000] {processor.py:183} INFO - Processing /home/airflow/.local/lib/python3.12/site-packages/airflow/example_dags/example_datasets.py took 0.143 seconds
[2024-07-31T07:58:48.652+0000] {processor.py:161} INFO - Started process (PID=63) to work on /home/airflow/.local/lib/python3.12/site-packages/airflow/example_dags/example_datasets.py
[2024-07-31T07:58:48.653+0000] {processor.py:830} INFO - Processing file /home/airflow/.local/lib/python3.12/site-packages/airflow/example_dags/example_datasets.py for tasks to queue
[2024-07-31T07:58:48.655+0000] {logging_mixin.py:188} INFO - [2024-07-31T07:58:48.654+0000] {dagbag.py:545} INFO - Filling up the DagBag from /home/airflow/.local/lib/python3.12/site-packages/airflow/example_dags/example_datasets.py
[2024-07-31T07:58:48.674+0000] {processor.py:840} INFO - DAG(s) 'dataset_consumes_1_and_2', 'consume_1_or_both_2_and_3_with_dataset_expressions', 'conditional_dataset_and_time_based_timetable', 'consume_1_and_2_with_dataset_expressions', 'dataset_consumes_1', 'dataset_consumes_1_never_scheduled', 'consume_1_or_2_with_dataset_expressions', 'dataset_produces_2', 'dataset_consumes_unknown_never_scheduled', 'dataset_produces_1' retrieved from /home/airflow/.local/lib/python3.12/site-packages/airflow/example_dags/example_datasets.py
[2024-07-31T07:58:48.692+0000] {logging_mixin.py:188} INFO - [2024-07-31T07:58:48.692+0000] {dag.py:3089} INFO - Sync 10 DAGs
[2024-07-31T07:58:48.720+0000] {logging_mixin.py:188} INFO - [2024-07-31T07:58:48.720+0000] {dag.py:3947} INFO - Setting next_dagrun for conditional_dataset_and_time_based_timetable to 2024-07-31 01:00:00+00:00, run_after=2024-07-31 01:00:00+00:00
[2024-07-31T07:58:48.724+0000] {logging_mixin.py:188} INFO - [2024-07-31T07:58:48.724+0000] {dag.py:3947} INFO - Setting next_dagrun for consume_1_and_2_with_dataset_expressions to None, run_after=None
[2024-07-31T07:58:48.726+0000] {logging_mixin.py:188} INFO - [2024-07-31T07:58:48.725+0000] {dag.py:3947} INFO - Setting next_dagrun for consume_1_or_2_with_dataset_expressions to None, run_after=None
[2024-07-31T07:58:48.727+0000] {logging_mixin.py:188} INFO - [2024-07-31T07:58:48.727+0000] {dag.py:3947} INFO - Setting next_dagrun for consume_1_or_both_2_and_3_with_dataset_expressions to None, run_after=None
[2024-07-31T07:58:48.729+0000] {logging_mixin.py:188} INFO - [2024-07-31T07:58:48.729+0000] {dag.py:3947} INFO - Setting next_dagrun for dataset_consumes_1 to None, run_after=None
[2024-07-31T07:58:48.731+0000] {logging_mixin.py:188} INFO - [2024-07-31T07:58:48.730+0000] {dag.py:3947} INFO - Setting next_dagrun for dataset_consumes_1_and_2 to None, run_after=None
[2024-07-31T07:58:48.732+0000] {logging_mixin.py:188} INFO - [2024-07-31T07:58:48.732+0000] {dag.py:3947} INFO - Setting next_dagrun for dataset_consumes_1_never_scheduled to None, run_after=None
[2024-07-31T07:58:48.734+0000] {logging_mixin.py:188} INFO - [2024-07-31T07:58:48.734+0000] {dag.py:3947} INFO - Setting next_dagrun for dataset_consumes_unknown_never_scheduled to None, run_after=None
[2024-07-31T07:58:48.737+0000] {logging_mixin.py:188} INFO - [2024-07-31T07:58:48.737+0000] {dag.py:3947} INFO - Setting next_dagrun for dataset_produces_1 to 2024-07-30 00:00:00+00:00, run_after=2024-07-31 00:00:00+00:00
[2024-07-31T07:58:48.739+0000] {logging_mixin.py:188} INFO - [2024-07-31T07:58:48.738+0000] {dag.py:3947} INFO - Setting next_dagrun for dataset_produces_2 to None, run_after=None
[2024-07-31T07:58:48.785+0000] {processor.py:183} INFO - Processing /home/airflow/.local/lib/python3.12/site-packages/airflow/example_dags/example_datasets.py took 0.138 seconds
[2024-07-31T07:59:19.776+0000] {processor.py:161} INFO - Started process (PID=121) to work on /home/airflow/.local/lib/python3.12/site-packages/airflow/example_dags/example_datasets.py
[2024-07-31T07:59:19.777+0000] {processor.py:830} INFO - Processing file /home/airflow/.local/lib/python3.12/site-packages/airflow/example_dags/example_datasets.py for tasks to queue
[2024-07-31T07:59:19.781+0000] {logging_mixin.py:188} INFO - [2024-07-31T07:59:19.781+0000] {dagbag.py:545} INFO - Filling up the DagBag from /home/airflow/.local/lib/python3.12/site-packages/airflow/example_dags/example_datasets.py
[2024-07-31T07:59:19.798+0000] {processor.py:840} INFO - DAG(s) 'dataset_produces_2', 'dataset_consumes_1', 'dataset_consumes_unknown_never_scheduled', 'conditional_dataset_and_time_based_timetable', 'dataset_consumes_1_and_2', 'consume_1_or_2_with_dataset_expressions', 'consume_1_or_both_2_and_3_with_dataset_expressions', 'dataset_produces_1', 'consume_1_and_2_with_dataset_expressions', 'dataset_consumes_1_never_scheduled' retrieved from /home/airflow/.local/lib/python3.12/site-packages/airflow/example_dags/example_datasets.py
[2024-07-31T07:59:20.051+0000] {logging_mixin.py:188} INFO - [2024-07-31T07:59:20.051+0000] {dag.py:3089} INFO - Sync 10 DAGs
[2024-07-31T07:59:20.072+0000] {logging_mixin.py:188} INFO - [2024-07-31T07:59:20.071+0000] {dag.py:3947} INFO - Setting next_dagrun for conditional_dataset_and_time_based_timetable to 2024-07-31 01:00:00+00:00, run_after=2024-07-31 01:00:00+00:00
[2024-07-31T07:59:20.074+0000] {logging_mixin.py:188} INFO - [2024-07-31T07:59:20.074+0000] {dag.py:3947} INFO - Setting next_dagrun for consume_1_and_2_with_dataset_expressions to None, run_after=None
[2024-07-31T07:59:20.076+0000] {logging_mixin.py:188} INFO - [2024-07-31T07:59:20.076+0000] {dag.py:3947} INFO - Setting next_dagrun for consume_1_or_2_with_dataset_expressions to None, run_after=None
[2024-07-31T07:59:20.077+0000] {logging_mixin.py:188} INFO - [2024-07-31T07:59:20.077+0000] {dag.py:3947} INFO - Setting next_dagrun for consume_1_or_both_2_and_3_with_dataset_expressions to None, run_after=None
[2024-07-31T07:59:20.079+0000] {logging_mixin.py:188} INFO - [2024-07-31T07:59:20.079+0000] {dag.py:3947} INFO - Setting next_dagrun for dataset_consumes_1 to None, run_after=None
[2024-07-31T07:59:20.080+0000] {logging_mixin.py:188} INFO - [2024-07-31T07:59:20.080+0000] {dag.py:3947} INFO - Setting next_dagrun for dataset_consumes_1_and_2 to None, run_after=None
[2024-07-31T07:59:20.082+0000] {logging_mixin.py:188} INFO - [2024-07-31T07:59:20.082+0000] {dag.py:3947} INFO - Setting next_dagrun for dataset_consumes_1_never_scheduled to None, run_after=None
[2024-07-31T07:59:20.084+0000] {logging_mixin.py:188} INFO - [2024-07-31T07:59:20.083+0000] {dag.py:3947} INFO - Setting next_dagrun for dataset_consumes_unknown_never_scheduled to None, run_after=None
[2024-07-31T07:59:20.086+0000] {logging_mixin.py:188} INFO - [2024-07-31T07:59:20.086+0000] {dag.py:3947} INFO - Setting next_dagrun for dataset_produces_1 to 2024-07-30 00:00:00+00:00, run_after=2024-07-31 00:00:00+00:00
[2024-07-31T07:59:20.088+0000] {logging_mixin.py:188} INFO - [2024-07-31T07:59:20.088+0000] {dag.py:3947} INFO - Setting next_dagrun for dataset_produces_2 to None, run_after=None
[2024-07-31T07:59:20.120+0000] {processor.py:183} INFO - Processing /home/airflow/.local/lib/python3.12/site-packages/airflow/example_dags/example_datasets.py took 0.354 seconds
[2024-07-31T07:59:50.520+0000] {processor.py:161} INFO - Started process (PID=185) to work on /home/airflow/.local/lib/python3.12/site-packages/airflow/example_dags/example_datasets.py
[2024-07-31T07:59:50.521+0000] {processor.py:830} INFO - Processing file /home/airflow/.local/lib/python3.12/site-packages/airflow/example_dags/example_datasets.py for tasks to queue
[2024-07-31T07:59:50.523+0000] {logging_mixin.py:188} INFO - [2024-07-31T07:59:50.522+0000] {dagbag.py:545} INFO - Filling up the DagBag from /home/airflow/.local/lib/python3.12/site-packages/airflow/example_dags/example_datasets.py
[2024-07-31T07:59:50.536+0000] {processor.py:840} INFO - DAG(s) 'dataset_produces_1', 'consume_1_or_2_with_dataset_expressions', 'dataset_consumes_1', 'dataset_produces_2', 'consume_1_or_both_2_and_3_with_dataset_expressions', 'dataset_consumes_1_and_2', 'conditional_dataset_and_time_based_timetable', 'dataset_consumes_unknown_never_scheduled', 'consume_1_and_2_with_dataset_expressions', 'dataset_consumes_1_never_scheduled' retrieved from /home/airflow/.local/lib/python3.12/site-packages/airflow/example_dags/example_datasets.py
[2024-07-31T07:59:50.584+0000] {logging_mixin.py:188} INFO - [2024-07-31T07:59:50.584+0000] {dag.py:3089} INFO - Sync 10 DAGs
[2024-07-31T07:59:50.608+0000] {logging_mixin.py:188} INFO - [2024-07-31T07:59:50.608+0000] {dag.py:3947} INFO - Setting next_dagrun for conditional_dataset_and_time_based_timetable to 2024-07-31 01:00:00+00:00, run_after=2024-07-31 01:00:00+00:00
[2024-07-31T07:59:50.612+0000] {logging_mixin.py:188} INFO - [2024-07-31T07:59:50.612+0000] {dag.py:3947} INFO - Setting next_dagrun for consume_1_and_2_with_dataset_expressions to None, run_after=None
[2024-07-31T07:59:50.613+0000] {logging_mixin.py:188} INFO - [2024-07-31T07:59:50.613+0000] {dag.py:3947} INFO - Setting next_dagrun for consume_1_or_2_with_dataset_expressions to None, run_after=None
[2024-07-31T07:59:50.615+0000] {logging_mixin.py:188} INFO - [2024-07-31T07:59:50.615+0000] {dag.py:3947} INFO - Setting next_dagrun for consume_1_or_both_2_and_3_with_dataset_expressions to None, run_after=None
[2024-07-31T07:59:50.616+0000] {logging_mixin.py:188} INFO - [2024-07-31T07:59:50.616+0000] {dag.py:3947} INFO - Setting next_dagrun for dataset_consumes_1 to None, run_after=None
[2024-07-31T07:59:50.618+0000] {logging_mixin.py:188} INFO - [2024-07-31T07:59:50.617+0000] {dag.py:3947} INFO - Setting next_dagrun for dataset_consumes_1_and_2 to None, run_after=None
[2024-07-31T07:59:50.619+0000] {logging_mixin.py:188} INFO - [2024-07-31T07:59:50.619+0000] {dag.py:3947} INFO - Setting next_dagrun for dataset_consumes_1_never_scheduled to None, run_after=None
[2024-07-31T07:59:50.620+0000] {logging_mixin.py:188} INFO - [2024-07-31T07:59:50.620+0000] {dag.py:3947} INFO - Setting next_dagrun for dataset_consumes_unknown_never_scheduled to None, run_after=None
[2024-07-31T07:59:50.622+0000] {logging_mixin.py:188} INFO - [2024-07-31T07:59:50.622+0000] {dag.py:3947} INFO - Setting next_dagrun for dataset_produces_1 to 2024-07-30 00:00:00+00:00, run_after=2024-07-31 00:00:00+00:00
[2024-07-31T07:59:50.624+0000] {logging_mixin.py:188} INFO - [2024-07-31T07:59:50.624+0000] {dag.py:3947} INFO - Setting next_dagrun for dataset_produces_2 to None, run_after=None
[2024-07-31T07:59:50.655+0000] {processor.py:183} INFO - Processing /home/airflow/.local/lib/python3.12/site-packages/airflow/example_dags/example_datasets.py took 0.140 seconds
[2024-07-31T08:00:20.690+0000] {processor.py:161} INFO - Started process (PID=242) to work on /home/airflow/.local/lib/python3.12/site-packages/airflow/example_dags/example_datasets.py
[2024-07-31T08:00:20.691+0000] {processor.py:830} INFO - Processing file /home/airflow/.local/lib/python3.12/site-packages/airflow/example_dags/example_datasets.py for tasks to queue
[2024-07-31T08:00:20.692+0000] {logging_mixin.py:188} INFO - [2024-07-31T08:00:20.692+0000] {dagbag.py:545} INFO - Filling up the DagBag from /home/airflow/.local/lib/python3.12/site-packages/airflow/example_dags/example_datasets.py
[2024-07-31T08:00:20.704+0000] {processor.py:840} INFO - DAG(s) 'conditional_dataset_and_time_based_timetable', 'dataset_produces_1', 'dataset_consumes_1_never_scheduled', 'consume_1_and_2_with_dataset_expressions', 'consume_1_or_both_2_and_3_with_dataset_expressions', 'dataset_consumes_1_and_2', 'dataset_produces_2', 'dataset_consumes_1', 'consume_1_or_2_with_dataset_expressions', 'dataset_consumes_unknown_never_scheduled' retrieved from /home/airflow/.local/lib/python3.12/site-packages/airflow/example_dags/example_datasets.py
[2024-07-31T08:00:20.751+0000] {logging_mixin.py:188} INFO - [2024-07-31T08:00:20.751+0000] {dag.py:3089} INFO - Sync 10 DAGs
[2024-07-31T08:00:20.776+0000] {logging_mixin.py:188} INFO - [2024-07-31T08:00:20.775+0000] {dag.py:3947} INFO - Setting next_dagrun for conditional_dataset_and_time_based_timetable to 2024-07-31 01:00:00+00:00, run_after=2024-07-31 01:00:00+00:00
[2024-07-31T08:00:20.779+0000] {logging_mixin.py:188} INFO - [2024-07-31T08:00:20.779+0000] {dag.py:3947} INFO - Setting next_dagrun for consume_1_and_2_with_dataset_expressions to None, run_after=None
[2024-07-31T08:00:20.781+0000] {logging_mixin.py:188} INFO - [2024-07-31T08:00:20.780+0000] {dag.py:3947} INFO - Setting next_dagrun for consume_1_or_2_with_dataset_expressions to None, run_after=None
[2024-07-31T08:00:20.782+0000] {logging_mixin.py:188} INFO - [2024-07-31T08:00:20.782+0000] {dag.py:3947} INFO - Setting next_dagrun for consume_1_or_both_2_and_3_with_dataset_expressions to None, run_after=None
[2024-07-31T08:00:20.783+0000] {logging_mixin.py:188} INFO - [2024-07-31T08:00:20.783+0000] {dag.py:3947} INFO - Setting next_dagrun for dataset_consumes_1 to None, run_after=None
[2024-07-31T08:00:20.784+0000] {logging_mixin.py:188} INFO - [2024-07-31T08:00:20.784+0000] {dag.py:3947} INFO - Setting next_dagrun for dataset_consumes_1_and_2 to None, run_after=None
[2024-07-31T08:00:20.786+0000] {logging_mixin.py:188} INFO - [2024-07-31T08:00:20.785+0000] {dag.py:3947} INFO - Setting next_dagrun for dataset_consumes_1_never_scheduled to None, run_after=None
[2024-07-31T08:00:20.787+0000] {logging_mixin.py:188} INFO - [2024-07-31T08:00:20.787+0000] {dag.py:3947} INFO - Setting next_dagrun for dataset_consumes_unknown_never_scheduled to None, run_after=None
[2024-07-31T08:00:20.789+0000] {logging_mixin.py:188} INFO - [2024-07-31T08:00:20.789+0000] {dag.py:3947} INFO - Setting next_dagrun for dataset_produces_1 to 2024-07-30 00:00:00+00:00, run_after=2024-07-31 00:00:00+00:00
[2024-07-31T08:00:20.790+0000] {logging_mixin.py:188} INFO - [2024-07-31T08:00:20.790+0000] {dag.py:3947} INFO - Setting next_dagrun for dataset_produces_2 to None, run_after=None
[2024-07-31T08:00:20.824+0000] {processor.py:183} INFO - Processing /home/airflow/.local/lib/python3.12/site-packages/airflow/example_dags/example_datasets.py took 0.139 seconds
[2024-07-31T08:00:51.155+0000] {processor.py:161} INFO - Started process (PID=300) to work on /home/airflow/.local/lib/python3.12/site-packages/airflow/example_dags/example_datasets.py
[2024-07-31T08:00:51.156+0000] {processor.py:830} INFO - Processing file /home/airflow/.local/lib/python3.12/site-packages/airflow/example_dags/example_datasets.py for tasks to queue
[2024-07-31T08:00:51.159+0000] {logging_mixin.py:188} INFO - [2024-07-31T08:00:51.158+0000] {dagbag.py:545} INFO - Filling up the DagBag from /home/airflow/.local/lib/python3.12/site-packages/airflow/example_dags/example_datasets.py
[2024-07-31T08:00:51.171+0000] {processor.py:840} INFO - DAG(s) 'consume_1_and_2_with_dataset_expressions', 'dataset_produces_1', 'dataset_consumes_1_never_scheduled', 'dataset_consumes_1', 'dataset_consumes_unknown_never_scheduled', 'dataset_consumes_1_and_2', 'consume_1_or_both_2_and_3_with_dataset_expressions', 'consume_1_or_2_with_dataset_expressions', 'conditional_dataset_and_time_based_timetable', 'dataset_produces_2' retrieved from /home/airflow/.local/lib/python3.12/site-packages/airflow/example_dags/example_datasets.py
[2024-07-31T08:00:51.222+0000] {logging_mixin.py:188} INFO - [2024-07-31T08:00:51.222+0000] {dag.py:3089} INFO - Sync 10 DAGs
[2024-07-31T08:00:51.246+0000] {logging_mixin.py:188} INFO - [2024-07-31T08:00:51.246+0000] {dag.py:3947} INFO - Setting next_dagrun for conditional_dataset_and_time_based_timetable to 2024-07-31 01:00:00+00:00, run_after=2024-07-31 01:00:00+00:00
[2024-07-31T08:00:51.250+0000] {logging_mixin.py:188} INFO - [2024-07-31T08:00:51.250+0000] {dag.py:3947} INFO - Setting next_dagrun for consume_1_and_2_with_dataset_expressions to None, run_after=None
[2024-07-31T08:00:51.252+0000] {logging_mixin.py:188} INFO - [2024-07-31T08:00:51.251+0000] {dag.py:3947} INFO - Setting next_dagrun for consume_1_or_2_with_dataset_expressions to None, run_after=None
[2024-07-31T08:00:51.253+0000] {logging_mixin.py:188} INFO - [2024-07-31T08:00:51.253+0000] {dag.py:3947} INFO - Setting next_dagrun for consume_1_or_both_2_and_3_with_dataset_expressions to None, run_after=None
[2024-07-31T08:00:51.254+0000] {logging_mixin.py:188} INFO - [2024-07-31T08:00:51.254+0000] {dag.py:3947} INFO - Setting next_dagrun for dataset_consumes_1 to None, run_after=None
[2024-07-31T08:00:51.256+0000] {logging_mixin.py:188} INFO - [2024-07-31T08:00:51.256+0000] {dag.py:3947} INFO - Setting next_dagrun for dataset_consumes_1_and_2 to None, run_after=None
[2024-07-31T08:00:51.257+0000] {logging_mixin.py:188} INFO - [2024-07-31T08:00:51.257+0000] {dag.py:3947} INFO - Setting next_dagrun for dataset_consumes_1_never_scheduled to None, run_after=None
[2024-07-31T08:00:51.259+0000] {logging_mixin.py:188} INFO - [2024-07-31T08:00:51.259+0000] {dag.py:3947} INFO - Setting next_dagrun for dataset_consumes_unknown_never_scheduled to None, run_after=None
[2024-07-31T08:00:51.261+0000] {logging_mixin.py:188} INFO - [2024-07-31T08:00:51.261+0000] {dag.py:3947} INFO - Setting next_dagrun for dataset_produces_1 to 2024-07-30 00:00:00+00:00, run_after=2024-07-31 00:00:00+00:00
[2024-07-31T08:00:51.263+0000] {logging_mixin.py:188} INFO - [2024-07-31T08:00:51.262+0000] {dag.py:3947} INFO - Setting next_dagrun for dataset_produces_2 to None, run_after=None
[2024-07-31T08:00:51.295+0000] {processor.py:183} INFO - Processing /home/airflow/.local/lib/python3.12/site-packages/airflow/example_dags/example_datasets.py took 0.151 seconds
[2024-07-31T08:01:21.551+0000] {processor.py:161} INFO - Started process (PID=359) to work on /home/airflow/.local/lib/python3.12/site-packages/airflow/example_dags/example_datasets.py
[2024-07-31T08:01:21.552+0000] {processor.py:830} INFO - Processing file /home/airflow/.local/lib/python3.12/site-packages/airflow/example_dags/example_datasets.py for tasks to queue
[2024-07-31T08:01:21.554+0000] {logging_mixin.py:188} INFO - [2024-07-31T08:01:21.553+0000] {dagbag.py:545} INFO - Filling up the DagBag from /home/airflow/.local/lib/python3.12/site-packages/airflow/example_dags/example_datasets.py
[2024-07-31T08:01:21.565+0000] {processor.py:840} INFO - DAG(s) 'dataset_consumes_1', 'consume_1_or_2_with_dataset_expressions', 'dataset_consumes_1_and_2', 'dataset_produces_1', 'dataset_produces_2', 'dataset_consumes_1_never_scheduled', 'conditional_dataset_and_time_based_timetable', 'consume_1_or_both_2_and_3_with_dataset_expressions', 'dataset_consumes_unknown_never_scheduled', 'consume_1_and_2_with_dataset_expressions' retrieved from /home/airflow/.local/lib/python3.12/site-packages/airflow/example_dags/example_datasets.py
[2024-07-31T08:01:21.611+0000] {logging_mixin.py:188} INFO - [2024-07-31T08:01:21.611+0000] {dag.py:3089} INFO - Sync 10 DAGs
[2024-07-31T08:01:21.635+0000] {logging_mixin.py:188} INFO - [2024-07-31T08:01:21.635+0000] {dag.py:3947} INFO - Setting next_dagrun for conditional_dataset_and_time_based_timetable to 2024-07-31 01:00:00+00:00, run_after=2024-07-31 01:00:00+00:00
[2024-07-31T08:01:21.639+0000] {logging_mixin.py:188} INFO - [2024-07-31T08:01:21.638+0000] {dag.py:3947} INFO - Setting next_dagrun for consume_1_and_2_with_dataset_expressions to None, run_after=None
[2024-07-31T08:01:21.640+0000] {logging_mixin.py:188} INFO - [2024-07-31T08:01:21.640+0000] {dag.py:3947} INFO - Setting next_dagrun for consume_1_or_2_with_dataset_expressions to None, run_after=None
[2024-07-31T08:01:21.641+0000] {logging_mixin.py:188} INFO - [2024-07-31T08:01:21.641+0000] {dag.py:3947} INFO - Setting next_dagrun for consume_1_or_both_2_and_3_with_dataset_expressions to None, run_after=None
[2024-07-31T08:01:21.643+0000] {logging_mixin.py:188} INFO - [2024-07-31T08:01:21.642+0000] {dag.py:3947} INFO - Setting next_dagrun for dataset_consumes_1 to None, run_after=None
[2024-07-31T08:01:21.644+0000] {logging_mixin.py:188} INFO - [2024-07-31T08:01:21.644+0000] {dag.py:3947} INFO - Setting next_dagrun for dataset_consumes_1_and_2 to None, run_after=None
[2024-07-31T08:01:21.645+0000] {logging_mixin.py:188} INFO - [2024-07-31T08:01:21.645+0000] {dag.py:3947} INFO - Setting next_dagrun for dataset_consumes_1_never_scheduled to None, run_after=None
[2024-07-31T08:01:21.646+0000] {logging_mixin.py:188} INFO - [2024-07-31T08:01:21.646+0000] {dag.py:3947} INFO - Setting next_dagrun for dataset_consumes_unknown_never_scheduled to None, run_after=None
[2024-07-31T08:01:21.648+0000] {logging_mixin.py:188} INFO - [2024-07-31T08:01:21.648+0000] {dag.py:3947} INFO - Setting next_dagrun for dataset_produces_1 to 2024-07-30 00:00:00+00:00, run_after=2024-07-31 00:00:00+00:00
[2024-07-31T08:01:21.650+0000] {logging_mixin.py:188} INFO - [2024-07-31T08:01:21.649+0000] {dag.py:3947} INFO - Setting next_dagrun for dataset_produces_2 to None, run_after=None
[2024-07-31T08:01:21.680+0000] {processor.py:183} INFO - Processing /home/airflow/.local/lib/python3.12/site-packages/airflow/example_dags/example_datasets.py took 0.134 seconds
[2024-07-31T08:01:51.795+0000] {processor.py:161} INFO - Started process (PID=417) to work on /home/airflow/.local/lib/python3.12/site-packages/airflow/example_dags/example_datasets.py
[2024-07-31T08:01:51.796+0000] {processor.py:830} INFO - Processing file /home/airflow/.local/lib/python3.12/site-packages/airflow/example_dags/example_datasets.py for tasks to queue
[2024-07-31T08:01:51.798+0000] {logging_mixin.py:188} INFO - [2024-07-31T08:01:51.798+0000] {dagbag.py:545} INFO - Filling up the DagBag from /home/airflow/.local/lib/python3.12/site-packages/airflow/example_dags/example_datasets.py
[2024-07-31T08:01:51.810+0000] {processor.py:840} INFO - DAG(s) 'conditional_dataset_and_time_based_timetable', 'dataset_produces_1', 'consume_1_or_both_2_and_3_with_dataset_expressions', 'consume_1_or_2_with_dataset_expressions', 'dataset_consumes_1_never_scheduled', 'dataset_consumes_1', 'dataset_consumes_unknown_never_scheduled', 'dataset_consumes_1_and_2', 'consume_1_and_2_with_dataset_expressions', 'dataset_produces_2' retrieved from /home/airflow/.local/lib/python3.12/site-packages/airflow/example_dags/example_datasets.py
[2024-07-31T08:01:51.855+0000] {logging_mixin.py:188} INFO - [2024-07-31T08:01:51.854+0000] {dag.py:3089} INFO - Sync 10 DAGs
[2024-07-31T08:01:51.878+0000] {logging_mixin.py:188} INFO - [2024-07-31T08:01:51.877+0000] {dag.py:3947} INFO - Setting next_dagrun for conditional_dataset_and_time_based_timetable to 2024-07-31 01:00:00+00:00, run_after=2024-07-31 01:00:00+00:00
[2024-07-31T08:01:51.881+0000] {logging_mixin.py:188} INFO - [2024-07-31T08:01:51.881+0000] {dag.py:3947} INFO - Setting next_dagrun for consume_1_and_2_with_dataset_expressions to None, run_after=None
[2024-07-31T08:01:51.883+0000] {logging_mixin.py:188} INFO - [2024-07-31T08:01:51.883+0000] {dag.py:3947} INFO - Setting next_dagrun for consume_1_or_2_with_dataset_expressions to None, run_after=None
[2024-07-31T08:01:51.884+0000] {logging_mixin.py:188} INFO - [2024-07-31T08:01:51.884+0000] {dag.py:3947} INFO - Setting next_dagrun for consume_1_or_both_2_and_3_with_dataset_expressions to None, run_after=None
[2024-07-31T08:01:51.885+0000] {logging_mixin.py:188} INFO - [2024-07-31T08:01:51.885+0000] {dag.py:3947} INFO - Setting next_dagrun for dataset_consumes_1 to None, run_after=None
[2024-07-31T08:01:51.887+0000] {logging_mixin.py:188} INFO - [2024-07-31T08:01:51.886+0000] {dag.py:3947} INFO - Setting next_dagrun for dataset_consumes_1_and_2 to None, run_after=None
[2024-07-31T08:01:51.888+0000] {logging_mixin.py:188} INFO - [2024-07-31T08:01:51.888+0000] {dag.py:3947} INFO - Setting next_dagrun for dataset_consumes_1_never_scheduled to None, run_after=None
[2024-07-31T08:01:51.889+0000] {logging_mixin.py:188} INFO - [2024-07-31T08:01:51.889+0000] {dag.py:3947} INFO - Setting next_dagrun for dataset_consumes_unknown_never_scheduled to None, run_after=None
[2024-07-31T08:01:51.891+0000] {logging_mixin.py:188} INFO - [2024-07-31T08:01:51.891+0000] {dag.py:3947} INFO - Setting next_dagrun for dataset_produces_1 to 2024-07-30 00:00:00+00:00, run_after=2024-07-31 00:00:00+00:00
[2024-07-31T08:01:51.892+0000] {logging_mixin.py:188} INFO - [2024-07-31T08:01:51.892+0000] {dag.py:3947} INFO - Setting next_dagrun for dataset_produces_2 to None, run_after=None
[2024-07-31T08:01:51.925+0000] {processor.py:183} INFO - Processing /home/airflow/.local/lib/python3.12/site-packages/airflow/example_dags/example_datasets.py took 0.139 seconds
[2024-07-31T08:02:21.952+0000] {processor.py:161} INFO - Started process (PID=474) to work on /home/airflow/.local/lib/python3.12/site-packages/airflow/example_dags/example_datasets.py
[2024-07-31T08:02:21.953+0000] {processor.py:830} INFO - Processing file /home/airflow/.local/lib/python3.12/site-packages/airflow/example_dags/example_datasets.py for tasks to queue
[2024-07-31T08:02:21.954+0000] {logging_mixin.py:188} INFO - [2024-07-31T08:02:21.954+0000] {dagbag.py:545} INFO - Filling up the DagBag from /home/airflow/.local/lib/python3.12/site-packages/airflow/example_dags/example_datasets.py
[2024-07-31T08:02:21.967+0000] {processor.py:840} INFO - DAG(s) 'consume_1_or_2_with_dataset_expressions', 'dataset_consumes_1', 'consume_1_and_2_with_dataset_expressions', 'conditional_dataset_and_time_based_timetable', 'dataset_produces_1', 'dataset_consumes_unknown_never_scheduled', 'dataset_consumes_1_never_scheduled', 'dataset_produces_2', 'dataset_consumes_1_and_2', 'consume_1_or_both_2_and_3_with_dataset_expressions' retrieved from /home/airflow/.local/lib/python3.12/site-packages/airflow/example_dags/example_datasets.py
[2024-07-31T08:02:22.019+0000] {logging_mixin.py:188} INFO - [2024-07-31T08:02:22.019+0000] {dag.py:3089} INFO - Sync 10 DAGs
[2024-07-31T08:02:22.045+0000] {logging_mixin.py:188} INFO - [2024-07-31T08:02:22.045+0000] {dag.py:3947} INFO - Setting next_dagrun for conditional_dataset_and_time_based_timetable to 2024-07-31 01:00:00+00:00, run_after=2024-07-31 01:00:00+00:00
[2024-07-31T08:02:22.049+0000] {logging_mixin.py:188} INFO - [2024-07-31T08:02:22.049+0000] {dag.py:3947} INFO - Setting next_dagrun for consume_1_and_2_with_dataset_expressions to None, run_after=None
[2024-07-31T08:02:22.051+0000] {logging_mixin.py:188} INFO - [2024-07-31T08:02:22.050+0000] {dag.py:3947} INFO - Setting next_dagrun for consume_1_or_2_with_dataset_expressions to None, run_after=None
[2024-07-31T08:02:22.052+0000] {logging_mixin.py:188} INFO - [2024-07-31T08:02:22.052+0000] {dag.py:3947} INFO - Setting next_dagrun for consume_1_or_both_2_and_3_with_dataset_expressions to None, run_after=None
[2024-07-31T08:02:22.054+0000] {logging_mixin.py:188} INFO - [2024-07-31T08:02:22.054+0000] {dag.py:3947} INFO - Setting next_dagrun for dataset_consumes_1 to None, run_after=None
[2024-07-31T08:02:22.056+0000] {logging_mixin.py:188} INFO - [2024-07-31T08:02:22.055+0000] {dag.py:3947} INFO - Setting next_dagrun for dataset_consumes_1_and_2 to None, run_after=None
[2024-07-31T08:02:22.057+0000] {logging_mixin.py:188} INFO - [2024-07-31T08:02:22.057+0000] {dag.py:3947} INFO - Setting next_dagrun for dataset_consumes_1_never_scheduled to None, run_after=None
[2024-07-31T08:02:22.058+0000] {logging_mixin.py:188} INFO - [2024-07-31T08:02:22.058+0000] {dag.py:3947} INFO - Setting next_dagrun for dataset_consumes_unknown_never_scheduled to None, run_after=None
[2024-07-31T08:02:22.060+0000] {logging_mixin.py:188} INFO - [2024-07-31T08:02:22.060+0000] {dag.py:3947} INFO - Setting next_dagrun for dataset_produces_1 to 2024-07-30 00:00:00+00:00, run_after=2024-07-31 00:00:00+00:00
[2024-07-31T08:02:22.062+0000] {logging_mixin.py:188} INFO - [2024-07-31T08:02:22.062+0000] {dag.py:3947} INFO - Setting next_dagrun for dataset_produces_2 to None, run_after=None
[2024-07-31T08:02:22.091+0000] {processor.py:183} INFO - Processing /home/airflow/.local/lib/python3.12/site-packages/airflow/example_dags/example_datasets.py took 0.145 seconds
[2024-07-31T08:02:52.263+0000] {processor.py:161} INFO - Started process (PID=532) to work on /home/airflow/.local/lib/python3.12/site-packages/airflow/example_dags/example_datasets.py
[2024-07-31T08:02:52.264+0000] {processor.py:830} INFO - Processing file /home/airflow/.local/lib/python3.12/site-packages/airflow/example_dags/example_datasets.py for tasks to queue
[2024-07-31T08:02:52.266+0000] {logging_mixin.py:188} INFO - [2024-07-31T08:02:52.266+0000] {dagbag.py:545} INFO - Filling up the DagBag from /home/airflow/.local/lib/python3.12/site-packages/airflow/example_dags/example_datasets.py
[2024-07-31T08:02:52.280+0000] {processor.py:840} INFO - DAG(s) 'dataset_consumes_1', 'dataset_produces_2', 'consume_1_and_2_with_dataset_expressions', 'dataset_consumes_1_never_scheduled', 'consume_1_or_both_2_and_3_with_dataset_expressions', 'consume_1_or_2_with_dataset_expressions', 'dataset_consumes_unknown_never_scheduled', 'dataset_produces_1', 'conditional_dataset_and_time_based_timetable', 'dataset_consumes_1_and_2' retrieved from /home/airflow/.local/lib/python3.12/site-packages/airflow/example_dags/example_datasets.py
[2024-07-31T08:02:52.333+0000] {logging_mixin.py:188} INFO - [2024-07-31T08:02:52.332+0000] {dag.py:3089} INFO - Sync 10 DAGs
[2024-07-31T08:02:52.357+0000] {logging_mixin.py:188} INFO - [2024-07-31T08:02:52.357+0000] {dag.py:3947} INFO - Setting next_dagrun for conditional_dataset_and_time_based_timetable to 2024-07-31 01:00:00+00:00, run_after=2024-07-31 01:00:00+00:00
[2024-07-31T08:02:52.362+0000] {logging_mixin.py:188} INFO - [2024-07-31T08:02:52.361+0000] {dag.py:3947} INFO - Setting next_dagrun for consume_1_and_2_with_dataset_expressions to None, run_after=None
[2024-07-31T08:02:52.363+0000] {logging_mixin.py:188} INFO - [2024-07-31T08:02:52.363+0000] {dag.py:3947} INFO - Setting next_dagrun for consume_1_or_2_with_dataset_expressions to None, run_after=None
[2024-07-31T08:02:52.364+0000] {logging_mixin.py:188} INFO - [2024-07-31T08:02:52.364+0000] {dag.py:3947} INFO - Setting next_dagrun for consume_1_or_both_2_and_3_with_dataset_expressions to None, run_after=None
[2024-07-31T08:02:52.365+0000] {logging_mixin.py:188} INFO - [2024-07-31T08:02:52.365+0000] {dag.py:3947} INFO - Setting next_dagrun for dataset_consumes_1 to None, run_after=None
[2024-07-31T08:02:52.367+0000] {logging_mixin.py:188} INFO - [2024-07-31T08:02:52.366+0000] {dag.py:3947} INFO - Setting next_dagrun for dataset_consumes_1_and_2 to None, run_after=None
[2024-07-31T08:02:52.368+0000] {logging_mixin.py:188} INFO - [2024-07-31T08:02:52.368+0000] {dag.py:3947} INFO - Setting next_dagrun for dataset_consumes_1_never_scheduled to None, run_after=None
[2024-07-31T08:02:52.369+0000] {logging_mixin.py:188} INFO - [2024-07-31T08:02:52.369+0000] {dag.py:3947} INFO - Setting next_dagrun for dataset_consumes_unknown_never_scheduled to None, run_after=None
[2024-07-31T08:02:52.372+0000] {logging_mixin.py:188} INFO - [2024-07-31T08:02:52.371+0000] {dag.py:3947} INFO - Setting next_dagrun for dataset_produces_1 to 2024-07-30 00:00:00+00:00, run_after=2024-07-31 00:00:00+00:00
[2024-07-31T08:02:52.373+0000] {logging_mixin.py:188} INFO - [2024-07-31T08:02:52.373+0000] {dag.py:3947} INFO - Setting next_dagrun for dataset_produces_2 to None, run_after=None
[2024-07-31T08:02:52.411+0000] {processor.py:183} INFO - Processing /home/airflow/.local/lib/python3.12/site-packages/airflow/example_dags/example_datasets.py took 0.154 seconds
