[2024-07-31T07:54:25.679+0000] {processor.py:161} INFO - Started process (PID=79) to work on /home/airflow/.local/lib/python3.12/site-packages/airflow/example_dags/example_sensors.py
[2024-07-31T07:54:25.680+0000] {processor.py:830} INFO - Processing file /home/airflow/.local/lib/python3.12/site-packages/airflow/example_dags/example_sensors.py for tasks to queue
[2024-07-31T07:54:25.683+0000] {logging_mixin.py:188} INFO - [2024-07-31T07:54:25.682+0000] {dagbag.py:545} INFO - Filling up the DagBag from /home/airflow/.local/lib/python3.12/site-packages/airflow/example_dags/example_sensors.py
[2024-07-31T07:54:25.695+0000] {processor.py:840} INFO - DAG(s) 'example_sensors' retrieved from /home/airflow/.local/lib/python3.12/site-packages/airflow/example_dags/example_sensors.py
[2024-07-31T07:54:25.708+0000] {logging_mixin.py:188} INFO - [2024-07-31T07:54:25.708+0000] {dag.py:3089} INFO - Sync 1 DAGs
[2024-07-31T07:54:25.722+0000] {logging_mixin.py:188} INFO - [2024-07-31T07:54:25.721+0000] {dag.py:3947} INFO - Setting next_dagrun for example_sensors to None, run_after=None
[2024-07-31T07:54:25.742+0000] {processor.py:183} INFO - Processing /home/airflow/.local/lib/python3.12/site-packages/airflow/example_dags/example_sensors.py took 0.072 seconds
[2024-07-31T07:54:45.524+0000] {processor.py:161} INFO - Started process (PID=72) to work on /home/airflow/.local/lib/python3.12/site-packages/airflow/example_dags/example_sensors.py
[2024-07-31T07:54:45.525+0000] {processor.py:830} INFO - Processing file /home/airflow/.local/lib/python3.12/site-packages/airflow/example_dags/example_sensors.py for tasks to queue
[2024-07-31T07:54:45.527+0000] {logging_mixin.py:188} INFO - [2024-07-31T07:54:45.527+0000] {dagbag.py:545} INFO - Filling up the DagBag from /home/airflow/.local/lib/python3.12/site-packages/airflow/example_dags/example_sensors.py
[2024-07-31T07:54:45.540+0000] {processor.py:840} INFO - DAG(s) 'example_sensors' retrieved from /home/airflow/.local/lib/python3.12/site-packages/airflow/example_dags/example_sensors.py
[2024-07-31T07:54:45.717+0000] {logging_mixin.py:188} INFO - [2024-07-31T07:54:45.716+0000] {dag.py:3089} INFO - Sync 1 DAGs
[2024-07-31T07:54:45.731+0000] {logging_mixin.py:188} INFO - [2024-07-31T07:54:45.731+0000] {dag.py:3947} INFO - Setting next_dagrun for example_sensors to None, run_after=None
[2024-07-31T07:54:45.762+0000] {processor.py:183} INFO - Processing /home/airflow/.local/lib/python3.12/site-packages/airflow/example_dags/example_sensors.py took 0.244 seconds
[2024-07-31T07:55:16.007+0000] {processor.py:161} INFO - Started process (PID=136) to work on /home/airflow/.local/lib/python3.12/site-packages/airflow/example_dags/example_sensors.py
[2024-07-31T07:55:16.008+0000] {processor.py:830} INFO - Processing file /home/airflow/.local/lib/python3.12/site-packages/airflow/example_dags/example_sensors.py for tasks to queue
[2024-07-31T07:55:16.009+0000] {logging_mixin.py:188} INFO - [2024-07-31T07:55:16.009+0000] {dagbag.py:545} INFO - Filling up the DagBag from /home/airflow/.local/lib/python3.12/site-packages/airflow/example_dags/example_sensors.py
[2024-07-31T07:55:16.017+0000] {processor.py:840} INFO - DAG(s) 'example_sensors' retrieved from /home/airflow/.local/lib/python3.12/site-packages/airflow/example_dags/example_sensors.py
[2024-07-31T07:55:16.040+0000] {logging_mixin.py:188} INFO - [2024-07-31T07:55:16.040+0000] {dag.py:3089} INFO - Sync 1 DAGs
[2024-07-31T07:55:16.052+0000] {logging_mixin.py:188} INFO - [2024-07-31T07:55:16.052+0000] {dag.py:3947} INFO - Setting next_dagrun for example_sensors to None, run_after=None
[2024-07-31T07:55:16.071+0000] {processor.py:183} INFO - Processing /home/airflow/.local/lib/python3.12/site-packages/airflow/example_dags/example_sensors.py took 0.070 seconds
[2024-07-31T07:55:46.352+0000] {processor.py:161} INFO - Started process (PID=194) to work on /home/airflow/.local/lib/python3.12/site-packages/airflow/example_dags/example_sensors.py
[2024-07-31T07:55:46.353+0000] {processor.py:830} INFO - Processing file /home/airflow/.local/lib/python3.12/site-packages/airflow/example_dags/example_sensors.py for tasks to queue
[2024-07-31T07:55:46.354+0000] {logging_mixin.py:188} INFO - [2024-07-31T07:55:46.354+0000] {dagbag.py:545} INFO - Filling up the DagBag from /home/airflow/.local/lib/python3.12/site-packages/airflow/example_dags/example_sensors.py
[2024-07-31T07:55:46.361+0000] {processor.py:840} INFO - DAG(s) 'example_sensors' retrieved from /home/airflow/.local/lib/python3.12/site-packages/airflow/example_dags/example_sensors.py
[2024-07-31T07:55:46.389+0000] {logging_mixin.py:188} INFO - [2024-07-31T07:55:46.389+0000] {dag.py:3089} INFO - Sync 1 DAGs
[2024-07-31T07:55:46.402+0000] {logging_mixin.py:188} INFO - [2024-07-31T07:55:46.401+0000] {dag.py:3947} INFO - Setting next_dagrun for example_sensors to None, run_after=None
[2024-07-31T07:55:46.419+0000] {processor.py:183} INFO - Processing /home/airflow/.local/lib/python3.12/site-packages/airflow/example_dags/example_sensors.py took 0.072 seconds
[2024-07-31T07:56:16.968+0000] {processor.py:161} INFO - Started process (PID=252) to work on /home/airflow/.local/lib/python3.12/site-packages/airflow/example_dags/example_sensors.py
[2024-07-31T07:56:16.969+0000] {processor.py:830} INFO - Processing file /home/airflow/.local/lib/python3.12/site-packages/airflow/example_dags/example_sensors.py for tasks to queue
[2024-07-31T07:56:16.970+0000] {logging_mixin.py:188} INFO - [2024-07-31T07:56:16.970+0000] {dagbag.py:545} INFO - Filling up the DagBag from /home/airflow/.local/lib/python3.12/site-packages/airflow/example_dags/example_sensors.py
[2024-07-31T07:56:16.978+0000] {processor.py:840} INFO - DAG(s) 'example_sensors' retrieved from /home/airflow/.local/lib/python3.12/site-packages/airflow/example_dags/example_sensors.py
[2024-07-31T07:56:17.004+0000] {logging_mixin.py:188} INFO - [2024-07-31T07:56:17.003+0000] {dag.py:3089} INFO - Sync 1 DAGs
[2024-07-31T07:56:17.016+0000] {logging_mixin.py:188} INFO - [2024-07-31T07:56:17.016+0000] {dag.py:3947} INFO - Setting next_dagrun for example_sensors to None, run_after=None
[2024-07-31T07:56:17.033+0000] {processor.py:183} INFO - Processing /home/airflow/.local/lib/python3.12/site-packages/airflow/example_dags/example_sensors.py took 0.070 seconds
[2024-07-31T07:56:47.198+0000] {processor.py:161} INFO - Started process (PID=310) to work on /home/airflow/.local/lib/python3.12/site-packages/airflow/example_dags/example_sensors.py
[2024-07-31T07:56:47.199+0000] {processor.py:830} INFO - Processing file /home/airflow/.local/lib/python3.12/site-packages/airflow/example_dags/example_sensors.py for tasks to queue
[2024-07-31T07:56:47.201+0000] {logging_mixin.py:188} INFO - [2024-07-31T07:56:47.201+0000] {dagbag.py:545} INFO - Filling up the DagBag from /home/airflow/.local/lib/python3.12/site-packages/airflow/example_dags/example_sensors.py
[2024-07-31T07:56:47.208+0000] {processor.py:840} INFO - DAG(s) 'example_sensors' retrieved from /home/airflow/.local/lib/python3.12/site-packages/airflow/example_dags/example_sensors.py
[2024-07-31T07:56:47.234+0000] {logging_mixin.py:188} INFO - [2024-07-31T07:56:47.234+0000] {dag.py:3089} INFO - Sync 1 DAGs
[2024-07-31T07:56:47.246+0000] {logging_mixin.py:188} INFO - [2024-07-31T07:56:47.246+0000] {dag.py:3947} INFO - Setting next_dagrun for example_sensors to None, run_after=None
[2024-07-31T07:56:47.264+0000] {processor.py:183} INFO - Processing /home/airflow/.local/lib/python3.12/site-packages/airflow/example_dags/example_sensors.py took 0.074 seconds
[2024-07-31T07:57:17.611+0000] {processor.py:161} INFO - Started process (PID=368) to work on /home/airflow/.local/lib/python3.12/site-packages/airflow/example_dags/example_sensors.py
[2024-07-31T07:57:17.612+0000] {processor.py:830} INFO - Processing file /home/airflow/.local/lib/python3.12/site-packages/airflow/example_dags/example_sensors.py for tasks to queue
[2024-07-31T07:57:17.614+0000] {logging_mixin.py:188} INFO - [2024-07-31T07:57:17.614+0000] {dagbag.py:545} INFO - Filling up the DagBag from /home/airflow/.local/lib/python3.12/site-packages/airflow/example_dags/example_sensors.py
[2024-07-31T07:57:17.621+0000] {processor.py:840} INFO - DAG(s) 'example_sensors' retrieved from /home/airflow/.local/lib/python3.12/site-packages/airflow/example_dags/example_sensors.py
[2024-07-31T07:57:17.645+0000] {logging_mixin.py:188} INFO - [2024-07-31T07:57:17.645+0000] {dag.py:3089} INFO - Sync 1 DAGs
[2024-07-31T07:57:17.657+0000] {logging_mixin.py:188} INFO - [2024-07-31T07:57:17.656+0000] {dag.py:3947} INFO - Setting next_dagrun for example_sensors to None, run_after=None
[2024-07-31T07:57:17.674+0000] {processor.py:183} INFO - Processing /home/airflow/.local/lib/python3.12/site-packages/airflow/example_dags/example_sensors.py took 0.067 seconds
[2024-07-31T07:57:47.730+0000] {processor.py:161} INFO - Started process (PID=426) to work on /home/airflow/.local/lib/python3.12/site-packages/airflow/example_dags/example_sensors.py
[2024-07-31T07:57:47.731+0000] {processor.py:830} INFO - Processing file /home/airflow/.local/lib/python3.12/site-packages/airflow/example_dags/example_sensors.py for tasks to queue
[2024-07-31T07:57:47.732+0000] {logging_mixin.py:188} INFO - [2024-07-31T07:57:47.732+0000] {dagbag.py:545} INFO - Filling up the DagBag from /home/airflow/.local/lib/python3.12/site-packages/airflow/example_dags/example_sensors.py
[2024-07-31T07:57:47.739+0000] {processor.py:840} INFO - DAG(s) 'example_sensors' retrieved from /home/airflow/.local/lib/python3.12/site-packages/airflow/example_dags/example_sensors.py
[2024-07-31T07:57:47.765+0000] {logging_mixin.py:188} INFO - [2024-07-31T07:57:47.764+0000] {dag.py:3089} INFO - Sync 1 DAGs
[2024-07-31T07:57:47.777+0000] {logging_mixin.py:188} INFO - [2024-07-31T07:57:47.777+0000] {dag.py:3947} INFO - Setting next_dagrun for example_sensors to None, run_after=None
[2024-07-31T07:57:47.795+0000] {processor.py:183} INFO - Processing /home/airflow/.local/lib/python3.12/site-packages/airflow/example_dags/example_sensors.py took 0.069 seconds
[2024-07-31T07:58:49.754+0000] {processor.py:161} INFO - Started process (PID=79) to work on /home/airflow/.local/lib/python3.12/site-packages/airflow/example_dags/example_sensors.py
[2024-07-31T07:58:49.755+0000] {processor.py:830} INFO - Processing file /home/airflow/.local/lib/python3.12/site-packages/airflow/example_dags/example_sensors.py for tasks to queue
[2024-07-31T07:58:49.756+0000] {logging_mixin.py:188} INFO - [2024-07-31T07:58:49.756+0000] {dagbag.py:545} INFO - Filling up the DagBag from /home/airflow/.local/lib/python3.12/site-packages/airflow/example_dags/example_sensors.py
[2024-07-31T07:58:49.768+0000] {processor.py:840} INFO - DAG(s) 'example_sensors' retrieved from /home/airflow/.local/lib/python3.12/site-packages/airflow/example_dags/example_sensors.py
[2024-07-31T07:58:49.781+0000] {logging_mixin.py:188} INFO - [2024-07-31T07:58:49.781+0000] {dag.py:3089} INFO - Sync 1 DAGs
[2024-07-31T07:58:49.794+0000] {logging_mixin.py:188} INFO - [2024-07-31T07:58:49.793+0000] {dag.py:3947} INFO - Setting next_dagrun for example_sensors to None, run_after=None
[2024-07-31T07:58:49.814+0000] {processor.py:183} INFO - Processing /home/airflow/.local/lib/python3.12/site-packages/airflow/example_dags/example_sensors.py took 0.065 seconds
[2024-07-31T07:59:21.456+0000] {processor.py:161} INFO - Started process (PID=143) to work on /home/airflow/.local/lib/python3.12/site-packages/airflow/example_dags/example_sensors.py
[2024-07-31T07:59:21.456+0000] {processor.py:830} INFO - Processing file /home/airflow/.local/lib/python3.12/site-packages/airflow/example_dags/example_sensors.py for tasks to queue
[2024-07-31T07:59:21.458+0000] {logging_mixin.py:188} INFO - [2024-07-31T07:59:21.458+0000] {dagbag.py:545} INFO - Filling up the DagBag from /home/airflow/.local/lib/python3.12/site-packages/airflow/example_dags/example_sensors.py
[2024-07-31T07:59:21.466+0000] {processor.py:840} INFO - DAG(s) 'example_sensors' retrieved from /home/airflow/.local/lib/python3.12/site-packages/airflow/example_dags/example_sensors.py
[2024-07-31T07:59:21.576+0000] {logging_mixin.py:188} INFO - [2024-07-31T07:59:21.576+0000] {dag.py:3089} INFO - Sync 1 DAGs
[2024-07-31T07:59:21.587+0000] {logging_mixin.py:188} INFO - [2024-07-31T07:59:21.587+0000] {dag.py:3947} INFO - Setting next_dagrun for example_sensors to None, run_after=None
[2024-07-31T07:59:21.613+0000] {processor.py:183} INFO - Processing /home/airflow/.local/lib/python3.12/site-packages/airflow/example_dags/example_sensors.py took 0.163 seconds
[2024-07-31T07:59:51.723+0000] {processor.py:161} INFO - Started process (PID=201) to work on /home/airflow/.local/lib/python3.12/site-packages/airflow/example_dags/example_sensors.py
[2024-07-31T07:59:51.725+0000] {processor.py:830} INFO - Processing file /home/airflow/.local/lib/python3.12/site-packages/airflow/example_dags/example_sensors.py for tasks to queue
[2024-07-31T07:59:51.727+0000] {logging_mixin.py:188} INFO - [2024-07-31T07:59:51.727+0000] {dagbag.py:545} INFO - Filling up the DagBag from /home/airflow/.local/lib/python3.12/site-packages/airflow/example_dags/example_sensors.py
[2024-07-31T07:59:51.735+0000] {processor.py:840} INFO - DAG(s) 'example_sensors' retrieved from /home/airflow/.local/lib/python3.12/site-packages/airflow/example_dags/example_sensors.py
[2024-07-31T07:59:51.762+0000] {logging_mixin.py:188} INFO - [2024-07-31T07:59:51.762+0000] {dag.py:3089} INFO - Sync 1 DAGs
[2024-07-31T07:59:51.775+0000] {logging_mixin.py:188} INFO - [2024-07-31T07:59:51.775+0000] {dag.py:3947} INFO - Setting next_dagrun for example_sensors to None, run_after=None
[2024-07-31T07:59:51.793+0000] {processor.py:183} INFO - Processing /home/airflow/.local/lib/python3.12/site-packages/airflow/example_dags/example_sensors.py took 0.078 seconds
[2024-07-31T08:00:22.762+0000] {processor.py:161} INFO - Started process (PID=259) to work on /home/airflow/.local/lib/python3.12/site-packages/airflow/example_dags/example_sensors.py
[2024-07-31T08:00:22.763+0000] {processor.py:830} INFO - Processing file /home/airflow/.local/lib/python3.12/site-packages/airflow/example_dags/example_sensors.py for tasks to queue
[2024-07-31T08:00:22.764+0000] {logging_mixin.py:188} INFO - [2024-07-31T08:00:22.764+0000] {dagbag.py:545} INFO - Filling up the DagBag from /home/airflow/.local/lib/python3.12/site-packages/airflow/example_dags/example_sensors.py
[2024-07-31T08:00:22.772+0000] {processor.py:840} INFO - DAG(s) 'example_sensors' retrieved from /home/airflow/.local/lib/python3.12/site-packages/airflow/example_dags/example_sensors.py
[2024-07-31T08:00:22.800+0000] {logging_mixin.py:188} INFO - [2024-07-31T08:00:22.800+0000] {dag.py:3089} INFO - Sync 1 DAGs
[2024-07-31T08:00:22.815+0000] {logging_mixin.py:188} INFO - [2024-07-31T08:00:22.815+0000] {dag.py:3947} INFO - Setting next_dagrun for example_sensors to None, run_after=None
[2024-07-31T08:00:22.835+0000] {processor.py:183} INFO - Processing /home/airflow/.local/lib/python3.12/site-packages/airflow/example_dags/example_sensors.py took 0.084 seconds
[2024-07-31T08:00:53.240+0000] {processor.py:161} INFO - Started process (PID=317) to work on /home/airflow/.local/lib/python3.12/site-packages/airflow/example_dags/example_sensors.py
[2024-07-31T08:00:53.240+0000] {processor.py:830} INFO - Processing file /home/airflow/.local/lib/python3.12/site-packages/airflow/example_dags/example_sensors.py for tasks to queue
[2024-07-31T08:00:53.242+0000] {logging_mixin.py:188} INFO - [2024-07-31T08:00:53.242+0000] {dagbag.py:545} INFO - Filling up the DagBag from /home/airflow/.local/lib/python3.12/site-packages/airflow/example_dags/example_sensors.py
[2024-07-31T08:00:53.249+0000] {processor.py:840} INFO - DAG(s) 'example_sensors' retrieved from /home/airflow/.local/lib/python3.12/site-packages/airflow/example_dags/example_sensors.py
[2024-07-31T08:00:53.273+0000] {logging_mixin.py:188} INFO - [2024-07-31T08:00:53.273+0000] {dag.py:3089} INFO - Sync 1 DAGs
[2024-07-31T08:00:53.285+0000] {logging_mixin.py:188} INFO - [2024-07-31T08:00:53.284+0000] {dag.py:3947} INFO - Setting next_dagrun for example_sensors to None, run_after=None
[2024-07-31T08:00:53.301+0000] {processor.py:183} INFO - Processing /home/airflow/.local/lib/python3.12/site-packages/airflow/example_dags/example_sensors.py took 0.066 seconds
[2024-07-31T08:01:23.502+0000] {processor.py:161} INFO - Started process (PID=375) to work on /home/airflow/.local/lib/python3.12/site-packages/airflow/example_dags/example_sensors.py
[2024-07-31T08:01:23.503+0000] {processor.py:830} INFO - Processing file /home/airflow/.local/lib/python3.12/site-packages/airflow/example_dags/example_sensors.py for tasks to queue
[2024-07-31T08:01:23.504+0000] {logging_mixin.py:188} INFO - [2024-07-31T08:01:23.504+0000] {dagbag.py:545} INFO - Filling up the DagBag from /home/airflow/.local/lib/python3.12/site-packages/airflow/example_dags/example_sensors.py
[2024-07-31T08:01:23.512+0000] {processor.py:840} INFO - DAG(s) 'example_sensors' retrieved from /home/airflow/.local/lib/python3.12/site-packages/airflow/example_dags/example_sensors.py
[2024-07-31T08:01:23.538+0000] {logging_mixin.py:188} INFO - [2024-07-31T08:01:23.538+0000] {dag.py:3089} INFO - Sync 1 DAGs
[2024-07-31T08:01:23.549+0000] {logging_mixin.py:188} INFO - [2024-07-31T08:01:23.549+0000] {dag.py:3947} INFO - Setting next_dagrun for example_sensors to None, run_after=None
[2024-07-31T08:01:23.568+0000] {processor.py:183} INFO - Processing /home/airflow/.local/lib/python3.12/site-packages/airflow/example_dags/example_sensors.py took 0.072 seconds
[2024-07-31T08:01:53.718+0000] {processor.py:161} INFO - Started process (PID=433) to work on /home/airflow/.local/lib/python3.12/site-packages/airflow/example_dags/example_sensors.py
[2024-07-31T08:01:53.719+0000] {processor.py:830} INFO - Processing file /home/airflow/.local/lib/python3.12/site-packages/airflow/example_dags/example_sensors.py for tasks to queue
[2024-07-31T08:01:53.720+0000] {logging_mixin.py:188} INFO - [2024-07-31T08:01:53.720+0000] {dagbag.py:545} INFO - Filling up the DagBag from /home/airflow/.local/lib/python3.12/site-packages/airflow/example_dags/example_sensors.py
[2024-07-31T08:01:53.728+0000] {processor.py:840} INFO - DAG(s) 'example_sensors' retrieved from /home/airflow/.local/lib/python3.12/site-packages/airflow/example_dags/example_sensors.py
[2024-07-31T08:01:53.755+0000] {logging_mixin.py:188} INFO - [2024-07-31T08:01:53.755+0000] {dag.py:3089} INFO - Sync 1 DAGs
[2024-07-31T08:01:53.767+0000] {logging_mixin.py:188} INFO - [2024-07-31T08:01:53.767+0000] {dag.py:3947} INFO - Setting next_dagrun for example_sensors to None, run_after=None
[2024-07-31T08:01:53.787+0000] {processor.py:183} INFO - Processing /home/airflow/.local/lib/python3.12/site-packages/airflow/example_dags/example_sensors.py took 0.075 seconds
[2024-07-31T08:02:24.057+0000] {processor.py:161} INFO - Started process (PID=491) to work on /home/airflow/.local/lib/python3.12/site-packages/airflow/example_dags/example_sensors.py
[2024-07-31T08:02:24.058+0000] {processor.py:830} INFO - Processing file /home/airflow/.local/lib/python3.12/site-packages/airflow/example_dags/example_sensors.py for tasks to queue
[2024-07-31T08:02:24.060+0000] {logging_mixin.py:188} INFO - [2024-07-31T08:02:24.060+0000] {dagbag.py:545} INFO - Filling up the DagBag from /home/airflow/.local/lib/python3.12/site-packages/airflow/example_dags/example_sensors.py
[2024-07-31T08:02:24.067+0000] {processor.py:840} INFO - DAG(s) 'example_sensors' retrieved from /home/airflow/.local/lib/python3.12/site-packages/airflow/example_dags/example_sensors.py
[2024-07-31T08:02:24.092+0000] {logging_mixin.py:188} INFO - [2024-07-31T08:02:24.092+0000] {dag.py:3089} INFO - Sync 1 DAGs
[2024-07-31T08:02:24.103+0000] {logging_mixin.py:188} INFO - [2024-07-31T08:02:24.103+0000] {dag.py:3947} INFO - Setting next_dagrun for example_sensors to None, run_after=None
[2024-07-31T08:02:24.120+0000] {processor.py:183} INFO - Processing /home/airflow/.local/lib/python3.12/site-packages/airflow/example_dags/example_sensors.py took 0.070 seconds
[2024-07-31T08:02:54.336+0000] {processor.py:161} INFO - Started process (PID=549) to work on /home/airflow/.local/lib/python3.12/site-packages/airflow/example_dags/example_sensors.py
[2024-07-31T08:02:54.337+0000] {processor.py:830} INFO - Processing file /home/airflow/.local/lib/python3.12/site-packages/airflow/example_dags/example_sensors.py for tasks to queue
[2024-07-31T08:02:54.339+0000] {logging_mixin.py:188} INFO - [2024-07-31T08:02:54.338+0000] {dagbag.py:545} INFO - Filling up the DagBag from /home/airflow/.local/lib/python3.12/site-packages/airflow/example_dags/example_sensors.py
[2024-07-31T08:02:54.346+0000] {processor.py:840} INFO - DAG(s) 'example_sensors' retrieved from /home/airflow/.local/lib/python3.12/site-packages/airflow/example_dags/example_sensors.py
[2024-07-31T08:02:54.374+0000] {logging_mixin.py:188} INFO - [2024-07-31T08:02:54.374+0000] {dag.py:3089} INFO - Sync 1 DAGs
[2024-07-31T08:02:54.387+0000] {logging_mixin.py:188} INFO - [2024-07-31T08:02:54.386+0000] {dag.py:3947} INFO - Setting next_dagrun for example_sensors to None, run_after=None
[2024-07-31T08:02:54.408+0000] {processor.py:183} INFO - Processing /home/airflow/.local/lib/python3.12/site-packages/airflow/example_dags/example_sensors.py took 0.082 seconds
[2024-07-31T08:03:24.594+0000] {processor.py:161} INFO - Started process (PID=607) to work on /home/airflow/.local/lib/python3.12/site-packages/airflow/example_dags/example_sensors.py
[2024-07-31T08:03:24.595+0000] {processor.py:830} INFO - Processing file /home/airflow/.local/lib/python3.12/site-packages/airflow/example_dags/example_sensors.py for tasks to queue
[2024-07-31T08:03:24.597+0000] {logging_mixin.py:188} INFO - [2024-07-31T08:03:24.596+0000] {dagbag.py:545} INFO - Filling up the DagBag from /home/airflow/.local/lib/python3.12/site-packages/airflow/example_dags/example_sensors.py
[2024-07-31T08:03:24.605+0000] {processor.py:840} INFO - DAG(s) 'example_sensors' retrieved from /home/airflow/.local/lib/python3.12/site-packages/airflow/example_dags/example_sensors.py
[2024-07-31T08:03:24.634+0000] {logging_mixin.py:188} INFO - [2024-07-31T08:03:24.633+0000] {dag.py:3089} INFO - Sync 1 DAGs
[2024-07-31T08:03:24.645+0000] {logging_mixin.py:188} INFO - [2024-07-31T08:03:24.645+0000] {dag.py:3947} INFO - Setting next_dagrun for example_sensors to None, run_after=None
[2024-07-31T08:03:24.663+0000] {processor.py:183} INFO - Processing /home/airflow/.local/lib/python3.12/site-packages/airflow/example_dags/example_sensors.py took 0.081 seconds
[2024-07-31T08:03:54.845+0000] {processor.py:161} INFO - Started process (PID=665) to work on /home/airflow/.local/lib/python3.12/site-packages/airflow/example_dags/example_sensors.py
[2024-07-31T08:03:54.846+0000] {processor.py:830} INFO - Processing file /home/airflow/.local/lib/python3.12/site-packages/airflow/example_dags/example_sensors.py for tasks to queue
[2024-07-31T08:03:54.847+0000] {logging_mixin.py:188} INFO - [2024-07-31T08:03:54.847+0000] {dagbag.py:545} INFO - Filling up the DagBag from /home/airflow/.local/lib/python3.12/site-packages/airflow/example_dags/example_sensors.py
[2024-07-31T08:03:54.855+0000] {processor.py:840} INFO - DAG(s) 'example_sensors' retrieved from /home/airflow/.local/lib/python3.12/site-packages/airflow/example_dags/example_sensors.py
[2024-07-31T08:03:54.882+0000] {logging_mixin.py:188} INFO - [2024-07-31T08:03:54.882+0000] {dag.py:3089} INFO - Sync 1 DAGs
[2024-07-31T08:03:54.895+0000] {logging_mixin.py:188} INFO - [2024-07-31T08:03:54.895+0000] {dag.py:3947} INFO - Setting next_dagrun for example_sensors to None, run_after=None
[2024-07-31T08:03:54.914+0000] {processor.py:183} INFO - Processing /home/airflow/.local/lib/python3.12/site-packages/airflow/example_dags/example_sensors.py took 0.075 seconds
[2024-07-31T08:04:25.439+0000] {processor.py:161} INFO - Started process (PID=723) to work on /home/airflow/.local/lib/python3.12/site-packages/airflow/example_dags/example_sensors.py
[2024-07-31T08:04:25.442+0000] {processor.py:830} INFO - Processing file /home/airflow/.local/lib/python3.12/site-packages/airflow/example_dags/example_sensors.py for tasks to queue
[2024-07-31T08:04:25.443+0000] {logging_mixin.py:188} INFO - [2024-07-31T08:04:25.443+0000] {dagbag.py:545} INFO - Filling up the DagBag from /home/airflow/.local/lib/python3.12/site-packages/airflow/example_dags/example_sensors.py
[2024-07-31T08:04:25.451+0000] {processor.py:840} INFO - DAG(s) 'example_sensors' retrieved from /home/airflow/.local/lib/python3.12/site-packages/airflow/example_dags/example_sensors.py
[2024-07-31T08:04:25.475+0000] {logging_mixin.py:188} INFO - [2024-07-31T08:04:25.475+0000] {dag.py:3089} INFO - Sync 1 DAGs
[2024-07-31T08:04:25.486+0000] {logging_mixin.py:188} INFO - [2024-07-31T08:04:25.486+0000] {dag.py:3947} INFO - Setting next_dagrun for example_sensors to None, run_after=None
[2024-07-31T08:04:25.502+0000] {processor.py:183} INFO - Processing /home/airflow/.local/lib/python3.12/site-packages/airflow/example_dags/example_sensors.py took 0.073 seconds
[2024-07-31T08:04:55.657+0000] {processor.py:161} INFO - Started process (PID=781) to work on /home/airflow/.local/lib/python3.12/site-packages/airflow/example_dags/example_sensors.py
[2024-07-31T08:04:55.658+0000] {processor.py:830} INFO - Processing file /home/airflow/.local/lib/python3.12/site-packages/airflow/example_dags/example_sensors.py for tasks to queue
[2024-07-31T08:04:55.659+0000] {logging_mixin.py:188} INFO - [2024-07-31T08:04:55.659+0000] {dagbag.py:545} INFO - Filling up the DagBag from /home/airflow/.local/lib/python3.12/site-packages/airflow/example_dags/example_sensors.py
[2024-07-31T08:04:55.667+0000] {processor.py:840} INFO - DAG(s) 'example_sensors' retrieved from /home/airflow/.local/lib/python3.12/site-packages/airflow/example_dags/example_sensors.py
[2024-07-31T08:04:55.693+0000] {logging_mixin.py:188} INFO - [2024-07-31T08:04:55.692+0000] {dag.py:3089} INFO - Sync 1 DAGs
[2024-07-31T08:04:55.705+0000] {logging_mixin.py:188} INFO - [2024-07-31T08:04:55.704+0000] {dag.py:3947} INFO - Setting next_dagrun for example_sensors to None, run_after=None
[2024-07-31T08:04:55.722+0000] {processor.py:183} INFO - Processing /home/airflow/.local/lib/python3.12/site-packages/airflow/example_dags/example_sensors.py took 0.077 seconds
[2024-07-31T08:05:26.038+0000] {processor.py:161} INFO - Started process (PID=839) to work on /home/airflow/.local/lib/python3.12/site-packages/airflow/example_dags/example_sensors.py
[2024-07-31T08:05:26.039+0000] {processor.py:830} INFO - Processing file /home/airflow/.local/lib/python3.12/site-packages/airflow/example_dags/example_sensors.py for tasks to queue
[2024-07-31T08:05:26.041+0000] {logging_mixin.py:188} INFO - [2024-07-31T08:05:26.041+0000] {dagbag.py:545} INFO - Filling up the DagBag from /home/airflow/.local/lib/python3.12/site-packages/airflow/example_dags/example_sensors.py
[2024-07-31T08:05:26.049+0000] {processor.py:840} INFO - DAG(s) 'example_sensors' retrieved from /home/airflow/.local/lib/python3.12/site-packages/airflow/example_dags/example_sensors.py
[2024-07-31T08:05:26.074+0000] {logging_mixin.py:188} INFO - [2024-07-31T08:05:26.074+0000] {dag.py:3089} INFO - Sync 1 DAGs
[2024-07-31T08:05:26.086+0000] {logging_mixin.py:188} INFO - [2024-07-31T08:05:26.086+0000] {dag.py:3947} INFO - Setting next_dagrun for example_sensors to None, run_after=None
[2024-07-31T08:05:26.103+0000] {processor.py:183} INFO - Processing /home/airflow/.local/lib/python3.12/site-packages/airflow/example_dags/example_sensors.py took 0.076 seconds
[2024-07-31T08:05:56.488+0000] {processor.py:161} INFO - Started process (PID=897) to work on /home/airflow/.local/lib/python3.12/site-packages/airflow/example_dags/example_sensors.py
[2024-07-31T08:05:56.489+0000] {processor.py:830} INFO - Processing file /home/airflow/.local/lib/python3.12/site-packages/airflow/example_dags/example_sensors.py for tasks to queue
[2024-07-31T08:05:56.491+0000] {logging_mixin.py:188} INFO - [2024-07-31T08:05:56.490+0000] {dagbag.py:545} INFO - Filling up the DagBag from /home/airflow/.local/lib/python3.12/site-packages/airflow/example_dags/example_sensors.py
[2024-07-31T08:05:56.498+0000] {processor.py:840} INFO - DAG(s) 'example_sensors' retrieved from /home/airflow/.local/lib/python3.12/site-packages/airflow/example_dags/example_sensors.py
[2024-07-31T08:05:56.528+0000] {logging_mixin.py:188} INFO - [2024-07-31T08:05:56.528+0000] {dag.py:3089} INFO - Sync 1 DAGs
[2024-07-31T08:05:56.541+0000] {logging_mixin.py:188} INFO - [2024-07-31T08:05:56.541+0000] {dag.py:3947} INFO - Setting next_dagrun for example_sensors to None, run_after=None
[2024-07-31T08:05:56.560+0000] {processor.py:183} INFO - Processing /home/airflow/.local/lib/python3.12/site-packages/airflow/example_dags/example_sensors.py took 0.078 seconds
[2024-07-31T08:06:27.470+0000] {processor.py:161} INFO - Started process (PID=955) to work on /home/airflow/.local/lib/python3.12/site-packages/airflow/example_dags/example_sensors.py
[2024-07-31T08:06:27.472+0000] {processor.py:830} INFO - Processing file /home/airflow/.local/lib/python3.12/site-packages/airflow/example_dags/example_sensors.py for tasks to queue
[2024-07-31T08:06:27.473+0000] {logging_mixin.py:188} INFO - [2024-07-31T08:06:27.473+0000] {dagbag.py:545} INFO - Filling up the DagBag from /home/airflow/.local/lib/python3.12/site-packages/airflow/example_dags/example_sensors.py
[2024-07-31T08:06:27.483+0000] {processor.py:840} INFO - DAG(s) 'example_sensors' retrieved from /home/airflow/.local/lib/python3.12/site-packages/airflow/example_dags/example_sensors.py
[2024-07-31T08:06:27.511+0000] {logging_mixin.py:188} INFO - [2024-07-31T08:06:27.511+0000] {dag.py:3089} INFO - Sync 1 DAGs
[2024-07-31T08:06:27.524+0000] {logging_mixin.py:188} INFO - [2024-07-31T08:06:27.523+0000] {dag.py:3947} INFO - Setting next_dagrun for example_sensors to None, run_after=None
[2024-07-31T08:06:27.544+0000] {processor.py:183} INFO - Processing /home/airflow/.local/lib/python3.12/site-packages/airflow/example_dags/example_sensors.py took 0.081 seconds
[2024-07-31T08:06:57.854+0000] {processor.py:161} INFO - Started process (PID=1013) to work on /home/airflow/.local/lib/python3.12/site-packages/airflow/example_dags/example_sensors.py
[2024-07-31T08:06:57.855+0000] {processor.py:830} INFO - Processing file /home/airflow/.local/lib/python3.12/site-packages/airflow/example_dags/example_sensors.py for tasks to queue
[2024-07-31T08:06:57.857+0000] {logging_mixin.py:188} INFO - [2024-07-31T08:06:57.857+0000] {dagbag.py:545} INFO - Filling up the DagBag from /home/airflow/.local/lib/python3.12/site-packages/airflow/example_dags/example_sensors.py
[2024-07-31T08:06:57.865+0000] {processor.py:840} INFO - DAG(s) 'example_sensors' retrieved from /home/airflow/.local/lib/python3.12/site-packages/airflow/example_dags/example_sensors.py
[2024-07-31T08:06:57.892+0000] {logging_mixin.py:188} INFO - [2024-07-31T08:06:57.891+0000] {dag.py:3089} INFO - Sync 1 DAGs
[2024-07-31T08:06:57.903+0000] {logging_mixin.py:188} INFO - [2024-07-31T08:06:57.903+0000] {dag.py:3947} INFO - Setting next_dagrun for example_sensors to None, run_after=None
[2024-07-31T08:06:57.921+0000] {processor.py:183} INFO - Processing /home/airflow/.local/lib/python3.12/site-packages/airflow/example_dags/example_sensors.py took 0.076 seconds
[2024-07-31T08:07:28.423+0000] {processor.py:161} INFO - Started process (PID=1071) to work on /home/airflow/.local/lib/python3.12/site-packages/airflow/example_dags/example_sensors.py
[2024-07-31T08:07:28.424+0000] {processor.py:830} INFO - Processing file /home/airflow/.local/lib/python3.12/site-packages/airflow/example_dags/example_sensors.py for tasks to queue
[2024-07-31T08:07:28.425+0000] {logging_mixin.py:188} INFO - [2024-07-31T08:07:28.425+0000] {dagbag.py:545} INFO - Filling up the DagBag from /home/airflow/.local/lib/python3.12/site-packages/airflow/example_dags/example_sensors.py
[2024-07-31T08:07:28.433+0000] {processor.py:840} INFO - DAG(s) 'example_sensors' retrieved from /home/airflow/.local/lib/python3.12/site-packages/airflow/example_dags/example_sensors.py
[2024-07-31T08:07:28.459+0000] {logging_mixin.py:188} INFO - [2024-07-31T08:07:28.459+0000] {dag.py:3089} INFO - Sync 1 DAGs
[2024-07-31T08:07:28.471+0000] {logging_mixin.py:188} INFO - [2024-07-31T08:07:28.471+0000] {dag.py:3947} INFO - Setting next_dagrun for example_sensors to None, run_after=None
[2024-07-31T08:07:28.489+0000] {processor.py:183} INFO - Processing /home/airflow/.local/lib/python3.12/site-packages/airflow/example_dags/example_sensors.py took 0.076 seconds
[2024-07-31T08:07:58.807+0000] {processor.py:161} INFO - Started process (PID=1129) to work on /home/airflow/.local/lib/python3.12/site-packages/airflow/example_dags/example_sensors.py
[2024-07-31T08:07:58.809+0000] {processor.py:830} INFO - Processing file /home/airflow/.local/lib/python3.12/site-packages/airflow/example_dags/example_sensors.py for tasks to queue
[2024-07-31T08:07:58.810+0000] {logging_mixin.py:188} INFO - [2024-07-31T08:07:58.810+0000] {dagbag.py:545} INFO - Filling up the DagBag from /home/airflow/.local/lib/python3.12/site-packages/airflow/example_dags/example_sensors.py
[2024-07-31T08:07:58.817+0000] {processor.py:840} INFO - DAG(s) 'example_sensors' retrieved from /home/airflow/.local/lib/python3.12/site-packages/airflow/example_dags/example_sensors.py
[2024-07-31T08:07:58.843+0000] {logging_mixin.py:188} INFO - [2024-07-31T08:07:58.843+0000] {dag.py:3089} INFO - Sync 1 DAGs
[2024-07-31T08:07:58.855+0000] {logging_mixin.py:188} INFO - [2024-07-31T08:07:58.855+0000] {dag.py:3947} INFO - Setting next_dagrun for example_sensors to None, run_after=None
[2024-07-31T08:07:58.872+0000] {processor.py:183} INFO - Processing /home/airflow/.local/lib/python3.12/site-packages/airflow/example_dags/example_sensors.py took 0.077 seconds
[2024-07-31T08:08:29.058+0000] {processor.py:161} INFO - Started process (PID=1188) to work on /home/airflow/.local/lib/python3.12/site-packages/airflow/example_dags/example_sensors.py
[2024-07-31T08:08:29.059+0000] {processor.py:830} INFO - Processing file /home/airflow/.local/lib/python3.12/site-packages/airflow/example_dags/example_sensors.py for tasks to queue
[2024-07-31T08:08:29.062+0000] {logging_mixin.py:188} INFO - [2024-07-31T08:08:29.061+0000] {dagbag.py:545} INFO - Filling up the DagBag from /home/airflow/.local/lib/python3.12/site-packages/airflow/example_dags/example_sensors.py
[2024-07-31T08:08:29.069+0000] {processor.py:840} INFO - DAG(s) 'example_sensors' retrieved from /home/airflow/.local/lib/python3.12/site-packages/airflow/example_dags/example_sensors.py
[2024-07-31T08:08:29.093+0000] {logging_mixin.py:188} INFO - [2024-07-31T08:08:29.092+0000] {dag.py:3089} INFO - Sync 1 DAGs
[2024-07-31T08:08:29.103+0000] {logging_mixin.py:188} INFO - [2024-07-31T08:08:29.103+0000] {dag.py:3947} INFO - Setting next_dagrun for example_sensors to None, run_after=None
[2024-07-31T08:08:29.119+0000] {processor.py:183} INFO - Processing /home/airflow/.local/lib/python3.12/site-packages/airflow/example_dags/example_sensors.py took 0.072 seconds
[2024-07-31T08:08:59.179+0000] {processor.py:161} INFO - Started process (PID=1246) to work on /home/airflow/.local/lib/python3.12/site-packages/airflow/example_dags/example_sensors.py
[2024-07-31T08:08:59.180+0000] {processor.py:830} INFO - Processing file /home/airflow/.local/lib/python3.12/site-packages/airflow/example_dags/example_sensors.py for tasks to queue
[2024-07-31T08:08:59.181+0000] {logging_mixin.py:188} INFO - [2024-07-31T08:08:59.181+0000] {dagbag.py:545} INFO - Filling up the DagBag from /home/airflow/.local/lib/python3.12/site-packages/airflow/example_dags/example_sensors.py
[2024-07-31T08:08:59.189+0000] {processor.py:840} INFO - DAG(s) 'example_sensors' retrieved from /home/airflow/.local/lib/python3.12/site-packages/airflow/example_dags/example_sensors.py
[2024-07-31T08:08:59.216+0000] {logging_mixin.py:188} INFO - [2024-07-31T08:08:59.215+0000] {dag.py:3089} INFO - Sync 1 DAGs
[2024-07-31T08:08:59.228+0000] {logging_mixin.py:188} INFO - [2024-07-31T08:08:59.227+0000] {dag.py:3947} INFO - Setting next_dagrun for example_sensors to None, run_after=None
[2024-07-31T08:08:59.245+0000] {processor.py:183} INFO - Processing /home/airflow/.local/lib/python3.12/site-packages/airflow/example_dags/example_sensors.py took 0.077 seconds
[2024-07-31T08:09:29.649+0000] {processor.py:161} INFO - Started process (PID=1304) to work on /home/airflow/.local/lib/python3.12/site-packages/airflow/example_dags/example_sensors.py
[2024-07-31T08:09:29.650+0000] {processor.py:830} INFO - Processing file /home/airflow/.local/lib/python3.12/site-packages/airflow/example_dags/example_sensors.py for tasks to queue
[2024-07-31T08:09:29.652+0000] {logging_mixin.py:188} INFO - [2024-07-31T08:09:29.652+0000] {dagbag.py:545} INFO - Filling up the DagBag from /home/airflow/.local/lib/python3.12/site-packages/airflow/example_dags/example_sensors.py
[2024-07-31T08:09:29.659+0000] {processor.py:840} INFO - DAG(s) 'example_sensors' retrieved from /home/airflow/.local/lib/python3.12/site-packages/airflow/example_dags/example_sensors.py
[2024-07-31T08:09:29.685+0000] {logging_mixin.py:188} INFO - [2024-07-31T08:09:29.685+0000] {dag.py:3089} INFO - Sync 1 DAGs
[2024-07-31T08:09:29.697+0000] {logging_mixin.py:188} INFO - [2024-07-31T08:09:29.697+0000] {dag.py:3947} INFO - Setting next_dagrun for example_sensors to None, run_after=None
[2024-07-31T08:09:29.715+0000] {processor.py:183} INFO - Processing /home/airflow/.local/lib/python3.12/site-packages/airflow/example_dags/example_sensors.py took 0.075 seconds
[2024-07-31T08:09:59.784+0000] {processor.py:161} INFO - Started process (PID=1362) to work on /home/airflow/.local/lib/python3.12/site-packages/airflow/example_dags/example_sensors.py
[2024-07-31T08:09:59.785+0000] {processor.py:830} INFO - Processing file /home/airflow/.local/lib/python3.12/site-packages/airflow/example_dags/example_sensors.py for tasks to queue
[2024-07-31T08:09:59.787+0000] {logging_mixin.py:188} INFO - [2024-07-31T08:09:59.786+0000] {dagbag.py:545} INFO - Filling up the DagBag from /home/airflow/.local/lib/python3.12/site-packages/airflow/example_dags/example_sensors.py
[2024-07-31T08:09:59.794+0000] {processor.py:840} INFO - DAG(s) 'example_sensors' retrieved from /home/airflow/.local/lib/python3.12/site-packages/airflow/example_dags/example_sensors.py
[2024-07-31T08:09:59.817+0000] {logging_mixin.py:188} INFO - [2024-07-31T08:09:59.817+0000] {dag.py:3089} INFO - Sync 1 DAGs
[2024-07-31T08:09:59.828+0000] {logging_mixin.py:188} INFO - [2024-07-31T08:09:59.828+0000] {dag.py:3947} INFO - Setting next_dagrun for example_sensors to None, run_after=None
[2024-07-31T08:09:59.844+0000] {processor.py:183} INFO - Processing /home/airflow/.local/lib/python3.12/site-packages/airflow/example_dags/example_sensors.py took 0.067 seconds
[2024-07-31T08:10:30.273+0000] {processor.py:161} INFO - Started process (PID=1420) to work on /home/airflow/.local/lib/python3.12/site-packages/airflow/example_dags/example_sensors.py
[2024-07-31T08:10:30.274+0000] {processor.py:830} INFO - Processing file /home/airflow/.local/lib/python3.12/site-packages/airflow/example_dags/example_sensors.py for tasks to queue
[2024-07-31T08:10:30.275+0000] {logging_mixin.py:188} INFO - [2024-07-31T08:10:30.275+0000] {dagbag.py:545} INFO - Filling up the DagBag from /home/airflow/.local/lib/python3.12/site-packages/airflow/example_dags/example_sensors.py
[2024-07-31T08:10:30.282+0000] {processor.py:840} INFO - DAG(s) 'example_sensors' retrieved from /home/airflow/.local/lib/python3.12/site-packages/airflow/example_dags/example_sensors.py
[2024-07-31T08:10:30.307+0000] {logging_mixin.py:188} INFO - [2024-07-31T08:10:30.307+0000] {dag.py:3089} INFO - Sync 1 DAGs
[2024-07-31T08:10:30.319+0000] {logging_mixin.py:188} INFO - [2024-07-31T08:10:30.319+0000] {dag.py:3947} INFO - Setting next_dagrun for example_sensors to None, run_after=None
[2024-07-31T08:10:30.335+0000] {processor.py:183} INFO - Processing /home/airflow/.local/lib/python3.12/site-packages/airflow/example_dags/example_sensors.py took 0.074 seconds
[2024-07-31T08:11:00.534+0000] {processor.py:161} INFO - Started process (PID=1477) to work on /home/airflow/.local/lib/python3.12/site-packages/airflow/example_dags/example_sensors.py
[2024-07-31T08:11:00.536+0000] {processor.py:830} INFO - Processing file /home/airflow/.local/lib/python3.12/site-packages/airflow/example_dags/example_sensors.py for tasks to queue
[2024-07-31T08:11:00.537+0000] {logging_mixin.py:188} INFO - [2024-07-31T08:11:00.537+0000] {dagbag.py:545} INFO - Filling up the DagBag from /home/airflow/.local/lib/python3.12/site-packages/airflow/example_dags/example_sensors.py
[2024-07-31T08:11:00.545+0000] {processor.py:840} INFO - DAG(s) 'example_sensors' retrieved from /home/airflow/.local/lib/python3.12/site-packages/airflow/example_dags/example_sensors.py
[2024-07-31T08:11:00.568+0000] {logging_mixin.py:188} INFO - [2024-07-31T08:11:00.568+0000] {dag.py:3089} INFO - Sync 1 DAGs
[2024-07-31T08:11:00.581+0000] {logging_mixin.py:188} INFO - [2024-07-31T08:11:00.580+0000] {dag.py:3947} INFO - Setting next_dagrun for example_sensors to None, run_after=None
[2024-07-31T08:11:00.598+0000] {processor.py:183} INFO - Processing /home/airflow/.local/lib/python3.12/site-packages/airflow/example_dags/example_sensors.py took 0.068 seconds
[2024-07-31T08:11:31.146+0000] {processor.py:161} INFO - Started process (PID=1536) to work on /home/airflow/.local/lib/python3.12/site-packages/airflow/example_dags/example_sensors.py
[2024-07-31T08:11:31.147+0000] {processor.py:830} INFO - Processing file /home/airflow/.local/lib/python3.12/site-packages/airflow/example_dags/example_sensors.py for tasks to queue
[2024-07-31T08:11:31.149+0000] {logging_mixin.py:188} INFO - [2024-07-31T08:11:31.149+0000] {dagbag.py:545} INFO - Filling up the DagBag from /home/airflow/.local/lib/python3.12/site-packages/airflow/example_dags/example_sensors.py
[2024-07-31T08:11:31.157+0000] {processor.py:840} INFO - DAG(s) 'example_sensors' retrieved from /home/airflow/.local/lib/python3.12/site-packages/airflow/example_dags/example_sensors.py
[2024-07-31T08:11:31.182+0000] {logging_mixin.py:188} INFO - [2024-07-31T08:11:31.182+0000] {dag.py:3089} INFO - Sync 1 DAGs
[2024-07-31T08:11:31.193+0000] {logging_mixin.py:188} INFO - [2024-07-31T08:11:31.193+0000] {dag.py:3947} INFO - Setting next_dagrun for example_sensors to None, run_after=None
[2024-07-31T08:11:31.211+0000] {processor.py:183} INFO - Processing /home/airflow/.local/lib/python3.12/site-packages/airflow/example_dags/example_sensors.py took 0.071 seconds
[2024-07-31T08:12:01.521+0000] {processor.py:161} INFO - Started process (PID=1594) to work on /home/airflow/.local/lib/python3.12/site-packages/airflow/example_dags/example_sensors.py
[2024-07-31T08:12:01.521+0000] {processor.py:830} INFO - Processing file /home/airflow/.local/lib/python3.12/site-packages/airflow/example_dags/example_sensors.py for tasks to queue
[2024-07-31T08:12:01.523+0000] {logging_mixin.py:188} INFO - [2024-07-31T08:12:01.523+0000] {dagbag.py:545} INFO - Filling up the DagBag from /home/airflow/.local/lib/python3.12/site-packages/airflow/example_dags/example_sensors.py
[2024-07-31T08:12:01.532+0000] {processor.py:840} INFO - DAG(s) 'example_sensors' retrieved from /home/airflow/.local/lib/python3.12/site-packages/airflow/example_dags/example_sensors.py
[2024-07-31T08:12:01.557+0000] {logging_mixin.py:188} INFO - [2024-07-31T08:12:01.556+0000] {dag.py:3089} INFO - Sync 1 DAGs
[2024-07-31T08:12:01.569+0000] {logging_mixin.py:188} INFO - [2024-07-31T08:12:01.568+0000] {dag.py:3947} INFO - Setting next_dagrun for example_sensors to None, run_after=None
[2024-07-31T08:12:01.590+0000] {processor.py:183} INFO - Processing /home/airflow/.local/lib/python3.12/site-packages/airflow/example_dags/example_sensors.py took 0.075 seconds
