[2024-07-31T07:54:26.477+0000] {processor.py:161} INFO - Started process (PID=93) to work on /home/airflow/.local/lib/python3.12/site-packages/airflow/example_dags/example_xcomargs.py
[2024-07-31T07:54:26.478+0000] {processor.py:830} INFO - Processing file /home/airflow/.local/lib/python3.12/site-packages/airflow/example_dags/example_xcomargs.py for tasks to queue
[2024-07-31T07:54:26.480+0000] {logging_mixin.py:188} INFO - [2024-07-31T07:54:26.480+0000] {dagbag.py:545} INFO - Filling up the DagBag from /home/airflow/.local/lib/python3.12/site-packages/airflow/example_dags/example_xcomargs.py
[2024-07-31T07:54:26.490+0000] {processor.py:840} INFO - DAG(s) 'example_xcom_args', 'example_xcom_args_with_operators' retrieved from /home/airflow/.local/lib/python3.12/site-packages/airflow/example_dags/example_xcomargs.py
[2024-07-31T07:54:26.504+0000] {logging_mixin.py:188} INFO - [2024-07-31T07:54:26.503+0000] {dag.py:3089} INFO - Sync 2 DAGs
[2024-07-31T07:54:26.521+0000] {logging_mixin.py:188} INFO - [2024-07-31T07:54:26.520+0000] {dag.py:3947} INFO - Setting next_dagrun for example_xcom_args to None, run_after=None
[2024-07-31T07:54:26.525+0000] {logging_mixin.py:188} INFO - [2024-07-31T07:54:26.524+0000] {dag.py:3947} INFO - Setting next_dagrun for example_xcom_args_with_operators to None, run_after=None
[2024-07-31T07:54:26.545+0000] {processor.py:183} INFO - Processing /home/airflow/.local/lib/python3.12/site-packages/airflow/example_dags/example_xcomargs.py took 0.074 seconds
[2024-07-31T07:54:47.069+0000] {processor.py:161} INFO - Started process (PID=92) to work on /home/airflow/.local/lib/python3.12/site-packages/airflow/example_dags/example_xcomargs.py
[2024-07-31T07:54:47.069+0000] {processor.py:830} INFO - Processing file /home/airflow/.local/lib/python3.12/site-packages/airflow/example_dags/example_xcomargs.py for tasks to queue
[2024-07-31T07:54:47.071+0000] {logging_mixin.py:188} INFO - [2024-07-31T07:54:47.070+0000] {dagbag.py:545} INFO - Filling up the DagBag from /home/airflow/.local/lib/python3.12/site-packages/airflow/example_dags/example_xcomargs.py
[2024-07-31T07:54:47.077+0000] {processor.py:840} INFO - DAG(s) 'example_xcom_args', 'example_xcom_args_with_operators' retrieved from /home/airflow/.local/lib/python3.12/site-packages/airflow/example_dags/example_xcomargs.py
[2024-07-31T07:54:47.191+0000] {logging_mixin.py:188} INFO - [2024-07-31T07:54:47.190+0000] {dag.py:3089} INFO - Sync 2 DAGs
[2024-07-31T07:54:47.203+0000] {logging_mixin.py:188} INFO - [2024-07-31T07:54:47.203+0000] {dag.py:3947} INFO - Setting next_dagrun for example_xcom_args to None, run_after=None
[2024-07-31T07:54:47.206+0000] {logging_mixin.py:188} INFO - [2024-07-31T07:54:47.206+0000] {dag.py:3947} INFO - Setting next_dagrun for example_xcom_args_with_operators to None, run_after=None
[2024-07-31T07:54:47.224+0000] {processor.py:183} INFO - Processing /home/airflow/.local/lib/python3.12/site-packages/airflow/example_dags/example_xcomargs.py took 0.166 seconds
[2024-07-31T07:55:18.119+0000] {processor.py:161} INFO - Started process (PID=150) to work on /home/airflow/.local/lib/python3.12/site-packages/airflow/example_dags/example_xcomargs.py
[2024-07-31T07:55:18.120+0000] {processor.py:830} INFO - Processing file /home/airflow/.local/lib/python3.12/site-packages/airflow/example_dags/example_xcomargs.py for tasks to queue
[2024-07-31T07:55:18.121+0000] {logging_mixin.py:188} INFO - [2024-07-31T07:55:18.121+0000] {dagbag.py:545} INFO - Filling up the DagBag from /home/airflow/.local/lib/python3.12/site-packages/airflow/example_dags/example_xcomargs.py
[2024-07-31T07:55:18.128+0000] {processor.py:840} INFO - DAG(s) 'example_xcom_args', 'example_xcom_args_with_operators' retrieved from /home/airflow/.local/lib/python3.12/site-packages/airflow/example_dags/example_xcomargs.py
[2024-07-31T07:55:18.150+0000] {logging_mixin.py:188} INFO - [2024-07-31T07:55:18.150+0000] {dag.py:3089} INFO - Sync 2 DAGs
[2024-07-31T07:55:18.162+0000] {logging_mixin.py:188} INFO - [2024-07-31T07:55:18.162+0000] {dag.py:3947} INFO - Setting next_dagrun for example_xcom_args to None, run_after=None
[2024-07-31T07:55:18.165+0000] {logging_mixin.py:188} INFO - [2024-07-31T07:55:18.165+0000] {dag.py:3947} INFO - Setting next_dagrun for example_xcom_args_with_operators to None, run_after=None
[2024-07-31T07:55:18.181+0000] {processor.py:183} INFO - Processing /home/airflow/.local/lib/python3.12/site-packages/airflow/example_dags/example_xcomargs.py took 0.068 seconds
[2024-07-31T07:55:48.268+0000] {processor.py:161} INFO - Started process (PID=208) to work on /home/airflow/.local/lib/python3.12/site-packages/airflow/example_dags/example_xcomargs.py
[2024-07-31T07:55:48.269+0000] {processor.py:830} INFO - Processing file /home/airflow/.local/lib/python3.12/site-packages/airflow/example_dags/example_xcomargs.py for tasks to queue
[2024-07-31T07:55:48.271+0000] {logging_mixin.py:188} INFO - [2024-07-31T07:55:48.271+0000] {dagbag.py:545} INFO - Filling up the DagBag from /home/airflow/.local/lib/python3.12/site-packages/airflow/example_dags/example_xcomargs.py
[2024-07-31T07:55:48.279+0000] {processor.py:840} INFO - DAG(s) 'example_xcom_args', 'example_xcom_args_with_operators' retrieved from /home/airflow/.local/lib/python3.12/site-packages/airflow/example_dags/example_xcomargs.py
[2024-07-31T07:55:48.304+0000] {logging_mixin.py:188} INFO - [2024-07-31T07:55:48.304+0000] {dag.py:3089} INFO - Sync 2 DAGs
[2024-07-31T07:55:48.317+0000] {logging_mixin.py:188} INFO - [2024-07-31T07:55:48.316+0000] {dag.py:3947} INFO - Setting next_dagrun for example_xcom_args to None, run_after=None
[2024-07-31T07:55:48.320+0000] {logging_mixin.py:188} INFO - [2024-07-31T07:55:48.320+0000] {dag.py:3947} INFO - Setting next_dagrun for example_xcom_args_with_operators to None, run_after=None
[2024-07-31T07:55:48.338+0000] {processor.py:183} INFO - Processing /home/airflow/.local/lib/python3.12/site-packages/airflow/example_dags/example_xcomargs.py took 0.080 seconds
[2024-07-31T07:56:18.951+0000] {processor.py:161} INFO - Started process (PID=266) to work on /home/airflow/.local/lib/python3.12/site-packages/airflow/example_dags/example_xcomargs.py
[2024-07-31T07:56:18.952+0000] {processor.py:830} INFO - Processing file /home/airflow/.local/lib/python3.12/site-packages/airflow/example_dags/example_xcomargs.py for tasks to queue
[2024-07-31T07:56:18.954+0000] {logging_mixin.py:188} INFO - [2024-07-31T07:56:18.954+0000] {dagbag.py:545} INFO - Filling up the DagBag from /home/airflow/.local/lib/python3.12/site-packages/airflow/example_dags/example_xcomargs.py
[2024-07-31T07:56:18.961+0000] {processor.py:840} INFO - DAG(s) 'example_xcom_args', 'example_xcom_args_with_operators' retrieved from /home/airflow/.local/lib/python3.12/site-packages/airflow/example_dags/example_xcomargs.py
[2024-07-31T07:56:18.983+0000] {logging_mixin.py:188} INFO - [2024-07-31T07:56:18.983+0000] {dag.py:3089} INFO - Sync 2 DAGs
[2024-07-31T07:56:18.996+0000] {logging_mixin.py:188} INFO - [2024-07-31T07:56:18.995+0000] {dag.py:3947} INFO - Setting next_dagrun for example_xcom_args to None, run_after=None
[2024-07-31T07:56:18.999+0000] {logging_mixin.py:188} INFO - [2024-07-31T07:56:18.999+0000] {dag.py:3947} INFO - Setting next_dagrun for example_xcom_args_with_operators to None, run_after=None
[2024-07-31T07:56:19.015+0000] {processor.py:183} INFO - Processing /home/airflow/.local/lib/python3.12/site-packages/airflow/example_dags/example_xcomargs.py took 0.074 seconds
[2024-07-31T07:56:49.114+0000] {processor.py:161} INFO - Started process (PID=324) to work on /home/airflow/.local/lib/python3.12/site-packages/airflow/example_dags/example_xcomargs.py
[2024-07-31T07:56:49.115+0000] {processor.py:830} INFO - Processing file /home/airflow/.local/lib/python3.12/site-packages/airflow/example_dags/example_xcomargs.py for tasks to queue
[2024-07-31T07:56:49.116+0000] {logging_mixin.py:188} INFO - [2024-07-31T07:56:49.116+0000] {dagbag.py:545} INFO - Filling up the DagBag from /home/airflow/.local/lib/python3.12/site-packages/airflow/example_dags/example_xcomargs.py
[2024-07-31T07:56:49.124+0000] {processor.py:840} INFO - DAG(s) 'example_xcom_args_with_operators', 'example_xcom_args' retrieved from /home/airflow/.local/lib/python3.12/site-packages/airflow/example_dags/example_xcomargs.py
[2024-07-31T07:56:49.147+0000] {logging_mixin.py:188} INFO - [2024-07-31T07:56:49.146+0000] {dag.py:3089} INFO - Sync 2 DAGs
[2024-07-31T07:56:49.158+0000] {logging_mixin.py:188} INFO - [2024-07-31T07:56:49.158+0000] {dag.py:3947} INFO - Setting next_dagrun for example_xcom_args to None, run_after=None
[2024-07-31T07:56:49.161+0000] {logging_mixin.py:188} INFO - [2024-07-31T07:56:49.161+0000] {dag.py:3947} INFO - Setting next_dagrun for example_xcom_args_with_operators to None, run_after=None
[2024-07-31T07:56:49.178+0000] {processor.py:183} INFO - Processing /home/airflow/.local/lib/python3.12/site-packages/airflow/example_dags/example_xcomargs.py took 0.069 seconds
[2024-07-31T07:57:19.292+0000] {processor.py:161} INFO - Started process (PID=382) to work on /home/airflow/.local/lib/python3.12/site-packages/airflow/example_dags/example_xcomargs.py
[2024-07-31T07:57:19.293+0000] {processor.py:830} INFO - Processing file /home/airflow/.local/lib/python3.12/site-packages/airflow/example_dags/example_xcomargs.py for tasks to queue
[2024-07-31T07:57:19.295+0000] {logging_mixin.py:188} INFO - [2024-07-31T07:57:19.294+0000] {dagbag.py:545} INFO - Filling up the DagBag from /home/airflow/.local/lib/python3.12/site-packages/airflow/example_dags/example_xcomargs.py
[2024-07-31T07:57:19.301+0000] {processor.py:840} INFO - DAG(s) 'example_xcom_args', 'example_xcom_args_with_operators' retrieved from /home/airflow/.local/lib/python3.12/site-packages/airflow/example_dags/example_xcomargs.py
[2024-07-31T07:57:19.322+0000] {logging_mixin.py:188} INFO - [2024-07-31T07:57:19.322+0000] {dag.py:3089} INFO - Sync 2 DAGs
[2024-07-31T07:57:19.333+0000] {logging_mixin.py:188} INFO - [2024-07-31T07:57:19.333+0000] {dag.py:3947} INFO - Setting next_dagrun for example_xcom_args to None, run_after=None
[2024-07-31T07:57:19.337+0000] {logging_mixin.py:188} INFO - [2024-07-31T07:57:19.336+0000] {dag.py:3947} INFO - Setting next_dagrun for example_xcom_args_with_operators to None, run_after=None
[2024-07-31T07:57:19.351+0000] {processor.py:183} INFO - Processing /home/airflow/.local/lib/python3.12/site-packages/airflow/example_dags/example_xcomargs.py took 0.064 seconds
[2024-07-31T07:58:50.613+0000] {processor.py:161} INFO - Started process (PID=99) to work on /home/airflow/.local/lib/python3.12/site-packages/airflow/example_dags/example_xcomargs.py
[2024-07-31T07:58:50.615+0000] {processor.py:830} INFO - Processing file /home/airflow/.local/lib/python3.12/site-packages/airflow/example_dags/example_xcomargs.py for tasks to queue
[2024-07-31T07:58:50.617+0000] {logging_mixin.py:188} INFO - [2024-07-31T07:58:50.616+0000] {dagbag.py:545} INFO - Filling up the DagBag from /home/airflow/.local/lib/python3.12/site-packages/airflow/example_dags/example_xcomargs.py
[2024-07-31T07:58:50.628+0000] {processor.py:840} INFO - DAG(s) 'example_xcom_args', 'example_xcom_args_with_operators' retrieved from /home/airflow/.local/lib/python3.12/site-packages/airflow/example_dags/example_xcomargs.py
[2024-07-31T07:58:50.643+0000] {logging_mixin.py:188} INFO - [2024-07-31T07:58:50.643+0000] {dag.py:3089} INFO - Sync 2 DAGs
[2024-07-31T07:58:50.659+0000] {logging_mixin.py:188} INFO - [2024-07-31T07:58:50.658+0000] {dag.py:3947} INFO - Setting next_dagrun for example_xcom_args to None, run_after=None
[2024-07-31T07:58:50.663+0000] {logging_mixin.py:188} INFO - [2024-07-31T07:58:50.663+0000] {dag.py:3947} INFO - Setting next_dagrun for example_xcom_args_with_operators to None, run_after=None
[2024-07-31T07:58:50.684+0000] {processor.py:183} INFO - Processing /home/airflow/.local/lib/python3.12/site-packages/airflow/example_dags/example_xcomargs.py took 0.078 seconds
[2024-07-31T07:59:22.705+0000] {processor.py:161} INFO - Started process (PID=157) to work on /home/airflow/.local/lib/python3.12/site-packages/airflow/example_dags/example_xcomargs.py
[2024-07-31T07:59:22.706+0000] {processor.py:830} INFO - Processing file /home/airflow/.local/lib/python3.12/site-packages/airflow/example_dags/example_xcomargs.py for tasks to queue
[2024-07-31T07:59:22.707+0000] {logging_mixin.py:188} INFO - [2024-07-31T07:59:22.707+0000] {dagbag.py:545} INFO - Filling up the DagBag from /home/airflow/.local/lib/python3.12/site-packages/airflow/example_dags/example_xcomargs.py
[2024-07-31T07:59:22.715+0000] {processor.py:840} INFO - DAG(s) 'example_xcom_args', 'example_xcom_args_with_operators' retrieved from /home/airflow/.local/lib/python3.12/site-packages/airflow/example_dags/example_xcomargs.py
[2024-07-31T07:59:22.839+0000] {logging_mixin.py:188} INFO - [2024-07-31T07:59:22.839+0000] {dag.py:3089} INFO - Sync 2 DAGs
[2024-07-31T07:59:22.853+0000] {logging_mixin.py:188} INFO - [2024-07-31T07:59:22.853+0000] {dag.py:3947} INFO - Setting next_dagrun for example_xcom_args to None, run_after=None
[2024-07-31T07:59:22.856+0000] {logging_mixin.py:188} INFO - [2024-07-31T07:59:22.856+0000] {dag.py:3947} INFO - Setting next_dagrun for example_xcom_args_with_operators to None, run_after=None
[2024-07-31T07:59:22.874+0000] {processor.py:183} INFO - Processing /home/airflow/.local/lib/python3.12/site-packages/airflow/example_dags/example_xcomargs.py took 0.174 seconds
[2024-07-31T07:59:53.000+0000] {processor.py:161} INFO - Started process (PID=215) to work on /home/airflow/.local/lib/python3.12/site-packages/airflow/example_dags/example_xcomargs.py
[2024-07-31T07:59:53.001+0000] {processor.py:830} INFO - Processing file /home/airflow/.local/lib/python3.12/site-packages/airflow/example_dags/example_xcomargs.py for tasks to queue
[2024-07-31T07:59:53.002+0000] {logging_mixin.py:188} INFO - [2024-07-31T07:59:53.002+0000] {dagbag.py:545} INFO - Filling up the DagBag from /home/airflow/.local/lib/python3.12/site-packages/airflow/example_dags/example_xcomargs.py
[2024-07-31T07:59:53.009+0000] {processor.py:840} INFO - DAG(s) 'example_xcom_args', 'example_xcom_args_with_operators' retrieved from /home/airflow/.local/lib/python3.12/site-packages/airflow/example_dags/example_xcomargs.py
[2024-07-31T07:59:53.035+0000] {logging_mixin.py:188} INFO - [2024-07-31T07:59:53.034+0000] {dag.py:3089} INFO - Sync 2 DAGs
[2024-07-31T07:59:53.047+0000] {logging_mixin.py:188} INFO - [2024-07-31T07:59:53.047+0000] {dag.py:3947} INFO - Setting next_dagrun for example_xcom_args to None, run_after=None
[2024-07-31T07:59:53.050+0000] {logging_mixin.py:188} INFO - [2024-07-31T07:59:53.050+0000] {dag.py:3947} INFO - Setting next_dagrun for example_xcom_args_with_operators to None, run_after=None
[2024-07-31T07:59:53.064+0000] {processor.py:183} INFO - Processing /home/airflow/.local/lib/python3.12/site-packages/airflow/example_dags/example_xcomargs.py took 0.074 seconds
[2024-07-31T08:00:23.689+0000] {processor.py:161} INFO - Started process (PID=273) to work on /home/airflow/.local/lib/python3.12/site-packages/airflow/example_dags/example_xcomargs.py
[2024-07-31T08:00:23.690+0000] {processor.py:830} INFO - Processing file /home/airflow/.local/lib/python3.12/site-packages/airflow/example_dags/example_xcomargs.py for tasks to queue
[2024-07-31T08:00:23.692+0000] {logging_mixin.py:188} INFO - [2024-07-31T08:00:23.691+0000] {dagbag.py:545} INFO - Filling up the DagBag from /home/airflow/.local/lib/python3.12/site-packages/airflow/example_dags/example_xcomargs.py
[2024-07-31T08:00:23.699+0000] {processor.py:840} INFO - DAG(s) 'example_xcom_args', 'example_xcom_args_with_operators' retrieved from /home/airflow/.local/lib/python3.12/site-packages/airflow/example_dags/example_xcomargs.py
[2024-07-31T08:00:23.723+0000] {logging_mixin.py:188} INFO - [2024-07-31T08:00:23.723+0000] {dag.py:3089} INFO - Sync 2 DAGs
[2024-07-31T08:00:23.738+0000] {logging_mixin.py:188} INFO - [2024-07-31T08:00:23.737+0000] {dag.py:3947} INFO - Setting next_dagrun for example_xcom_args to None, run_after=None
[2024-07-31T08:00:23.741+0000] {logging_mixin.py:188} INFO - [2024-07-31T08:00:23.741+0000] {dag.py:3947} INFO - Setting next_dagrun for example_xcom_args_with_operators to None, run_after=None
[2024-07-31T08:00:23.760+0000] {processor.py:183} INFO - Processing /home/airflow/.local/lib/python3.12/site-packages/airflow/example_dags/example_xcomargs.py took 0.076 seconds
[2024-07-31T08:00:53.919+0000] {processor.py:161} INFO - Started process (PID=331) to work on /home/airflow/.local/lib/python3.12/site-packages/airflow/example_dags/example_xcomargs.py
[2024-07-31T08:00:53.921+0000] {processor.py:830} INFO - Processing file /home/airflow/.local/lib/python3.12/site-packages/airflow/example_dags/example_xcomargs.py for tasks to queue
[2024-07-31T08:00:53.922+0000] {logging_mixin.py:188} INFO - [2024-07-31T08:00:53.922+0000] {dagbag.py:545} INFO - Filling up the DagBag from /home/airflow/.local/lib/python3.12/site-packages/airflow/example_dags/example_xcomargs.py
[2024-07-31T08:00:53.930+0000] {processor.py:840} INFO - DAG(s) 'example_xcom_args', 'example_xcom_args_with_operators' retrieved from /home/airflow/.local/lib/python3.12/site-packages/airflow/example_dags/example_xcomargs.py
[2024-07-31T08:00:53.955+0000] {logging_mixin.py:188} INFO - [2024-07-31T08:00:53.955+0000] {dag.py:3089} INFO - Sync 2 DAGs
[2024-07-31T08:00:53.968+0000] {logging_mixin.py:188} INFO - [2024-07-31T08:00:53.968+0000] {dag.py:3947} INFO - Setting next_dagrun for example_xcom_args to None, run_after=None
[2024-07-31T08:00:53.972+0000] {logging_mixin.py:188} INFO - [2024-07-31T08:00:53.972+0000] {dag.py:3947} INFO - Setting next_dagrun for example_xcom_args_with_operators to None, run_after=None
[2024-07-31T08:00:53.988+0000] {processor.py:183} INFO - Processing /home/airflow/.local/lib/python3.12/site-packages/airflow/example_dags/example_xcomargs.py took 0.079 seconds
[2024-07-31T08:01:24.193+0000] {processor.py:161} INFO - Started process (PID=389) to work on /home/airflow/.local/lib/python3.12/site-packages/airflow/example_dags/example_xcomargs.py
[2024-07-31T08:01:24.194+0000] {processor.py:830} INFO - Processing file /home/airflow/.local/lib/python3.12/site-packages/airflow/example_dags/example_xcomargs.py for tasks to queue
[2024-07-31T08:01:24.195+0000] {logging_mixin.py:188} INFO - [2024-07-31T08:01:24.195+0000] {dagbag.py:545} INFO - Filling up the DagBag from /home/airflow/.local/lib/python3.12/site-packages/airflow/example_dags/example_xcomargs.py
[2024-07-31T08:01:24.202+0000] {processor.py:840} INFO - DAG(s) 'example_xcom_args', 'example_xcom_args_with_operators' retrieved from /home/airflow/.local/lib/python3.12/site-packages/airflow/example_dags/example_xcomargs.py
[2024-07-31T08:01:24.226+0000] {logging_mixin.py:188} INFO - [2024-07-31T08:01:24.226+0000] {dag.py:3089} INFO - Sync 2 DAGs
[2024-07-31T08:01:24.240+0000] {logging_mixin.py:188} INFO - [2024-07-31T08:01:24.239+0000] {dag.py:3947} INFO - Setting next_dagrun for example_xcom_args to None, run_after=None
[2024-07-31T08:01:24.243+0000] {logging_mixin.py:188} INFO - [2024-07-31T08:01:24.243+0000] {dag.py:3947} INFO - Setting next_dagrun for example_xcom_args_with_operators to None, run_after=None
[2024-07-31T08:01:24.258+0000] {processor.py:183} INFO - Processing /home/airflow/.local/lib/python3.12/site-packages/airflow/example_dags/example_xcomargs.py took 0.070 seconds
[2024-07-31T08:01:54.420+0000] {processor.py:161} INFO - Started process (PID=447) to work on /home/airflow/.local/lib/python3.12/site-packages/airflow/example_dags/example_xcomargs.py
[2024-07-31T08:01:54.421+0000] {processor.py:830} INFO - Processing file /home/airflow/.local/lib/python3.12/site-packages/airflow/example_dags/example_xcomargs.py for tasks to queue
[2024-07-31T08:01:54.423+0000] {logging_mixin.py:188} INFO - [2024-07-31T08:01:54.422+0000] {dagbag.py:545} INFO - Filling up the DagBag from /home/airflow/.local/lib/python3.12/site-packages/airflow/example_dags/example_xcomargs.py
[2024-07-31T08:01:54.430+0000] {processor.py:840} INFO - DAG(s) 'example_xcom_args_with_operators', 'example_xcom_args' retrieved from /home/airflow/.local/lib/python3.12/site-packages/airflow/example_dags/example_xcomargs.py
[2024-07-31T08:01:54.453+0000] {logging_mixin.py:188} INFO - [2024-07-31T08:01:54.453+0000] {dag.py:3089} INFO - Sync 2 DAGs
[2024-07-31T08:01:54.468+0000] {logging_mixin.py:188} INFO - [2024-07-31T08:01:54.468+0000] {dag.py:3947} INFO - Setting next_dagrun for example_xcom_args to None, run_after=None
[2024-07-31T08:01:54.472+0000] {logging_mixin.py:188} INFO - [2024-07-31T08:01:54.472+0000] {dag.py:3947} INFO - Setting next_dagrun for example_xcom_args_with_operators to None, run_after=None
[2024-07-31T08:01:54.489+0000] {processor.py:183} INFO - Processing /home/airflow/.local/lib/python3.12/site-packages/airflow/example_dags/example_xcomargs.py took 0.074 seconds
[2024-07-31T08:02:24.787+0000] {processor.py:161} INFO - Started process (PID=505) to work on /home/airflow/.local/lib/python3.12/site-packages/airflow/example_dags/example_xcomargs.py
[2024-07-31T08:02:24.788+0000] {processor.py:830} INFO - Processing file /home/airflow/.local/lib/python3.12/site-packages/airflow/example_dags/example_xcomargs.py for tasks to queue
[2024-07-31T08:02:24.790+0000] {logging_mixin.py:188} INFO - [2024-07-31T08:02:24.790+0000] {dagbag.py:545} INFO - Filling up the DagBag from /home/airflow/.local/lib/python3.12/site-packages/airflow/example_dags/example_xcomargs.py
[2024-07-31T08:02:24.797+0000] {processor.py:840} INFO - DAG(s) 'example_xcom_args', 'example_xcom_args_with_operators' retrieved from /home/airflow/.local/lib/python3.12/site-packages/airflow/example_dags/example_xcomargs.py
[2024-07-31T08:02:24.820+0000] {logging_mixin.py:188} INFO - [2024-07-31T08:02:24.820+0000] {dag.py:3089} INFO - Sync 2 DAGs
[2024-07-31T08:02:24.832+0000] {logging_mixin.py:188} INFO - [2024-07-31T08:02:24.832+0000] {dag.py:3947} INFO - Setting next_dagrun for example_xcom_args to None, run_after=None
[2024-07-31T08:02:24.835+0000] {logging_mixin.py:188} INFO - [2024-07-31T08:02:24.835+0000] {dag.py:3947} INFO - Setting next_dagrun for example_xcom_args_with_operators to None, run_after=None
[2024-07-31T08:02:24.849+0000] {processor.py:183} INFO - Processing /home/airflow/.local/lib/python3.12/site-packages/airflow/example_dags/example_xcomargs.py took 0.067 seconds
[2024-07-31T08:02:55.407+0000] {processor.py:161} INFO - Started process (PID=563) to work on /home/airflow/.local/lib/python3.12/site-packages/airflow/example_dags/example_xcomargs.py
[2024-07-31T08:02:55.408+0000] {processor.py:830} INFO - Processing file /home/airflow/.local/lib/python3.12/site-packages/airflow/example_dags/example_xcomargs.py for tasks to queue
[2024-07-31T08:02:55.409+0000] {logging_mixin.py:188} INFO - [2024-07-31T08:02:55.409+0000] {dagbag.py:545} INFO - Filling up the DagBag from /home/airflow/.local/lib/python3.12/site-packages/airflow/example_dags/example_xcomargs.py
[2024-07-31T08:02:55.416+0000] {processor.py:840} INFO - DAG(s) 'example_xcom_args', 'example_xcom_args_with_operators' retrieved from /home/airflow/.local/lib/python3.12/site-packages/airflow/example_dags/example_xcomargs.py
[2024-07-31T08:02:55.439+0000] {logging_mixin.py:188} INFO - [2024-07-31T08:02:55.439+0000] {dag.py:3089} INFO - Sync 2 DAGs
[2024-07-31T08:02:55.451+0000] {logging_mixin.py:188} INFO - [2024-07-31T08:02:55.451+0000] {dag.py:3947} INFO - Setting next_dagrun for example_xcom_args to None, run_after=None
[2024-07-31T08:02:55.454+0000] {logging_mixin.py:188} INFO - [2024-07-31T08:02:55.454+0000] {dag.py:3947} INFO - Setting next_dagrun for example_xcom_args_with_operators to None, run_after=None
[2024-07-31T08:02:55.470+0000] {processor.py:183} INFO - Processing /home/airflow/.local/lib/python3.12/site-packages/airflow/example_dags/example_xcomargs.py took 0.075 seconds
[2024-07-31T08:03:25.525+0000] {processor.py:161} INFO - Started process (PID=621) to work on /home/airflow/.local/lib/python3.12/site-packages/airflow/example_dags/example_xcomargs.py
[2024-07-31T08:03:25.526+0000] {processor.py:830} INFO - Processing file /home/airflow/.local/lib/python3.12/site-packages/airflow/example_dags/example_xcomargs.py for tasks to queue
[2024-07-31T08:03:25.527+0000] {logging_mixin.py:188} INFO - [2024-07-31T08:03:25.527+0000] {dagbag.py:545} INFO - Filling up the DagBag from /home/airflow/.local/lib/python3.12/site-packages/airflow/example_dags/example_xcomargs.py
[2024-07-31T08:03:25.534+0000] {processor.py:840} INFO - DAG(s) 'example_xcom_args_with_operators', 'example_xcom_args' retrieved from /home/airflow/.local/lib/python3.12/site-packages/airflow/example_dags/example_xcomargs.py
[2024-07-31T08:03:25.557+0000] {logging_mixin.py:188} INFO - [2024-07-31T08:03:25.557+0000] {dag.py:3089} INFO - Sync 2 DAGs
[2024-07-31T08:03:25.569+0000] {logging_mixin.py:188} INFO - [2024-07-31T08:03:25.569+0000] {dag.py:3947} INFO - Setting next_dagrun for example_xcom_args to None, run_after=None
[2024-07-31T08:03:25.573+0000] {logging_mixin.py:188} INFO - [2024-07-31T08:03:25.573+0000] {dag.py:3947} INFO - Setting next_dagrun for example_xcom_args_with_operators to None, run_after=None
[2024-07-31T08:03:25.587+0000] {processor.py:183} INFO - Processing /home/airflow/.local/lib/python3.12/site-packages/airflow/example_dags/example_xcomargs.py took 0.067 seconds
[2024-07-31T08:03:55.677+0000] {processor.py:161} INFO - Started process (PID=679) to work on /home/airflow/.local/lib/python3.12/site-packages/airflow/example_dags/example_xcomargs.py
[2024-07-31T08:03:55.678+0000] {processor.py:830} INFO - Processing file /home/airflow/.local/lib/python3.12/site-packages/airflow/example_dags/example_xcomargs.py for tasks to queue
[2024-07-31T08:03:55.680+0000] {logging_mixin.py:188} INFO - [2024-07-31T08:03:55.679+0000] {dagbag.py:545} INFO - Filling up the DagBag from /home/airflow/.local/lib/python3.12/site-packages/airflow/example_dags/example_xcomargs.py
[2024-07-31T08:03:55.687+0000] {processor.py:840} INFO - DAG(s) 'example_xcom_args', 'example_xcom_args_with_operators' retrieved from /home/airflow/.local/lib/python3.12/site-packages/airflow/example_dags/example_xcomargs.py
[2024-07-31T08:03:55.711+0000] {logging_mixin.py:188} INFO - [2024-07-31T08:03:55.710+0000] {dag.py:3089} INFO - Sync 2 DAGs
[2024-07-31T08:03:55.722+0000] {logging_mixin.py:188} INFO - [2024-07-31T08:03:55.722+0000] {dag.py:3947} INFO - Setting next_dagrun for example_xcom_args to None, run_after=None
[2024-07-31T08:03:55.726+0000] {logging_mixin.py:188} INFO - [2024-07-31T08:03:55.726+0000] {dag.py:3947} INFO - Setting next_dagrun for example_xcom_args_with_operators to None, run_after=None
[2024-07-31T08:03:55.740+0000] {processor.py:183} INFO - Processing /home/airflow/.local/lib/python3.12/site-packages/airflow/example_dags/example_xcomargs.py took 0.072 seconds
[2024-07-31T08:04:26.367+0000] {processor.py:161} INFO - Started process (PID=737) to work on /home/airflow/.local/lib/python3.12/site-packages/airflow/example_dags/example_xcomargs.py
[2024-07-31T08:04:26.368+0000] {processor.py:830} INFO - Processing file /home/airflow/.local/lib/python3.12/site-packages/airflow/example_dags/example_xcomargs.py for tasks to queue
[2024-07-31T08:04:26.371+0000] {logging_mixin.py:188} INFO - [2024-07-31T08:04:26.370+0000] {dagbag.py:545} INFO - Filling up the DagBag from /home/airflow/.local/lib/python3.12/site-packages/airflow/example_dags/example_xcomargs.py
[2024-07-31T08:04:26.379+0000] {processor.py:840} INFO - DAG(s) 'example_xcom_args', 'example_xcom_args_with_operators' retrieved from /home/airflow/.local/lib/python3.12/site-packages/airflow/example_dags/example_xcomargs.py
[2024-07-31T08:04:26.404+0000] {logging_mixin.py:188} INFO - [2024-07-31T08:04:26.404+0000] {dag.py:3089} INFO - Sync 2 DAGs
[2024-07-31T08:04:26.416+0000] {logging_mixin.py:188} INFO - [2024-07-31T08:04:26.415+0000] {dag.py:3947} INFO - Setting next_dagrun for example_xcom_args to None, run_after=None
[2024-07-31T08:04:26.419+0000] {logging_mixin.py:188} INFO - [2024-07-31T08:04:26.419+0000] {dag.py:3947} INFO - Setting next_dagrun for example_xcom_args_with_operators to None, run_after=None
[2024-07-31T08:04:26.434+0000] {processor.py:183} INFO - Processing /home/airflow/.local/lib/python3.12/site-packages/airflow/example_dags/example_xcomargs.py took 0.072 seconds
[2024-07-31T08:04:56.493+0000] {processor.py:161} INFO - Started process (PID=795) to work on /home/airflow/.local/lib/python3.12/site-packages/airflow/example_dags/example_xcomargs.py
[2024-07-31T08:04:56.494+0000] {processor.py:830} INFO - Processing file /home/airflow/.local/lib/python3.12/site-packages/airflow/example_dags/example_xcomargs.py for tasks to queue
[2024-07-31T08:04:56.496+0000] {logging_mixin.py:188} INFO - [2024-07-31T08:04:56.495+0000] {dagbag.py:545} INFO - Filling up the DagBag from /home/airflow/.local/lib/python3.12/site-packages/airflow/example_dags/example_xcomargs.py
[2024-07-31T08:04:56.503+0000] {processor.py:840} INFO - DAG(s) 'example_xcom_args_with_operators', 'example_xcom_args' retrieved from /home/airflow/.local/lib/python3.12/site-packages/airflow/example_dags/example_xcomargs.py
[2024-07-31T08:04:56.525+0000] {logging_mixin.py:188} INFO - [2024-07-31T08:04:56.525+0000] {dag.py:3089} INFO - Sync 2 DAGs
[2024-07-31T08:04:56.536+0000] {logging_mixin.py:188} INFO - [2024-07-31T08:04:56.536+0000] {dag.py:3947} INFO - Setting next_dagrun for example_xcom_args to None, run_after=None
[2024-07-31T08:04:56.540+0000] {logging_mixin.py:188} INFO - [2024-07-31T08:04:56.540+0000] {dag.py:3947} INFO - Setting next_dagrun for example_xcom_args_with_operators to None, run_after=None
[2024-07-31T08:04:56.553+0000] {processor.py:183} INFO - Processing /home/airflow/.local/lib/python3.12/site-packages/airflow/example_dags/example_xcomargs.py took 0.069 seconds
[2024-07-31T08:05:26.858+0000] {processor.py:161} INFO - Started process (PID=853) to work on /home/airflow/.local/lib/python3.12/site-packages/airflow/example_dags/example_xcomargs.py
[2024-07-31T08:05:26.859+0000] {processor.py:830} INFO - Processing file /home/airflow/.local/lib/python3.12/site-packages/airflow/example_dags/example_xcomargs.py for tasks to queue
[2024-07-31T08:05:26.860+0000] {logging_mixin.py:188} INFO - [2024-07-31T08:05:26.860+0000] {dagbag.py:545} INFO - Filling up the DagBag from /home/airflow/.local/lib/python3.12/site-packages/airflow/example_dags/example_xcomargs.py
[2024-07-31T08:05:26.867+0000] {processor.py:840} INFO - DAG(s) 'example_xcom_args', 'example_xcom_args_with_operators' retrieved from /home/airflow/.local/lib/python3.12/site-packages/airflow/example_dags/example_xcomargs.py
[2024-07-31T08:05:26.894+0000] {logging_mixin.py:188} INFO - [2024-07-31T08:05:26.894+0000] {dag.py:3089} INFO - Sync 2 DAGs
[2024-07-31T08:05:26.906+0000] {logging_mixin.py:188} INFO - [2024-07-31T08:05:26.906+0000] {dag.py:3947} INFO - Setting next_dagrun for example_xcom_args to None, run_after=None
[2024-07-31T08:05:26.909+0000] {logging_mixin.py:188} INFO - [2024-07-31T08:05:26.909+0000] {dag.py:3947} INFO - Setting next_dagrun for example_xcom_args_with_operators to None, run_after=None
[2024-07-31T08:05:26.925+0000] {processor.py:183} INFO - Processing /home/airflow/.local/lib/python3.12/site-packages/airflow/example_dags/example_xcomargs.py took 0.072 seconds
[2024-07-31T08:05:57.333+0000] {processor.py:161} INFO - Started process (PID=911) to work on /home/airflow/.local/lib/python3.12/site-packages/airflow/example_dags/example_xcomargs.py
[2024-07-31T08:05:57.334+0000] {processor.py:830} INFO - Processing file /home/airflow/.local/lib/python3.12/site-packages/airflow/example_dags/example_xcomargs.py for tasks to queue
[2024-07-31T08:05:57.335+0000] {logging_mixin.py:188} INFO - [2024-07-31T08:05:57.335+0000] {dagbag.py:545} INFO - Filling up the DagBag from /home/airflow/.local/lib/python3.12/site-packages/airflow/example_dags/example_xcomargs.py
[2024-07-31T08:05:57.344+0000] {processor.py:840} INFO - DAG(s) 'example_xcom_args', 'example_xcom_args_with_operators' retrieved from /home/airflow/.local/lib/python3.12/site-packages/airflow/example_dags/example_xcomargs.py
[2024-07-31T08:05:57.368+0000] {logging_mixin.py:188} INFO - [2024-07-31T08:05:57.368+0000] {dag.py:3089} INFO - Sync 2 DAGs
[2024-07-31T08:05:57.381+0000] {logging_mixin.py:188} INFO - [2024-07-31T08:05:57.380+0000] {dag.py:3947} INFO - Setting next_dagrun for example_xcom_args to None, run_after=None
[2024-07-31T08:05:57.384+0000] {logging_mixin.py:188} INFO - [2024-07-31T08:05:57.384+0000] {dag.py:3947} INFO - Setting next_dagrun for example_xcom_args_with_operators to None, run_after=None
[2024-07-31T08:05:57.400+0000] {processor.py:183} INFO - Processing /home/airflow/.local/lib/python3.12/site-packages/airflow/example_dags/example_xcomargs.py took 0.073 seconds
[2024-07-31T08:06:28.277+0000] {processor.py:161} INFO - Started process (PID=969) to work on /home/airflow/.local/lib/python3.12/site-packages/airflow/example_dags/example_xcomargs.py
[2024-07-31T08:06:28.278+0000] {processor.py:830} INFO - Processing file /home/airflow/.local/lib/python3.12/site-packages/airflow/example_dags/example_xcomargs.py for tasks to queue
[2024-07-31T08:06:28.280+0000] {logging_mixin.py:188} INFO - [2024-07-31T08:06:28.280+0000] {dagbag.py:545} INFO - Filling up the DagBag from /home/airflow/.local/lib/python3.12/site-packages/airflow/example_dags/example_xcomargs.py
[2024-07-31T08:06:28.287+0000] {processor.py:840} INFO - DAG(s) 'example_xcom_args_with_operators', 'example_xcom_args' retrieved from /home/airflow/.local/lib/python3.12/site-packages/airflow/example_dags/example_xcomargs.py
[2024-07-31T08:06:28.309+0000] {logging_mixin.py:188} INFO - [2024-07-31T08:06:28.309+0000] {dag.py:3089} INFO - Sync 2 DAGs
[2024-07-31T08:06:28.320+0000] {logging_mixin.py:188} INFO - [2024-07-31T08:06:28.320+0000] {dag.py:3947} INFO - Setting next_dagrun for example_xcom_args to None, run_after=None
[2024-07-31T08:06:28.323+0000] {logging_mixin.py:188} INFO - [2024-07-31T08:06:28.323+0000] {dag.py:3947} INFO - Setting next_dagrun for example_xcom_args_with_operators to None, run_after=None
[2024-07-31T08:06:28.339+0000] {processor.py:183} INFO - Processing /home/airflow/.local/lib/python3.12/site-packages/airflow/example_dags/example_xcomargs.py took 0.072 seconds
[2024-07-31T08:06:58.640+0000] {processor.py:161} INFO - Started process (PID=1027) to work on /home/airflow/.local/lib/python3.12/site-packages/airflow/example_dags/example_xcomargs.py
[2024-07-31T08:06:58.640+0000] {processor.py:830} INFO - Processing file /home/airflow/.local/lib/python3.12/site-packages/airflow/example_dags/example_xcomargs.py for tasks to queue
[2024-07-31T08:06:58.642+0000] {logging_mixin.py:188} INFO - [2024-07-31T08:06:58.642+0000] {dagbag.py:545} INFO - Filling up the DagBag from /home/airflow/.local/lib/python3.12/site-packages/airflow/example_dags/example_xcomargs.py
[2024-07-31T08:06:58.650+0000] {processor.py:840} INFO - DAG(s) 'example_xcom_args', 'example_xcom_args_with_operators' retrieved from /home/airflow/.local/lib/python3.12/site-packages/airflow/example_dags/example_xcomargs.py
[2024-07-31T08:06:58.674+0000] {logging_mixin.py:188} INFO - [2024-07-31T08:06:58.674+0000] {dag.py:3089} INFO - Sync 2 DAGs
[2024-07-31T08:06:58.687+0000] {logging_mixin.py:188} INFO - [2024-07-31T08:06:58.687+0000] {dag.py:3947} INFO - Setting next_dagrun for example_xcom_args to None, run_after=None
[2024-07-31T08:06:58.690+0000] {logging_mixin.py:188} INFO - [2024-07-31T08:06:58.690+0000] {dag.py:3947} INFO - Setting next_dagrun for example_xcom_args_with_operators to None, run_after=None
[2024-07-31T08:06:58.706+0000] {processor.py:183} INFO - Processing /home/airflow/.local/lib/python3.12/site-packages/airflow/example_dags/example_xcomargs.py took 0.071 seconds
[2024-07-31T08:07:29.084+0000] {processor.py:161} INFO - Started process (PID=1085) to work on /home/airflow/.local/lib/python3.12/site-packages/airflow/example_dags/example_xcomargs.py
[2024-07-31T08:07:29.085+0000] {processor.py:830} INFO - Processing file /home/airflow/.local/lib/python3.12/site-packages/airflow/example_dags/example_xcomargs.py for tasks to queue
[2024-07-31T08:07:29.086+0000] {logging_mixin.py:188} INFO - [2024-07-31T08:07:29.086+0000] {dagbag.py:545} INFO - Filling up the DagBag from /home/airflow/.local/lib/python3.12/site-packages/airflow/example_dags/example_xcomargs.py
[2024-07-31T08:07:29.093+0000] {processor.py:840} INFO - DAG(s) 'example_xcom_args', 'example_xcom_args_with_operators' retrieved from /home/airflow/.local/lib/python3.12/site-packages/airflow/example_dags/example_xcomargs.py
[2024-07-31T08:07:29.116+0000] {logging_mixin.py:188} INFO - [2024-07-31T08:07:29.116+0000] {dag.py:3089} INFO - Sync 2 DAGs
[2024-07-31T08:07:29.129+0000] {logging_mixin.py:188} INFO - [2024-07-31T08:07:29.129+0000] {dag.py:3947} INFO - Setting next_dagrun for example_xcom_args to None, run_after=None
[2024-07-31T08:07:29.133+0000] {logging_mixin.py:188} INFO - [2024-07-31T08:07:29.133+0000] {dag.py:3947} INFO - Setting next_dagrun for example_xcom_args_with_operators to None, run_after=None
[2024-07-31T08:07:29.150+0000] {processor.py:183} INFO - Processing /home/airflow/.local/lib/python3.12/site-packages/airflow/example_dags/example_xcomargs.py took 0.076 seconds
[2024-07-31T08:07:59.512+0000] {processor.py:161} INFO - Started process (PID=1143) to work on /home/airflow/.local/lib/python3.12/site-packages/airflow/example_dags/example_xcomargs.py
[2024-07-31T08:07:59.513+0000] {processor.py:830} INFO - Processing file /home/airflow/.local/lib/python3.12/site-packages/airflow/example_dags/example_xcomargs.py for tasks to queue
[2024-07-31T08:07:59.514+0000] {logging_mixin.py:188} INFO - [2024-07-31T08:07:59.514+0000] {dagbag.py:545} INFO - Filling up the DagBag from /home/airflow/.local/lib/python3.12/site-packages/airflow/example_dags/example_xcomargs.py
[2024-07-31T08:07:59.521+0000] {processor.py:840} INFO - DAG(s) 'example_xcom_args_with_operators', 'example_xcom_args' retrieved from /home/airflow/.local/lib/python3.12/site-packages/airflow/example_dags/example_xcomargs.py
[2024-07-31T08:07:59.544+0000] {logging_mixin.py:188} INFO - [2024-07-31T08:07:59.543+0000] {dag.py:3089} INFO - Sync 2 DAGs
[2024-07-31T08:07:59.556+0000] {logging_mixin.py:188} INFO - [2024-07-31T08:07:59.556+0000] {dag.py:3947} INFO - Setting next_dagrun for example_xcom_args to None, run_after=None
[2024-07-31T08:07:59.560+0000] {logging_mixin.py:188} INFO - [2024-07-31T08:07:59.560+0000] {dag.py:3947} INFO - Setting next_dagrun for example_xcom_args_with_operators to None, run_after=None
[2024-07-31T08:07:59.577+0000] {processor.py:183} INFO - Processing /home/airflow/.local/lib/python3.12/site-packages/airflow/example_dags/example_xcomargs.py took 0.070 seconds
[2024-07-31T08:08:29.735+0000] {processor.py:161} INFO - Started process (PID=1202) to work on /home/airflow/.local/lib/python3.12/site-packages/airflow/example_dags/example_xcomargs.py
[2024-07-31T08:08:29.736+0000] {processor.py:830} INFO - Processing file /home/airflow/.local/lib/python3.12/site-packages/airflow/example_dags/example_xcomargs.py for tasks to queue
[2024-07-31T08:08:29.737+0000] {logging_mixin.py:188} INFO - [2024-07-31T08:08:29.737+0000] {dagbag.py:545} INFO - Filling up the DagBag from /home/airflow/.local/lib/python3.12/site-packages/airflow/example_dags/example_xcomargs.py
[2024-07-31T08:08:29.744+0000] {processor.py:840} INFO - DAG(s) 'example_xcom_args_with_operators', 'example_xcom_args' retrieved from /home/airflow/.local/lib/python3.12/site-packages/airflow/example_dags/example_xcomargs.py
[2024-07-31T08:08:29.767+0000] {logging_mixin.py:188} INFO - [2024-07-31T08:08:29.767+0000] {dag.py:3089} INFO - Sync 2 DAGs
[2024-07-31T08:08:29.779+0000] {logging_mixin.py:188} INFO - [2024-07-31T08:08:29.778+0000] {dag.py:3947} INFO - Setting next_dagrun for example_xcom_args to None, run_after=None
[2024-07-31T08:08:29.782+0000] {logging_mixin.py:188} INFO - [2024-07-31T08:08:29.782+0000] {dag.py:3947} INFO - Setting next_dagrun for example_xcom_args_with_operators to None, run_after=None
[2024-07-31T08:08:29.797+0000] {processor.py:183} INFO - Processing /home/airflow/.local/lib/python3.12/site-packages/airflow/example_dags/example_xcomargs.py took 0.067 seconds
[2024-07-31T08:09:00.135+0000] {processor.py:161} INFO - Started process (PID=1260) to work on /home/airflow/.local/lib/python3.12/site-packages/airflow/example_dags/example_xcomargs.py
[2024-07-31T08:09:00.136+0000] {processor.py:830} INFO - Processing file /home/airflow/.local/lib/python3.12/site-packages/airflow/example_dags/example_xcomargs.py for tasks to queue
[2024-07-31T08:09:00.138+0000] {logging_mixin.py:188} INFO - [2024-07-31T08:09:00.138+0000] {dagbag.py:545} INFO - Filling up the DagBag from /home/airflow/.local/lib/python3.12/site-packages/airflow/example_dags/example_xcomargs.py
[2024-07-31T08:09:00.145+0000] {processor.py:840} INFO - DAG(s) 'example_xcom_args_with_operators', 'example_xcom_args' retrieved from /home/airflow/.local/lib/python3.12/site-packages/airflow/example_dags/example_xcomargs.py
[2024-07-31T08:09:00.169+0000] {logging_mixin.py:188} INFO - [2024-07-31T08:09:00.169+0000] {dag.py:3089} INFO - Sync 2 DAGs
[2024-07-31T08:09:00.182+0000] {logging_mixin.py:188} INFO - [2024-07-31T08:09:00.182+0000] {dag.py:3947} INFO - Setting next_dagrun for example_xcom_args to None, run_after=None
[2024-07-31T08:09:00.186+0000] {logging_mixin.py:188} INFO - [2024-07-31T08:09:00.185+0000] {dag.py:3947} INFO - Setting next_dagrun for example_xcom_args_with_operators to None, run_after=None
[2024-07-31T08:09:00.200+0000] {processor.py:183} INFO - Processing /home/airflow/.local/lib/python3.12/site-packages/airflow/example_dags/example_xcomargs.py took 0.075 seconds
[2024-07-31T08:09:30.480+0000] {processor.py:161} INFO - Started process (PID=1318) to work on /home/airflow/.local/lib/python3.12/site-packages/airflow/example_dags/example_xcomargs.py
[2024-07-31T08:09:30.481+0000] {processor.py:830} INFO - Processing file /home/airflow/.local/lib/python3.12/site-packages/airflow/example_dags/example_xcomargs.py for tasks to queue
[2024-07-31T08:09:30.482+0000] {logging_mixin.py:188} INFO - [2024-07-31T08:09:30.482+0000] {dagbag.py:545} INFO - Filling up the DagBag from /home/airflow/.local/lib/python3.12/site-packages/airflow/example_dags/example_xcomargs.py
[2024-07-31T08:09:30.489+0000] {processor.py:840} INFO - DAG(s) 'example_xcom_args', 'example_xcom_args_with_operators' retrieved from /home/airflow/.local/lib/python3.12/site-packages/airflow/example_dags/example_xcomargs.py
[2024-07-31T08:09:30.511+0000] {logging_mixin.py:188} INFO - [2024-07-31T08:09:30.511+0000] {dag.py:3089} INFO - Sync 2 DAGs
[2024-07-31T08:09:30.524+0000] {logging_mixin.py:188} INFO - [2024-07-31T08:09:30.524+0000] {dag.py:3947} INFO - Setting next_dagrun for example_xcom_args to None, run_after=None
[2024-07-31T08:09:30.527+0000] {logging_mixin.py:188} INFO - [2024-07-31T08:09:30.527+0000] {dag.py:3947} INFO - Setting next_dagrun for example_xcom_args_with_operators to None, run_after=None
[2024-07-31T08:09:30.541+0000] {processor.py:183} INFO - Processing /home/airflow/.local/lib/python3.12/site-packages/airflow/example_dags/example_xcomargs.py took 0.066 seconds
[2024-07-31T08:10:00.725+0000] {processor.py:161} INFO - Started process (PID=1376) to work on /home/airflow/.local/lib/python3.12/site-packages/airflow/example_dags/example_xcomargs.py
[2024-07-31T08:10:00.726+0000] {processor.py:830} INFO - Processing file /home/airflow/.local/lib/python3.12/site-packages/airflow/example_dags/example_xcomargs.py for tasks to queue
[2024-07-31T08:10:00.727+0000] {logging_mixin.py:188} INFO - [2024-07-31T08:10:00.727+0000] {dagbag.py:545} INFO - Filling up the DagBag from /home/airflow/.local/lib/python3.12/site-packages/airflow/example_dags/example_xcomargs.py
[2024-07-31T08:10:00.734+0000] {processor.py:840} INFO - DAG(s) 'example_xcom_args', 'example_xcom_args_with_operators' retrieved from /home/airflow/.local/lib/python3.12/site-packages/airflow/example_dags/example_xcomargs.py
[2024-07-31T08:10:00.756+0000] {logging_mixin.py:188} INFO - [2024-07-31T08:10:00.756+0000] {dag.py:3089} INFO - Sync 2 DAGs
[2024-07-31T08:10:00.768+0000] {logging_mixin.py:188} INFO - [2024-07-31T08:10:00.768+0000] {dag.py:3947} INFO - Setting next_dagrun for example_xcom_args to None, run_after=None
[2024-07-31T08:10:00.771+0000] {logging_mixin.py:188} INFO - [2024-07-31T08:10:00.771+0000] {dag.py:3947} INFO - Setting next_dagrun for example_xcom_args_with_operators to None, run_after=None
[2024-07-31T08:10:00.787+0000] {processor.py:183} INFO - Processing /home/airflow/.local/lib/python3.12/site-packages/airflow/example_dags/example_xcomargs.py took 0.073 seconds
[2024-07-31T08:10:31.175+0000] {processor.py:161} INFO - Started process (PID=1434) to work on /home/airflow/.local/lib/python3.12/site-packages/airflow/example_dags/example_xcomargs.py
[2024-07-31T08:10:31.176+0000] {processor.py:830} INFO - Processing file /home/airflow/.local/lib/python3.12/site-packages/airflow/example_dags/example_xcomargs.py for tasks to queue
[2024-07-31T08:10:31.178+0000] {logging_mixin.py:188} INFO - [2024-07-31T08:10:31.177+0000] {dagbag.py:545} INFO - Filling up the DagBag from /home/airflow/.local/lib/python3.12/site-packages/airflow/example_dags/example_xcomargs.py
[2024-07-31T08:10:31.184+0000] {processor.py:840} INFO - DAG(s) 'example_xcom_args', 'example_xcom_args_with_operators' retrieved from /home/airflow/.local/lib/python3.12/site-packages/airflow/example_dags/example_xcomargs.py
[2024-07-31T08:10:31.208+0000] {logging_mixin.py:188} INFO - [2024-07-31T08:10:31.208+0000] {dag.py:3089} INFO - Sync 2 DAGs
[2024-07-31T08:10:31.221+0000] {logging_mixin.py:188} INFO - [2024-07-31T08:10:31.221+0000] {dag.py:3947} INFO - Setting next_dagrun for example_xcom_args to None, run_after=None
[2024-07-31T08:10:31.224+0000] {logging_mixin.py:188} INFO - [2024-07-31T08:10:31.224+0000] {dag.py:3947} INFO - Setting next_dagrun for example_xcom_args_with_operators to None, run_after=None
[2024-07-31T08:10:31.240+0000] {processor.py:183} INFO - Processing /home/airflow/.local/lib/python3.12/site-packages/airflow/example_dags/example_xcomargs.py took 0.075 seconds
[2024-07-31T08:11:01.611+0000] {processor.py:161} INFO - Started process (PID=1492) to work on /home/airflow/.local/lib/python3.12/site-packages/airflow/example_dags/example_xcomargs.py
[2024-07-31T08:11:01.612+0000] {processor.py:830} INFO - Processing file /home/airflow/.local/lib/python3.12/site-packages/airflow/example_dags/example_xcomargs.py for tasks to queue
[2024-07-31T08:11:01.614+0000] {logging_mixin.py:188} INFO - [2024-07-31T08:11:01.613+0000] {dagbag.py:545} INFO - Filling up the DagBag from /home/airflow/.local/lib/python3.12/site-packages/airflow/example_dags/example_xcomargs.py
[2024-07-31T08:11:01.620+0000] {processor.py:840} INFO - DAG(s) 'example_xcom_args_with_operators', 'example_xcom_args' retrieved from /home/airflow/.local/lib/python3.12/site-packages/airflow/example_dags/example_xcomargs.py
[2024-07-31T08:11:01.644+0000] {logging_mixin.py:188} INFO - [2024-07-31T08:11:01.643+0000] {dag.py:3089} INFO - Sync 2 DAGs
[2024-07-31T08:11:01.655+0000] {logging_mixin.py:188} INFO - [2024-07-31T08:11:01.655+0000] {dag.py:3947} INFO - Setting next_dagrun for example_xcom_args to None, run_after=None
[2024-07-31T08:11:01.658+0000] {logging_mixin.py:188} INFO - [2024-07-31T08:11:01.658+0000] {dag.py:3947} INFO - Setting next_dagrun for example_xcom_args_with_operators to None, run_after=None
[2024-07-31T08:11:01.673+0000] {processor.py:183} INFO - Processing /home/airflow/.local/lib/python3.12/site-packages/airflow/example_dags/example_xcomargs.py took 0.074 seconds
[2024-07-31T08:11:32.137+0000] {processor.py:161} INFO - Started process (PID=1550) to work on /home/airflow/.local/lib/python3.12/site-packages/airflow/example_dags/example_xcomargs.py
[2024-07-31T08:11:32.138+0000] {processor.py:830} INFO - Processing file /home/airflow/.local/lib/python3.12/site-packages/airflow/example_dags/example_xcomargs.py for tasks to queue
[2024-07-31T08:11:32.139+0000] {logging_mixin.py:188} INFO - [2024-07-31T08:11:32.139+0000] {dagbag.py:545} INFO - Filling up the DagBag from /home/airflow/.local/lib/python3.12/site-packages/airflow/example_dags/example_xcomargs.py
[2024-07-31T08:11:32.147+0000] {processor.py:840} INFO - DAG(s) 'example_xcom_args', 'example_xcom_args_with_operators' retrieved from /home/airflow/.local/lib/python3.12/site-packages/airflow/example_dags/example_xcomargs.py
[2024-07-31T08:11:32.172+0000] {logging_mixin.py:188} INFO - [2024-07-31T08:11:32.171+0000] {dag.py:3089} INFO - Sync 2 DAGs
[2024-07-31T08:11:32.188+0000] {logging_mixin.py:188} INFO - [2024-07-31T08:11:32.188+0000] {dag.py:3947} INFO - Setting next_dagrun for example_xcom_args to None, run_after=None
[2024-07-31T08:11:32.193+0000] {logging_mixin.py:188} INFO - [2024-07-31T08:11:32.192+0000] {dag.py:3947} INFO - Setting next_dagrun for example_xcom_args_with_operators to None, run_after=None
[2024-07-31T08:11:32.214+0000] {processor.py:183} INFO - Processing /home/airflow/.local/lib/python3.12/site-packages/airflow/example_dags/example_xcomargs.py took 0.088 seconds
[2024-07-31T08:12:02.491+0000] {processor.py:161} INFO - Started process (PID=1608) to work on /home/airflow/.local/lib/python3.12/site-packages/airflow/example_dags/example_xcomargs.py
[2024-07-31T08:12:02.492+0000] {processor.py:830} INFO - Processing file /home/airflow/.local/lib/python3.12/site-packages/airflow/example_dags/example_xcomargs.py for tasks to queue
[2024-07-31T08:12:02.494+0000] {logging_mixin.py:188} INFO - [2024-07-31T08:12:02.494+0000] {dagbag.py:545} INFO - Filling up the DagBag from /home/airflow/.local/lib/python3.12/site-packages/airflow/example_dags/example_xcomargs.py
[2024-07-31T08:12:02.502+0000] {processor.py:840} INFO - DAG(s) 'example_xcom_args_with_operators', 'example_xcom_args' retrieved from /home/airflow/.local/lib/python3.12/site-packages/airflow/example_dags/example_xcomargs.py
[2024-07-31T08:12:02.525+0000] {logging_mixin.py:188} INFO - [2024-07-31T08:12:02.525+0000] {dag.py:3089} INFO - Sync 2 DAGs
[2024-07-31T08:12:02.538+0000] {logging_mixin.py:188} INFO - [2024-07-31T08:12:02.538+0000] {dag.py:3947} INFO - Setting next_dagrun for example_xcom_args to None, run_after=None
[2024-07-31T08:12:02.543+0000] {logging_mixin.py:188} INFO - [2024-07-31T08:12:02.542+0000] {dag.py:3947} INFO - Setting next_dagrun for example_xcom_args_with_operators to None, run_after=None
[2024-07-31T08:12:02.563+0000] {processor.py:183} INFO - Processing /home/airflow/.local/lib/python3.12/site-packages/airflow/example_dags/example_xcomargs.py took 0.080 seconds
