[2024-07-31T07:54:25.997+0000] {processor.py:161} INFO - Started process (PID=85) to work on /home/airflow/.local/lib/python3.12/site-packages/airflow/example_dags/example_sla_dag.py
[2024-07-31T07:54:25.998+0000] {processor.py:830} INFO - Processing file /home/airflow/.local/lib/python3.12/site-packages/airflow/example_dags/example_sla_dag.py for tasks to queue
[2024-07-31T07:54:26.001+0000] {logging_mixin.py:188} INFO - [2024-07-31T07:54:26.001+0000] {dagbag.py:545} INFO - Filling up the DagBag from /home/airflow/.local/lib/python3.12/site-packages/airflow/example_dags/example_sla_dag.py
[2024-07-31T07:54:26.014+0000] {processor.py:840} INFO - DAG(s) 'example_sla_dag' retrieved from /home/airflow/.local/lib/python3.12/site-packages/airflow/example_dags/example_sla_dag.py
[2024-07-31T07:54:26.028+0000] {logging_mixin.py:188} INFO - [2024-07-31T07:54:26.028+0000] {dag.py:3089} INFO - Sync 1 DAGs
[2024-07-31T07:54:26.055+0000] {logging_mixin.py:188} INFO - [2024-07-31T07:54:26.054+0000] {dag.py:3947} INFO - Setting next_dagrun for example_sla_dag to 2024-07-31 07:52:00+00:00, run_after=2024-07-31 07:54:00+00:00
[2024-07-31T07:54:26.075+0000] {processor.py:183} INFO - Processing /home/airflow/.local/lib/python3.12/site-packages/airflow/example_dags/example_sla_dag.py took 0.084 seconds
[2024-07-31T07:54:46.265+0000] {processor.py:161} INFO - Started process (PID=84) to work on /home/airflow/.local/lib/python3.12/site-packages/airflow/example_dags/example_sla_dag.py
[2024-07-31T07:54:46.266+0000] {processor.py:830} INFO - Processing file /home/airflow/.local/lib/python3.12/site-packages/airflow/example_dags/example_sla_dag.py for tasks to queue
[2024-07-31T07:54:46.268+0000] {logging_mixin.py:188} INFO - [2024-07-31T07:54:46.268+0000] {dagbag.py:545} INFO - Filling up the DagBag from /home/airflow/.local/lib/python3.12/site-packages/airflow/example_dags/example_sla_dag.py
[2024-07-31T07:54:46.279+0000] {processor.py:840} INFO - DAG(s) 'example_sla_dag' retrieved from /home/airflow/.local/lib/python3.12/site-packages/airflow/example_dags/example_sla_dag.py
[2024-07-31T07:54:46.400+0000] {logging_mixin.py:188} INFO - [2024-07-31T07:54:46.400+0000] {dag.py:3089} INFO - Sync 1 DAGs
[2024-07-31T07:54:46.422+0000] {logging_mixin.py:188} INFO - [2024-07-31T07:54:46.421+0000] {dag.py:3947} INFO - Setting next_dagrun for example_sla_dag to 2024-07-31 07:52:00+00:00, run_after=2024-07-31 07:54:00+00:00
[2024-07-31T07:54:46.485+0000] {processor.py:183} INFO - Processing /home/airflow/.local/lib/python3.12/site-packages/airflow/example_dags/example_sla_dag.py took 0.226 seconds
[2024-07-31T07:55:16.527+0000] {processor.py:161} INFO - Started process (PID=142) to work on /home/airflow/.local/lib/python3.12/site-packages/airflow/example_dags/example_sla_dag.py
[2024-07-31T07:55:16.528+0000] {processor.py:830} INFO - Processing file /home/airflow/.local/lib/python3.12/site-packages/airflow/example_dags/example_sla_dag.py for tasks to queue
[2024-07-31T07:55:16.529+0000] {logging_mixin.py:188} INFO - [2024-07-31T07:55:16.529+0000] {dagbag.py:545} INFO - Filling up the DagBag from /home/airflow/.local/lib/python3.12/site-packages/airflow/example_dags/example_sla_dag.py
[2024-07-31T07:55:16.538+0000] {processor.py:840} INFO - DAG(s) 'example_sla_dag' retrieved from /home/airflow/.local/lib/python3.12/site-packages/airflow/example_dags/example_sla_dag.py
[2024-07-31T07:55:16.562+0000] {logging_mixin.py:188} INFO - [2024-07-31T07:55:16.562+0000] {dag.py:3089} INFO - Sync 1 DAGs
[2024-07-31T07:55:16.588+0000] {logging_mixin.py:188} INFO - [2024-07-31T07:55:16.588+0000] {dag.py:3947} INFO - Setting next_dagrun for example_sla_dag to 2024-07-31 07:52:00+00:00, run_after=2024-07-31 07:54:00+00:00
[2024-07-31T07:55:16.608+0000] {processor.py:183} INFO - Processing /home/airflow/.local/lib/python3.12/site-packages/airflow/example_dags/example_sla_dag.py took 0.086 seconds
[2024-07-31T07:55:46.876+0000] {processor.py:161} INFO - Started process (PID=200) to work on /home/airflow/.local/lib/python3.12/site-packages/airflow/example_dags/example_sla_dag.py
[2024-07-31T07:55:46.876+0000] {processor.py:830} INFO - Processing file /home/airflow/.local/lib/python3.12/site-packages/airflow/example_dags/example_sla_dag.py for tasks to queue
[2024-07-31T07:55:46.878+0000] {logging_mixin.py:188} INFO - [2024-07-31T07:55:46.878+0000] {dagbag.py:545} INFO - Filling up the DagBag from /home/airflow/.local/lib/python3.12/site-packages/airflow/example_dags/example_sla_dag.py
[2024-07-31T07:55:46.885+0000] {processor.py:840} INFO - DAG(s) 'example_sla_dag' retrieved from /home/airflow/.local/lib/python3.12/site-packages/airflow/example_dags/example_sla_dag.py
[2024-07-31T07:55:46.905+0000] {logging_mixin.py:188} INFO - [2024-07-31T07:55:46.904+0000] {dag.py:3089} INFO - Sync 1 DAGs
[2024-07-31T07:55:46.927+0000] {logging_mixin.py:188} INFO - [2024-07-31T07:55:46.927+0000] {dag.py:3947} INFO - Setting next_dagrun for example_sla_dag to 2024-07-31 07:52:00+00:00, run_after=2024-07-31 07:54:00+00:00
[2024-07-31T07:55:46.944+0000] {processor.py:183} INFO - Processing /home/airflow/.local/lib/python3.12/site-packages/airflow/example_dags/example_sla_dag.py took 0.078 seconds
[2024-07-31T07:56:17.386+0000] {processor.py:161} INFO - Started process (PID=258) to work on /home/airflow/.local/lib/python3.12/site-packages/airflow/example_dags/example_sla_dag.py
[2024-07-31T07:56:17.387+0000] {processor.py:830} INFO - Processing file /home/airflow/.local/lib/python3.12/site-packages/airflow/example_dags/example_sla_dag.py for tasks to queue
[2024-07-31T07:56:17.388+0000] {logging_mixin.py:188} INFO - [2024-07-31T07:56:17.388+0000] {dagbag.py:545} INFO - Filling up the DagBag from /home/airflow/.local/lib/python3.12/site-packages/airflow/example_dags/example_sla_dag.py
[2024-07-31T07:56:17.395+0000] {processor.py:840} INFO - DAG(s) 'example_sla_dag' retrieved from /home/airflow/.local/lib/python3.12/site-packages/airflow/example_dags/example_sla_dag.py
[2024-07-31T07:56:17.412+0000] {logging_mixin.py:188} INFO - [2024-07-31T07:56:17.412+0000] {dag.py:3089} INFO - Sync 1 DAGs
[2024-07-31T07:56:17.436+0000] {logging_mixin.py:188} INFO - [2024-07-31T07:56:17.436+0000] {dag.py:3947} INFO - Setting next_dagrun for example_sla_dag to 2024-07-31 07:54:00+00:00, run_after=2024-07-31 07:56:00+00:00
[2024-07-31T07:56:17.453+0000] {processor.py:183} INFO - Processing /home/airflow/.local/lib/python3.12/site-packages/airflow/example_dags/example_sla_dag.py took 0.072 seconds
[2024-07-31T07:56:47.530+0000] {processor.py:161} INFO - Started process (PID=316) to work on /home/airflow/.local/lib/python3.12/site-packages/airflow/example_dags/example_sla_dag.py
[2024-07-31T07:56:47.531+0000] {processor.py:830} INFO - Processing file /home/airflow/.local/lib/python3.12/site-packages/airflow/example_dags/example_sla_dag.py for tasks to queue
[2024-07-31T07:56:47.533+0000] {logging_mixin.py:188} INFO - [2024-07-31T07:56:47.533+0000] {dagbag.py:545} INFO - Filling up the DagBag from /home/airflow/.local/lib/python3.12/site-packages/airflow/example_dags/example_sla_dag.py
[2024-07-31T07:56:47.544+0000] {processor.py:840} INFO - DAG(s) 'example_sla_dag' retrieved from /home/airflow/.local/lib/python3.12/site-packages/airflow/example_dags/example_sla_dag.py
[2024-07-31T07:56:47.568+0000] {logging_mixin.py:188} INFO - [2024-07-31T07:56:47.567+0000] {dag.py:3089} INFO - Sync 1 DAGs
[2024-07-31T07:56:47.595+0000] {logging_mixin.py:188} INFO - [2024-07-31T07:56:47.595+0000] {dag.py:3947} INFO - Setting next_dagrun for example_sla_dag to 2024-07-31 07:54:00+00:00, run_after=2024-07-31 07:56:00+00:00
[2024-07-31T07:56:47.615+0000] {processor.py:183} INFO - Processing /home/airflow/.local/lib/python3.12/site-packages/airflow/example_dags/example_sla_dag.py took 0.092 seconds
[2024-07-31T07:57:17.910+0000] {processor.py:161} INFO - Started process (PID=374) to work on /home/airflow/.local/lib/python3.12/site-packages/airflow/example_dags/example_sla_dag.py
[2024-07-31T07:57:17.911+0000] {processor.py:830} INFO - Processing file /home/airflow/.local/lib/python3.12/site-packages/airflow/example_dags/example_sla_dag.py for tasks to queue
[2024-07-31T07:57:17.912+0000] {logging_mixin.py:188} INFO - [2024-07-31T07:57:17.912+0000] {dagbag.py:545} INFO - Filling up the DagBag from /home/airflow/.local/lib/python3.12/site-packages/airflow/example_dags/example_sla_dag.py
[2024-07-31T07:57:17.919+0000] {processor.py:840} INFO - DAG(s) 'example_sla_dag' retrieved from /home/airflow/.local/lib/python3.12/site-packages/airflow/example_dags/example_sla_dag.py
[2024-07-31T07:57:17.935+0000] {logging_mixin.py:188} INFO - [2024-07-31T07:57:17.935+0000] {dag.py:3089} INFO - Sync 1 DAGs
[2024-07-31T07:57:17.958+0000] {logging_mixin.py:188} INFO - [2024-07-31T07:57:17.958+0000] {dag.py:3947} INFO - Setting next_dagrun for example_sla_dag to 2024-07-31 07:54:00+00:00, run_after=2024-07-31 07:56:00+00:00
[2024-07-31T07:57:17.974+0000] {processor.py:183} INFO - Processing /home/airflow/.local/lib/python3.12/site-packages/airflow/example_dags/example_sla_dag.py took 0.075 seconds
[2024-07-31T07:57:48.083+0000] {processor.py:161} INFO - Started process (PID=432) to work on /home/airflow/.local/lib/python3.12/site-packages/airflow/example_dags/example_sla_dag.py
[2024-07-31T07:57:48.084+0000] {processor.py:830} INFO - Processing file /home/airflow/.local/lib/python3.12/site-packages/airflow/example_dags/example_sla_dag.py for tasks to queue
[2024-07-31T07:57:48.085+0000] {logging_mixin.py:188} INFO - [2024-07-31T07:57:48.085+0000] {dagbag.py:545} INFO - Filling up the DagBag from /home/airflow/.local/lib/python3.12/site-packages/airflow/example_dags/example_sla_dag.py
[2024-07-31T07:57:48.093+0000] {processor.py:840} INFO - DAG(s) 'example_sla_dag' retrieved from /home/airflow/.local/lib/python3.12/site-packages/airflow/example_dags/example_sla_dag.py
[2024-07-31T07:57:48.113+0000] {logging_mixin.py:188} INFO - [2024-07-31T07:57:48.113+0000] {dag.py:3089} INFO - Sync 1 DAGs
[2024-07-31T07:57:48.137+0000] {logging_mixin.py:188} INFO - [2024-07-31T07:57:48.137+0000] {dag.py:3947} INFO - Setting next_dagrun for example_sla_dag to 2024-07-31 07:54:00+00:00, run_after=2024-07-31 07:56:00+00:00
[2024-07-31T07:57:48.165+0000] {processor.py:183} INFO - Processing /home/airflow/.local/lib/python3.12/site-packages/airflow/example_dags/example_sla_dag.py took 0.088 seconds
[2024-07-31T07:58:50.107+0000] {processor.py:161} INFO - Started process (PID=85) to work on /home/airflow/.local/lib/python3.12/site-packages/airflow/example_dags/example_sla_dag.py
[2024-07-31T07:58:50.108+0000] {processor.py:830} INFO - Processing file /home/airflow/.local/lib/python3.12/site-packages/airflow/example_dags/example_sla_dag.py for tasks to queue
[2024-07-31T07:58:50.110+0000] {logging_mixin.py:188} INFO - [2024-07-31T07:58:50.110+0000] {dagbag.py:545} INFO - Filling up the DagBag from /home/airflow/.local/lib/python3.12/site-packages/airflow/example_dags/example_sla_dag.py
[2024-07-31T07:58:50.124+0000] {processor.py:840} INFO - DAG(s) 'example_sla_dag' retrieved from /home/airflow/.local/lib/python3.12/site-packages/airflow/example_dags/example_sla_dag.py
[2024-07-31T07:58:50.138+0000] {logging_mixin.py:188} INFO - [2024-07-31T07:58:50.138+0000] {dag.py:3089} INFO - Sync 1 DAGs
[2024-07-31T07:58:50.162+0000] {logging_mixin.py:188} INFO - [2024-07-31T07:58:50.162+0000] {dag.py:3947} INFO - Setting next_dagrun for example_sla_dag to 2024-07-31 07:56:00+00:00, run_after=2024-07-31 07:58:00+00:00
[2024-07-31T07:58:50.185+0000] {processor.py:183} INFO - Processing /home/airflow/.local/lib/python3.12/site-packages/airflow/example_dags/example_sla_dag.py took 0.087 seconds
[2024-07-31T07:59:22.027+0000] {processor.py:161} INFO - Started process (PID=149) to work on /home/airflow/.local/lib/python3.12/site-packages/airflow/example_dags/example_sla_dag.py
[2024-07-31T07:59:22.028+0000] {processor.py:830} INFO - Processing file /home/airflow/.local/lib/python3.12/site-packages/airflow/example_dags/example_sla_dag.py for tasks to queue
[2024-07-31T07:59:22.029+0000] {logging_mixin.py:188} INFO - [2024-07-31T07:59:22.029+0000] {dagbag.py:545} INFO - Filling up the DagBag from /home/airflow/.local/lib/python3.12/site-packages/airflow/example_dags/example_sla_dag.py
[2024-07-31T07:59:22.036+0000] {processor.py:840} INFO - DAG(s) 'example_sla_dag' retrieved from /home/airflow/.local/lib/python3.12/site-packages/airflow/example_dags/example_sla_dag.py
[2024-07-31T07:59:22.129+0000] {logging_mixin.py:188} INFO - [2024-07-31T07:59:22.129+0000] {dag.py:3089} INFO - Sync 1 DAGs
[2024-07-31T07:59:22.152+0000] {logging_mixin.py:188} INFO - [2024-07-31T07:59:22.151+0000] {dag.py:3947} INFO - Setting next_dagrun for example_sla_dag to 2024-07-31 07:56:00+00:00, run_after=2024-07-31 07:58:00+00:00
[2024-07-31T07:59:22.172+0000] {processor.py:183} INFO - Processing /home/airflow/.local/lib/python3.12/site-packages/airflow/example_dags/example_sla_dag.py took 0.150 seconds
[2024-07-31T07:59:52.262+0000] {processor.py:161} INFO - Started process (PID=207) to work on /home/airflow/.local/lib/python3.12/site-packages/airflow/example_dags/example_sla_dag.py
[2024-07-31T07:59:52.263+0000] {processor.py:830} INFO - Processing file /home/airflow/.local/lib/python3.12/site-packages/airflow/example_dags/example_sla_dag.py for tasks to queue
[2024-07-31T07:59:52.264+0000] {logging_mixin.py:188} INFO - [2024-07-31T07:59:52.264+0000] {dagbag.py:545} INFO - Filling up the DagBag from /home/airflow/.local/lib/python3.12/site-packages/airflow/example_dags/example_sla_dag.py
[2024-07-31T07:59:52.271+0000] {processor.py:840} INFO - DAG(s) 'example_sla_dag' retrieved from /home/airflow/.local/lib/python3.12/site-packages/airflow/example_dags/example_sla_dag.py
[2024-07-31T07:59:52.289+0000] {logging_mixin.py:188} INFO - [2024-07-31T07:59:52.288+0000] {dag.py:3089} INFO - Sync 1 DAGs
[2024-07-31T07:59:52.310+0000] {logging_mixin.py:188} INFO - [2024-07-31T07:59:52.310+0000] {dag.py:3947} INFO - Setting next_dagrun for example_sla_dag to 2024-07-31 07:56:00+00:00, run_after=2024-07-31 07:58:00+00:00
[2024-07-31T07:59:52.329+0000] {processor.py:183} INFO - Processing /home/airflow/.local/lib/python3.12/site-packages/airflow/example_dags/example_sla_dag.py took 0.072 seconds
[2024-07-31T08:00:23.091+0000] {processor.py:161} INFO - Started process (PID=265) to work on /home/airflow/.local/lib/python3.12/site-packages/airflow/example_dags/example_sla_dag.py
[2024-07-31T08:00:23.092+0000] {processor.py:830} INFO - Processing file /home/airflow/.local/lib/python3.12/site-packages/airflow/example_dags/example_sla_dag.py for tasks to queue
[2024-07-31T08:00:23.094+0000] {logging_mixin.py:188} INFO - [2024-07-31T08:00:23.094+0000] {dagbag.py:545} INFO - Filling up the DagBag from /home/airflow/.local/lib/python3.12/site-packages/airflow/example_dags/example_sla_dag.py
[2024-07-31T08:00:23.105+0000] {processor.py:840} INFO - DAG(s) 'example_sla_dag' retrieved from /home/airflow/.local/lib/python3.12/site-packages/airflow/example_dags/example_sla_dag.py
[2024-07-31T08:00:23.125+0000] {logging_mixin.py:188} INFO - [2024-07-31T08:00:23.124+0000] {dag.py:3089} INFO - Sync 1 DAGs
[2024-07-31T08:00:23.147+0000] {logging_mixin.py:188} INFO - [2024-07-31T08:00:23.147+0000] {dag.py:3947} INFO - Setting next_dagrun for example_sla_dag to 2024-07-31 07:58:00+00:00, run_after=2024-07-31 08:00:00+00:00
[2024-07-31T08:00:23.165+0000] {processor.py:183} INFO - Processing /home/airflow/.local/lib/python3.12/site-packages/airflow/example_dags/example_sla_dag.py took 0.079 seconds
[2024-07-31T08:00:53.538+0000] {processor.py:161} INFO - Started process (PID=323) to work on /home/airflow/.local/lib/python3.12/site-packages/airflow/example_dags/example_sla_dag.py
[2024-07-31T08:00:53.539+0000] {processor.py:830} INFO - Processing file /home/airflow/.local/lib/python3.12/site-packages/airflow/example_dags/example_sla_dag.py for tasks to queue
[2024-07-31T08:00:53.540+0000] {logging_mixin.py:188} INFO - [2024-07-31T08:00:53.540+0000] {dagbag.py:545} INFO - Filling up the DagBag from /home/airflow/.local/lib/python3.12/site-packages/airflow/example_dags/example_sla_dag.py
[2024-07-31T08:00:53.547+0000] {processor.py:840} INFO - DAG(s) 'example_sla_dag' retrieved from /home/airflow/.local/lib/python3.12/site-packages/airflow/example_dags/example_sla_dag.py
[2024-07-31T08:00:53.568+0000] {logging_mixin.py:188} INFO - [2024-07-31T08:00:53.568+0000] {dag.py:3089} INFO - Sync 1 DAGs
[2024-07-31T08:00:53.591+0000] {logging_mixin.py:188} INFO - [2024-07-31T08:00:53.591+0000] {dag.py:3947} INFO - Setting next_dagrun for example_sla_dag to 2024-07-31 07:58:00+00:00, run_after=2024-07-31 08:00:00+00:00
[2024-07-31T08:00:53.607+0000] {processor.py:183} INFO - Processing /home/airflow/.local/lib/python3.12/site-packages/airflow/example_dags/example_sla_dag.py took 0.074 seconds
[2024-07-31T08:01:23.812+0000] {processor.py:161} INFO - Started process (PID=381) to work on /home/airflow/.local/lib/python3.12/site-packages/airflow/example_dags/example_sla_dag.py
[2024-07-31T08:01:23.813+0000] {processor.py:830} INFO - Processing file /home/airflow/.local/lib/python3.12/site-packages/airflow/example_dags/example_sla_dag.py for tasks to queue
[2024-07-31T08:01:23.816+0000] {logging_mixin.py:188} INFO - [2024-07-31T08:01:23.816+0000] {dagbag.py:545} INFO - Filling up the DagBag from /home/airflow/.local/lib/python3.12/site-packages/airflow/example_dags/example_sla_dag.py
[2024-07-31T08:01:23.826+0000] {processor.py:840} INFO - DAG(s) 'example_sla_dag' retrieved from /home/airflow/.local/lib/python3.12/site-packages/airflow/example_dags/example_sla_dag.py
[2024-07-31T08:01:23.842+0000] {logging_mixin.py:188} INFO - [2024-07-31T08:01:23.842+0000] {dag.py:3089} INFO - Sync 1 DAGs
[2024-07-31T08:01:23.864+0000] {logging_mixin.py:188} INFO - [2024-07-31T08:01:23.863+0000] {dag.py:3947} INFO - Setting next_dagrun for example_sla_dag to 2024-07-31 07:58:00+00:00, run_after=2024-07-31 08:00:00+00:00
[2024-07-31T08:01:23.880+0000] {processor.py:183} INFO - Processing /home/airflow/.local/lib/python3.12/site-packages/airflow/example_dags/example_sla_dag.py took 0.073 seconds
[2024-07-31T08:01:54.046+0000] {processor.py:161} INFO - Started process (PID=439) to work on /home/airflow/.local/lib/python3.12/site-packages/airflow/example_dags/example_sla_dag.py
[2024-07-31T08:01:54.047+0000] {processor.py:830} INFO - Processing file /home/airflow/.local/lib/python3.12/site-packages/airflow/example_dags/example_sla_dag.py for tasks to queue
[2024-07-31T08:01:54.048+0000] {logging_mixin.py:188} INFO - [2024-07-31T08:01:54.048+0000] {dagbag.py:545} INFO - Filling up the DagBag from /home/airflow/.local/lib/python3.12/site-packages/airflow/example_dags/example_sla_dag.py
[2024-07-31T08:01:54.055+0000] {processor.py:840} INFO - DAG(s) 'example_sla_dag' retrieved from /home/airflow/.local/lib/python3.12/site-packages/airflow/example_dags/example_sla_dag.py
[2024-07-31T08:01:54.078+0000] {logging_mixin.py:188} INFO - [2024-07-31T08:01:54.077+0000] {dag.py:3089} INFO - Sync 1 DAGs
[2024-07-31T08:01:54.101+0000] {logging_mixin.py:188} INFO - [2024-07-31T08:01:54.100+0000] {dag.py:3947} INFO - Setting next_dagrun for example_sla_dag to 2024-07-31 07:58:00+00:00, run_after=2024-07-31 08:00:00+00:00
[2024-07-31T08:01:54.117+0000] {processor.py:183} INFO - Processing /home/airflow/.local/lib/python3.12/site-packages/airflow/example_dags/example_sla_dag.py took 0.082 seconds
[2024-07-31T08:02:24.329+0000] {processor.py:161} INFO - Started process (PID=497) to work on /home/airflow/.local/lib/python3.12/site-packages/airflow/example_dags/example_sla_dag.py
[2024-07-31T08:02:24.330+0000] {processor.py:830} INFO - Processing file /home/airflow/.local/lib/python3.12/site-packages/airflow/example_dags/example_sla_dag.py for tasks to queue
[2024-07-31T08:02:24.331+0000] {logging_mixin.py:188} INFO - [2024-07-31T08:02:24.331+0000] {dagbag.py:545} INFO - Filling up the DagBag from /home/airflow/.local/lib/python3.12/site-packages/airflow/example_dags/example_sla_dag.py
[2024-07-31T08:02:24.338+0000] {processor.py:840} INFO - DAG(s) 'example_sla_dag' retrieved from /home/airflow/.local/lib/python3.12/site-packages/airflow/example_dags/example_sla_dag.py
[2024-07-31T08:02:24.355+0000] {logging_mixin.py:188} INFO - [2024-07-31T08:02:24.355+0000] {dag.py:3089} INFO - Sync 1 DAGs
[2024-07-31T08:02:24.377+0000] {logging_mixin.py:188} INFO - [2024-07-31T08:02:24.377+0000] {dag.py:3947} INFO - Setting next_dagrun for example_sla_dag to 2024-07-31 08:00:00+00:00, run_after=2024-07-31 08:02:00+00:00
[2024-07-31T08:02:24.394+0000] {processor.py:183} INFO - Processing /home/airflow/.local/lib/python3.12/site-packages/airflow/example_dags/example_sla_dag.py took 0.070 seconds
[2024-07-31T08:02:54.768+0000] {processor.py:161} INFO - Started process (PID=555) to work on /home/airflow/.local/lib/python3.12/site-packages/airflow/example_dags/example_sla_dag.py
[2024-07-31T08:02:54.768+0000] {processor.py:830} INFO - Processing file /home/airflow/.local/lib/python3.12/site-packages/airflow/example_dags/example_sla_dag.py for tasks to queue
[2024-07-31T08:02:54.770+0000] {logging_mixin.py:188} INFO - [2024-07-31T08:02:54.770+0000] {dagbag.py:545} INFO - Filling up the DagBag from /home/airflow/.local/lib/python3.12/site-packages/airflow/example_dags/example_sla_dag.py
[2024-07-31T08:02:54.777+0000] {processor.py:840} INFO - DAG(s) 'example_sla_dag' retrieved from /home/airflow/.local/lib/python3.12/site-packages/airflow/example_dags/example_sla_dag.py
[2024-07-31T08:02:54.795+0000] {logging_mixin.py:188} INFO - [2024-07-31T08:02:54.795+0000] {dag.py:3089} INFO - Sync 1 DAGs
[2024-07-31T08:02:54.816+0000] {logging_mixin.py:188} INFO - [2024-07-31T08:02:54.816+0000] {dag.py:3947} INFO - Setting next_dagrun for example_sla_dag to 2024-07-31 08:00:00+00:00, run_after=2024-07-31 08:02:00+00:00
[2024-07-31T08:02:54.832+0000] {processor.py:183} INFO - Processing /home/airflow/.local/lib/python3.12/site-packages/airflow/example_dags/example_sla_dag.py took 0.069 seconds
