[2024-07-31T07:54:26.105+0000] {processor.py:161} INFO - Started process (PID=87) to work on /home/airflow/.local/lib/python3.12/site-packages/airflow/example_dags/example_task_group.py
[2024-07-31T07:54:26.106+0000] {processor.py:830} INFO - Processing file /home/airflow/.local/lib/python3.12/site-packages/airflow/example_dags/example_task_group.py for tasks to queue
[2024-07-31T07:54:26.108+0000] {logging_mixin.py:188} INFO - [2024-07-31T07:54:26.107+0000] {dagbag.py:545} INFO - Filling up the DagBag from /home/airflow/.local/lib/python3.12/site-packages/airflow/example_dags/example_task_group.py
[2024-07-31T07:54:26.116+0000] {processor.py:840} INFO - DAG(s) 'example_task_group' retrieved from /home/airflow/.local/lib/python3.12/site-packages/airflow/example_dags/example_task_group.py
[2024-07-31T07:54:26.133+0000] {logging_mixin.py:188} INFO - [2024-07-31T07:54:26.132+0000] {dag.py:3089} INFO - Sync 1 DAGs
[2024-07-31T07:54:26.156+0000] {logging_mixin.py:188} INFO - [2024-07-31T07:54:26.156+0000] {dag.py:3947} INFO - Setting next_dagrun for example_task_group to 2024-07-30 00:00:00+00:00, run_after=2024-07-31 00:00:00+00:00
[2024-07-31T07:54:26.178+0000] {processor.py:183} INFO - Processing /home/airflow/.local/lib/python3.12/site-packages/airflow/example_dags/example_task_group.py took 0.080 seconds
[2024-07-31T07:54:46.514+0000] {processor.py:161} INFO - Started process (PID=86) to work on /home/airflow/.local/lib/python3.12/site-packages/airflow/example_dags/example_task_group.py
[2024-07-31T07:54:46.515+0000] {processor.py:830} INFO - Processing file /home/airflow/.local/lib/python3.12/site-packages/airflow/example_dags/example_task_group.py for tasks to queue
[2024-07-31T07:54:46.516+0000] {logging_mixin.py:188} INFO - [2024-07-31T07:54:46.516+0000] {dagbag.py:545} INFO - Filling up the DagBag from /home/airflow/.local/lib/python3.12/site-packages/airflow/example_dags/example_task_group.py
[2024-07-31T07:54:46.523+0000] {processor.py:840} INFO - DAG(s) 'example_task_group' retrieved from /home/airflow/.local/lib/python3.12/site-packages/airflow/example_dags/example_task_group.py
[2024-07-31T07:54:46.643+0000] {logging_mixin.py:188} INFO - [2024-07-31T07:54:46.643+0000] {dag.py:3089} INFO - Sync 1 DAGs
[2024-07-31T07:54:46.665+0000] {logging_mixin.py:188} INFO - [2024-07-31T07:54:46.665+0000] {dag.py:3947} INFO - Setting next_dagrun for example_task_group to 2024-07-30 00:00:00+00:00, run_after=2024-07-31 00:00:00+00:00
[2024-07-31T07:54:46.689+0000] {processor.py:183} INFO - Processing /home/airflow/.local/lib/python3.12/site-packages/airflow/example_dags/example_task_group.py took 0.181 seconds
[2024-07-31T07:55:16.764+0000] {processor.py:161} INFO - Started process (PID=144) to work on /home/airflow/.local/lib/python3.12/site-packages/airflow/example_dags/example_task_group.py
[2024-07-31T07:55:16.765+0000] {processor.py:830} INFO - Processing file /home/airflow/.local/lib/python3.12/site-packages/airflow/example_dags/example_task_group.py for tasks to queue
[2024-07-31T07:55:16.767+0000] {logging_mixin.py:188} INFO - [2024-07-31T07:55:16.766+0000] {dagbag.py:545} INFO - Filling up the DagBag from /home/airflow/.local/lib/python3.12/site-packages/airflow/example_dags/example_task_group.py
[2024-07-31T07:55:16.773+0000] {processor.py:840} INFO - DAG(s) 'example_task_group' retrieved from /home/airflow/.local/lib/python3.12/site-packages/airflow/example_dags/example_task_group.py
[2024-07-31T07:55:16.797+0000] {logging_mixin.py:188} INFO - [2024-07-31T07:55:16.796+0000] {dag.py:3089} INFO - Sync 1 DAGs
[2024-07-31T07:55:16.818+0000] {logging_mixin.py:188} INFO - [2024-07-31T07:55:16.817+0000] {dag.py:3947} INFO - Setting next_dagrun for example_task_group to 2024-07-30 00:00:00+00:00, run_after=2024-07-31 00:00:00+00:00
[2024-07-31T07:55:16.837+0000] {processor.py:183} INFO - Processing /home/airflow/.local/lib/python3.12/site-packages/airflow/example_dags/example_task_group.py took 0.078 seconds
[2024-07-31T07:55:46.977+0000] {processor.py:161} INFO - Started process (PID=202) to work on /home/airflow/.local/lib/python3.12/site-packages/airflow/example_dags/example_task_group.py
[2024-07-31T07:55:46.978+0000] {processor.py:830} INFO - Processing file /home/airflow/.local/lib/python3.12/site-packages/airflow/example_dags/example_task_group.py for tasks to queue
[2024-07-31T07:55:46.980+0000] {logging_mixin.py:188} INFO - [2024-07-31T07:55:46.979+0000] {dagbag.py:545} INFO - Filling up the DagBag from /home/airflow/.local/lib/python3.12/site-packages/airflow/example_dags/example_task_group.py
[2024-07-31T07:55:46.985+0000] {processor.py:840} INFO - DAG(s) 'example_task_group' retrieved from /home/airflow/.local/lib/python3.12/site-packages/airflow/example_dags/example_task_group.py
[2024-07-31T07:55:47.007+0000] {logging_mixin.py:188} INFO - [2024-07-31T07:55:47.007+0000] {dag.py:3089} INFO - Sync 1 DAGs
[2024-07-31T07:55:47.028+0000] {logging_mixin.py:188} INFO - [2024-07-31T07:55:47.028+0000] {dag.py:3947} INFO - Setting next_dagrun for example_task_group to 2024-07-30 00:00:00+00:00, run_after=2024-07-31 00:00:00+00:00
[2024-07-31T07:55:47.046+0000] {processor.py:183} INFO - Processing /home/airflow/.local/lib/python3.12/site-packages/airflow/example_dags/example_task_group.py took 0.078 seconds
[2024-07-31T07:56:17.501+0000] {processor.py:161} INFO - Started process (PID=260) to work on /home/airflow/.local/lib/python3.12/site-packages/airflow/example_dags/example_task_group.py
[2024-07-31T07:56:17.502+0000] {processor.py:830} INFO - Processing file /home/airflow/.local/lib/python3.12/site-packages/airflow/example_dags/example_task_group.py for tasks to queue
[2024-07-31T07:56:17.504+0000] {logging_mixin.py:188} INFO - [2024-07-31T07:56:17.503+0000] {dagbag.py:545} INFO - Filling up the DagBag from /home/airflow/.local/lib/python3.12/site-packages/airflow/example_dags/example_task_group.py
[2024-07-31T07:56:17.510+0000] {processor.py:840} INFO - DAG(s) 'example_task_group' retrieved from /home/airflow/.local/lib/python3.12/site-packages/airflow/example_dags/example_task_group.py
[2024-07-31T07:56:17.529+0000] {logging_mixin.py:188} INFO - [2024-07-31T07:56:17.529+0000] {dag.py:3089} INFO - Sync 1 DAGs
[2024-07-31T07:56:17.550+0000] {logging_mixin.py:188} INFO - [2024-07-31T07:56:17.549+0000] {dag.py:3947} INFO - Setting next_dagrun for example_task_group to 2024-07-30 00:00:00+00:00, run_after=2024-07-31 00:00:00+00:00
[2024-07-31T07:56:17.568+0000] {processor.py:183} INFO - Processing /home/airflow/.local/lib/python3.12/site-packages/airflow/example_dags/example_task_group.py took 0.073 seconds
[2024-07-31T07:56:47.614+0000] {processor.py:161} INFO - Started process (PID=317) to work on /home/airflow/.local/lib/python3.12/site-packages/airflow/example_dags/example_task_group.py
[2024-07-31T07:56:47.615+0000] {processor.py:830} INFO - Processing file /home/airflow/.local/lib/python3.12/site-packages/airflow/example_dags/example_task_group.py for tasks to queue
[2024-07-31T07:56:47.617+0000] {logging_mixin.py:188} INFO - [2024-07-31T07:56:47.617+0000] {dagbag.py:545} INFO - Filling up the DagBag from /home/airflow/.local/lib/python3.12/site-packages/airflow/example_dags/example_task_group.py
[2024-07-31T07:56:47.624+0000] {processor.py:840} INFO - DAG(s) 'example_task_group' retrieved from /home/airflow/.local/lib/python3.12/site-packages/airflow/example_dags/example_task_group.py
[2024-07-31T07:56:47.645+0000] {logging_mixin.py:188} INFO - [2024-07-31T07:56:47.645+0000] {dag.py:3089} INFO - Sync 1 DAGs
[2024-07-31T07:56:47.668+0000] {logging_mixin.py:188} INFO - [2024-07-31T07:56:47.668+0000] {dag.py:3947} INFO - Setting next_dagrun for example_task_group to 2024-07-30 00:00:00+00:00, run_after=2024-07-31 00:00:00+00:00
[2024-07-31T07:56:47.685+0000] {processor.py:183} INFO - Processing /home/airflow/.local/lib/python3.12/site-packages/airflow/example_dags/example_task_group.py took 0.080 seconds
[2024-07-31T07:57:17.998+0000] {processor.py:161} INFO - Started process (PID=376) to work on /home/airflow/.local/lib/python3.12/site-packages/airflow/example_dags/example_task_group.py
[2024-07-31T07:57:17.999+0000] {processor.py:830} INFO - Processing file /home/airflow/.local/lib/python3.12/site-packages/airflow/example_dags/example_task_group.py for tasks to queue
[2024-07-31T07:57:18.001+0000] {logging_mixin.py:188} INFO - [2024-07-31T07:57:18.000+0000] {dagbag.py:545} INFO - Filling up the DagBag from /home/airflow/.local/lib/python3.12/site-packages/airflow/example_dags/example_task_group.py
[2024-07-31T07:57:18.006+0000] {processor.py:840} INFO - DAG(s) 'example_task_group' retrieved from /home/airflow/.local/lib/python3.12/site-packages/airflow/example_dags/example_task_group.py
[2024-07-31T07:57:18.025+0000] {logging_mixin.py:188} INFO - [2024-07-31T07:57:18.025+0000] {dag.py:3089} INFO - Sync 1 DAGs
[2024-07-31T07:57:18.046+0000] {logging_mixin.py:188} INFO - [2024-07-31T07:57:18.046+0000] {dag.py:3947} INFO - Setting next_dagrun for example_task_group to 2024-07-30 00:00:00+00:00, run_after=2024-07-31 00:00:00+00:00
[2024-07-31T07:57:18.062+0000] {processor.py:183} INFO - Processing /home/airflow/.local/lib/python3.12/site-packages/airflow/example_dags/example_task_group.py took 0.069 seconds
[2024-07-31T07:57:48.345+0000] {processor.py:161} INFO - Started process (PID=434) to work on /home/airflow/.local/lib/python3.12/site-packages/airflow/example_dags/example_task_group.py
[2024-07-31T07:57:48.346+0000] {processor.py:830} INFO - Processing file /home/airflow/.local/lib/python3.12/site-packages/airflow/example_dags/example_task_group.py for tasks to queue
[2024-07-31T07:57:48.349+0000] {logging_mixin.py:188} INFO - [2024-07-31T07:57:48.348+0000] {dagbag.py:545} INFO - Filling up the DagBag from /home/airflow/.local/lib/python3.12/site-packages/airflow/example_dags/example_task_group.py
[2024-07-31T07:57:48.356+0000] {processor.py:840} INFO - DAG(s) 'example_task_group' retrieved from /home/airflow/.local/lib/python3.12/site-packages/airflow/example_dags/example_task_group.py
[2024-07-31T07:57:48.378+0000] {logging_mixin.py:188} INFO - [2024-07-31T07:57:48.378+0000] {dag.py:3089} INFO - Sync 1 DAGs
[2024-07-31T07:57:48.402+0000] {logging_mixin.py:188} INFO - [2024-07-31T07:57:48.402+0000] {dag.py:3947} INFO - Setting next_dagrun for example_task_group to 2024-07-30 00:00:00+00:00, run_after=2024-07-31 00:00:00+00:00
[2024-07-31T07:57:48.424+0000] {processor.py:183} INFO - Processing /home/airflow/.local/lib/python3.12/site-packages/airflow/example_dags/example_task_group.py took 0.089 seconds
[2024-07-31T07:58:50.223+0000] {processor.py:161} INFO - Started process (PID=87) to work on /home/airflow/.local/lib/python3.12/site-packages/airflow/example_dags/example_task_group.py
[2024-07-31T07:58:50.224+0000] {processor.py:830} INFO - Processing file /home/airflow/.local/lib/python3.12/site-packages/airflow/example_dags/example_task_group.py for tasks to queue
[2024-07-31T07:58:50.226+0000] {logging_mixin.py:188} INFO - [2024-07-31T07:58:50.226+0000] {dagbag.py:545} INFO - Filling up the DagBag from /home/airflow/.local/lib/python3.12/site-packages/airflow/example_dags/example_task_group.py
[2024-07-31T07:58:50.234+0000] {processor.py:840} INFO - DAG(s) 'example_task_group' retrieved from /home/airflow/.local/lib/python3.12/site-packages/airflow/example_dags/example_task_group.py
[2024-07-31T07:58:50.246+0000] {logging_mixin.py:188} INFO - [2024-07-31T07:58:50.246+0000] {dag.py:3089} INFO - Sync 1 DAGs
[2024-07-31T07:58:50.269+0000] {logging_mixin.py:188} INFO - [2024-07-31T07:58:50.268+0000] {dag.py:3947} INFO - Setting next_dagrun for example_task_group to 2024-07-30 00:00:00+00:00, run_after=2024-07-31 00:00:00+00:00
[2024-07-31T07:58:50.288+0000] {processor.py:183} INFO - Processing /home/airflow/.local/lib/python3.12/site-packages/airflow/example_dags/example_task_group.py took 0.072 seconds
[2024-07-31T07:59:22.206+0000] {processor.py:161} INFO - Started process (PID=151) to work on /home/airflow/.local/lib/python3.12/site-packages/airflow/example_dags/example_task_group.py
[2024-07-31T07:59:22.207+0000] {processor.py:830} INFO - Processing file /home/airflow/.local/lib/python3.12/site-packages/airflow/example_dags/example_task_group.py for tasks to queue
[2024-07-31T07:59:22.208+0000] {logging_mixin.py:188} INFO - [2024-07-31T07:59:22.208+0000] {dagbag.py:545} INFO - Filling up the DagBag from /home/airflow/.local/lib/python3.12/site-packages/airflow/example_dags/example_task_group.py
[2024-07-31T07:59:22.215+0000] {processor.py:840} INFO - DAG(s) 'example_task_group' retrieved from /home/airflow/.local/lib/python3.12/site-packages/airflow/example_dags/example_task_group.py
[2024-07-31T07:59:22.310+0000] {logging_mixin.py:188} INFO - [2024-07-31T07:59:22.310+0000] {dag.py:3089} INFO - Sync 1 DAGs
[2024-07-31T07:59:22.330+0000] {logging_mixin.py:188} INFO - [2024-07-31T07:59:22.330+0000] {dag.py:3947} INFO - Setting next_dagrun for example_task_group to 2024-07-30 00:00:00+00:00, run_after=2024-07-31 00:00:00+00:00
[2024-07-31T07:59:22.349+0000] {processor.py:183} INFO - Processing /home/airflow/.local/lib/python3.12/site-packages/airflow/example_dags/example_task_group.py took 0.150 seconds
[2024-07-31T07:59:52.479+0000] {processor.py:161} INFO - Started process (PID=209) to work on /home/airflow/.local/lib/python3.12/site-packages/airflow/example_dags/example_task_group.py
[2024-07-31T07:59:52.480+0000] {processor.py:830} INFO - Processing file /home/airflow/.local/lib/python3.12/site-packages/airflow/example_dags/example_task_group.py for tasks to queue
[2024-07-31T07:59:52.482+0000] {logging_mixin.py:188} INFO - [2024-07-31T07:59:52.481+0000] {dagbag.py:545} INFO - Filling up the DagBag from /home/airflow/.local/lib/python3.12/site-packages/airflow/example_dags/example_task_group.py
[2024-07-31T07:59:52.488+0000] {processor.py:840} INFO - DAG(s) 'example_task_group' retrieved from /home/airflow/.local/lib/python3.12/site-packages/airflow/example_dags/example_task_group.py
[2024-07-31T07:59:52.511+0000] {logging_mixin.py:188} INFO - [2024-07-31T07:59:52.511+0000] {dag.py:3089} INFO - Sync 1 DAGs
[2024-07-31T07:59:52.531+0000] {logging_mixin.py:188} INFO - [2024-07-31T07:59:52.531+0000] {dag.py:3947} INFO - Setting next_dagrun for example_task_group to 2024-07-30 00:00:00+00:00, run_after=2024-07-31 00:00:00+00:00
[2024-07-31T07:59:52.550+0000] {processor.py:183} INFO - Processing /home/airflow/.local/lib/python3.12/site-packages/airflow/example_dags/example_task_group.py took 0.076 seconds
[2024-07-31T08:00:23.207+0000] {processor.py:161} INFO - Started process (PID=267) to work on /home/airflow/.local/lib/python3.12/site-packages/airflow/example_dags/example_task_group.py
[2024-07-31T08:00:23.208+0000] {processor.py:830} INFO - Processing file /home/airflow/.local/lib/python3.12/site-packages/airflow/example_dags/example_task_group.py for tasks to queue
[2024-07-31T08:00:23.209+0000] {logging_mixin.py:188} INFO - [2024-07-31T08:00:23.209+0000] {dagbag.py:545} INFO - Filling up the DagBag from /home/airflow/.local/lib/python3.12/site-packages/airflow/example_dags/example_task_group.py
[2024-07-31T08:00:23.215+0000] {processor.py:840} INFO - DAG(s) 'example_task_group' retrieved from /home/airflow/.local/lib/python3.12/site-packages/airflow/example_dags/example_task_group.py
[2024-07-31T08:00:23.238+0000] {logging_mixin.py:188} INFO - [2024-07-31T08:00:23.237+0000] {dag.py:3089} INFO - Sync 1 DAGs
[2024-07-31T08:00:23.259+0000] {logging_mixin.py:188} INFO - [2024-07-31T08:00:23.259+0000] {dag.py:3947} INFO - Setting next_dagrun for example_task_group to 2024-07-30 00:00:00+00:00, run_after=2024-07-31 00:00:00+00:00
[2024-07-31T08:00:23.276+0000] {processor.py:183} INFO - Processing /home/airflow/.local/lib/python3.12/site-packages/airflow/example_dags/example_task_group.py took 0.080 seconds
[2024-07-31T08:00:53.646+0000] {processor.py:161} INFO - Started process (PID=325) to work on /home/airflow/.local/lib/python3.12/site-packages/airflow/example_dags/example_task_group.py
[2024-07-31T08:00:53.646+0000] {processor.py:830} INFO - Processing file /home/airflow/.local/lib/python3.12/site-packages/airflow/example_dags/example_task_group.py for tasks to queue
[2024-07-31T08:00:53.648+0000] {logging_mixin.py:188} INFO - [2024-07-31T08:00:53.648+0000] {dagbag.py:545} INFO - Filling up the DagBag from /home/airflow/.local/lib/python3.12/site-packages/airflow/example_dags/example_task_group.py
[2024-07-31T08:00:53.654+0000] {processor.py:840} INFO - DAG(s) 'example_task_group' retrieved from /home/airflow/.local/lib/python3.12/site-packages/airflow/example_dags/example_task_group.py
[2024-07-31T08:00:53.675+0000] {logging_mixin.py:188} INFO - [2024-07-31T08:00:53.675+0000] {dag.py:3089} INFO - Sync 1 DAGs
[2024-07-31T08:00:53.695+0000] {logging_mixin.py:188} INFO - [2024-07-31T08:00:53.695+0000] {dag.py:3947} INFO - Setting next_dagrun for example_task_group to 2024-07-30 00:00:00+00:00, run_after=2024-07-31 00:00:00+00:00
[2024-07-31T08:00:53.715+0000] {processor.py:183} INFO - Processing /home/airflow/.local/lib/python3.12/site-packages/airflow/example_dags/example_task_group.py took 0.080 seconds
[2024-07-31T08:01:23.910+0000] {processor.py:161} INFO - Started process (PID=383) to work on /home/airflow/.local/lib/python3.12/site-packages/airflow/example_dags/example_task_group.py
[2024-07-31T08:01:23.911+0000] {processor.py:830} INFO - Processing file /home/airflow/.local/lib/python3.12/site-packages/airflow/example_dags/example_task_group.py for tasks to queue
[2024-07-31T08:01:23.913+0000] {logging_mixin.py:188} INFO - [2024-07-31T08:01:23.912+0000] {dagbag.py:545} INFO - Filling up the DagBag from /home/airflow/.local/lib/python3.12/site-packages/airflow/example_dags/example_task_group.py
[2024-07-31T08:01:23.918+0000] {processor.py:840} INFO - DAG(s) 'example_task_group' retrieved from /home/airflow/.local/lib/python3.12/site-packages/airflow/example_dags/example_task_group.py
[2024-07-31T08:01:23.938+0000] {logging_mixin.py:188} INFO - [2024-07-31T08:01:23.938+0000] {dag.py:3089} INFO - Sync 1 DAGs
[2024-07-31T08:01:23.958+0000] {logging_mixin.py:188} INFO - [2024-07-31T08:01:23.958+0000] {dag.py:3947} INFO - Setting next_dagrun for example_task_group to 2024-07-30 00:00:00+00:00, run_after=2024-07-31 00:00:00+00:00
[2024-07-31T08:01:23.976+0000] {processor.py:183} INFO - Processing /home/airflow/.local/lib/python3.12/site-packages/airflow/example_dags/example_task_group.py took 0.071 seconds
[2024-07-31T08:01:54.148+0000] {processor.py:161} INFO - Started process (PID=441) to work on /home/airflow/.local/lib/python3.12/site-packages/airflow/example_dags/example_task_group.py
[2024-07-31T08:01:54.149+0000] {processor.py:830} INFO - Processing file /home/airflow/.local/lib/python3.12/site-packages/airflow/example_dags/example_task_group.py for tasks to queue
[2024-07-31T08:01:54.151+0000] {logging_mixin.py:188} INFO - [2024-07-31T08:01:54.150+0000] {dagbag.py:545} INFO - Filling up the DagBag from /home/airflow/.local/lib/python3.12/site-packages/airflow/example_dags/example_task_group.py
[2024-07-31T08:01:54.157+0000] {processor.py:840} INFO - DAG(s) 'example_task_group' retrieved from /home/airflow/.local/lib/python3.12/site-packages/airflow/example_dags/example_task_group.py
[2024-07-31T08:01:54.178+0000] {logging_mixin.py:188} INFO - [2024-07-31T08:01:54.178+0000] {dag.py:3089} INFO - Sync 1 DAGs
[2024-07-31T08:01:54.199+0000] {logging_mixin.py:188} INFO - [2024-07-31T08:01:54.199+0000] {dag.py:3947} INFO - Setting next_dagrun for example_task_group to 2024-07-30 00:00:00+00:00, run_after=2024-07-31 00:00:00+00:00
[2024-07-31T08:01:54.217+0000] {processor.py:183} INFO - Processing /home/airflow/.local/lib/python3.12/site-packages/airflow/example_dags/example_task_group.py took 0.074 seconds
[2024-07-31T08:02:24.431+0000] {processor.py:161} INFO - Started process (PID=499) to work on /home/airflow/.local/lib/python3.12/site-packages/airflow/example_dags/example_task_group.py
[2024-07-31T08:02:24.432+0000] {processor.py:830} INFO - Processing file /home/airflow/.local/lib/python3.12/site-packages/airflow/example_dags/example_task_group.py for tasks to queue
[2024-07-31T08:02:24.434+0000] {logging_mixin.py:188} INFO - [2024-07-31T08:02:24.434+0000] {dagbag.py:545} INFO - Filling up the DagBag from /home/airflow/.local/lib/python3.12/site-packages/airflow/example_dags/example_task_group.py
[2024-07-31T08:02:24.440+0000] {processor.py:840} INFO - DAG(s) 'example_task_group' retrieved from /home/airflow/.local/lib/python3.12/site-packages/airflow/example_dags/example_task_group.py
[2024-07-31T08:02:24.460+0000] {logging_mixin.py:188} INFO - [2024-07-31T08:02:24.460+0000] {dag.py:3089} INFO - Sync 1 DAGs
[2024-07-31T08:02:24.481+0000] {logging_mixin.py:188} INFO - [2024-07-31T08:02:24.481+0000] {dag.py:3947} INFO - Setting next_dagrun for example_task_group to 2024-07-30 00:00:00+00:00, run_after=2024-07-31 00:00:00+00:00
[2024-07-31T08:02:24.500+0000] {processor.py:183} INFO - Processing /home/airflow/.local/lib/python3.12/site-packages/airflow/example_dags/example_task_group.py took 0.076 seconds
[2024-07-31T08:02:54.875+0000] {processor.py:161} INFO - Started process (PID=557) to work on /home/airflow/.local/lib/python3.12/site-packages/airflow/example_dags/example_task_group.py
[2024-07-31T08:02:54.876+0000] {processor.py:830} INFO - Processing file /home/airflow/.local/lib/python3.12/site-packages/airflow/example_dags/example_task_group.py for tasks to queue
[2024-07-31T08:02:54.878+0000] {logging_mixin.py:188} INFO - [2024-07-31T08:02:54.878+0000] {dagbag.py:545} INFO - Filling up the DagBag from /home/airflow/.local/lib/python3.12/site-packages/airflow/example_dags/example_task_group.py
[2024-07-31T08:02:54.885+0000] {processor.py:840} INFO - DAG(s) 'example_task_group' retrieved from /home/airflow/.local/lib/python3.12/site-packages/airflow/example_dags/example_task_group.py
[2024-07-31T08:02:54.907+0000] {logging_mixin.py:188} INFO - [2024-07-31T08:02:54.907+0000] {dag.py:3089} INFO - Sync 1 DAGs
[2024-07-31T08:02:54.928+0000] {logging_mixin.py:188} INFO - [2024-07-31T08:02:54.928+0000] {dag.py:3947} INFO - Setting next_dagrun for example_task_group to 2024-07-30 00:00:00+00:00, run_after=2024-07-31 00:00:00+00:00
[2024-07-31T08:02:54.947+0000] {processor.py:183} INFO - Processing /home/airflow/.local/lib/python3.12/site-packages/airflow/example_dags/example_task_group.py took 0.083 seconds
