[2024-07-31T07:54:24.140+0000] {processor.py:161} INFO - Started process (PID=57) to work on /home/airflow/.local/lib/python3.12/site-packages/airflow/example_dags/example_branch_labels.py
[2024-07-31T07:54:24.141+0000] {processor.py:830} INFO - Processing file /home/airflow/.local/lib/python3.12/site-packages/airflow/example_dags/example_branch_labels.py for tasks to queue
[2024-07-31T07:54:24.142+0000] {logging_mixin.py:188} INFO - [2024-07-31T07:54:24.142+0000] {dagbag.py:545} INFO - Filling up the DagBag from /home/airflow/.local/lib/python3.12/site-packages/airflow/example_dags/example_branch_labels.py
[2024-07-31T07:54:24.152+0000] {processor.py:840} INFO - DAG(s) 'example_branch_labels' retrieved from /home/airflow/.local/lib/python3.12/site-packages/airflow/example_dags/example_branch_labels.py
[2024-07-31T07:54:24.164+0000] {logging_mixin.py:188} INFO - [2024-07-31T07:54:24.164+0000] {dag.py:3089} INFO - Sync 1 DAGs
[2024-07-31T07:54:24.185+0000] {logging_mixin.py:188} INFO - [2024-07-31T07:54:24.185+0000] {dag.py:3947} INFO - Setting next_dagrun for example_branch_labels to 2024-07-30 00:00:00+00:00, run_after=2024-07-31 00:00:00+00:00
[2024-07-31T07:54:24.205+0000] {processor.py:183} INFO - Processing /home/airflow/.local/lib/python3.12/site-packages/airflow/example_dags/example_branch_labels.py took 0.071 seconds
[2024-07-31T07:54:42.570+0000] {processor.py:161} INFO - Started process (PID=50) to work on /home/airflow/.local/lib/python3.12/site-packages/airflow/example_dags/example_branch_labels.py
[2024-07-31T07:54:42.570+0000] {processor.py:830} INFO - Processing file /home/airflow/.local/lib/python3.12/site-packages/airflow/example_dags/example_branch_labels.py for tasks to queue
[2024-07-31T07:54:42.575+0000] {logging_mixin.py:188} INFO - [2024-07-31T07:54:42.574+0000] {dagbag.py:545} INFO - Filling up the DagBag from /home/airflow/.local/lib/python3.12/site-packages/airflow/example_dags/example_branch_labels.py
[2024-07-31T07:54:42.584+0000] {processor.py:840} INFO - DAG(s) 'example_branch_labels' retrieved from /home/airflow/.local/lib/python3.12/site-packages/airflow/example_dags/example_branch_labels.py
[2024-07-31T07:54:42.700+0000] {logging_mixin.py:188} INFO - [2024-07-31T07:54:42.700+0000] {dag.py:3089} INFO - Sync 1 DAGs
[2024-07-31T07:54:42.720+0000] {logging_mixin.py:188} INFO - [2024-07-31T07:54:42.720+0000] {dag.py:3947} INFO - Setting next_dagrun for example_branch_labels to 2024-07-30 00:00:00+00:00, run_after=2024-07-31 00:00:00+00:00
[2024-07-31T07:54:42.740+0000] {processor.py:183} INFO - Processing /home/airflow/.local/lib/python3.12/site-packages/airflow/example_dags/example_branch_labels.py took 0.177 seconds
[2024-07-31T07:55:12.791+0000] {processor.py:161} INFO - Started process (PID=108) to work on /home/airflow/.local/lib/python3.12/site-packages/airflow/example_dags/example_branch_labels.py
[2024-07-31T07:55:12.792+0000] {processor.py:830} INFO - Processing file /home/airflow/.local/lib/python3.12/site-packages/airflow/example_dags/example_branch_labels.py for tasks to queue
[2024-07-31T07:55:12.794+0000] {logging_mixin.py:188} INFO - [2024-07-31T07:55:12.793+0000] {dagbag.py:545} INFO - Filling up the DagBag from /home/airflow/.local/lib/python3.12/site-packages/airflow/example_dags/example_branch_labels.py
[2024-07-31T07:55:12.800+0000] {processor.py:840} INFO - DAG(s) 'example_branch_labels' retrieved from /home/airflow/.local/lib/python3.12/site-packages/airflow/example_dags/example_branch_labels.py
[2024-07-31T07:55:12.821+0000] {logging_mixin.py:188} INFO - [2024-07-31T07:55:12.820+0000] {dag.py:3089} INFO - Sync 1 DAGs
[2024-07-31T07:55:12.841+0000] {logging_mixin.py:188} INFO - [2024-07-31T07:55:12.841+0000] {dag.py:3947} INFO - Setting next_dagrun for example_branch_labels to 2024-07-30 00:00:00+00:00, run_after=2024-07-31 00:00:00+00:00
[2024-07-31T07:55:12.857+0000] {processor.py:183} INFO - Processing /home/airflow/.local/lib/python3.12/site-packages/airflow/example_dags/example_branch_labels.py took 0.071 seconds
[2024-07-31T07:55:43.132+0000] {processor.py:161} INFO - Started process (PID=166) to work on /home/airflow/.local/lib/python3.12/site-packages/airflow/example_dags/example_branch_labels.py
[2024-07-31T07:55:43.132+0000] {processor.py:830} INFO - Processing file /home/airflow/.local/lib/python3.12/site-packages/airflow/example_dags/example_branch_labels.py for tasks to queue
[2024-07-31T07:55:43.134+0000] {logging_mixin.py:188} INFO - [2024-07-31T07:55:43.133+0000] {dagbag.py:545} INFO - Filling up the DagBag from /home/airflow/.local/lib/python3.12/site-packages/airflow/example_dags/example_branch_labels.py
[2024-07-31T07:55:43.140+0000] {processor.py:840} INFO - DAG(s) 'example_branch_labels' retrieved from /home/airflow/.local/lib/python3.12/site-packages/airflow/example_dags/example_branch_labels.py
[2024-07-31T07:55:43.159+0000] {logging_mixin.py:188} INFO - [2024-07-31T07:55:43.158+0000] {dag.py:3089} INFO - Sync 1 DAGs
[2024-07-31T07:55:43.179+0000] {logging_mixin.py:188} INFO - [2024-07-31T07:55:43.179+0000] {dag.py:3947} INFO - Setting next_dagrun for example_branch_labels to 2024-07-30 00:00:00+00:00, run_after=2024-07-31 00:00:00+00:00
[2024-07-31T07:55:43.199+0000] {processor.py:183} INFO - Processing /home/airflow/.local/lib/python3.12/site-packages/airflow/example_dags/example_branch_labels.py took 0.076 seconds
[2024-07-31T07:56:13.634+0000] {processor.py:161} INFO - Started process (PID=224) to work on /home/airflow/.local/lib/python3.12/site-packages/airflow/example_dags/example_branch_labels.py
[2024-07-31T07:56:13.635+0000] {processor.py:830} INFO - Processing file /home/airflow/.local/lib/python3.12/site-packages/airflow/example_dags/example_branch_labels.py for tasks to queue
[2024-07-31T07:56:13.637+0000] {logging_mixin.py:188} INFO - [2024-07-31T07:56:13.637+0000] {dagbag.py:545} INFO - Filling up the DagBag from /home/airflow/.local/lib/python3.12/site-packages/airflow/example_dags/example_branch_labels.py
[2024-07-31T07:56:13.644+0000] {processor.py:840} INFO - DAG(s) 'example_branch_labels' retrieved from /home/airflow/.local/lib/python3.12/site-packages/airflow/example_dags/example_branch_labels.py
[2024-07-31T07:56:13.664+0000] {logging_mixin.py:188} INFO - [2024-07-31T07:56:13.664+0000] {dag.py:3089} INFO - Sync 1 DAGs
[2024-07-31T07:56:13.685+0000] {logging_mixin.py:188} INFO - [2024-07-31T07:56:13.685+0000] {dag.py:3947} INFO - Setting next_dagrun for example_branch_labels to 2024-07-30 00:00:00+00:00, run_after=2024-07-31 00:00:00+00:00
[2024-07-31T07:56:13.701+0000] {processor.py:183} INFO - Processing /home/airflow/.local/lib/python3.12/site-packages/airflow/example_dags/example_branch_labels.py took 0.071 seconds
[2024-07-31T07:56:43.801+0000] {processor.py:161} INFO - Started process (PID=282) to work on /home/airflow/.local/lib/python3.12/site-packages/airflow/example_dags/example_branch_labels.py
[2024-07-31T07:56:43.802+0000] {processor.py:830} INFO - Processing file /home/airflow/.local/lib/python3.12/site-packages/airflow/example_dags/example_branch_labels.py for tasks to queue
[2024-07-31T07:56:43.803+0000] {logging_mixin.py:188} INFO - [2024-07-31T07:56:43.803+0000] {dagbag.py:545} INFO - Filling up the DagBag from /home/airflow/.local/lib/python3.12/site-packages/airflow/example_dags/example_branch_labels.py
[2024-07-31T07:56:43.809+0000] {processor.py:840} INFO - DAG(s) 'example_branch_labels' retrieved from /home/airflow/.local/lib/python3.12/site-packages/airflow/example_dags/example_branch_labels.py
[2024-07-31T07:56:43.830+0000] {logging_mixin.py:188} INFO - [2024-07-31T07:56:43.830+0000] {dag.py:3089} INFO - Sync 1 DAGs
[2024-07-31T07:56:43.852+0000] {logging_mixin.py:188} INFO - [2024-07-31T07:56:43.852+0000] {dag.py:3947} INFO - Setting next_dagrun for example_branch_labels to 2024-07-30 00:00:00+00:00, run_after=2024-07-31 00:00:00+00:00
[2024-07-31T07:56:43.869+0000] {processor.py:183} INFO - Processing /home/airflow/.local/lib/python3.12/site-packages/airflow/example_dags/example_branch_labels.py took 0.075 seconds
[2024-07-31T07:57:14.009+0000] {processor.py:161} INFO - Started process (PID=340) to work on /home/airflow/.local/lib/python3.12/site-packages/airflow/example_dags/example_branch_labels.py
[2024-07-31T07:57:14.010+0000] {processor.py:830} INFO - Processing file /home/airflow/.local/lib/python3.12/site-packages/airflow/example_dags/example_branch_labels.py for tasks to queue
[2024-07-31T07:57:14.012+0000] {logging_mixin.py:188} INFO - [2024-07-31T07:57:14.011+0000] {dagbag.py:545} INFO - Filling up the DagBag from /home/airflow/.local/lib/python3.12/site-packages/airflow/example_dags/example_branch_labels.py
[2024-07-31T07:57:14.018+0000] {processor.py:840} INFO - DAG(s) 'example_branch_labels' retrieved from /home/airflow/.local/lib/python3.12/site-packages/airflow/example_dags/example_branch_labels.py
[2024-07-31T07:57:14.036+0000] {logging_mixin.py:188} INFO - [2024-07-31T07:57:14.036+0000] {dag.py:3089} INFO - Sync 1 DAGs
[2024-07-31T07:57:14.058+0000] {logging_mixin.py:188} INFO - [2024-07-31T07:57:14.057+0000] {dag.py:3947} INFO - Setting next_dagrun for example_branch_labels to 2024-07-30 00:00:00+00:00, run_after=2024-07-31 00:00:00+00:00
[2024-07-31T07:57:14.074+0000] {processor.py:183} INFO - Processing /home/airflow/.local/lib/python3.12/site-packages/airflow/example_dags/example_branch_labels.py took 0.077 seconds
[2024-07-31T07:57:44.519+0000] {processor.py:161} INFO - Started process (PID=398) to work on /home/airflow/.local/lib/python3.12/site-packages/airflow/example_dags/example_branch_labels.py
[2024-07-31T07:57:44.520+0000] {processor.py:830} INFO - Processing file /home/airflow/.local/lib/python3.12/site-packages/airflow/example_dags/example_branch_labels.py for tasks to queue
[2024-07-31T07:57:44.523+0000] {logging_mixin.py:188} INFO - [2024-07-31T07:57:44.522+0000] {dagbag.py:545} INFO - Filling up the DagBag from /home/airflow/.local/lib/python3.12/site-packages/airflow/example_dags/example_branch_labels.py
[2024-07-31T07:57:44.531+0000] {processor.py:840} INFO - DAG(s) 'example_branch_labels' retrieved from /home/airflow/.local/lib/python3.12/site-packages/airflow/example_dags/example_branch_labels.py
[2024-07-31T07:57:44.554+0000] {logging_mixin.py:188} INFO - [2024-07-31T07:57:44.554+0000] {dag.py:3089} INFO - Sync 1 DAGs
[2024-07-31T07:57:44.575+0000] {logging_mixin.py:188} INFO - [2024-07-31T07:57:44.575+0000] {dag.py:3947} INFO - Setting next_dagrun for example_branch_labels to 2024-07-30 00:00:00+00:00, run_after=2024-07-31 00:00:00+00:00
[2024-07-31T07:57:44.591+0000] {processor.py:183} INFO - Processing /home/airflow/.local/lib/python3.12/site-packages/airflow/example_dags/example_branch_labels.py took 0.077 seconds
[2024-07-31T07:58:48.218+0000] {processor.py:161} INFO - Started process (PID=57) to work on /home/airflow/.local/lib/python3.12/site-packages/airflow/example_dags/example_branch_labels.py
[2024-07-31T07:58:48.219+0000] {processor.py:830} INFO - Processing file /home/airflow/.local/lib/python3.12/site-packages/airflow/example_dags/example_branch_labels.py for tasks to queue
[2024-07-31T07:58:48.221+0000] {logging_mixin.py:188} INFO - [2024-07-31T07:58:48.220+0000] {dagbag.py:545} INFO - Filling up the DagBag from /home/airflow/.local/lib/python3.12/site-packages/airflow/example_dags/example_branch_labels.py
[2024-07-31T07:58:48.231+0000] {processor.py:840} INFO - DAG(s) 'example_branch_labels' retrieved from /home/airflow/.local/lib/python3.12/site-packages/airflow/example_dags/example_branch_labels.py
[2024-07-31T07:58:48.243+0000] {logging_mixin.py:188} INFO - [2024-07-31T07:58:48.243+0000] {dag.py:3089} INFO - Sync 1 DAGs
[2024-07-31T07:58:48.264+0000] {logging_mixin.py:188} INFO - [2024-07-31T07:58:48.264+0000] {dag.py:3947} INFO - Setting next_dagrun for example_branch_labels to 2024-07-30 00:00:00+00:00, run_after=2024-07-31 00:00:00+00:00
[2024-07-31T07:58:48.285+0000] {processor.py:183} INFO - Processing /home/airflow/.local/lib/python3.12/site-packages/airflow/example_dags/example_branch_labels.py took 0.072 seconds
[2024-07-31T07:59:18.976+0000] {processor.py:161} INFO - Started process (PID=115) to work on /home/airflow/.local/lib/python3.12/site-packages/airflow/example_dags/example_branch_labels.py
[2024-07-31T07:59:18.977+0000] {processor.py:830} INFO - Processing file /home/airflow/.local/lib/python3.12/site-packages/airflow/example_dags/example_branch_labels.py for tasks to queue
[2024-07-31T07:59:18.979+0000] {logging_mixin.py:188} INFO - [2024-07-31T07:59:18.979+0000] {dagbag.py:545} INFO - Filling up the DagBag from /home/airflow/.local/lib/python3.12/site-packages/airflow/example_dags/example_branch_labels.py
[2024-07-31T07:59:18.989+0000] {processor.py:840} INFO - DAG(s) 'example_branch_labels' retrieved from /home/airflow/.local/lib/python3.12/site-packages/airflow/example_dags/example_branch_labels.py
[2024-07-31T07:59:19.106+0000] {logging_mixin.py:188} INFO - [2024-07-31T07:59:19.106+0000] {dag.py:3089} INFO - Sync 1 DAGs
[2024-07-31T07:59:19.126+0000] {logging_mixin.py:188} INFO - [2024-07-31T07:59:19.126+0000] {dag.py:3947} INFO - Setting next_dagrun for example_branch_labels to 2024-07-30 00:00:00+00:00, run_after=2024-07-31 00:00:00+00:00
[2024-07-31T07:59:19.147+0000] {processor.py:183} INFO - Processing /home/airflow/.local/lib/python3.12/site-packages/airflow/example_dags/example_branch_labels.py took 0.178 seconds
[2024-07-31T07:59:49.252+0000] {processor.py:161} INFO - Started process (PID=173) to work on /home/airflow/.local/lib/python3.12/site-packages/airflow/example_dags/example_branch_labels.py
[2024-07-31T07:59:49.253+0000] {processor.py:830} INFO - Processing file /home/airflow/.local/lib/python3.12/site-packages/airflow/example_dags/example_branch_labels.py for tasks to queue
[2024-07-31T07:59:49.256+0000] {logging_mixin.py:188} INFO - [2024-07-31T07:59:49.255+0000] {dagbag.py:545} INFO - Filling up the DagBag from /home/airflow/.local/lib/python3.12/site-packages/airflow/example_dags/example_branch_labels.py
[2024-07-31T07:59:49.265+0000] {processor.py:840} INFO - DAG(s) 'example_branch_labels' retrieved from /home/airflow/.local/lib/python3.12/site-packages/airflow/example_dags/example_branch_labels.py
[2024-07-31T07:59:49.287+0000] {logging_mixin.py:188} INFO - [2024-07-31T07:59:49.287+0000] {dag.py:3089} INFO - Sync 1 DAGs
[2024-07-31T07:59:49.309+0000] {logging_mixin.py:188} INFO - [2024-07-31T07:59:49.309+0000] {dag.py:3947} INFO - Setting next_dagrun for example_branch_labels to 2024-07-30 00:00:00+00:00, run_after=2024-07-31 00:00:00+00:00
[2024-07-31T07:59:49.327+0000] {processor.py:183} INFO - Processing /home/airflow/.local/lib/python3.12/site-packages/airflow/example_dags/example_branch_labels.py took 0.081 seconds
[2024-07-31T08:00:19.421+0000] {processor.py:161} INFO - Started process (PID=231) to work on /home/airflow/.local/lib/python3.12/site-packages/airflow/example_dags/example_branch_labels.py
[2024-07-31T08:00:19.422+0000] {processor.py:830} INFO - Processing file /home/airflow/.local/lib/python3.12/site-packages/airflow/example_dags/example_branch_labels.py for tasks to queue
[2024-07-31T08:00:19.425+0000] {logging_mixin.py:188} INFO - [2024-07-31T08:00:19.424+0000] {dagbag.py:545} INFO - Filling up the DagBag from /home/airflow/.local/lib/python3.12/site-packages/airflow/example_dags/example_branch_labels.py
[2024-07-31T08:00:19.431+0000] {processor.py:840} INFO - DAG(s) 'example_branch_labels' retrieved from /home/airflow/.local/lib/python3.12/site-packages/airflow/example_dags/example_branch_labels.py
[2024-07-31T08:00:19.450+0000] {logging_mixin.py:188} INFO - [2024-07-31T08:00:19.450+0000] {dag.py:3089} INFO - Sync 1 DAGs
[2024-07-31T08:00:19.472+0000] {logging_mixin.py:188} INFO - [2024-07-31T08:00:19.472+0000] {dag.py:3947} INFO - Setting next_dagrun for example_branch_labels to 2024-07-30 00:00:00+00:00, run_after=2024-07-31 00:00:00+00:00
[2024-07-31T08:00:19.487+0000] {processor.py:183} INFO - Processing /home/airflow/.local/lib/python3.12/site-packages/airflow/example_dags/example_branch_labels.py took 0.076 seconds
[2024-07-31T08:00:49.912+0000] {processor.py:161} INFO - Started process (PID=289) to work on /home/airflow/.local/lib/python3.12/site-packages/airflow/example_dags/example_branch_labels.py
[2024-07-31T08:00:49.913+0000] {processor.py:830} INFO - Processing file /home/airflow/.local/lib/python3.12/site-packages/airflow/example_dags/example_branch_labels.py for tasks to queue
[2024-07-31T08:00:49.915+0000] {logging_mixin.py:188} INFO - [2024-07-31T08:00:49.915+0000] {dagbag.py:545} INFO - Filling up the DagBag from /home/airflow/.local/lib/python3.12/site-packages/airflow/example_dags/example_branch_labels.py
[2024-07-31T08:00:49.922+0000] {processor.py:840} INFO - DAG(s) 'example_branch_labels' retrieved from /home/airflow/.local/lib/python3.12/site-packages/airflow/example_dags/example_branch_labels.py
[2024-07-31T08:00:49.942+0000] {logging_mixin.py:188} INFO - [2024-07-31T08:00:49.941+0000] {dag.py:3089} INFO - Sync 1 DAGs
[2024-07-31T08:00:49.963+0000] {logging_mixin.py:188} INFO - [2024-07-31T08:00:49.963+0000] {dag.py:3947} INFO - Setting next_dagrun for example_branch_labels to 2024-07-30 00:00:00+00:00, run_after=2024-07-31 00:00:00+00:00
[2024-07-31T08:00:49.981+0000] {processor.py:183} INFO - Processing /home/airflow/.local/lib/python3.12/site-packages/airflow/example_dags/example_branch_labels.py took 0.081 seconds
[2024-07-31T08:01:20.276+0000] {processor.py:161} INFO - Started process (PID=347) to work on /home/airflow/.local/lib/python3.12/site-packages/airflow/example_dags/example_branch_labels.py
[2024-07-31T08:01:20.277+0000] {processor.py:830} INFO - Processing file /home/airflow/.local/lib/python3.12/site-packages/airflow/example_dags/example_branch_labels.py for tasks to queue
[2024-07-31T08:01:20.278+0000] {logging_mixin.py:188} INFO - [2024-07-31T08:01:20.278+0000] {dagbag.py:545} INFO - Filling up the DagBag from /home/airflow/.local/lib/python3.12/site-packages/airflow/example_dags/example_branch_labels.py
[2024-07-31T08:01:20.285+0000] {processor.py:840} INFO - DAG(s) 'example_branch_labels' retrieved from /home/airflow/.local/lib/python3.12/site-packages/airflow/example_dags/example_branch_labels.py
[2024-07-31T08:01:20.304+0000] {logging_mixin.py:188} INFO - [2024-07-31T08:01:20.304+0000] {dag.py:3089} INFO - Sync 1 DAGs
[2024-07-31T08:01:20.326+0000] {logging_mixin.py:188} INFO - [2024-07-31T08:01:20.326+0000] {dag.py:3947} INFO - Setting next_dagrun for example_branch_labels to 2024-07-30 00:00:00+00:00, run_after=2024-07-31 00:00:00+00:00
[2024-07-31T08:01:20.343+0000] {processor.py:183} INFO - Processing /home/airflow/.local/lib/python3.12/site-packages/airflow/example_dags/example_branch_labels.py took 0.073 seconds
[2024-07-31T08:01:50.422+0000] {processor.py:161} INFO - Started process (PID=405) to work on /home/airflow/.local/lib/python3.12/site-packages/airflow/example_dags/example_branch_labels.py
[2024-07-31T08:01:50.423+0000] {processor.py:830} INFO - Processing file /home/airflow/.local/lib/python3.12/site-packages/airflow/example_dags/example_branch_labels.py for tasks to queue
[2024-07-31T08:01:50.424+0000] {logging_mixin.py:188} INFO - [2024-07-31T08:01:50.424+0000] {dagbag.py:545} INFO - Filling up the DagBag from /home/airflow/.local/lib/python3.12/site-packages/airflow/example_dags/example_branch_labels.py
[2024-07-31T08:01:50.431+0000] {processor.py:840} INFO - DAG(s) 'example_branch_labels' retrieved from /home/airflow/.local/lib/python3.12/site-packages/airflow/example_dags/example_branch_labels.py
[2024-07-31T08:01:50.453+0000] {logging_mixin.py:188} INFO - [2024-07-31T08:01:50.452+0000] {dag.py:3089} INFO - Sync 1 DAGs
[2024-07-31T08:01:50.473+0000] {logging_mixin.py:188} INFO - [2024-07-31T08:01:50.472+0000] {dag.py:3947} INFO - Setting next_dagrun for example_branch_labels to 2024-07-30 00:00:00+00:00, run_after=2024-07-31 00:00:00+00:00
[2024-07-31T08:01:50.489+0000] {processor.py:183} INFO - Processing /home/airflow/.local/lib/python3.12/site-packages/airflow/example_dags/example_branch_labels.py took 0.077 seconds
[2024-07-31T08:02:20.682+0000] {processor.py:161} INFO - Started process (PID=463) to work on /home/airflow/.local/lib/python3.12/site-packages/airflow/example_dags/example_branch_labels.py
[2024-07-31T08:02:20.683+0000] {processor.py:830} INFO - Processing file /home/airflow/.local/lib/python3.12/site-packages/airflow/example_dags/example_branch_labels.py for tasks to queue
[2024-07-31T08:02:20.685+0000] {logging_mixin.py:188} INFO - [2024-07-31T08:02:20.685+0000] {dagbag.py:545} INFO - Filling up the DagBag from /home/airflow/.local/lib/python3.12/site-packages/airflow/example_dags/example_branch_labels.py
[2024-07-31T08:02:20.692+0000] {processor.py:840} INFO - DAG(s) 'example_branch_labels' retrieved from /home/airflow/.local/lib/python3.12/site-packages/airflow/example_dags/example_branch_labels.py
[2024-07-31T08:02:20.712+0000] {logging_mixin.py:188} INFO - [2024-07-31T08:02:20.712+0000] {dag.py:3089} INFO - Sync 1 DAGs
[2024-07-31T08:02:20.733+0000] {logging_mixin.py:188} INFO - [2024-07-31T08:02:20.733+0000] {dag.py:3947} INFO - Setting next_dagrun for example_branch_labels to 2024-07-30 00:00:00+00:00, run_after=2024-07-31 00:00:00+00:00
[2024-07-31T08:02:20.749+0000] {processor.py:183} INFO - Processing /home/airflow/.local/lib/python3.12/site-packages/airflow/example_dags/example_branch_labels.py took 0.077 seconds
[2024-07-31T08:02:50.987+0000] {processor.py:161} INFO - Started process (PID=527) to work on /home/airflow/.local/lib/python3.12/site-packages/airflow/example_dags/example_branch_labels.py
[2024-07-31T08:02:50.988+0000] {processor.py:830} INFO - Processing file /home/airflow/.local/lib/python3.12/site-packages/airflow/example_dags/example_branch_labels.py for tasks to queue
[2024-07-31T08:02:50.989+0000] {logging_mixin.py:188} INFO - [2024-07-31T08:02:50.989+0000] {dagbag.py:545} INFO - Filling up the DagBag from /home/airflow/.local/lib/python3.12/site-packages/airflow/example_dags/example_branch_labels.py
[2024-07-31T08:02:50.996+0000] {processor.py:840} INFO - DAG(s) 'example_branch_labels' retrieved from /home/airflow/.local/lib/python3.12/site-packages/airflow/example_dags/example_branch_labels.py
[2024-07-31T08:02:51.015+0000] {logging_mixin.py:188} INFO - [2024-07-31T08:02:51.015+0000] {dag.py:3089} INFO - Sync 1 DAGs
[2024-07-31T08:02:51.038+0000] {logging_mixin.py:188} INFO - [2024-07-31T08:02:51.038+0000] {dag.py:3947} INFO - Setting next_dagrun for example_branch_labels to 2024-07-30 00:00:00+00:00, run_after=2024-07-31 00:00:00+00:00
[2024-07-31T08:02:51.056+0000] {processor.py:183} INFO - Processing /home/airflow/.local/lib/python3.12/site-packages/airflow/example_dags/example_branch_labels.py took 0.075 seconds
[2024-07-31T08:03:21.274+0000] {processor.py:161} INFO - Started process (PID=585) to work on /home/airflow/.local/lib/python3.12/site-packages/airflow/example_dags/example_branch_labels.py
[2024-07-31T08:03:21.275+0000] {processor.py:830} INFO - Processing file /home/airflow/.local/lib/python3.12/site-packages/airflow/example_dags/example_branch_labels.py for tasks to queue
[2024-07-31T08:03:21.277+0000] {logging_mixin.py:188} INFO - [2024-07-31T08:03:21.276+0000] {dagbag.py:545} INFO - Filling up the DagBag from /home/airflow/.local/lib/python3.12/site-packages/airflow/example_dags/example_branch_labels.py
[2024-07-31T08:03:21.283+0000] {processor.py:840} INFO - DAG(s) 'example_branch_labels' retrieved from /home/airflow/.local/lib/python3.12/site-packages/airflow/example_dags/example_branch_labels.py
[2024-07-31T08:03:21.302+0000] {logging_mixin.py:188} INFO - [2024-07-31T08:03:21.302+0000] {dag.py:3089} INFO - Sync 1 DAGs
[2024-07-31T08:03:21.322+0000] {logging_mixin.py:188} INFO - [2024-07-31T08:03:21.322+0000] {dag.py:3947} INFO - Setting next_dagrun for example_branch_labels to 2024-07-30 00:00:00+00:00, run_after=2024-07-31 00:00:00+00:00
[2024-07-31T08:03:21.341+0000] {processor.py:183} INFO - Processing /home/airflow/.local/lib/python3.12/site-packages/airflow/example_dags/example_branch_labels.py took 0.072 seconds
[2024-07-31T08:03:51.447+0000] {processor.py:161} INFO - Started process (PID=643) to work on /home/airflow/.local/lib/python3.12/site-packages/airflow/example_dags/example_branch_labels.py
[2024-07-31T08:03:51.448+0000] {processor.py:830} INFO - Processing file /home/airflow/.local/lib/python3.12/site-packages/airflow/example_dags/example_branch_labels.py for tasks to queue
[2024-07-31T08:03:51.450+0000] {logging_mixin.py:188} INFO - [2024-07-31T08:03:51.450+0000] {dagbag.py:545} INFO - Filling up the DagBag from /home/airflow/.local/lib/python3.12/site-packages/airflow/example_dags/example_branch_labels.py
[2024-07-31T08:03:51.457+0000] {processor.py:840} INFO - DAG(s) 'example_branch_labels' retrieved from /home/airflow/.local/lib/python3.12/site-packages/airflow/example_dags/example_branch_labels.py
[2024-07-31T08:03:51.478+0000] {logging_mixin.py:188} INFO - [2024-07-31T08:03:51.478+0000] {dag.py:3089} INFO - Sync 1 DAGs
[2024-07-31T08:03:51.500+0000] {logging_mixin.py:188} INFO - [2024-07-31T08:03:51.500+0000] {dag.py:3947} INFO - Setting next_dagrun for example_branch_labels to 2024-07-30 00:00:00+00:00, run_after=2024-07-31 00:00:00+00:00
[2024-07-31T08:03:51.518+0000] {processor.py:183} INFO - Processing /home/airflow/.local/lib/python3.12/site-packages/airflow/example_dags/example_branch_labels.py took 0.076 seconds
[2024-07-31T08:04:21.948+0000] {processor.py:161} INFO - Started process (PID=701) to work on /home/airflow/.local/lib/python3.12/site-packages/airflow/example_dags/example_branch_labels.py
[2024-07-31T08:04:21.949+0000] {processor.py:830} INFO - Processing file /home/airflow/.local/lib/python3.12/site-packages/airflow/example_dags/example_branch_labels.py for tasks to queue
[2024-07-31T08:04:21.951+0000] {logging_mixin.py:188} INFO - [2024-07-31T08:04:21.951+0000] {dagbag.py:545} INFO - Filling up the DagBag from /home/airflow/.local/lib/python3.12/site-packages/airflow/example_dags/example_branch_labels.py
[2024-07-31T08:04:21.958+0000] {processor.py:840} INFO - DAG(s) 'example_branch_labels' retrieved from /home/airflow/.local/lib/python3.12/site-packages/airflow/example_dags/example_branch_labels.py
[2024-07-31T08:04:21.979+0000] {logging_mixin.py:188} INFO - [2024-07-31T08:04:21.979+0000] {dag.py:3089} INFO - Sync 1 DAGs
[2024-07-31T08:04:21.999+0000] {logging_mixin.py:188} INFO - [2024-07-31T08:04:21.999+0000] {dag.py:3947} INFO - Setting next_dagrun for example_branch_labels to 2024-07-30 00:00:00+00:00, run_after=2024-07-31 00:00:00+00:00
[2024-07-31T08:04:22.015+0000] {processor.py:183} INFO - Processing /home/airflow/.local/lib/python3.12/site-packages/airflow/example_dags/example_branch_labels.py took 0.077 seconds
[2024-07-31T08:04:52.155+0000] {processor.py:161} INFO - Started process (PID=759) to work on /home/airflow/.local/lib/python3.12/site-packages/airflow/example_dags/example_branch_labels.py
[2024-07-31T08:04:52.156+0000] {processor.py:830} INFO - Processing file /home/airflow/.local/lib/python3.12/site-packages/airflow/example_dags/example_branch_labels.py for tasks to queue
[2024-07-31T08:04:52.157+0000] {logging_mixin.py:188} INFO - [2024-07-31T08:04:52.157+0000] {dagbag.py:545} INFO - Filling up the DagBag from /home/airflow/.local/lib/python3.12/site-packages/airflow/example_dags/example_branch_labels.py
[2024-07-31T08:04:52.164+0000] {processor.py:840} INFO - DAG(s) 'example_branch_labels' retrieved from /home/airflow/.local/lib/python3.12/site-packages/airflow/example_dags/example_branch_labels.py
[2024-07-31T08:04:52.184+0000] {logging_mixin.py:188} INFO - [2024-07-31T08:04:52.184+0000] {dag.py:3089} INFO - Sync 1 DAGs
[2024-07-31T08:04:52.204+0000] {logging_mixin.py:188} INFO - [2024-07-31T08:04:52.204+0000] {dag.py:3947} INFO - Setting next_dagrun for example_branch_labels to 2024-07-30 00:00:00+00:00, run_after=2024-07-31 00:00:00+00:00
[2024-07-31T08:04:52.220+0000] {processor.py:183} INFO - Processing /home/airflow/.local/lib/python3.12/site-packages/airflow/example_dags/example_branch_labels.py took 0.070 seconds
[2024-07-31T08:05:22.529+0000] {processor.py:161} INFO - Started process (PID=817) to work on /home/airflow/.local/lib/python3.12/site-packages/airflow/example_dags/example_branch_labels.py
[2024-07-31T08:05:22.530+0000] {processor.py:830} INFO - Processing file /home/airflow/.local/lib/python3.12/site-packages/airflow/example_dags/example_branch_labels.py for tasks to queue
[2024-07-31T08:05:22.532+0000] {logging_mixin.py:188} INFO - [2024-07-31T08:05:22.532+0000] {dagbag.py:545} INFO - Filling up the DagBag from /home/airflow/.local/lib/python3.12/site-packages/airflow/example_dags/example_branch_labels.py
[2024-07-31T08:05:22.539+0000] {processor.py:840} INFO - DAG(s) 'example_branch_labels' retrieved from /home/airflow/.local/lib/python3.12/site-packages/airflow/example_dags/example_branch_labels.py
[2024-07-31T08:05:22.558+0000] {logging_mixin.py:188} INFO - [2024-07-31T08:05:22.557+0000] {dag.py:3089} INFO - Sync 1 DAGs
[2024-07-31T08:05:22.579+0000] {logging_mixin.py:188} INFO - [2024-07-31T08:05:22.579+0000] {dag.py:3947} INFO - Setting next_dagrun for example_branch_labels to 2024-07-30 00:00:00+00:00, run_after=2024-07-31 00:00:00+00:00
[2024-07-31T08:05:22.596+0000] {processor.py:183} INFO - Processing /home/airflow/.local/lib/python3.12/site-packages/airflow/example_dags/example_branch_labels.py took 0.077 seconds
[2024-07-31T08:05:52.730+0000] {processor.py:161} INFO - Started process (PID=875) to work on /home/airflow/.local/lib/python3.12/site-packages/airflow/example_dags/example_branch_labels.py
[2024-07-31T08:05:52.730+0000] {processor.py:830} INFO - Processing file /home/airflow/.local/lib/python3.12/site-packages/airflow/example_dags/example_branch_labels.py for tasks to queue
[2024-07-31T08:05:52.733+0000] {logging_mixin.py:188} INFO - [2024-07-31T08:05:52.732+0000] {dagbag.py:545} INFO - Filling up the DagBag from /home/airflow/.local/lib/python3.12/site-packages/airflow/example_dags/example_branch_labels.py
[2024-07-31T08:05:52.740+0000] {processor.py:840} INFO - DAG(s) 'example_branch_labels' retrieved from /home/airflow/.local/lib/python3.12/site-packages/airflow/example_dags/example_branch_labels.py
[2024-07-31T08:05:52.763+0000] {logging_mixin.py:188} INFO - [2024-07-31T08:05:52.762+0000] {dag.py:3089} INFO - Sync 1 DAGs
[2024-07-31T08:05:52.784+0000] {logging_mixin.py:188} INFO - [2024-07-31T08:05:52.784+0000] {dag.py:3947} INFO - Setting next_dagrun for example_branch_labels to 2024-07-30 00:00:00+00:00, run_after=2024-07-31 00:00:00+00:00
[2024-07-31T08:05:52.804+0000] {processor.py:183} INFO - Processing /home/airflow/.local/lib/python3.12/site-packages/airflow/example_dags/example_branch_labels.py took 0.081 seconds
[2024-07-31T08:06:23.149+0000] {processor.py:161} INFO - Started process (PID=933) to work on /home/airflow/.local/lib/python3.12/site-packages/airflow/example_dags/example_branch_labels.py
[2024-07-31T08:06:23.150+0000] {processor.py:830} INFO - Processing file /home/airflow/.local/lib/python3.12/site-packages/airflow/example_dags/example_branch_labels.py for tasks to queue
[2024-07-31T08:06:23.152+0000] {logging_mixin.py:188} INFO - [2024-07-31T08:06:23.152+0000] {dagbag.py:545} INFO - Filling up the DagBag from /home/airflow/.local/lib/python3.12/site-packages/airflow/example_dags/example_branch_labels.py
[2024-07-31T08:06:23.159+0000] {processor.py:840} INFO - DAG(s) 'example_branch_labels' retrieved from /home/airflow/.local/lib/python3.12/site-packages/airflow/example_dags/example_branch_labels.py
[2024-07-31T08:06:23.179+0000] {logging_mixin.py:188} INFO - [2024-07-31T08:06:23.179+0000] {dag.py:3089} INFO - Sync 1 DAGs
[2024-07-31T08:06:23.201+0000] {logging_mixin.py:188} INFO - [2024-07-31T08:06:23.201+0000] {dag.py:3947} INFO - Setting next_dagrun for example_branch_labels to 2024-07-30 00:00:00+00:00, run_after=2024-07-31 00:00:00+00:00
[2024-07-31T08:06:23.222+0000] {processor.py:183} INFO - Processing /home/airflow/.local/lib/python3.12/site-packages/airflow/example_dags/example_branch_labels.py took 0.084 seconds
[2024-07-31T08:06:53.533+0000] {processor.py:161} INFO - Started process (PID=991) to work on /home/airflow/.local/lib/python3.12/site-packages/airflow/example_dags/example_branch_labels.py
[2024-07-31T08:06:53.534+0000] {processor.py:830} INFO - Processing file /home/airflow/.local/lib/python3.12/site-packages/airflow/example_dags/example_branch_labels.py for tasks to queue
[2024-07-31T08:06:53.535+0000] {logging_mixin.py:188} INFO - [2024-07-31T08:06:53.535+0000] {dagbag.py:545} INFO - Filling up the DagBag from /home/airflow/.local/lib/python3.12/site-packages/airflow/example_dags/example_branch_labels.py
[2024-07-31T08:06:53.542+0000] {processor.py:840} INFO - DAG(s) 'example_branch_labels' retrieved from /home/airflow/.local/lib/python3.12/site-packages/airflow/example_dags/example_branch_labels.py
[2024-07-31T08:06:53.561+0000] {logging_mixin.py:188} INFO - [2024-07-31T08:06:53.561+0000] {dag.py:3089} INFO - Sync 1 DAGs
[2024-07-31T08:06:53.580+0000] {logging_mixin.py:188} INFO - [2024-07-31T08:06:53.580+0000] {dag.py:3947} INFO - Setting next_dagrun for example_branch_labels to 2024-07-30 00:00:00+00:00, run_after=2024-07-31 00:00:00+00:00
[2024-07-31T08:06:53.596+0000] {processor.py:183} INFO - Processing /home/airflow/.local/lib/python3.12/site-packages/airflow/example_dags/example_branch_labels.py took 0.068 seconds
[2024-07-31T08:07:23.921+0000] {processor.py:161} INFO - Started process (PID=1049) to work on /home/airflow/.local/lib/python3.12/site-packages/airflow/example_dags/example_branch_labels.py
[2024-07-31T08:07:23.922+0000] {processor.py:830} INFO - Processing file /home/airflow/.local/lib/python3.12/site-packages/airflow/example_dags/example_branch_labels.py for tasks to queue
[2024-07-31T08:07:23.923+0000] {logging_mixin.py:188} INFO - [2024-07-31T08:07:23.923+0000] {dagbag.py:545} INFO - Filling up the DagBag from /home/airflow/.local/lib/python3.12/site-packages/airflow/example_dags/example_branch_labels.py
[2024-07-31T08:07:23.931+0000] {processor.py:840} INFO - DAG(s) 'example_branch_labels' retrieved from /home/airflow/.local/lib/python3.12/site-packages/airflow/example_dags/example_branch_labels.py
[2024-07-31T08:07:23.953+0000] {logging_mixin.py:188} INFO - [2024-07-31T08:07:23.953+0000] {dag.py:3089} INFO - Sync 1 DAGs
[2024-07-31T08:07:23.975+0000] {logging_mixin.py:188} INFO - [2024-07-31T08:07:23.975+0000] {dag.py:3947} INFO - Setting next_dagrun for example_branch_labels to 2024-07-30 00:00:00+00:00, run_after=2024-07-31 00:00:00+00:00
[2024-07-31T08:07:23.992+0000] {processor.py:183} INFO - Processing /home/airflow/.local/lib/python3.12/site-packages/airflow/example_dags/example_branch_labels.py took 0.081 seconds
[2024-07-31T08:07:54.304+0000] {processor.py:161} INFO - Started process (PID=1107) to work on /home/airflow/.local/lib/python3.12/site-packages/airflow/example_dags/example_branch_labels.py
[2024-07-31T08:07:54.304+0000] {processor.py:830} INFO - Processing file /home/airflow/.local/lib/python3.12/site-packages/airflow/example_dags/example_branch_labels.py for tasks to queue
[2024-07-31T08:07:54.306+0000] {logging_mixin.py:188} INFO - [2024-07-31T08:07:54.306+0000] {dagbag.py:545} INFO - Filling up the DagBag from /home/airflow/.local/lib/python3.12/site-packages/airflow/example_dags/example_branch_labels.py
[2024-07-31T08:07:54.312+0000] {processor.py:840} INFO - DAG(s) 'example_branch_labels' retrieved from /home/airflow/.local/lib/python3.12/site-packages/airflow/example_dags/example_branch_labels.py
[2024-07-31T08:07:54.333+0000] {logging_mixin.py:188} INFO - [2024-07-31T08:07:54.332+0000] {dag.py:3089} INFO - Sync 1 DAGs
[2024-07-31T08:07:54.355+0000] {logging_mixin.py:188} INFO - [2024-07-31T08:07:54.355+0000] {dag.py:3947} INFO - Setting next_dagrun for example_branch_labels to 2024-07-30 00:00:00+00:00, run_after=2024-07-31 00:00:00+00:00
[2024-07-31T08:07:54.371+0000] {processor.py:183} INFO - Processing /home/airflow/.local/lib/python3.12/site-packages/airflow/example_dags/example_branch_labels.py took 0.073 seconds
[2024-07-31T08:08:24.799+0000] {processor.py:161} INFO - Started process (PID=1166) to work on /home/airflow/.local/lib/python3.12/site-packages/airflow/example_dags/example_branch_labels.py
[2024-07-31T08:08:24.800+0000] {processor.py:830} INFO - Processing file /home/airflow/.local/lib/python3.12/site-packages/airflow/example_dags/example_branch_labels.py for tasks to queue
[2024-07-31T08:08:24.801+0000] {logging_mixin.py:188} INFO - [2024-07-31T08:08:24.801+0000] {dagbag.py:545} INFO - Filling up the DagBag from /home/airflow/.local/lib/python3.12/site-packages/airflow/example_dags/example_branch_labels.py
[2024-07-31T08:08:24.808+0000] {processor.py:840} INFO - DAG(s) 'example_branch_labels' retrieved from /home/airflow/.local/lib/python3.12/site-packages/airflow/example_dags/example_branch_labels.py
[2024-07-31T08:08:24.826+0000] {logging_mixin.py:188} INFO - [2024-07-31T08:08:24.826+0000] {dag.py:3089} INFO - Sync 1 DAGs
[2024-07-31T08:08:24.847+0000] {logging_mixin.py:188} INFO - [2024-07-31T08:08:24.846+0000] {dag.py:3947} INFO - Setting next_dagrun for example_branch_labels to 2024-07-30 00:00:00+00:00, run_after=2024-07-31 00:00:00+00:00
[2024-07-31T08:08:24.863+0000] {processor.py:183} INFO - Processing /home/airflow/.local/lib/python3.12/site-packages/airflow/example_dags/example_branch_labels.py took 0.071 seconds
[2024-07-31T08:08:54.960+0000] {processor.py:161} INFO - Started process (PID=1224) to work on /home/airflow/.local/lib/python3.12/site-packages/airflow/example_dags/example_branch_labels.py
[2024-07-31T08:08:54.961+0000] {processor.py:830} INFO - Processing file /home/airflow/.local/lib/python3.12/site-packages/airflow/example_dags/example_branch_labels.py for tasks to queue
[2024-07-31T08:08:54.962+0000] {logging_mixin.py:188} INFO - [2024-07-31T08:08:54.962+0000] {dagbag.py:545} INFO - Filling up the DagBag from /home/airflow/.local/lib/python3.12/site-packages/airflow/example_dags/example_branch_labels.py
[2024-07-31T08:08:54.968+0000] {processor.py:840} INFO - DAG(s) 'example_branch_labels' retrieved from /home/airflow/.local/lib/python3.12/site-packages/airflow/example_dags/example_branch_labels.py
[2024-07-31T08:08:54.987+0000] {logging_mixin.py:188} INFO - [2024-07-31T08:08:54.986+0000] {dag.py:3089} INFO - Sync 1 DAGs
[2024-07-31T08:08:55.008+0000] {logging_mixin.py:188} INFO - [2024-07-31T08:08:55.008+0000] {dag.py:3947} INFO - Setting next_dagrun for example_branch_labels to 2024-07-30 00:00:00+00:00, run_after=2024-07-31 00:00:00+00:00
[2024-07-31T08:08:55.025+0000] {processor.py:183} INFO - Processing /home/airflow/.local/lib/python3.12/site-packages/airflow/example_dags/example_branch_labels.py took 0.071 seconds
[2024-07-31T08:09:25.419+0000] {processor.py:161} INFO - Started process (PID=1282) to work on /home/airflow/.local/lib/python3.12/site-packages/airflow/example_dags/example_branch_labels.py
[2024-07-31T08:09:25.420+0000] {processor.py:830} INFO - Processing file /home/airflow/.local/lib/python3.12/site-packages/airflow/example_dags/example_branch_labels.py for tasks to queue
[2024-07-31T08:09:25.421+0000] {logging_mixin.py:188} INFO - [2024-07-31T08:09:25.421+0000] {dagbag.py:545} INFO - Filling up the DagBag from /home/airflow/.local/lib/python3.12/site-packages/airflow/example_dags/example_branch_labels.py
[2024-07-31T08:09:25.427+0000] {processor.py:840} INFO - DAG(s) 'example_branch_labels' retrieved from /home/airflow/.local/lib/python3.12/site-packages/airflow/example_dags/example_branch_labels.py
[2024-07-31T08:09:25.447+0000] {logging_mixin.py:188} INFO - [2024-07-31T08:09:25.447+0000] {dag.py:3089} INFO - Sync 1 DAGs
[2024-07-31T08:09:25.466+0000] {logging_mixin.py:188} INFO - [2024-07-31T08:09:25.466+0000] {dag.py:3947} INFO - Setting next_dagrun for example_branch_labels to 2024-07-30 00:00:00+00:00, run_after=2024-07-31 00:00:00+00:00
[2024-07-31T08:09:25.483+0000] {processor.py:183} INFO - Processing /home/airflow/.local/lib/python3.12/site-packages/airflow/example_dags/example_branch_labels.py took 0.069 seconds
[2024-07-31T08:09:55.652+0000] {processor.py:161} INFO - Started process (PID=1340) to work on /home/airflow/.local/lib/python3.12/site-packages/airflow/example_dags/example_branch_labels.py
[2024-07-31T08:09:55.653+0000] {processor.py:830} INFO - Processing file /home/airflow/.local/lib/python3.12/site-packages/airflow/example_dags/example_branch_labels.py for tasks to queue
[2024-07-31T08:09:55.654+0000] {logging_mixin.py:188} INFO - [2024-07-31T08:09:55.654+0000] {dagbag.py:545} INFO - Filling up the DagBag from /home/airflow/.local/lib/python3.12/site-packages/airflow/example_dags/example_branch_labels.py
[2024-07-31T08:09:55.661+0000] {processor.py:840} INFO - DAG(s) 'example_branch_labels' retrieved from /home/airflow/.local/lib/python3.12/site-packages/airflow/example_dags/example_branch_labels.py
[2024-07-31T08:09:55.683+0000] {logging_mixin.py:188} INFO - [2024-07-31T08:09:55.682+0000] {dag.py:3089} INFO - Sync 1 DAGs
[2024-07-31T08:09:55.707+0000] {logging_mixin.py:188} INFO - [2024-07-31T08:09:55.707+0000] {dag.py:3947} INFO - Setting next_dagrun for example_branch_labels to 2024-07-30 00:00:00+00:00, run_after=2024-07-31 00:00:00+00:00
[2024-07-31T08:09:55.724+0000] {processor.py:183} INFO - Processing /home/airflow/.local/lib/python3.12/site-packages/airflow/example_dags/example_branch_labels.py took 0.077 seconds
[2024-07-31T08:10:26.103+0000] {processor.py:161} INFO - Started process (PID=1398) to work on /home/airflow/.local/lib/python3.12/site-packages/airflow/example_dags/example_branch_labels.py
[2024-07-31T08:10:26.104+0000] {processor.py:830} INFO - Processing file /home/airflow/.local/lib/python3.12/site-packages/airflow/example_dags/example_branch_labels.py for tasks to queue
[2024-07-31T08:10:26.106+0000] {logging_mixin.py:188} INFO - [2024-07-31T08:10:26.106+0000] {dagbag.py:545} INFO - Filling up the DagBag from /home/airflow/.local/lib/python3.12/site-packages/airflow/example_dags/example_branch_labels.py
[2024-07-31T08:10:26.112+0000] {processor.py:840} INFO - DAG(s) 'example_branch_labels' retrieved from /home/airflow/.local/lib/python3.12/site-packages/airflow/example_dags/example_branch_labels.py
[2024-07-31T08:10:26.132+0000] {logging_mixin.py:188} INFO - [2024-07-31T08:10:26.131+0000] {dag.py:3089} INFO - Sync 1 DAGs
[2024-07-31T08:10:26.151+0000] {logging_mixin.py:188} INFO - [2024-07-31T08:10:26.151+0000] {dag.py:3947} INFO - Setting next_dagrun for example_branch_labels to 2024-07-30 00:00:00+00:00, run_after=2024-07-31 00:00:00+00:00
[2024-07-31T08:10:26.166+0000] {processor.py:183} INFO - Processing /home/airflow/.local/lib/python3.12/site-packages/airflow/example_dags/example_branch_labels.py took 0.074 seconds
[2024-07-31T08:10:56.378+0000] {processor.py:161} INFO - Started process (PID=1456) to work on /home/airflow/.local/lib/python3.12/site-packages/airflow/example_dags/example_branch_labels.py
[2024-07-31T08:10:56.379+0000] {processor.py:830} INFO - Processing file /home/airflow/.local/lib/python3.12/site-packages/airflow/example_dags/example_branch_labels.py for tasks to queue
[2024-07-31T08:10:56.380+0000] {logging_mixin.py:188} INFO - [2024-07-31T08:10:56.380+0000] {dagbag.py:545} INFO - Filling up the DagBag from /home/airflow/.local/lib/python3.12/site-packages/airflow/example_dags/example_branch_labels.py
[2024-07-31T08:10:56.387+0000] {processor.py:840} INFO - DAG(s) 'example_branch_labels' retrieved from /home/airflow/.local/lib/python3.12/site-packages/airflow/example_dags/example_branch_labels.py
[2024-07-31T08:10:56.406+0000] {logging_mixin.py:188} INFO - [2024-07-31T08:10:56.405+0000] {dag.py:3089} INFO - Sync 1 DAGs
[2024-07-31T08:10:56.427+0000] {logging_mixin.py:188} INFO - [2024-07-31T08:10:56.427+0000] {dag.py:3947} INFO - Setting next_dagrun for example_branch_labels to 2024-07-30 00:00:00+00:00, run_after=2024-07-31 00:00:00+00:00
[2024-07-31T08:10:56.444+0000] {processor.py:183} INFO - Processing /home/airflow/.local/lib/python3.12/site-packages/airflow/example_dags/example_branch_labels.py took 0.077 seconds
[2024-07-31T08:11:27.006+0000] {processor.py:161} INFO - Started process (PID=1514) to work on /home/airflow/.local/lib/python3.12/site-packages/airflow/example_dags/example_branch_labels.py
[2024-07-31T08:11:27.007+0000] {processor.py:830} INFO - Processing file /home/airflow/.local/lib/python3.12/site-packages/airflow/example_dags/example_branch_labels.py for tasks to queue
[2024-07-31T08:11:27.008+0000] {logging_mixin.py:188} INFO - [2024-07-31T08:11:27.008+0000] {dagbag.py:545} INFO - Filling up the DagBag from /home/airflow/.local/lib/python3.12/site-packages/airflow/example_dags/example_branch_labels.py
[2024-07-31T08:11:27.015+0000] {processor.py:840} INFO - DAG(s) 'example_branch_labels' retrieved from /home/airflow/.local/lib/python3.12/site-packages/airflow/example_dags/example_branch_labels.py
[2024-07-31T08:11:27.038+0000] {logging_mixin.py:188} INFO - [2024-07-31T08:11:27.038+0000] {dag.py:3089} INFO - Sync 1 DAGs
[2024-07-31T08:11:27.060+0000] {logging_mixin.py:188} INFO - [2024-07-31T08:11:27.060+0000] {dag.py:3947} INFO - Setting next_dagrun for example_branch_labels to 2024-07-30 00:00:00+00:00, run_after=2024-07-31 00:00:00+00:00
[2024-07-31T08:11:27.077+0000] {processor.py:183} INFO - Processing /home/airflow/.local/lib/python3.12/site-packages/airflow/example_dags/example_branch_labels.py took 0.077 seconds
[2024-07-31T08:11:57.349+0000] {processor.py:161} INFO - Started process (PID=1572) to work on /home/airflow/.local/lib/python3.12/site-packages/airflow/example_dags/example_branch_labels.py
[2024-07-31T08:11:57.350+0000] {processor.py:830} INFO - Processing file /home/airflow/.local/lib/python3.12/site-packages/airflow/example_dags/example_branch_labels.py for tasks to queue
[2024-07-31T08:11:57.352+0000] {logging_mixin.py:188} INFO - [2024-07-31T08:11:57.351+0000] {dagbag.py:545} INFO - Filling up the DagBag from /home/airflow/.local/lib/python3.12/site-packages/airflow/example_dags/example_branch_labels.py
[2024-07-31T08:11:57.358+0000] {processor.py:840} INFO - DAG(s) 'example_branch_labels' retrieved from /home/airflow/.local/lib/python3.12/site-packages/airflow/example_dags/example_branch_labels.py
[2024-07-31T08:11:57.381+0000] {logging_mixin.py:188} INFO - [2024-07-31T08:11:57.381+0000] {dag.py:3089} INFO - Sync 1 DAGs
[2024-07-31T08:11:57.403+0000] {logging_mixin.py:188} INFO - [2024-07-31T08:11:57.403+0000] {dag.py:3947} INFO - Setting next_dagrun for example_branch_labels to 2024-07-30 00:00:00+00:00, run_after=2024-07-31 00:00:00+00:00
[2024-07-31T08:11:57.420+0000] {processor.py:183} INFO - Processing /home/airflow/.local/lib/python3.12/site-packages/airflow/example_dags/example_branch_labels.py took 0.081 seconds
