[2024-07-31T07:54:25.973+0000] {processor.py:161} INFO - Started process (PID=84) to work on /home/airflow/.local/lib/python3.12/site-packages/airflow/example_dags/example_skip_dag.py
[2024-07-31T07:54:25.974+0000] {processor.py:830} INFO - Processing file /home/airflow/.local/lib/python3.12/site-packages/airflow/example_dags/example_skip_dag.py for tasks to queue
[2024-07-31T07:54:25.976+0000] {logging_mixin.py:188} INFO - [2024-07-31T07:54:25.976+0000] {dagbag.py:545} INFO - Filling up the DagBag from /home/airflow/.local/lib/python3.12/site-packages/airflow/example_dags/example_skip_dag.py
[2024-07-31T07:54:25.987+0000] {processor.py:840} INFO - DAG(s) 'example_skip_dag' retrieved from /home/airflow/.local/lib/python3.12/site-packages/airflow/example_dags/example_skip_dag.py
[2024-07-31T07:54:25.999+0000] {logging_mixin.py:188} INFO - [2024-07-31T07:54:25.999+0000] {dag.py:3089} INFO - Sync 1 DAGs
[2024-07-31T07:54:26.023+0000] {logging_mixin.py:188} INFO - [2024-07-31T07:54:26.023+0000] {dag.py:3947} INFO - Setting next_dagrun for example_skip_dag to 2024-07-30 00:00:00+00:00, run_after=2024-07-31 00:00:00+00:00
[2024-07-31T07:54:26.046+0000] {processor.py:183} INFO - Processing /home/airflow/.local/lib/python3.12/site-packages/airflow/example_dags/example_skip_dag.py took 0.079 seconds
[2024-07-31T07:54:46.173+0000] {processor.py:161} INFO - Started process (PID=83) to work on /home/airflow/.local/lib/python3.12/site-packages/airflow/example_dags/example_skip_dag.py
[2024-07-31T07:54:46.174+0000] {processor.py:830} INFO - Processing file /home/airflow/.local/lib/python3.12/site-packages/airflow/example_dags/example_skip_dag.py for tasks to queue
[2024-07-31T07:54:46.175+0000] {logging_mixin.py:188} INFO - [2024-07-31T07:54:46.175+0000] {dagbag.py:545} INFO - Filling up the DagBag from /home/airflow/.local/lib/python3.12/site-packages/airflow/example_dags/example_skip_dag.py
[2024-07-31T07:54:46.185+0000] {processor.py:840} INFO - DAG(s) 'example_skip_dag' retrieved from /home/airflow/.local/lib/python3.12/site-packages/airflow/example_dags/example_skip_dag.py
[2024-07-31T07:54:46.310+0000] {logging_mixin.py:188} INFO - [2024-07-31T07:54:46.310+0000] {dag.py:3089} INFO - Sync 1 DAGs
[2024-07-31T07:54:46.329+0000] {logging_mixin.py:188} INFO - [2024-07-31T07:54:46.329+0000] {dag.py:3947} INFO - Setting next_dagrun for example_skip_dag to 2024-07-30 00:00:00+00:00, run_after=2024-07-31 00:00:00+00:00
[2024-07-31T07:54:46.353+0000] {processor.py:183} INFO - Processing /home/airflow/.local/lib/python3.12/site-packages/airflow/example_dags/example_skip_dag.py took 0.186 seconds
[2024-07-31T07:55:16.430+0000] {processor.py:161} INFO - Started process (PID=141) to work on /home/airflow/.local/lib/python3.12/site-packages/airflow/example_dags/example_skip_dag.py
[2024-07-31T07:55:16.431+0000] {processor.py:830} INFO - Processing file /home/airflow/.local/lib/python3.12/site-packages/airflow/example_dags/example_skip_dag.py for tasks to queue
[2024-07-31T07:55:16.432+0000] {logging_mixin.py:188} INFO - [2024-07-31T07:55:16.432+0000] {dagbag.py:545} INFO - Filling up the DagBag from /home/airflow/.local/lib/python3.12/site-packages/airflow/example_dags/example_skip_dag.py
[2024-07-31T07:55:16.439+0000] {processor.py:840} INFO - DAG(s) 'example_skip_dag' retrieved from /home/airflow/.local/lib/python3.12/site-packages/airflow/example_dags/example_skip_dag.py
[2024-07-31T07:55:16.460+0000] {logging_mixin.py:188} INFO - [2024-07-31T07:55:16.460+0000] {dag.py:3089} INFO - Sync 1 DAGs
[2024-07-31T07:55:16.482+0000] {logging_mixin.py:188} INFO - [2024-07-31T07:55:16.482+0000] {dag.py:3947} INFO - Setting next_dagrun for example_skip_dag to 2024-07-30 00:00:00+00:00, run_after=2024-07-31 00:00:00+00:00
[2024-07-31T07:55:16.500+0000] {processor.py:183} INFO - Processing /home/airflow/.local/lib/python3.12/site-packages/airflow/example_dags/example_skip_dag.py took 0.075 seconds
[2024-07-31T07:55:46.767+0000] {processor.py:161} INFO - Started process (PID=199) to work on /home/airflow/.local/lib/python3.12/site-packages/airflow/example_dags/example_skip_dag.py
[2024-07-31T07:55:46.768+0000] {processor.py:830} INFO - Processing file /home/airflow/.local/lib/python3.12/site-packages/airflow/example_dags/example_skip_dag.py for tasks to queue
[2024-07-31T07:55:46.769+0000] {logging_mixin.py:188} INFO - [2024-07-31T07:55:46.769+0000] {dagbag.py:545} INFO - Filling up the DagBag from /home/airflow/.local/lib/python3.12/site-packages/airflow/example_dags/example_skip_dag.py
[2024-07-31T07:55:46.774+0000] {processor.py:840} INFO - DAG(s) 'example_skip_dag' retrieved from /home/airflow/.local/lib/python3.12/site-packages/airflow/example_dags/example_skip_dag.py
[2024-07-31T07:55:46.796+0000] {logging_mixin.py:188} INFO - [2024-07-31T07:55:46.795+0000] {dag.py:3089} INFO - Sync 1 DAGs
[2024-07-31T07:55:46.817+0000] {logging_mixin.py:188} INFO - [2024-07-31T07:55:46.817+0000] {dag.py:3947} INFO - Setting next_dagrun for example_skip_dag to 2024-07-30 00:00:00+00:00, run_after=2024-07-31 00:00:00+00:00
[2024-07-31T07:55:46.834+0000] {processor.py:183} INFO - Processing /home/airflow/.local/lib/python3.12/site-packages/airflow/example_dags/example_skip_dag.py took 0.075 seconds
[2024-07-31T07:56:17.300+0000] {processor.py:161} INFO - Started process (PID=257) to work on /home/airflow/.local/lib/python3.12/site-packages/airflow/example_dags/example_skip_dag.py
[2024-07-31T07:56:17.301+0000] {processor.py:830} INFO - Processing file /home/airflow/.local/lib/python3.12/site-packages/airflow/example_dags/example_skip_dag.py for tasks to queue
[2024-07-31T07:56:17.302+0000] {logging_mixin.py:188} INFO - [2024-07-31T07:56:17.302+0000] {dagbag.py:545} INFO - Filling up the DagBag from /home/airflow/.local/lib/python3.12/site-packages/airflow/example_dags/example_skip_dag.py
[2024-07-31T07:56:17.308+0000] {processor.py:840} INFO - DAG(s) 'example_skip_dag' retrieved from /home/airflow/.local/lib/python3.12/site-packages/airflow/example_dags/example_skip_dag.py
[2024-07-31T07:56:17.330+0000] {logging_mixin.py:188} INFO - [2024-07-31T07:56:17.330+0000] {dag.py:3089} INFO - Sync 1 DAGs
[2024-07-31T07:56:17.352+0000] {logging_mixin.py:188} INFO - [2024-07-31T07:56:17.351+0000] {dag.py:3947} INFO - Setting next_dagrun for example_skip_dag to 2024-07-30 00:00:00+00:00, run_after=2024-07-31 00:00:00+00:00
[2024-07-31T07:56:17.369+0000] {processor.py:183} INFO - Processing /home/airflow/.local/lib/python3.12/site-packages/airflow/example_dags/example_skip_dag.py took 0.079 seconds
[2024-07-31T07:56:47.481+0000] {processor.py:161} INFO - Started process (PID=315) to work on /home/airflow/.local/lib/python3.12/site-packages/airflow/example_dags/example_skip_dag.py
[2024-07-31T07:56:47.482+0000] {processor.py:830} INFO - Processing file /home/airflow/.local/lib/python3.12/site-packages/airflow/example_dags/example_skip_dag.py for tasks to queue
[2024-07-31T07:56:47.484+0000] {logging_mixin.py:188} INFO - [2024-07-31T07:56:47.484+0000] {dagbag.py:545} INFO - Filling up the DagBag from /home/airflow/.local/lib/python3.12/site-packages/airflow/example_dags/example_skip_dag.py
[2024-07-31T07:56:47.492+0000] {processor.py:840} INFO - DAG(s) 'example_skip_dag' retrieved from /home/airflow/.local/lib/python3.12/site-packages/airflow/example_dags/example_skip_dag.py
[2024-07-31T07:56:47.519+0000] {logging_mixin.py:188} INFO - [2024-07-31T07:56:47.518+0000] {dag.py:3089} INFO - Sync 1 DAGs
[2024-07-31T07:56:47.543+0000] {logging_mixin.py:188} INFO - [2024-07-31T07:56:47.543+0000] {dag.py:3947} INFO - Setting next_dagrun for example_skip_dag to 2024-07-30 00:00:00+00:00, run_after=2024-07-31 00:00:00+00:00
[2024-07-31T07:56:47.573+0000] {processor.py:183} INFO - Processing /home/airflow/.local/lib/python3.12/site-packages/airflow/example_dags/example_skip_dag.py took 0.098 seconds
[2024-07-31T07:57:17.844+0000] {processor.py:161} INFO - Started process (PID=373) to work on /home/airflow/.local/lib/python3.12/site-packages/airflow/example_dags/example_skip_dag.py
[2024-07-31T07:57:17.845+0000] {processor.py:830} INFO - Processing file /home/airflow/.local/lib/python3.12/site-packages/airflow/example_dags/example_skip_dag.py for tasks to queue
[2024-07-31T07:57:17.847+0000] {logging_mixin.py:188} INFO - [2024-07-31T07:57:17.847+0000] {dagbag.py:545} INFO - Filling up the DagBag from /home/airflow/.local/lib/python3.12/site-packages/airflow/example_dags/example_skip_dag.py
[2024-07-31T07:57:17.852+0000] {processor.py:840} INFO - DAG(s) 'example_skip_dag' retrieved from /home/airflow/.local/lib/python3.12/site-packages/airflow/example_dags/example_skip_dag.py
[2024-07-31T07:57:17.871+0000] {logging_mixin.py:188} INFO - [2024-07-31T07:57:17.871+0000] {dag.py:3089} INFO - Sync 1 DAGs
[2024-07-31T07:57:17.893+0000] {logging_mixin.py:188} INFO - [2024-07-31T07:57:17.892+0000] {dag.py:3947} INFO - Setting next_dagrun for example_skip_dag to 2024-07-30 00:00:00+00:00, run_after=2024-07-31 00:00:00+00:00
[2024-07-31T07:57:17.910+0000] {processor.py:183} INFO - Processing /home/airflow/.local/lib/python3.12/site-packages/airflow/example_dags/example_skip_dag.py took 0.071 seconds
[2024-07-31T07:57:47.967+0000] {processor.py:161} INFO - Started process (PID=431) to work on /home/airflow/.local/lib/python3.12/site-packages/airflow/example_dags/example_skip_dag.py
[2024-07-31T07:57:47.969+0000] {processor.py:830} INFO - Processing file /home/airflow/.local/lib/python3.12/site-packages/airflow/example_dags/example_skip_dag.py for tasks to queue
[2024-07-31T07:57:47.971+0000] {logging_mixin.py:188} INFO - [2024-07-31T07:57:47.971+0000] {dagbag.py:545} INFO - Filling up the DagBag from /home/airflow/.local/lib/python3.12/site-packages/airflow/example_dags/example_skip_dag.py
[2024-07-31T07:57:47.980+0000] {processor.py:840} INFO - DAG(s) 'example_skip_dag' retrieved from /home/airflow/.local/lib/python3.12/site-packages/airflow/example_dags/example_skip_dag.py
[2024-07-31T07:57:48.003+0000] {logging_mixin.py:188} INFO - [2024-07-31T07:57:48.002+0000] {dag.py:3089} INFO - Sync 1 DAGs
[2024-07-31T07:57:48.025+0000] {logging_mixin.py:188} INFO - [2024-07-31T07:57:48.025+0000] {dag.py:3947} INFO - Setting next_dagrun for example_skip_dag to 2024-07-30 00:00:00+00:00, run_after=2024-07-31 00:00:00+00:00
[2024-07-31T07:57:48.050+0000] {processor.py:183} INFO - Processing /home/airflow/.local/lib/python3.12/site-packages/airflow/example_dags/example_skip_dag.py took 0.093 seconds
[2024-07-31T07:58:50.080+0000] {processor.py:161} INFO - Started process (PID=84) to work on /home/airflow/.local/lib/python3.12/site-packages/airflow/example_dags/example_skip_dag.py
[2024-07-31T07:58:50.082+0000] {processor.py:830} INFO - Processing file /home/airflow/.local/lib/python3.12/site-packages/airflow/example_dags/example_skip_dag.py for tasks to queue
[2024-07-31T07:58:50.083+0000] {logging_mixin.py:188} INFO - [2024-07-31T07:58:50.083+0000] {dagbag.py:545} INFO - Filling up the DagBag from /home/airflow/.local/lib/python3.12/site-packages/airflow/example_dags/example_skip_dag.py
[2024-07-31T07:58:50.094+0000] {processor.py:840} INFO - DAG(s) 'example_skip_dag' retrieved from /home/airflow/.local/lib/python3.12/site-packages/airflow/example_dags/example_skip_dag.py
[2024-07-31T07:58:50.111+0000] {logging_mixin.py:188} INFO - [2024-07-31T07:58:50.110+0000] {dag.py:3089} INFO - Sync 1 DAGs
[2024-07-31T07:58:50.143+0000] {logging_mixin.py:188} INFO - [2024-07-31T07:58:50.143+0000] {dag.py:3947} INFO - Setting next_dagrun for example_skip_dag to 2024-07-30 00:00:00+00:00, run_after=2024-07-31 00:00:00+00:00
[2024-07-31T07:58:50.170+0000] {processor.py:183} INFO - Processing /home/airflow/.local/lib/python3.12/site-packages/airflow/example_dags/example_skip_dag.py took 0.095 seconds
[2024-07-31T07:59:21.913+0000] {processor.py:161} INFO - Started process (PID=148) to work on /home/airflow/.local/lib/python3.12/site-packages/airflow/example_dags/example_skip_dag.py
[2024-07-31T07:59:21.914+0000] {processor.py:830} INFO - Processing file /home/airflow/.local/lib/python3.12/site-packages/airflow/example_dags/example_skip_dag.py for tasks to queue
[2024-07-31T07:59:21.915+0000] {logging_mixin.py:188} INFO - [2024-07-31T07:59:21.915+0000] {dagbag.py:545} INFO - Filling up the DagBag from /home/airflow/.local/lib/python3.12/site-packages/airflow/example_dags/example_skip_dag.py
[2024-07-31T07:59:21.921+0000] {processor.py:840} INFO - DAG(s) 'example_skip_dag' retrieved from /home/airflow/.local/lib/python3.12/site-packages/airflow/example_dags/example_skip_dag.py
[2024-07-31T07:59:22.023+0000] {logging_mixin.py:188} INFO - [2024-07-31T07:59:22.023+0000] {dag.py:3089} INFO - Sync 1 DAGs
[2024-07-31T07:59:22.042+0000] {logging_mixin.py:188} INFO - [2024-07-31T07:59:22.042+0000] {dag.py:3947} INFO - Setting next_dagrun for example_skip_dag to 2024-07-30 00:00:00+00:00, run_after=2024-07-31 00:00:00+00:00
[2024-07-31T07:59:22.059+0000] {processor.py:183} INFO - Processing /home/airflow/.local/lib/python3.12/site-packages/airflow/example_dags/example_skip_dag.py took 0.152 seconds
[2024-07-31T07:59:52.154+0000] {processor.py:161} INFO - Started process (PID=206) to work on /home/airflow/.local/lib/python3.12/site-packages/airflow/example_dags/example_skip_dag.py
[2024-07-31T07:59:52.155+0000] {processor.py:830} INFO - Processing file /home/airflow/.local/lib/python3.12/site-packages/airflow/example_dags/example_skip_dag.py for tasks to queue
[2024-07-31T07:59:52.158+0000] {logging_mixin.py:188} INFO - [2024-07-31T07:59:52.157+0000] {dagbag.py:545} INFO - Filling up the DagBag from /home/airflow/.local/lib/python3.12/site-packages/airflow/example_dags/example_skip_dag.py
[2024-07-31T07:59:52.166+0000] {processor.py:840} INFO - DAG(s) 'example_skip_dag' retrieved from /home/airflow/.local/lib/python3.12/site-packages/airflow/example_dags/example_skip_dag.py
[2024-07-31T07:59:52.191+0000] {logging_mixin.py:188} INFO - [2024-07-31T07:59:52.190+0000] {dag.py:3089} INFO - Sync 1 DAGs
[2024-07-31T07:59:52.211+0000] {logging_mixin.py:188} INFO - [2024-07-31T07:59:52.210+0000] {dag.py:3947} INFO - Setting next_dagrun for example_skip_dag to 2024-07-30 00:00:00+00:00, run_after=2024-07-31 00:00:00+00:00
[2024-07-31T07:59:52.230+0000] {processor.py:183} INFO - Processing /home/airflow/.local/lib/python3.12/site-packages/airflow/example_dags/example_skip_dag.py took 0.081 seconds
[2024-07-31T08:00:23.082+0000] {processor.py:161} INFO - Started process (PID=264) to work on /home/airflow/.local/lib/python3.12/site-packages/airflow/example_dags/example_skip_dag.py
[2024-07-31T08:00:23.083+0000] {processor.py:830} INFO - Processing file /home/airflow/.local/lib/python3.12/site-packages/airflow/example_dags/example_skip_dag.py for tasks to queue
[2024-07-31T08:00:23.085+0000] {logging_mixin.py:188} INFO - [2024-07-31T08:00:23.085+0000] {dagbag.py:545} INFO - Filling up the DagBag from /home/airflow/.local/lib/python3.12/site-packages/airflow/example_dags/example_skip_dag.py
[2024-07-31T08:00:23.091+0000] {processor.py:840} INFO - DAG(s) 'example_skip_dag' retrieved from /home/airflow/.local/lib/python3.12/site-packages/airflow/example_dags/example_skip_dag.py
[2024-07-31T08:00:23.110+0000] {logging_mixin.py:188} INFO - [2024-07-31T08:00:23.110+0000] {dag.py:3089} INFO - Sync 1 DAGs
[2024-07-31T08:00:23.132+0000] {logging_mixin.py:188} INFO - [2024-07-31T08:00:23.131+0000] {dag.py:3947} INFO - Setting next_dagrun for example_skip_dag to 2024-07-30 00:00:00+00:00, run_after=2024-07-31 00:00:00+00:00
[2024-07-31T08:00:23.150+0000] {processor.py:183} INFO - Processing /home/airflow/.local/lib/python3.12/site-packages/airflow/example_dags/example_skip_dag.py took 0.078 seconds
[2024-07-31T08:00:53.483+0000] {processor.py:161} INFO - Started process (PID=322) to work on /home/airflow/.local/lib/python3.12/site-packages/airflow/example_dags/example_skip_dag.py
[2024-07-31T08:00:53.484+0000] {processor.py:830} INFO - Processing file /home/airflow/.local/lib/python3.12/site-packages/airflow/example_dags/example_skip_dag.py for tasks to queue
[2024-07-31T08:00:53.486+0000] {logging_mixin.py:188} INFO - [2024-07-31T08:00:53.485+0000] {dagbag.py:545} INFO - Filling up the DagBag from /home/airflow/.local/lib/python3.12/site-packages/airflow/example_dags/example_skip_dag.py
[2024-07-31T08:00:53.491+0000] {processor.py:840} INFO - DAG(s) 'example_skip_dag' retrieved from /home/airflow/.local/lib/python3.12/site-packages/airflow/example_dags/example_skip_dag.py
[2024-07-31T08:00:53.515+0000] {logging_mixin.py:188} INFO - [2024-07-31T08:00:53.514+0000] {dag.py:3089} INFO - Sync 1 DAGs
[2024-07-31T08:00:53.536+0000] {logging_mixin.py:188} INFO - [2024-07-31T08:00:53.536+0000] {dag.py:3947} INFO - Setting next_dagrun for example_skip_dag to 2024-07-30 00:00:00+00:00, run_after=2024-07-31 00:00:00+00:00
[2024-07-31T08:00:53.554+0000] {processor.py:183} INFO - Processing /home/airflow/.local/lib/python3.12/site-packages/airflow/example_dags/example_skip_dag.py took 0.081 seconds
[2024-07-31T08:01:23.729+0000] {processor.py:161} INFO - Started process (PID=380) to work on /home/airflow/.local/lib/python3.12/site-packages/airflow/example_dags/example_skip_dag.py
[2024-07-31T08:01:23.731+0000] {processor.py:830} INFO - Processing file /home/airflow/.local/lib/python3.12/site-packages/airflow/example_dags/example_skip_dag.py for tasks to queue
[2024-07-31T08:01:23.733+0000] {logging_mixin.py:188} INFO - [2024-07-31T08:01:23.732+0000] {dagbag.py:545} INFO - Filling up the DagBag from /home/airflow/.local/lib/python3.12/site-packages/airflow/example_dags/example_skip_dag.py
[2024-07-31T08:01:23.739+0000] {processor.py:840} INFO - DAG(s) 'example_skip_dag' retrieved from /home/airflow/.local/lib/python3.12/site-packages/airflow/example_dags/example_skip_dag.py
[2024-07-31T08:01:23.765+0000] {logging_mixin.py:188} INFO - [2024-07-31T08:01:23.765+0000] {dag.py:3089} INFO - Sync 1 DAGs
[2024-07-31T08:01:23.790+0000] {logging_mixin.py:188} INFO - [2024-07-31T08:01:23.790+0000] {dag.py:3947} INFO - Setting next_dagrun for example_skip_dag to 2024-07-30 00:00:00+00:00, run_after=2024-07-31 00:00:00+00:00
[2024-07-31T08:01:23.810+0000] {processor.py:183} INFO - Processing /home/airflow/.local/lib/python3.12/site-packages/airflow/example_dags/example_skip_dag.py took 0.090 seconds
[2024-07-31T08:01:53.953+0000] {processor.py:161} INFO - Started process (PID=438) to work on /home/airflow/.local/lib/python3.12/site-packages/airflow/example_dags/example_skip_dag.py
[2024-07-31T08:01:53.954+0000] {processor.py:830} INFO - Processing file /home/airflow/.local/lib/python3.12/site-packages/airflow/example_dags/example_skip_dag.py for tasks to queue
[2024-07-31T08:01:53.955+0000] {logging_mixin.py:188} INFO - [2024-07-31T08:01:53.955+0000] {dagbag.py:545} INFO - Filling up the DagBag from /home/airflow/.local/lib/python3.12/site-packages/airflow/example_dags/example_skip_dag.py
[2024-07-31T08:01:53.961+0000] {processor.py:840} INFO - DAG(s) 'example_skip_dag' retrieved from /home/airflow/.local/lib/python3.12/site-packages/airflow/example_dags/example_skip_dag.py
[2024-07-31T08:01:53.982+0000] {logging_mixin.py:188} INFO - [2024-07-31T08:01:53.982+0000] {dag.py:3089} INFO - Sync 1 DAGs
[2024-07-31T08:01:54.006+0000] {logging_mixin.py:188} INFO - [2024-07-31T08:01:54.005+0000] {dag.py:3947} INFO - Setting next_dagrun for example_skip_dag to 2024-07-30 00:00:00+00:00, run_after=2024-07-31 00:00:00+00:00
[2024-07-31T08:01:54.024+0000] {processor.py:183} INFO - Processing /home/airflow/.local/lib/python3.12/site-packages/airflow/example_dags/example_skip_dag.py took 0.077 seconds
[2024-07-31T08:02:24.275+0000] {processor.py:161} INFO - Started process (PID=496) to work on /home/airflow/.local/lib/python3.12/site-packages/airflow/example_dags/example_skip_dag.py
[2024-07-31T08:02:24.276+0000] {processor.py:830} INFO - Processing file /home/airflow/.local/lib/python3.12/site-packages/airflow/example_dags/example_skip_dag.py for tasks to queue
[2024-07-31T08:02:24.277+0000] {logging_mixin.py:188} INFO - [2024-07-31T08:02:24.277+0000] {dagbag.py:545} INFO - Filling up the DagBag from /home/airflow/.local/lib/python3.12/site-packages/airflow/example_dags/example_skip_dag.py
[2024-07-31T08:02:24.283+0000] {processor.py:840} INFO - DAG(s) 'example_skip_dag' retrieved from /home/airflow/.local/lib/python3.12/site-packages/airflow/example_dags/example_skip_dag.py
[2024-07-31T08:02:24.303+0000] {logging_mixin.py:188} INFO - [2024-07-31T08:02:24.303+0000] {dag.py:3089} INFO - Sync 1 DAGs
[2024-07-31T08:02:24.324+0000] {logging_mixin.py:188} INFO - [2024-07-31T08:02:24.324+0000] {dag.py:3947} INFO - Setting next_dagrun for example_skip_dag to 2024-07-30 00:00:00+00:00, run_after=2024-07-31 00:00:00+00:00
[2024-07-31T08:02:24.341+0000] {processor.py:183} INFO - Processing /home/airflow/.local/lib/python3.12/site-packages/airflow/example_dags/example_skip_dag.py took 0.071 seconds
[2024-07-31T08:02:54.674+0000] {processor.py:161} INFO - Started process (PID=554) to work on /home/airflow/.local/lib/python3.12/site-packages/airflow/example_dags/example_skip_dag.py
[2024-07-31T08:02:54.674+0000] {processor.py:830} INFO - Processing file /home/airflow/.local/lib/python3.12/site-packages/airflow/example_dags/example_skip_dag.py for tasks to queue
[2024-07-31T08:02:54.676+0000] {logging_mixin.py:188} INFO - [2024-07-31T08:02:54.676+0000] {dagbag.py:545} INFO - Filling up the DagBag from /home/airflow/.local/lib/python3.12/site-packages/airflow/example_dags/example_skip_dag.py
[2024-07-31T08:02:54.683+0000] {processor.py:840} INFO - DAG(s) 'example_skip_dag' retrieved from /home/airflow/.local/lib/python3.12/site-packages/airflow/example_dags/example_skip_dag.py
[2024-07-31T08:02:54.703+0000] {logging_mixin.py:188} INFO - [2024-07-31T08:02:54.703+0000] {dag.py:3089} INFO - Sync 1 DAGs
[2024-07-31T08:02:54.724+0000] {logging_mixin.py:188} INFO - [2024-07-31T08:02:54.724+0000] {dag.py:3947} INFO - Setting next_dagrun for example_skip_dag to 2024-07-30 00:00:00+00:00, run_after=2024-07-31 00:00:00+00:00
[2024-07-31T08:02:54.742+0000] {processor.py:183} INFO - Processing /home/airflow/.local/lib/python3.12/site-packages/airflow/example_dags/example_skip_dag.py took 0.073 seconds
[2024-07-31T08:03:24.908+0000] {processor.py:161} INFO - Started process (PID=612) to work on /home/airflow/.local/lib/python3.12/site-packages/airflow/example_dags/example_skip_dag.py
[2024-07-31T08:03:24.908+0000] {processor.py:830} INFO - Processing file /home/airflow/.local/lib/python3.12/site-packages/airflow/example_dags/example_skip_dag.py for tasks to queue
[2024-07-31T08:03:24.910+0000] {logging_mixin.py:188} INFO - [2024-07-31T08:03:24.910+0000] {dagbag.py:545} INFO - Filling up the DagBag from /home/airflow/.local/lib/python3.12/site-packages/airflow/example_dags/example_skip_dag.py
[2024-07-31T08:03:24.915+0000] {processor.py:840} INFO - DAG(s) 'example_skip_dag' retrieved from /home/airflow/.local/lib/python3.12/site-packages/airflow/example_dags/example_skip_dag.py
[2024-07-31T08:03:24.934+0000] {logging_mixin.py:188} INFO - [2024-07-31T08:03:24.934+0000] {dag.py:3089} INFO - Sync 1 DAGs
[2024-07-31T08:03:24.955+0000] {logging_mixin.py:188} INFO - [2024-07-31T08:03:24.954+0000] {dag.py:3947} INFO - Setting next_dagrun for example_skip_dag to 2024-07-30 00:00:00+00:00, run_after=2024-07-31 00:00:00+00:00
[2024-07-31T08:03:24.972+0000] {processor.py:183} INFO - Processing /home/airflow/.local/lib/python3.12/site-packages/airflow/example_dags/example_skip_dag.py took 0.070 seconds
[2024-07-31T08:03:55.168+0000] {processor.py:161} INFO - Started process (PID=670) to work on /home/airflow/.local/lib/python3.12/site-packages/airflow/example_dags/example_skip_dag.py
[2024-07-31T08:03:55.169+0000] {processor.py:830} INFO - Processing file /home/airflow/.local/lib/python3.12/site-packages/airflow/example_dags/example_skip_dag.py for tasks to queue
[2024-07-31T08:03:55.171+0000] {logging_mixin.py:188} INFO - [2024-07-31T08:03:55.171+0000] {dagbag.py:545} INFO - Filling up the DagBag from /home/airflow/.local/lib/python3.12/site-packages/airflow/example_dags/example_skip_dag.py
[2024-07-31T08:03:55.176+0000] {processor.py:840} INFO - DAG(s) 'example_skip_dag' retrieved from /home/airflow/.local/lib/python3.12/site-packages/airflow/example_dags/example_skip_dag.py
[2024-07-31T08:03:55.200+0000] {logging_mixin.py:188} INFO - [2024-07-31T08:03:55.200+0000] {dag.py:3089} INFO - Sync 1 DAGs
[2024-07-31T08:03:55.221+0000] {logging_mixin.py:188} INFO - [2024-07-31T08:03:55.220+0000] {dag.py:3947} INFO - Setting next_dagrun for example_skip_dag to 2024-07-30 00:00:00+00:00, run_after=2024-07-31 00:00:00+00:00
[2024-07-31T08:03:55.240+0000] {processor.py:183} INFO - Processing /home/airflow/.local/lib/python3.12/site-packages/airflow/example_dags/example_skip_dag.py took 0.077 seconds
[2024-07-31T08:04:25.749+0000] {processor.py:161} INFO - Started process (PID=728) to work on /home/airflow/.local/lib/python3.12/site-packages/airflow/example_dags/example_skip_dag.py
[2024-07-31T08:04:25.750+0000] {processor.py:830} INFO - Processing file /home/airflow/.local/lib/python3.12/site-packages/airflow/example_dags/example_skip_dag.py for tasks to queue
[2024-07-31T08:04:25.751+0000] {logging_mixin.py:188} INFO - [2024-07-31T08:04:25.751+0000] {dagbag.py:545} INFO - Filling up the DagBag from /home/airflow/.local/lib/python3.12/site-packages/airflow/example_dags/example_skip_dag.py
[2024-07-31T08:04:25.757+0000] {processor.py:840} INFO - DAG(s) 'example_skip_dag' retrieved from /home/airflow/.local/lib/python3.12/site-packages/airflow/example_dags/example_skip_dag.py
[2024-07-31T08:04:25.778+0000] {logging_mixin.py:188} INFO - [2024-07-31T08:04:25.778+0000] {dag.py:3089} INFO - Sync 1 DAGs
[2024-07-31T08:04:25.801+0000] {logging_mixin.py:188} INFO - [2024-07-31T08:04:25.801+0000] {dag.py:3947} INFO - Setting next_dagrun for example_skip_dag to 2024-07-30 00:00:00+00:00, run_after=2024-07-31 00:00:00+00:00
[2024-07-31T08:04:25.820+0000] {processor.py:183} INFO - Processing /home/airflow/.local/lib/python3.12/site-packages/airflow/example_dags/example_skip_dag.py took 0.083 seconds
[2024-07-31T08:04:55.894+0000] {processor.py:161} INFO - Started process (PID=786) to work on /home/airflow/.local/lib/python3.12/site-packages/airflow/example_dags/example_skip_dag.py
[2024-07-31T08:04:55.895+0000] {processor.py:830} INFO - Processing file /home/airflow/.local/lib/python3.12/site-packages/airflow/example_dags/example_skip_dag.py for tasks to queue
[2024-07-31T08:04:55.897+0000] {logging_mixin.py:188} INFO - [2024-07-31T08:04:55.896+0000] {dagbag.py:545} INFO - Filling up the DagBag from /home/airflow/.local/lib/python3.12/site-packages/airflow/example_dags/example_skip_dag.py
[2024-07-31T08:04:55.902+0000] {processor.py:840} INFO - DAG(s) 'example_skip_dag' retrieved from /home/airflow/.local/lib/python3.12/site-packages/airflow/example_dags/example_skip_dag.py
[2024-07-31T08:04:55.922+0000] {logging_mixin.py:188} INFO - [2024-07-31T08:04:55.922+0000] {dag.py:3089} INFO - Sync 1 DAGs
[2024-07-31T08:04:55.945+0000] {logging_mixin.py:188} INFO - [2024-07-31T08:04:55.945+0000] {dag.py:3947} INFO - Setting next_dagrun for example_skip_dag to 2024-07-30 00:00:00+00:00, run_after=2024-07-31 00:00:00+00:00
[2024-07-31T08:04:55.963+0000] {processor.py:183} INFO - Processing /home/airflow/.local/lib/python3.12/site-packages/airflow/example_dags/example_skip_dag.py took 0.073 seconds
[2024-07-31T08:05:26.343+0000] {processor.py:161} INFO - Started process (PID=844) to work on /home/airflow/.local/lib/python3.12/site-packages/airflow/example_dags/example_skip_dag.py
[2024-07-31T08:05:26.344+0000] {processor.py:830} INFO - Processing file /home/airflow/.local/lib/python3.12/site-packages/airflow/example_dags/example_skip_dag.py for tasks to queue
[2024-07-31T08:05:26.345+0000] {logging_mixin.py:188} INFO - [2024-07-31T08:05:26.345+0000] {dagbag.py:545} INFO - Filling up the DagBag from /home/airflow/.local/lib/python3.12/site-packages/airflow/example_dags/example_skip_dag.py
[2024-07-31T08:05:26.351+0000] {processor.py:840} INFO - DAG(s) 'example_skip_dag' retrieved from /home/airflow/.local/lib/python3.12/site-packages/airflow/example_dags/example_skip_dag.py
[2024-07-31T08:05:26.371+0000] {logging_mixin.py:188} INFO - [2024-07-31T08:05:26.371+0000] {dag.py:3089} INFO - Sync 1 DAGs
[2024-07-31T08:05:26.391+0000] {logging_mixin.py:188} INFO - [2024-07-31T08:05:26.390+0000] {dag.py:3947} INFO - Setting next_dagrun for example_skip_dag to 2024-07-30 00:00:00+00:00, run_after=2024-07-31 00:00:00+00:00
[2024-07-31T08:05:26.407+0000] {processor.py:183} INFO - Processing /home/airflow/.local/lib/python3.12/site-packages/airflow/example_dags/example_skip_dag.py took 0.069 seconds
[2024-07-31T08:05:56.824+0000] {processor.py:161} INFO - Started process (PID=902) to work on /home/airflow/.local/lib/python3.12/site-packages/airflow/example_dags/example_skip_dag.py
[2024-07-31T08:05:56.825+0000] {processor.py:830} INFO - Processing file /home/airflow/.local/lib/python3.12/site-packages/airflow/example_dags/example_skip_dag.py for tasks to queue
[2024-07-31T08:05:56.826+0000] {logging_mixin.py:188} INFO - [2024-07-31T08:05:56.826+0000] {dagbag.py:545} INFO - Filling up the DagBag from /home/airflow/.local/lib/python3.12/site-packages/airflow/example_dags/example_skip_dag.py
[2024-07-31T08:05:56.832+0000] {processor.py:840} INFO - DAG(s) 'example_skip_dag' retrieved from /home/airflow/.local/lib/python3.12/site-packages/airflow/example_dags/example_skip_dag.py
[2024-07-31T08:05:56.854+0000] {logging_mixin.py:188} INFO - [2024-07-31T08:05:56.854+0000] {dag.py:3089} INFO - Sync 1 DAGs
[2024-07-31T08:05:56.875+0000] {logging_mixin.py:188} INFO - [2024-07-31T08:05:56.874+0000] {dag.py:3947} INFO - Setting next_dagrun for example_skip_dag to 2024-07-30 00:00:00+00:00, run_after=2024-07-31 00:00:00+00:00
[2024-07-31T08:05:56.893+0000] {processor.py:183} INFO - Processing /home/airflow/.local/lib/python3.12/site-packages/airflow/example_dags/example_skip_dag.py took 0.074 seconds
[2024-07-31T08:06:27.793+0000] {processor.py:161} INFO - Started process (PID=960) to work on /home/airflow/.local/lib/python3.12/site-packages/airflow/example_dags/example_skip_dag.py
[2024-07-31T08:06:27.794+0000] {processor.py:830} INFO - Processing file /home/airflow/.local/lib/python3.12/site-packages/airflow/example_dags/example_skip_dag.py for tasks to queue
[2024-07-31T08:06:27.796+0000] {logging_mixin.py:188} INFO - [2024-07-31T08:06:27.795+0000] {dagbag.py:545} INFO - Filling up the DagBag from /home/airflow/.local/lib/python3.12/site-packages/airflow/example_dags/example_skip_dag.py
[2024-07-31T08:06:27.801+0000] {processor.py:840} INFO - DAG(s) 'example_skip_dag' retrieved from /home/airflow/.local/lib/python3.12/site-packages/airflow/example_dags/example_skip_dag.py
[2024-07-31T08:06:27.824+0000] {logging_mixin.py:188} INFO - [2024-07-31T08:06:27.824+0000] {dag.py:3089} INFO - Sync 1 DAGs
[2024-07-31T08:06:27.848+0000] {logging_mixin.py:188} INFO - [2024-07-31T08:06:27.847+0000] {dag.py:3947} INFO - Setting next_dagrun for example_skip_dag to 2024-07-30 00:00:00+00:00, run_after=2024-07-31 00:00:00+00:00
[2024-07-31T08:06:27.866+0000] {processor.py:183} INFO - Processing /home/airflow/.local/lib/python3.12/site-packages/airflow/example_dags/example_skip_dag.py took 0.081 seconds
[2024-07-31T08:06:58.161+0000] {processor.py:161} INFO - Started process (PID=1018) to work on /home/airflow/.local/lib/python3.12/site-packages/airflow/example_dags/example_skip_dag.py
[2024-07-31T08:06:58.162+0000] {processor.py:830} INFO - Processing file /home/airflow/.local/lib/python3.12/site-packages/airflow/example_dags/example_skip_dag.py for tasks to queue
[2024-07-31T08:06:58.163+0000] {logging_mixin.py:188} INFO - [2024-07-31T08:06:58.163+0000] {dagbag.py:545} INFO - Filling up the DagBag from /home/airflow/.local/lib/python3.12/site-packages/airflow/example_dags/example_skip_dag.py
[2024-07-31T08:06:58.168+0000] {processor.py:840} INFO - DAG(s) 'example_skip_dag' retrieved from /home/airflow/.local/lib/python3.12/site-packages/airflow/example_dags/example_skip_dag.py
[2024-07-31T08:06:58.190+0000] {logging_mixin.py:188} INFO - [2024-07-31T08:06:58.189+0000] {dag.py:3089} INFO - Sync 1 DAGs
[2024-07-31T08:06:58.211+0000] {logging_mixin.py:188} INFO - [2024-07-31T08:06:58.211+0000] {dag.py:3947} INFO - Setting next_dagrun for example_skip_dag to 2024-07-30 00:00:00+00:00, run_after=2024-07-31 00:00:00+00:00
[2024-07-31T08:06:58.229+0000] {processor.py:183} INFO - Processing /home/airflow/.local/lib/python3.12/site-packages/airflow/example_dags/example_skip_dag.py took 0.073 seconds
[2024-07-31T08:07:28.636+0000] {processor.py:161} INFO - Started process (PID=1076) to work on /home/airflow/.local/lib/python3.12/site-packages/airflow/example_dags/example_skip_dag.py
[2024-07-31T08:07:28.637+0000] {processor.py:830} INFO - Processing file /home/airflow/.local/lib/python3.12/site-packages/airflow/example_dags/example_skip_dag.py for tasks to queue
[2024-07-31T08:07:28.640+0000] {logging_mixin.py:188} INFO - [2024-07-31T08:07:28.640+0000] {dagbag.py:545} INFO - Filling up the DagBag from /home/airflow/.local/lib/python3.12/site-packages/airflow/example_dags/example_skip_dag.py
[2024-07-31T08:07:28.645+0000] {processor.py:840} INFO - DAG(s) 'example_skip_dag' retrieved from /home/airflow/.local/lib/python3.12/site-packages/airflow/example_dags/example_skip_dag.py
[2024-07-31T08:07:28.667+0000] {logging_mixin.py:188} INFO - [2024-07-31T08:07:28.667+0000] {dag.py:3089} INFO - Sync 1 DAGs
[2024-07-31T08:07:28.689+0000] {logging_mixin.py:188} INFO - [2024-07-31T08:07:28.689+0000] {dag.py:3947} INFO - Setting next_dagrun for example_skip_dag to 2024-07-30 00:00:00+00:00, run_after=2024-07-31 00:00:00+00:00
[2024-07-31T08:07:28.707+0000] {processor.py:183} INFO - Processing /home/airflow/.local/lib/python3.12/site-packages/airflow/example_dags/example_skip_dag.py took 0.080 seconds
[2024-07-31T08:07:59.038+0000] {processor.py:161} INFO - Started process (PID=1134) to work on /home/airflow/.local/lib/python3.12/site-packages/airflow/example_dags/example_skip_dag.py
[2024-07-31T08:07:59.039+0000] {processor.py:830} INFO - Processing file /home/airflow/.local/lib/python3.12/site-packages/airflow/example_dags/example_skip_dag.py for tasks to queue
[2024-07-31T08:07:59.040+0000] {logging_mixin.py:188} INFO - [2024-07-31T08:07:59.040+0000] {dagbag.py:545} INFO - Filling up the DagBag from /home/airflow/.local/lib/python3.12/site-packages/airflow/example_dags/example_skip_dag.py
[2024-07-31T08:07:59.046+0000] {processor.py:840} INFO - DAG(s) 'example_skip_dag' retrieved from /home/airflow/.local/lib/python3.12/site-packages/airflow/example_dags/example_skip_dag.py
[2024-07-31T08:07:59.067+0000] {logging_mixin.py:188} INFO - [2024-07-31T08:07:59.067+0000] {dag.py:3089} INFO - Sync 1 DAGs
[2024-07-31T08:07:59.092+0000] {logging_mixin.py:188} INFO - [2024-07-31T08:07:59.092+0000] {dag.py:3947} INFO - Setting next_dagrun for example_skip_dag to 2024-07-30 00:00:00+00:00, run_after=2024-07-31 00:00:00+00:00
[2024-07-31T08:07:59.111+0000] {processor.py:183} INFO - Processing /home/airflow/.local/lib/python3.12/site-packages/airflow/example_dags/example_skip_dag.py took 0.078 seconds
[2024-07-31T08:08:29.288+0000] {processor.py:161} INFO - Started process (PID=1193) to work on /home/airflow/.local/lib/python3.12/site-packages/airflow/example_dags/example_skip_dag.py
[2024-07-31T08:08:29.289+0000] {processor.py:830} INFO - Processing file /home/airflow/.local/lib/python3.12/site-packages/airflow/example_dags/example_skip_dag.py for tasks to queue
[2024-07-31T08:08:29.291+0000] {logging_mixin.py:188} INFO - [2024-07-31T08:08:29.291+0000] {dagbag.py:545} INFO - Filling up the DagBag from /home/airflow/.local/lib/python3.12/site-packages/airflow/example_dags/example_skip_dag.py
[2024-07-31T08:08:29.296+0000] {processor.py:840} INFO - DAG(s) 'example_skip_dag' retrieved from /home/airflow/.local/lib/python3.12/site-packages/airflow/example_dags/example_skip_dag.py
[2024-07-31T08:08:29.315+0000] {logging_mixin.py:188} INFO - [2024-07-31T08:08:29.315+0000] {dag.py:3089} INFO - Sync 1 DAGs
[2024-07-31T08:08:29.336+0000] {logging_mixin.py:188} INFO - [2024-07-31T08:08:29.335+0000] {dag.py:3947} INFO - Setting next_dagrun for example_skip_dag to 2024-07-30 00:00:00+00:00, run_after=2024-07-31 00:00:00+00:00
[2024-07-31T08:08:29.354+0000] {processor.py:183} INFO - Processing /home/airflow/.local/lib/python3.12/site-packages/airflow/example_dags/example_skip_dag.py took 0.071 seconds
[2024-07-31T08:08:59.494+0000] {processor.py:161} INFO - Started process (PID=1251) to work on /home/airflow/.local/lib/python3.12/site-packages/airflow/example_dags/example_skip_dag.py
[2024-07-31T08:08:59.495+0000] {processor.py:830} INFO - Processing file /home/airflow/.local/lib/python3.12/site-packages/airflow/example_dags/example_skip_dag.py for tasks to queue
[2024-07-31T08:08:59.497+0000] {logging_mixin.py:188} INFO - [2024-07-31T08:08:59.496+0000] {dagbag.py:545} INFO - Filling up the DagBag from /home/airflow/.local/lib/python3.12/site-packages/airflow/example_dags/example_skip_dag.py
[2024-07-31T08:08:59.502+0000] {processor.py:840} INFO - DAG(s) 'example_skip_dag' retrieved from /home/airflow/.local/lib/python3.12/site-packages/airflow/example_dags/example_skip_dag.py
[2024-07-31T08:08:59.521+0000] {logging_mixin.py:188} INFO - [2024-07-31T08:08:59.521+0000] {dag.py:3089} INFO - Sync 1 DAGs
[2024-07-31T08:08:59.540+0000] {logging_mixin.py:188} INFO - [2024-07-31T08:08:59.540+0000] {dag.py:3947} INFO - Setting next_dagrun for example_skip_dag to 2024-07-30 00:00:00+00:00, run_after=2024-07-31 00:00:00+00:00
[2024-07-31T08:08:59.556+0000] {processor.py:183} INFO - Processing /home/airflow/.local/lib/python3.12/site-packages/airflow/example_dags/example_skip_dag.py took 0.071 seconds
[2024-07-31T08:09:29.961+0000] {processor.py:161} INFO - Started process (PID=1309) to work on /home/airflow/.local/lib/python3.12/site-packages/airflow/example_dags/example_skip_dag.py
[2024-07-31T08:09:29.962+0000] {processor.py:830} INFO - Processing file /home/airflow/.local/lib/python3.12/site-packages/airflow/example_dags/example_skip_dag.py for tasks to queue
[2024-07-31T08:09:29.964+0000] {logging_mixin.py:188} INFO - [2024-07-31T08:09:29.964+0000] {dagbag.py:545} INFO - Filling up the DagBag from /home/airflow/.local/lib/python3.12/site-packages/airflow/example_dags/example_skip_dag.py
[2024-07-31T08:09:29.969+0000] {processor.py:840} INFO - DAG(s) 'example_skip_dag' retrieved from /home/airflow/.local/lib/python3.12/site-packages/airflow/example_dags/example_skip_dag.py
[2024-07-31T08:09:29.989+0000] {logging_mixin.py:188} INFO - [2024-07-31T08:09:29.989+0000] {dag.py:3089} INFO - Sync 1 DAGs
[2024-07-31T08:09:30.008+0000] {logging_mixin.py:188} INFO - [2024-07-31T08:09:30.008+0000] {dag.py:3947} INFO - Setting next_dagrun for example_skip_dag to 2024-07-30 00:00:00+00:00, run_after=2024-07-31 00:00:00+00:00
[2024-07-31T08:09:30.024+0000] {processor.py:183} INFO - Processing /home/airflow/.local/lib/python3.12/site-packages/airflow/example_dags/example_skip_dag.py took 0.068 seconds
[2024-07-31T08:10:00.160+0000] {processor.py:161} INFO - Started process (PID=1367) to work on /home/airflow/.local/lib/python3.12/site-packages/airflow/example_dags/example_skip_dag.py
[2024-07-31T08:10:00.160+0000] {processor.py:830} INFO - Processing file /home/airflow/.local/lib/python3.12/site-packages/airflow/example_dags/example_skip_dag.py for tasks to queue
[2024-07-31T08:10:00.163+0000] {logging_mixin.py:188} INFO - [2024-07-31T08:10:00.163+0000] {dagbag.py:545} INFO - Filling up the DagBag from /home/airflow/.local/lib/python3.12/site-packages/airflow/example_dags/example_skip_dag.py
[2024-07-31T08:10:00.172+0000] {processor.py:840} INFO - DAG(s) 'example_skip_dag' retrieved from /home/airflow/.local/lib/python3.12/site-packages/airflow/example_dags/example_skip_dag.py
[2024-07-31T08:10:00.193+0000] {logging_mixin.py:188} INFO - [2024-07-31T08:10:00.193+0000] {dag.py:3089} INFO - Sync 1 DAGs
[2024-07-31T08:10:00.213+0000] {logging_mixin.py:188} INFO - [2024-07-31T08:10:00.213+0000] {dag.py:3947} INFO - Setting next_dagrun for example_skip_dag to 2024-07-30 00:00:00+00:00, run_after=2024-07-31 00:00:00+00:00
[2024-07-31T08:10:00.231+0000] {processor.py:183} INFO - Processing /home/airflow/.local/lib/python3.12/site-packages/airflow/example_dags/example_skip_dag.py took 0.076 seconds
[2024-07-31T08:10:30.648+0000] {processor.py:161} INFO - Started process (PID=1425) to work on /home/airflow/.local/lib/python3.12/site-packages/airflow/example_dags/example_skip_dag.py
[2024-07-31T08:10:30.649+0000] {processor.py:830} INFO - Processing file /home/airflow/.local/lib/python3.12/site-packages/airflow/example_dags/example_skip_dag.py for tasks to queue
[2024-07-31T08:10:30.653+0000] {logging_mixin.py:188} INFO - [2024-07-31T08:10:30.652+0000] {dagbag.py:545} INFO - Filling up the DagBag from /home/airflow/.local/lib/python3.12/site-packages/airflow/example_dags/example_skip_dag.py
[2024-07-31T08:10:30.661+0000] {processor.py:840} INFO - DAG(s) 'example_skip_dag' retrieved from /home/airflow/.local/lib/python3.12/site-packages/airflow/example_dags/example_skip_dag.py
[2024-07-31T08:10:30.680+0000] {logging_mixin.py:188} INFO - [2024-07-31T08:10:30.679+0000] {dag.py:3089} INFO - Sync 1 DAGs
[2024-07-31T08:10:30.700+0000] {logging_mixin.py:188} INFO - [2024-07-31T08:10:30.700+0000] {dag.py:3947} INFO - Setting next_dagrun for example_skip_dag to 2024-07-30 00:00:00+00:00, run_after=2024-07-31 00:00:00+00:00
[2024-07-31T08:10:30.717+0000] {processor.py:183} INFO - Processing /home/airflow/.local/lib/python3.12/site-packages/airflow/example_dags/example_skip_dag.py took 0.073 seconds
[2024-07-31T08:11:00.989+0000] {processor.py:161} INFO - Started process (PID=1483) to work on /home/airflow/.local/lib/python3.12/site-packages/airflow/example_dags/example_skip_dag.py
[2024-07-31T08:11:00.990+0000] {processor.py:830} INFO - Processing file /home/airflow/.local/lib/python3.12/site-packages/airflow/example_dags/example_skip_dag.py for tasks to queue
[2024-07-31T08:11:00.991+0000] {logging_mixin.py:188} INFO - [2024-07-31T08:11:00.991+0000] {dagbag.py:545} INFO - Filling up the DagBag from /home/airflow/.local/lib/python3.12/site-packages/airflow/example_dags/example_skip_dag.py
[2024-07-31T08:11:00.997+0000] {processor.py:840} INFO - DAG(s) 'example_skip_dag' retrieved from /home/airflow/.local/lib/python3.12/site-packages/airflow/example_dags/example_skip_dag.py
[2024-07-31T08:11:01.017+0000] {logging_mixin.py:188} INFO - [2024-07-31T08:11:01.017+0000] {dag.py:3089} INFO - Sync 1 DAGs
[2024-07-31T08:11:01.038+0000] {logging_mixin.py:188} INFO - [2024-07-31T08:11:01.038+0000] {dag.py:3947} INFO - Setting next_dagrun for example_skip_dag to 2024-07-30 00:00:00+00:00, run_after=2024-07-31 00:00:00+00:00
[2024-07-31T08:11:01.055+0000] {processor.py:183} INFO - Processing /home/airflow/.local/lib/python3.12/site-packages/airflow/example_dags/example_skip_dag.py took 0.075 seconds
[2024-07-31T08:11:31.583+0000] {processor.py:161} INFO - Started process (PID=1541) to work on /home/airflow/.local/lib/python3.12/site-packages/airflow/example_dags/example_skip_dag.py
[2024-07-31T08:11:31.584+0000] {processor.py:830} INFO - Processing file /home/airflow/.local/lib/python3.12/site-packages/airflow/example_dags/example_skip_dag.py for tasks to queue
[2024-07-31T08:11:31.586+0000] {logging_mixin.py:188} INFO - [2024-07-31T08:11:31.586+0000] {dagbag.py:545} INFO - Filling up the DagBag from /home/airflow/.local/lib/python3.12/site-packages/airflow/example_dags/example_skip_dag.py
[2024-07-31T08:11:31.593+0000] {processor.py:840} INFO - DAG(s) 'example_skip_dag' retrieved from /home/airflow/.local/lib/python3.12/site-packages/airflow/example_dags/example_skip_dag.py
[2024-07-31T08:11:31.618+0000] {logging_mixin.py:188} INFO - [2024-07-31T08:11:31.618+0000] {dag.py:3089} INFO - Sync 1 DAGs
[2024-07-31T08:11:31.641+0000] {logging_mixin.py:188} INFO - [2024-07-31T08:11:31.641+0000] {dag.py:3947} INFO - Setting next_dagrun for example_skip_dag to 2024-07-30 00:00:00+00:00, run_after=2024-07-31 00:00:00+00:00
[2024-07-31T08:11:31.664+0000] {processor.py:183} INFO - Processing /home/airflow/.local/lib/python3.12/site-packages/airflow/example_dags/example_skip_dag.py took 0.088 seconds
[2024-07-31T08:12:01.947+0000] {processor.py:161} INFO - Started process (PID=1599) to work on /home/airflow/.local/lib/python3.12/site-packages/airflow/example_dags/example_skip_dag.py
[2024-07-31T08:12:01.948+0000] {processor.py:830} INFO - Processing file /home/airflow/.local/lib/python3.12/site-packages/airflow/example_dags/example_skip_dag.py for tasks to queue
[2024-07-31T08:12:01.950+0000] {logging_mixin.py:188} INFO - [2024-07-31T08:12:01.949+0000] {dagbag.py:545} INFO - Filling up the DagBag from /home/airflow/.local/lib/python3.12/site-packages/airflow/example_dags/example_skip_dag.py
[2024-07-31T08:12:01.955+0000] {processor.py:840} INFO - DAG(s) 'example_skip_dag' retrieved from /home/airflow/.local/lib/python3.12/site-packages/airflow/example_dags/example_skip_dag.py
[2024-07-31T08:12:01.976+0000] {logging_mixin.py:188} INFO - [2024-07-31T08:12:01.976+0000] {dag.py:3089} INFO - Sync 1 DAGs
[2024-07-31T08:12:01.998+0000] {logging_mixin.py:188} INFO - [2024-07-31T08:12:01.998+0000] {dag.py:3947} INFO - Setting next_dagrun for example_skip_dag to 2024-07-30 00:00:00+00:00, run_after=2024-07-31 00:00:00+00:00
[2024-07-31T08:12:02.016+0000] {processor.py:183} INFO - Processing /home/airflow/.local/lib/python3.12/site-packages/airflow/example_dags/example_skip_dag.py took 0.075 seconds
