[2024-07-31T07:54:23.913+0000] {processor.py:161} INFO - Started process (PID=54) to work on /home/airflow/.local/lib/python3.12/site-packages/airflow/example_dags/example_bash_operator.py
[2024-07-31T07:54:23.914+0000] {processor.py:830} INFO - Processing file /home/airflow/.local/lib/python3.12/site-packages/airflow/example_dags/example_bash_operator.py for tasks to queue
[2024-07-31T07:54:23.916+0000] {logging_mixin.py:188} INFO - [2024-07-31T07:54:23.916+0000] {dagbag.py:545} INFO - Filling up the DagBag from /home/airflow/.local/lib/python3.12/site-packages/airflow/example_dags/example_bash_operator.py
[2024-07-31T07:54:23.934+0000] {processor.py:840} INFO - DAG(s) 'example_bash_operator' retrieved from /home/airflow/.local/lib/python3.12/site-packages/airflow/example_dags/example_bash_operator.py
[2024-07-31T07:54:23.964+0000] {logging_mixin.py:188} INFO - [2024-07-31T07:54:23.963+0000] {dag.py:3089} INFO - Sync 1 DAGs
[2024-07-31T07:54:23.986+0000] {logging_mixin.py:188} INFO - [2024-07-31T07:54:23.986+0000] {dag.py:3947} INFO - Setting next_dagrun for example_bash_operator to 2024-07-30 00:00:00+00:00, run_after=2024-07-31 00:00:00+00:00
[2024-07-31T07:54:24.006+0000] {processor.py:183} INFO - Processing /home/airflow/.local/lib/python3.12/site-packages/airflow/example_dags/example_bash_operator.py took 0.100 seconds
[2024-07-31T07:54:42.019+0000] {processor.py:161} INFO - Started process (PID=47) to work on /home/airflow/.local/lib/python3.12/site-packages/airflow/example_dags/example_bash_operator.py
[2024-07-31T07:54:42.020+0000] {processor.py:830} INFO - Processing file /home/airflow/.local/lib/python3.12/site-packages/airflow/example_dags/example_bash_operator.py for tasks to queue
[2024-07-31T07:54:42.021+0000] {logging_mixin.py:188} INFO - [2024-07-31T07:54:42.021+0000] {dagbag.py:545} INFO - Filling up the DagBag from /home/airflow/.local/lib/python3.12/site-packages/airflow/example_dags/example_bash_operator.py
[2024-07-31T07:54:42.033+0000] {processor.py:840} INFO - DAG(s) 'example_bash_operator' retrieved from /home/airflow/.local/lib/python3.12/site-packages/airflow/example_dags/example_bash_operator.py
[2024-07-31T07:54:42.259+0000] {logging_mixin.py:188} INFO - [2024-07-31T07:54:42.259+0000] {dag.py:3089} INFO - Sync 1 DAGs
[2024-07-31T07:54:42.284+0000] {logging_mixin.py:188} INFO - [2024-07-31T07:54:42.283+0000] {dag.py:3947} INFO - Setting next_dagrun for example_bash_operator to 2024-07-30 00:00:00+00:00, run_after=2024-07-31 00:00:00+00:00
[2024-07-31T07:54:42.304+0000] {processor.py:183} INFO - Processing /home/airflow/.local/lib/python3.12/site-packages/airflow/example_dags/example_bash_operator.py took 0.296 seconds
[2024-07-31T07:55:12.587+0000] {processor.py:161} INFO - Started process (PID=105) to work on /home/airflow/.local/lib/python3.12/site-packages/airflow/example_dags/example_bash_operator.py
[2024-07-31T07:55:12.588+0000] {processor.py:830} INFO - Processing file /home/airflow/.local/lib/python3.12/site-packages/airflow/example_dags/example_bash_operator.py for tasks to queue
[2024-07-31T07:55:12.590+0000] {logging_mixin.py:188} INFO - [2024-07-31T07:55:12.589+0000] {dagbag.py:545} INFO - Filling up the DagBag from /home/airflow/.local/lib/python3.12/site-packages/airflow/example_dags/example_bash_operator.py
[2024-07-31T07:55:12.599+0000] {processor.py:840} INFO - DAG(s) 'example_bash_operator' retrieved from /home/airflow/.local/lib/python3.12/site-packages/airflow/example_dags/example_bash_operator.py
[2024-07-31T07:55:12.623+0000] {logging_mixin.py:188} INFO - [2024-07-31T07:55:12.623+0000] {dag.py:3089} INFO - Sync 1 DAGs
[2024-07-31T07:55:12.646+0000] {logging_mixin.py:188} INFO - [2024-07-31T07:55:12.646+0000] {dag.py:3947} INFO - Setting next_dagrun for example_bash_operator to 2024-07-30 00:00:00+00:00, run_after=2024-07-31 00:00:00+00:00
[2024-07-31T07:55:12.665+0000] {processor.py:183} INFO - Processing /home/airflow/.local/lib/python3.12/site-packages/airflow/example_dags/example_bash_operator.py took 0.083 seconds
[2024-07-31T07:55:42.924+0000] {processor.py:161} INFO - Started process (PID=163) to work on /home/airflow/.local/lib/python3.12/site-packages/airflow/example_dags/example_bash_operator.py
[2024-07-31T07:55:42.925+0000] {processor.py:830} INFO - Processing file /home/airflow/.local/lib/python3.12/site-packages/airflow/example_dags/example_bash_operator.py for tasks to queue
[2024-07-31T07:55:42.927+0000] {logging_mixin.py:188} INFO - [2024-07-31T07:55:42.926+0000] {dagbag.py:545} INFO - Filling up the DagBag from /home/airflow/.local/lib/python3.12/site-packages/airflow/example_dags/example_bash_operator.py
[2024-07-31T07:55:42.936+0000] {processor.py:840} INFO - DAG(s) 'example_bash_operator' retrieved from /home/airflow/.local/lib/python3.12/site-packages/airflow/example_dags/example_bash_operator.py
[2024-07-31T07:55:42.962+0000] {logging_mixin.py:188} INFO - [2024-07-31T07:55:42.962+0000] {dag.py:3089} INFO - Sync 1 DAGs
[2024-07-31T07:55:42.983+0000] {logging_mixin.py:188} INFO - [2024-07-31T07:55:42.983+0000] {dag.py:3947} INFO - Setting next_dagrun for example_bash_operator to 2024-07-30 00:00:00+00:00, run_after=2024-07-31 00:00:00+00:00
[2024-07-31T07:55:43.001+0000] {processor.py:183} INFO - Processing /home/airflow/.local/lib/python3.12/site-packages/airflow/example_dags/example_bash_operator.py took 0.086 seconds
[2024-07-31T07:56:13.420+0000] {processor.py:161} INFO - Started process (PID=221) to work on /home/airflow/.local/lib/python3.12/site-packages/airflow/example_dags/example_bash_operator.py
[2024-07-31T07:56:13.421+0000] {processor.py:830} INFO - Processing file /home/airflow/.local/lib/python3.12/site-packages/airflow/example_dags/example_bash_operator.py for tasks to queue
[2024-07-31T07:56:13.422+0000] {logging_mixin.py:188} INFO - [2024-07-31T07:56:13.422+0000] {dagbag.py:545} INFO - Filling up the DagBag from /home/airflow/.local/lib/python3.12/site-packages/airflow/example_dags/example_bash_operator.py
[2024-07-31T07:56:13.431+0000] {processor.py:840} INFO - DAG(s) 'example_bash_operator' retrieved from /home/airflow/.local/lib/python3.12/site-packages/airflow/example_dags/example_bash_operator.py
[2024-07-31T07:56:13.458+0000] {logging_mixin.py:188} INFO - [2024-07-31T07:56:13.458+0000] {dag.py:3089} INFO - Sync 1 DAGs
[2024-07-31T07:56:13.482+0000] {logging_mixin.py:188} INFO - [2024-07-31T07:56:13.482+0000] {dag.py:3947} INFO - Setting next_dagrun for example_bash_operator to 2024-07-30 00:00:00+00:00, run_after=2024-07-31 00:00:00+00:00
[2024-07-31T07:56:13.502+0000] {processor.py:183} INFO - Processing /home/airflow/.local/lib/python3.12/site-packages/airflow/example_dags/example_bash_operator.py took 0.091 seconds
[2024-07-31T07:56:43.608+0000] {processor.py:161} INFO - Started process (PID=279) to work on /home/airflow/.local/lib/python3.12/site-packages/airflow/example_dags/example_bash_operator.py
[2024-07-31T07:56:43.609+0000] {processor.py:830} INFO - Processing file /home/airflow/.local/lib/python3.12/site-packages/airflow/example_dags/example_bash_operator.py for tasks to queue
[2024-07-31T07:56:43.612+0000] {logging_mixin.py:188} INFO - [2024-07-31T07:56:43.611+0000] {dagbag.py:545} INFO - Filling up the DagBag from /home/airflow/.local/lib/python3.12/site-packages/airflow/example_dags/example_bash_operator.py
[2024-07-31T07:56:43.624+0000] {processor.py:840} INFO - DAG(s) 'example_bash_operator' retrieved from /home/airflow/.local/lib/python3.12/site-packages/airflow/example_dags/example_bash_operator.py
[2024-07-31T07:56:43.653+0000] {logging_mixin.py:188} INFO - [2024-07-31T07:56:43.653+0000] {dag.py:3089} INFO - Sync 1 DAGs
[2024-07-31T07:56:43.676+0000] {logging_mixin.py:188} INFO - [2024-07-31T07:56:43.675+0000] {dag.py:3947} INFO - Setting next_dagrun for example_bash_operator to 2024-07-30 00:00:00+00:00, run_after=2024-07-31 00:00:00+00:00
[2024-07-31T07:56:43.697+0000] {processor.py:183} INFO - Processing /home/airflow/.local/lib/python3.12/site-packages/airflow/example_dags/example_bash_operator.py took 0.101 seconds
[2024-07-31T07:57:13.791+0000] {processor.py:161} INFO - Started process (PID=337) to work on /home/airflow/.local/lib/python3.12/site-packages/airflow/example_dags/example_bash_operator.py
[2024-07-31T07:57:13.792+0000] {processor.py:830} INFO - Processing file /home/airflow/.local/lib/python3.12/site-packages/airflow/example_dags/example_bash_operator.py for tasks to queue
[2024-07-31T07:57:13.793+0000] {logging_mixin.py:188} INFO - [2024-07-31T07:57:13.793+0000] {dagbag.py:545} INFO - Filling up the DagBag from /home/airflow/.local/lib/python3.12/site-packages/airflow/example_dags/example_bash_operator.py
[2024-07-31T07:57:13.805+0000] {processor.py:840} INFO - DAG(s) 'example_bash_operator' retrieved from /home/airflow/.local/lib/python3.12/site-packages/airflow/example_dags/example_bash_operator.py
[2024-07-31T07:57:13.839+0000] {logging_mixin.py:188} INFO - [2024-07-31T07:57:13.839+0000] {dag.py:3089} INFO - Sync 1 DAGs
[2024-07-31T07:57:13.862+0000] {logging_mixin.py:188} INFO - [2024-07-31T07:57:13.862+0000] {dag.py:3947} INFO - Setting next_dagrun for example_bash_operator to 2024-07-30 00:00:00+00:00, run_after=2024-07-31 00:00:00+00:00
[2024-07-31T07:57:13.882+0000] {processor.py:183} INFO - Processing /home/airflow/.local/lib/python3.12/site-packages/airflow/example_dags/example_bash_operator.py took 0.099 seconds
[2024-07-31T07:57:44.325+0000] {processor.py:161} INFO - Started process (PID=395) to work on /home/airflow/.local/lib/python3.12/site-packages/airflow/example_dags/example_bash_operator.py
[2024-07-31T07:57:44.326+0000] {processor.py:830} INFO - Processing file /home/airflow/.local/lib/python3.12/site-packages/airflow/example_dags/example_bash_operator.py for tasks to queue
[2024-07-31T07:57:44.329+0000] {logging_mixin.py:188} INFO - [2024-07-31T07:57:44.329+0000] {dagbag.py:545} INFO - Filling up the DagBag from /home/airflow/.local/lib/python3.12/site-packages/airflow/example_dags/example_bash_operator.py
[2024-07-31T07:57:44.338+0000] {processor.py:840} INFO - DAG(s) 'example_bash_operator' retrieved from /home/airflow/.local/lib/python3.12/site-packages/airflow/example_dags/example_bash_operator.py
[2024-07-31T07:57:44.364+0000] {logging_mixin.py:188} INFO - [2024-07-31T07:57:44.363+0000] {dag.py:3089} INFO - Sync 1 DAGs
[2024-07-31T07:57:44.385+0000] {logging_mixin.py:188} INFO - [2024-07-31T07:57:44.385+0000] {dag.py:3947} INFO - Setting next_dagrun for example_bash_operator to 2024-07-30 00:00:00+00:00, run_after=2024-07-31 00:00:00+00:00
[2024-07-31T07:57:44.404+0000] {processor.py:183} INFO - Processing /home/airflow/.local/lib/python3.12/site-packages/airflow/example_dags/example_bash_operator.py took 0.090 seconds
[2024-07-31T07:58:47.959+0000] {processor.py:161} INFO - Started process (PID=54) to work on /home/airflow/.local/lib/python3.12/site-packages/airflow/example_dags/example_bash_operator.py
[2024-07-31T07:58:47.959+0000] {processor.py:830} INFO - Processing file /home/airflow/.local/lib/python3.12/site-packages/airflow/example_dags/example_bash_operator.py for tasks to queue
[2024-07-31T07:58:47.961+0000] {logging_mixin.py:188} INFO - [2024-07-31T07:58:47.961+0000] {dagbag.py:545} INFO - Filling up the DagBag from /home/airflow/.local/lib/python3.12/site-packages/airflow/example_dags/example_bash_operator.py
[2024-07-31T07:58:47.985+0000] {processor.py:840} INFO - DAG(s) 'example_bash_operator' retrieved from /home/airflow/.local/lib/python3.12/site-packages/airflow/example_dags/example_bash_operator.py
[2024-07-31T07:58:48.018+0000] {logging_mixin.py:188} INFO - [2024-07-31T07:58:48.018+0000] {dag.py:3089} INFO - Sync 1 DAGs
[2024-07-31T07:58:48.040+0000] {logging_mixin.py:188} INFO - [2024-07-31T07:58:48.040+0000] {dag.py:3947} INFO - Setting next_dagrun for example_bash_operator to 2024-07-30 00:00:00+00:00, run_after=2024-07-31 00:00:00+00:00
[2024-07-31T07:58:48.064+0000] {processor.py:183} INFO - Processing /home/airflow/.local/lib/python3.12/site-packages/airflow/example_dags/example_bash_operator.py took 0.112 seconds
[2024-07-31T07:59:18.392+0000] {processor.py:161} INFO - Started process (PID=112) to work on /home/airflow/.local/lib/python3.12/site-packages/airflow/example_dags/example_bash_operator.py
[2024-07-31T07:59:18.393+0000] {processor.py:830} INFO - Processing file /home/airflow/.local/lib/python3.12/site-packages/airflow/example_dags/example_bash_operator.py for tasks to queue
[2024-07-31T07:59:18.395+0000] {logging_mixin.py:188} INFO - [2024-07-31T07:59:18.394+0000] {dagbag.py:545} INFO - Filling up the DagBag from /home/airflow/.local/lib/python3.12/site-packages/airflow/example_dags/example_bash_operator.py
[2024-07-31T07:59:18.405+0000] {processor.py:840} INFO - DAG(s) 'example_bash_operator' retrieved from /home/airflow/.local/lib/python3.12/site-packages/airflow/example_dags/example_bash_operator.py
[2024-07-31T07:59:18.640+0000] {logging_mixin.py:188} INFO - [2024-07-31T07:59:18.640+0000] {dag.py:3089} INFO - Sync 1 DAGs
[2024-07-31T07:59:18.665+0000] {logging_mixin.py:188} INFO - [2024-07-31T07:59:18.665+0000] {dag.py:3947} INFO - Setting next_dagrun for example_bash_operator to 2024-07-30 00:00:00+00:00, run_after=2024-07-31 00:00:00+00:00
[2024-07-31T07:59:18.689+0000] {processor.py:183} INFO - Processing /home/airflow/.local/lib/python3.12/site-packages/airflow/example_dags/example_bash_operator.py took 0.302 seconds
[2024-07-31T07:59:49.026+0000] {processor.py:161} INFO - Started process (PID=170) to work on /home/airflow/.local/lib/python3.12/site-packages/airflow/example_dags/example_bash_operator.py
[2024-07-31T07:59:49.027+0000] {processor.py:830} INFO - Processing file /home/airflow/.local/lib/python3.12/site-packages/airflow/example_dags/example_bash_operator.py for tasks to queue
[2024-07-31T07:59:49.029+0000] {logging_mixin.py:188} INFO - [2024-07-31T07:59:49.029+0000] {dagbag.py:545} INFO - Filling up the DagBag from /home/airflow/.local/lib/python3.12/site-packages/airflow/example_dags/example_bash_operator.py
[2024-07-31T07:59:49.043+0000] {processor.py:840} INFO - DAG(s) 'example_bash_operator' retrieved from /home/airflow/.local/lib/python3.12/site-packages/airflow/example_dags/example_bash_operator.py
[2024-07-31T07:59:49.076+0000] {logging_mixin.py:188} INFO - [2024-07-31T07:59:49.076+0000] {dag.py:3089} INFO - Sync 1 DAGs
[2024-07-31T07:59:49.102+0000] {logging_mixin.py:188} INFO - [2024-07-31T07:59:49.101+0000] {dag.py:3947} INFO - Setting next_dagrun for example_bash_operator to 2024-07-30 00:00:00+00:00, run_after=2024-07-31 00:00:00+00:00
[2024-07-31T07:59:49.123+0000] {processor.py:183} INFO - Processing /home/airflow/.local/lib/python3.12/site-packages/airflow/example_dags/example_bash_operator.py took 0.104 seconds
[2024-07-31T08:00:19.206+0000] {processor.py:161} INFO - Started process (PID=228) to work on /home/airflow/.local/lib/python3.12/site-packages/airflow/example_dags/example_bash_operator.py
[2024-07-31T08:00:19.207+0000] {processor.py:830} INFO - Processing file /home/airflow/.local/lib/python3.12/site-packages/airflow/example_dags/example_bash_operator.py for tasks to queue
[2024-07-31T08:00:19.210+0000] {logging_mixin.py:188} INFO - [2024-07-31T08:00:19.210+0000] {dagbag.py:545} INFO - Filling up the DagBag from /home/airflow/.local/lib/python3.12/site-packages/airflow/example_dags/example_bash_operator.py
[2024-07-31T08:00:19.231+0000] {processor.py:840} INFO - DAG(s) 'example_bash_operator' retrieved from /home/airflow/.local/lib/python3.12/site-packages/airflow/example_dags/example_bash_operator.py
[2024-07-31T08:00:19.255+0000] {logging_mixin.py:188} INFO - [2024-07-31T08:00:19.255+0000] {dag.py:3089} INFO - Sync 1 DAGs
[2024-07-31T08:00:19.276+0000] {logging_mixin.py:188} INFO - [2024-07-31T08:00:19.275+0000] {dag.py:3947} INFO - Setting next_dagrun for example_bash_operator to 2024-07-30 00:00:00+00:00, run_after=2024-07-31 00:00:00+00:00
[2024-07-31T08:00:19.293+0000] {processor.py:183} INFO - Processing /home/airflow/.local/lib/python3.12/site-packages/airflow/example_dags/example_bash_operator.py took 0.096 seconds
[2024-07-31T08:00:49.699+0000] {processor.py:161} INFO - Started process (PID=286) to work on /home/airflow/.local/lib/python3.12/site-packages/airflow/example_dags/example_bash_operator.py
[2024-07-31T08:00:49.701+0000] {processor.py:830} INFO - Processing file /home/airflow/.local/lib/python3.12/site-packages/airflow/example_dags/example_bash_operator.py for tasks to queue
[2024-07-31T08:00:49.702+0000] {logging_mixin.py:188} INFO - [2024-07-31T08:00:49.702+0000] {dagbag.py:545} INFO - Filling up the DagBag from /home/airflow/.local/lib/python3.12/site-packages/airflow/example_dags/example_bash_operator.py
[2024-07-31T08:00:49.711+0000] {processor.py:840} INFO - DAG(s) 'example_bash_operator' retrieved from /home/airflow/.local/lib/python3.12/site-packages/airflow/example_dags/example_bash_operator.py
[2024-07-31T08:00:49.736+0000] {logging_mixin.py:188} INFO - [2024-07-31T08:00:49.736+0000] {dag.py:3089} INFO - Sync 1 DAGs
[2024-07-31T08:00:49.758+0000] {logging_mixin.py:188} INFO - [2024-07-31T08:00:49.758+0000] {dag.py:3947} INFO - Setting next_dagrun for example_bash_operator to 2024-07-30 00:00:00+00:00, run_after=2024-07-31 00:00:00+00:00
[2024-07-31T08:00:49.776+0000] {processor.py:183} INFO - Processing /home/airflow/.local/lib/python3.12/site-packages/airflow/example_dags/example_bash_operator.py took 0.089 seconds
[2024-07-31T08:01:20.049+0000] {processor.py:161} INFO - Started process (PID=344) to work on /home/airflow/.local/lib/python3.12/site-packages/airflow/example_dags/example_bash_operator.py
[2024-07-31T08:01:20.051+0000] {processor.py:830} INFO - Processing file /home/airflow/.local/lib/python3.12/site-packages/airflow/example_dags/example_bash_operator.py for tasks to queue
[2024-07-31T08:01:20.052+0000] {logging_mixin.py:188} INFO - [2024-07-31T08:01:20.052+0000] {dagbag.py:545} INFO - Filling up the DagBag from /home/airflow/.local/lib/python3.12/site-packages/airflow/example_dags/example_bash_operator.py
[2024-07-31T08:01:20.062+0000] {processor.py:840} INFO - DAG(s) 'example_bash_operator' retrieved from /home/airflow/.local/lib/python3.12/site-packages/airflow/example_dags/example_bash_operator.py
[2024-07-31T08:01:20.090+0000] {logging_mixin.py:188} INFO - [2024-07-31T08:01:20.089+0000] {dag.py:3089} INFO - Sync 1 DAGs
[2024-07-31T08:01:20.112+0000] {logging_mixin.py:188} INFO - [2024-07-31T08:01:20.112+0000] {dag.py:3947} INFO - Setting next_dagrun for example_bash_operator to 2024-07-30 00:00:00+00:00, run_after=2024-07-31 00:00:00+00:00
[2024-07-31T08:01:20.131+0000] {processor.py:183} INFO - Processing /home/airflow/.local/lib/python3.12/site-packages/airflow/example_dags/example_bash_operator.py took 0.092 seconds
[2024-07-31T08:01:50.188+0000] {processor.py:161} INFO - Started process (PID=402) to work on /home/airflow/.local/lib/python3.12/site-packages/airflow/example_dags/example_bash_operator.py
[2024-07-31T08:01:50.189+0000] {processor.py:830} INFO - Processing file /home/airflow/.local/lib/python3.12/site-packages/airflow/example_dags/example_bash_operator.py for tasks to queue
[2024-07-31T08:01:50.190+0000] {logging_mixin.py:188} INFO - [2024-07-31T08:01:50.190+0000] {dagbag.py:545} INFO - Filling up the DagBag from /home/airflow/.local/lib/python3.12/site-packages/airflow/example_dags/example_bash_operator.py
[2024-07-31T08:01:50.199+0000] {processor.py:840} INFO - DAG(s) 'example_bash_operator' retrieved from /home/airflow/.local/lib/python3.12/site-packages/airflow/example_dags/example_bash_operator.py
[2024-07-31T08:01:50.227+0000] {logging_mixin.py:188} INFO - [2024-07-31T08:01:50.227+0000] {dag.py:3089} INFO - Sync 1 DAGs
[2024-07-31T08:01:50.250+0000] {logging_mixin.py:188} INFO - [2024-07-31T08:01:50.250+0000] {dag.py:3947} INFO - Setting next_dagrun for example_bash_operator to 2024-07-30 00:00:00+00:00, run_after=2024-07-31 00:00:00+00:00
[2024-07-31T08:01:50.267+0000] {processor.py:183} INFO - Processing /home/airflow/.local/lib/python3.12/site-packages/airflow/example_dags/example_bash_operator.py took 0.090 seconds
[2024-07-31T08:02:20.471+0000] {processor.py:161} INFO - Started process (PID=460) to work on /home/airflow/.local/lib/python3.12/site-packages/airflow/example_dags/example_bash_operator.py
[2024-07-31T08:02:20.472+0000] {processor.py:830} INFO - Processing file /home/airflow/.local/lib/python3.12/site-packages/airflow/example_dags/example_bash_operator.py for tasks to queue
[2024-07-31T08:02:20.474+0000] {logging_mixin.py:188} INFO - [2024-07-31T08:02:20.474+0000] {dagbag.py:545} INFO - Filling up the DagBag from /home/airflow/.local/lib/python3.12/site-packages/airflow/example_dags/example_bash_operator.py
[2024-07-31T08:02:20.484+0000] {processor.py:840} INFO - DAG(s) 'example_bash_operator' retrieved from /home/airflow/.local/lib/python3.12/site-packages/airflow/example_dags/example_bash_operator.py
[2024-07-31T08:02:20.511+0000] {logging_mixin.py:188} INFO - [2024-07-31T08:02:20.511+0000] {dag.py:3089} INFO - Sync 1 DAGs
[2024-07-31T08:02:20.537+0000] {logging_mixin.py:188} INFO - [2024-07-31T08:02:20.537+0000] {dag.py:3947} INFO - Setting next_dagrun for example_bash_operator to 2024-07-30 00:00:00+00:00, run_after=2024-07-31 00:00:00+00:00
[2024-07-31T08:02:20.556+0000] {processor.py:183} INFO - Processing /home/airflow/.local/lib/python3.12/site-packages/airflow/example_dags/example_bash_operator.py took 0.095 seconds
[2024-07-31T08:02:50.789+0000] {processor.py:161} INFO - Started process (PID=518) to work on /home/airflow/.local/lib/python3.12/site-packages/airflow/example_dags/example_bash_operator.py
[2024-07-31T08:02:50.789+0000] {processor.py:830} INFO - Processing file /home/airflow/.local/lib/python3.12/site-packages/airflow/example_dags/example_bash_operator.py for tasks to queue
[2024-07-31T08:02:50.791+0000] {logging_mixin.py:188} INFO - [2024-07-31T08:02:50.791+0000] {dagbag.py:545} INFO - Filling up the DagBag from /home/airflow/.local/lib/python3.12/site-packages/airflow/example_dags/example_bash_operator.py
[2024-07-31T08:02:50.801+0000] {processor.py:840} INFO - DAG(s) 'example_bash_operator' retrieved from /home/airflow/.local/lib/python3.12/site-packages/airflow/example_dags/example_bash_operator.py
[2024-07-31T08:02:50.830+0000] {logging_mixin.py:188} INFO - [2024-07-31T08:02:50.830+0000] {dag.py:3089} INFO - Sync 1 DAGs
[2024-07-31T08:02:50.854+0000] {logging_mixin.py:188} INFO - [2024-07-31T08:02:50.854+0000] {dag.py:3947} INFO - Setting next_dagrun for example_bash_operator to 2024-07-30 00:00:00+00:00, run_after=2024-07-31 00:00:00+00:00
[2024-07-31T08:02:50.873+0000] {processor.py:183} INFO - Processing /home/airflow/.local/lib/python3.12/site-packages/airflow/example_dags/example_bash_operator.py took 0.093 seconds
