[2024-07-31T07:54:26.081+0000] {processor.py:161} INFO - Started process (PID=86) to work on /home/airflow/.local/lib/python3.12/site-packages/airflow/example_dags/example_subdag_operator.py
[2024-07-31T07:54:26.082+0000] {processor.py:830} INFO - Processing file /home/airflow/.local/lib/python3.12/site-packages/airflow/example_dags/example_subdag_operator.py for tasks to queue
[2024-07-31T07:54:26.084+0000] {logging_mixin.py:188} INFO - [2024-07-31T07:54:26.084+0000] {dagbag.py:545} INFO - Filling up the DagBag from /home/airflow/.local/lib/python3.12/site-packages/airflow/example_dags/example_subdag_operator.py
[2024-07-31T07:54:26.112+0000] {processor.py:840} INFO - DAG(s) 'example_subdag_operator.section-1', 'example_subdag_operator.section-2', 'example_subdag_operator' retrieved from /home/airflow/.local/lib/python3.12/site-packages/airflow/example_dags/example_subdag_operator.py
[2024-07-31T07:54:26.116+0000] {logging_mixin.py:188} INFO - [2024-07-31T07:54:26.116+0000] {dag.py:3089} INFO - Sync 3 DAGs
[2024-07-31T07:54:26.146+0000] {logging_mixin.py:188} INFO - [2024-07-31T07:54:26.146+0000] {dag.py:3947} INFO - Setting next_dagrun for example_subdag_operator to 2022-01-01 00:00:00+00:00, run_after=2022-01-01 00:00:00+00:00
[2024-07-31T07:54:26.151+0000] {logging_mixin.py:188} INFO - [2024-07-31T07:54:26.151+0000] {dag.py:3947} INFO - Setting next_dagrun for example_subdag_operator.section-1 to None, run_after=None
[2024-07-31T07:54:26.153+0000] {logging_mixin.py:188} INFO - [2024-07-31T07:54:26.152+0000] {dag.py:3947} INFO - Setting next_dagrun for example_subdag_operator.section-2 to None, run_after=None
[2024-07-31T07:54:26.161+0000] {logging_mixin.py:188} INFO - [2024-07-31T07:54:26.161+0000] {dag.py:3089} INFO - Sync 2 DAGs
[2024-07-31T07:54:26.167+0000] {logging_mixin.py:188} INFO - [2024-07-31T07:54:26.167+0000] {dag.py:3947} INFO - Setting next_dagrun for example_subdag_operator.section-1 to None, run_after=None
[2024-07-31T07:54:26.168+0000] {logging_mixin.py:188} INFO - [2024-07-31T07:54:26.167+0000] {dag.py:3947} INFO - Setting next_dagrun for example_subdag_operator.section-2 to None, run_after=None
[2024-07-31T07:54:26.182+0000] {processor.py:183} INFO - Processing /home/airflow/.local/lib/python3.12/site-packages/airflow/example_dags/example_subdag_operator.py took 0.107 seconds
[2024-07-31T07:54:46.399+0000] {processor.py:161} INFO - Started process (PID=85) to work on /home/airflow/.local/lib/python3.12/site-packages/airflow/example_dags/example_subdag_operator.py
[2024-07-31T07:54:46.400+0000] {processor.py:830} INFO - Processing file /home/airflow/.local/lib/python3.12/site-packages/airflow/example_dags/example_subdag_operator.py for tasks to queue
[2024-07-31T07:54:46.401+0000] {logging_mixin.py:188} INFO - [2024-07-31T07:54:46.401+0000] {dagbag.py:545} INFO - Filling up the DagBag from /home/airflow/.local/lib/python3.12/site-packages/airflow/example_dags/example_subdag_operator.py
[2024-07-31T07:54:46.428+0000] {processor.py:840} INFO - DAG(s) 'example_subdag_operator.section-1', 'example_subdag_operator.section-2', 'example_subdag_operator' retrieved from /home/airflow/.local/lib/python3.12/site-packages/airflow/example_dags/example_subdag_operator.py
[2024-07-31T07:54:46.524+0000] {logging_mixin.py:188} INFO - [2024-07-31T07:54:46.523+0000] {dag.py:3089} INFO - Sync 3 DAGs
[2024-07-31T07:54:46.541+0000] {logging_mixin.py:188} INFO - [2024-07-31T07:54:46.541+0000] {dag.py:3947} INFO - Setting next_dagrun for example_subdag_operator to 2022-01-01 00:00:00+00:00, run_after=2022-01-01 00:00:00+00:00
[2024-07-31T07:54:46.544+0000] {logging_mixin.py:188} INFO - [2024-07-31T07:54:46.544+0000] {dag.py:3947} INFO - Setting next_dagrun for example_subdag_operator.section-1 to None, run_after=None
[2024-07-31T07:54:46.545+0000] {logging_mixin.py:188} INFO - [2024-07-31T07:54:46.545+0000] {dag.py:3947} INFO - Setting next_dagrun for example_subdag_operator.section-2 to None, run_after=None
[2024-07-31T07:54:46.554+0000] {logging_mixin.py:188} INFO - [2024-07-31T07:54:46.553+0000] {dag.py:3089} INFO - Sync 2 DAGs
[2024-07-31T07:54:46.559+0000] {logging_mixin.py:188} INFO - [2024-07-31T07:54:46.559+0000] {dag.py:3947} INFO - Setting next_dagrun for example_subdag_operator.section-1 to None, run_after=None
[2024-07-31T07:54:46.559+0000] {logging_mixin.py:188} INFO - [2024-07-31T07:54:46.559+0000] {dag.py:3947} INFO - Setting next_dagrun for example_subdag_operator.section-2 to None, run_after=None
[2024-07-31T07:54:46.568+0000] {processor.py:183} INFO - Processing /home/airflow/.local/lib/python3.12/site-packages/airflow/example_dags/example_subdag_operator.py took 0.176 seconds
[2024-07-31T07:55:16.642+0000] {processor.py:161} INFO - Started process (PID=143) to work on /home/airflow/.local/lib/python3.12/site-packages/airflow/example_dags/example_subdag_operator.py
[2024-07-31T07:55:16.643+0000] {processor.py:830} INFO - Processing file /home/airflow/.local/lib/python3.12/site-packages/airflow/example_dags/example_subdag_operator.py for tasks to queue
[2024-07-31T07:55:16.645+0000] {logging_mixin.py:188} INFO - [2024-07-31T07:55:16.645+0000] {dagbag.py:545} INFO - Filling up the DagBag from /home/airflow/.local/lib/python3.12/site-packages/airflow/example_dags/example_subdag_operator.py
[2024-07-31T07:55:16.668+0000] {processor.py:840} INFO - DAG(s) 'example_subdag_operator.section-1', 'example_subdag_operator.section-2', 'example_subdag_operator' retrieved from /home/airflow/.local/lib/python3.12/site-packages/airflow/example_dags/example_subdag_operator.py
[2024-07-31T07:55:16.682+0000] {logging_mixin.py:188} INFO - [2024-07-31T07:55:16.681+0000] {dag.py:3089} INFO - Sync 3 DAGs
[2024-07-31T07:55:16.704+0000] {logging_mixin.py:188} INFO - [2024-07-31T07:55:16.703+0000] {dag.py:3947} INFO - Setting next_dagrun for example_subdag_operator to 2022-01-01 00:00:00+00:00, run_after=2022-01-01 00:00:00+00:00
[2024-07-31T07:55:16.708+0000] {logging_mixin.py:188} INFO - [2024-07-31T07:55:16.707+0000] {dag.py:3947} INFO - Setting next_dagrun for example_subdag_operator.section-1 to None, run_after=None
[2024-07-31T07:55:16.709+0000] {logging_mixin.py:188} INFO - [2024-07-31T07:55:16.709+0000] {dag.py:3947} INFO - Setting next_dagrun for example_subdag_operator.section-2 to None, run_after=None
[2024-07-31T07:55:16.716+0000] {logging_mixin.py:188} INFO - [2024-07-31T07:55:16.716+0000] {dag.py:3089} INFO - Sync 2 DAGs
[2024-07-31T07:55:16.722+0000] {logging_mixin.py:188} INFO - [2024-07-31T07:55:16.722+0000] {dag.py:3947} INFO - Setting next_dagrun for example_subdag_operator.section-1 to None, run_after=None
[2024-07-31T07:55:16.722+0000] {logging_mixin.py:188} INFO - [2024-07-31T07:55:16.722+0000] {dag.py:3947} INFO - Setting next_dagrun for example_subdag_operator.section-2 to None, run_after=None
[2024-07-31T07:55:16.733+0000] {processor.py:183} INFO - Processing /home/airflow/.local/lib/python3.12/site-packages/airflow/example_dags/example_subdag_operator.py took 0.096 seconds
[2024-07-31T07:55:46.891+0000] {processor.py:161} INFO - Started process (PID=201) to work on /home/airflow/.local/lib/python3.12/site-packages/airflow/example_dags/example_subdag_operator.py
[2024-07-31T07:55:46.892+0000] {processor.py:830} INFO - Processing file /home/airflow/.local/lib/python3.12/site-packages/airflow/example_dags/example_subdag_operator.py for tasks to queue
[2024-07-31T07:55:46.893+0000] {logging_mixin.py:188} INFO - [2024-07-31T07:55:46.893+0000] {dagbag.py:545} INFO - Filling up the DagBag from /home/airflow/.local/lib/python3.12/site-packages/airflow/example_dags/example_subdag_operator.py
[2024-07-31T07:55:46.914+0000] {processor.py:840} INFO - DAG(s) 'example_subdag_operator.section-1', 'example_subdag_operator.section-2', 'example_subdag_operator' retrieved from /home/airflow/.local/lib/python3.12/site-packages/airflow/example_dags/example_subdag_operator.py
[2024-07-31T07:55:46.928+0000] {logging_mixin.py:188} INFO - [2024-07-31T07:55:46.927+0000] {dag.py:3089} INFO - Sync 3 DAGs
[2024-07-31T07:55:46.950+0000] {logging_mixin.py:188} INFO - [2024-07-31T07:55:46.949+0000] {dag.py:3947} INFO - Setting next_dagrun for example_subdag_operator to 2022-01-01 00:00:00+00:00, run_after=2022-01-01 00:00:00+00:00
[2024-07-31T07:55:46.954+0000] {logging_mixin.py:188} INFO - [2024-07-31T07:55:46.953+0000] {dag.py:3947} INFO - Setting next_dagrun for example_subdag_operator.section-1 to None, run_after=None
[2024-07-31T07:55:46.955+0000] {logging_mixin.py:188} INFO - [2024-07-31T07:55:46.955+0000] {dag.py:3947} INFO - Setting next_dagrun for example_subdag_operator.section-2 to None, run_after=None
[2024-07-31T07:55:46.963+0000] {logging_mixin.py:188} INFO - [2024-07-31T07:55:46.963+0000] {dag.py:3089} INFO - Sync 2 DAGs
[2024-07-31T07:55:46.969+0000] {logging_mixin.py:188} INFO - [2024-07-31T07:55:46.969+0000] {dag.py:3947} INFO - Setting next_dagrun for example_subdag_operator.section-1 to None, run_after=None
[2024-07-31T07:55:46.970+0000] {logging_mixin.py:188} INFO - [2024-07-31T07:55:46.970+0000] {dag.py:3947} INFO - Setting next_dagrun for example_subdag_operator.section-2 to None, run_after=None
[2024-07-31T07:55:46.980+0000] {processor.py:183} INFO - Processing /home/airflow/.local/lib/python3.12/site-packages/airflow/example_dags/example_subdag_operator.py took 0.100 seconds
[2024-07-31T07:56:17.484+0000] {processor.py:161} INFO - Started process (PID=259) to work on /home/airflow/.local/lib/python3.12/site-packages/airflow/example_dags/example_subdag_operator.py
[2024-07-31T07:56:17.485+0000] {processor.py:830} INFO - Processing file /home/airflow/.local/lib/python3.12/site-packages/airflow/example_dags/example_subdag_operator.py for tasks to queue
[2024-07-31T07:56:17.487+0000] {logging_mixin.py:188} INFO - [2024-07-31T07:56:17.487+0000] {dagbag.py:545} INFO - Filling up the DagBag from /home/airflow/.local/lib/python3.12/site-packages/airflow/example_dags/example_subdag_operator.py
[2024-07-31T07:56:17.509+0000] {processor.py:840} INFO - DAG(s) 'example_subdag_operator.section-1', 'example_subdag_operator.section-2', 'example_subdag_operator' retrieved from /home/airflow/.local/lib/python3.12/site-packages/airflow/example_dags/example_subdag_operator.py
[2024-07-31T07:56:17.522+0000] {logging_mixin.py:188} INFO - [2024-07-31T07:56:17.522+0000] {dag.py:3089} INFO - Sync 3 DAGs
[2024-07-31T07:56:17.543+0000] {logging_mixin.py:188} INFO - [2024-07-31T07:56:17.543+0000] {dag.py:3947} INFO - Setting next_dagrun for example_subdag_operator to 2022-01-01 00:00:00+00:00, run_after=2022-01-01 00:00:00+00:00
[2024-07-31T07:56:17.546+0000] {logging_mixin.py:188} INFO - [2024-07-31T07:56:17.546+0000] {dag.py:3947} INFO - Setting next_dagrun for example_subdag_operator.section-1 to None, run_after=None
[2024-07-31T07:56:17.548+0000] {logging_mixin.py:188} INFO - [2024-07-31T07:56:17.547+0000] {dag.py:3947} INFO - Setting next_dagrun for example_subdag_operator.section-2 to None, run_after=None
[2024-07-31T07:56:17.554+0000] {logging_mixin.py:188} INFO - [2024-07-31T07:56:17.554+0000] {dag.py:3089} INFO - Sync 2 DAGs
[2024-07-31T07:56:17.560+0000] {logging_mixin.py:188} INFO - [2024-07-31T07:56:17.560+0000] {dag.py:3947} INFO - Setting next_dagrun for example_subdag_operator.section-1 to None, run_after=None
[2024-07-31T07:56:17.561+0000] {logging_mixin.py:188} INFO - [2024-07-31T07:56:17.561+0000] {dag.py:3947} INFO - Setting next_dagrun for example_subdag_operator.section-2 to None, run_after=None
[2024-07-31T07:56:17.572+0000] {processor.py:183} INFO - Processing /home/airflow/.local/lib/python3.12/site-packages/airflow/example_dags/example_subdag_operator.py took 0.093 seconds
[2024-07-31T07:56:47.644+0000] {processor.py:161} INFO - Started process (PID=318) to work on /home/airflow/.local/lib/python3.12/site-packages/airflow/example_dags/example_subdag_operator.py
[2024-07-31T07:56:47.645+0000] {processor.py:830} INFO - Processing file /home/airflow/.local/lib/python3.12/site-packages/airflow/example_dags/example_subdag_operator.py for tasks to queue
[2024-07-31T07:56:47.647+0000] {logging_mixin.py:188} INFO - [2024-07-31T07:56:47.646+0000] {dagbag.py:545} INFO - Filling up the DagBag from /home/airflow/.local/lib/python3.12/site-packages/airflow/example_dags/example_subdag_operator.py
[2024-07-31T07:56:47.670+0000] {processor.py:840} INFO - DAG(s) 'example_subdag_operator.section-1', 'example_subdag_operator.section-2', 'example_subdag_operator' retrieved from /home/airflow/.local/lib/python3.12/site-packages/airflow/example_dags/example_subdag_operator.py
[2024-07-31T07:56:47.685+0000] {logging_mixin.py:188} INFO - [2024-07-31T07:56:47.685+0000] {dag.py:3089} INFO - Sync 3 DAGs
[2024-07-31T07:56:47.710+0000] {logging_mixin.py:188} INFO - [2024-07-31T07:56:47.710+0000] {dag.py:3947} INFO - Setting next_dagrun for example_subdag_operator to 2022-01-01 00:00:00+00:00, run_after=2022-01-01 00:00:00+00:00
[2024-07-31T07:56:47.714+0000] {logging_mixin.py:188} INFO - [2024-07-31T07:56:47.714+0000] {dag.py:3947} INFO - Setting next_dagrun for example_subdag_operator.section-1 to None, run_after=None
[2024-07-31T07:56:47.716+0000] {logging_mixin.py:188} INFO - [2024-07-31T07:56:47.716+0000] {dag.py:3947} INFO - Setting next_dagrun for example_subdag_operator.section-2 to None, run_after=None
[2024-07-31T07:56:47.723+0000] {logging_mixin.py:188} INFO - [2024-07-31T07:56:47.723+0000] {dag.py:3089} INFO - Sync 2 DAGs
[2024-07-31T07:56:47.728+0000] {logging_mixin.py:188} INFO - [2024-07-31T07:56:47.728+0000] {dag.py:3947} INFO - Setting next_dagrun for example_subdag_operator.section-1 to None, run_after=None
[2024-07-31T07:56:47.728+0000] {logging_mixin.py:188} INFO - [2024-07-31T07:56:47.728+0000] {dag.py:3947} INFO - Setting next_dagrun for example_subdag_operator.section-2 to None, run_after=None
[2024-07-31T07:56:47.739+0000] {processor.py:183} INFO - Processing /home/airflow/.local/lib/python3.12/site-packages/airflow/example_dags/example_subdag_operator.py took 0.101 seconds
[2024-07-31T07:57:17.936+0000] {processor.py:161} INFO - Started process (PID=375) to work on /home/airflow/.local/lib/python3.12/site-packages/airflow/example_dags/example_subdag_operator.py
[2024-07-31T07:57:17.937+0000] {processor.py:830} INFO - Processing file /home/airflow/.local/lib/python3.12/site-packages/airflow/example_dags/example_subdag_operator.py for tasks to queue
[2024-07-31T07:57:17.938+0000] {logging_mixin.py:188} INFO - [2024-07-31T07:57:17.938+0000] {dagbag.py:545} INFO - Filling up the DagBag from /home/airflow/.local/lib/python3.12/site-packages/airflow/example_dags/example_subdag_operator.py
[2024-07-31T07:57:17.958+0000] {processor.py:840} INFO - DAG(s) 'example_subdag_operator.section-1', 'example_subdag_operator.section-2', 'example_subdag_operator' retrieved from /home/airflow/.local/lib/python3.12/site-packages/airflow/example_dags/example_subdag_operator.py
[2024-07-31T07:57:17.971+0000] {logging_mixin.py:188} INFO - [2024-07-31T07:57:17.971+0000] {dag.py:3089} INFO - Sync 3 DAGs
[2024-07-31T07:57:17.992+0000] {logging_mixin.py:188} INFO - [2024-07-31T07:57:17.992+0000] {dag.py:3947} INFO - Setting next_dagrun for example_subdag_operator to 2022-01-01 00:00:00+00:00, run_after=2022-01-01 00:00:00+00:00
[2024-07-31T07:57:17.996+0000] {logging_mixin.py:188} INFO - [2024-07-31T07:57:17.996+0000] {dag.py:3947} INFO - Setting next_dagrun for example_subdag_operator.section-1 to None, run_after=None
[2024-07-31T07:57:17.997+0000] {logging_mixin.py:188} INFO - [2024-07-31T07:57:17.997+0000] {dag.py:3947} INFO - Setting next_dagrun for example_subdag_operator.section-2 to None, run_after=None
[2024-07-31T07:57:18.004+0000] {logging_mixin.py:188} INFO - [2024-07-31T07:57:18.004+0000] {dag.py:3089} INFO - Sync 2 DAGs
[2024-07-31T07:57:18.009+0000] {logging_mixin.py:188} INFO - [2024-07-31T07:57:18.009+0000] {dag.py:3947} INFO - Setting next_dagrun for example_subdag_operator.section-1 to None, run_after=None
[2024-07-31T07:57:18.010+0000] {logging_mixin.py:188} INFO - [2024-07-31T07:57:18.010+0000] {dag.py:3947} INFO - Setting next_dagrun for example_subdag_operator.section-2 to None, run_after=None
[2024-07-31T07:57:18.021+0000] {processor.py:183} INFO - Processing /home/airflow/.local/lib/python3.12/site-packages/airflow/example_dags/example_subdag_operator.py took 0.090 seconds
[2024-07-31T07:57:48.206+0000] {processor.py:161} INFO - Started process (PID=433) to work on /home/airflow/.local/lib/python3.12/site-packages/airflow/example_dags/example_subdag_operator.py
[2024-07-31T07:57:48.207+0000] {processor.py:830} INFO - Processing file /home/airflow/.local/lib/python3.12/site-packages/airflow/example_dags/example_subdag_operator.py for tasks to queue
[2024-07-31T07:57:48.208+0000] {logging_mixin.py:188} INFO - [2024-07-31T07:57:48.208+0000] {dagbag.py:545} INFO - Filling up the DagBag from /home/airflow/.local/lib/python3.12/site-packages/airflow/example_dags/example_subdag_operator.py
[2024-07-31T07:57:48.234+0000] {processor.py:840} INFO - DAG(s) 'example_subdag_operator.section-1', 'example_subdag_operator.section-2', 'example_subdag_operator' retrieved from /home/airflow/.local/lib/python3.12/site-packages/airflow/example_dags/example_subdag_operator.py
[2024-07-31T07:57:48.252+0000] {logging_mixin.py:188} INFO - [2024-07-31T07:57:48.251+0000] {dag.py:3089} INFO - Sync 3 DAGs
[2024-07-31T07:57:48.275+0000] {logging_mixin.py:188} INFO - [2024-07-31T07:57:48.275+0000] {dag.py:3947} INFO - Setting next_dagrun for example_subdag_operator to 2022-01-01 00:00:00+00:00, run_after=2022-01-01 00:00:00+00:00
[2024-07-31T07:57:48.279+0000] {logging_mixin.py:188} INFO - [2024-07-31T07:57:48.279+0000] {dag.py:3947} INFO - Setting next_dagrun for example_subdag_operator.section-1 to None, run_after=None
[2024-07-31T07:57:48.281+0000] {logging_mixin.py:188} INFO - [2024-07-31T07:57:48.280+0000] {dag.py:3947} INFO - Setting next_dagrun for example_subdag_operator.section-2 to None, run_after=None
[2024-07-31T07:57:48.289+0000] {logging_mixin.py:188} INFO - [2024-07-31T07:57:48.289+0000] {dag.py:3089} INFO - Sync 2 DAGs
[2024-07-31T07:57:48.296+0000] {logging_mixin.py:188} INFO - [2024-07-31T07:57:48.296+0000] {dag.py:3947} INFO - Setting next_dagrun for example_subdag_operator.section-1 to None, run_after=None
[2024-07-31T07:57:48.297+0000] {logging_mixin.py:188} INFO - [2024-07-31T07:57:48.297+0000] {dag.py:3947} INFO - Setting next_dagrun for example_subdag_operator.section-2 to None, run_after=None
[2024-07-31T07:57:48.311+0000] {processor.py:183} INFO - Processing /home/airflow/.local/lib/python3.12/site-packages/airflow/example_dags/example_subdag_operator.py took 0.113 seconds
[2024-07-31T07:58:50.204+0000] {processor.py:161} INFO - Started process (PID=86) to work on /home/airflow/.local/lib/python3.12/site-packages/airflow/example_dags/example_subdag_operator.py
[2024-07-31T07:58:50.206+0000] {processor.py:830} INFO - Processing file /home/airflow/.local/lib/python3.12/site-packages/airflow/example_dags/example_subdag_operator.py for tasks to queue
[2024-07-31T07:58:50.208+0000] {logging_mixin.py:188} INFO - [2024-07-31T07:58:50.208+0000] {dagbag.py:545} INFO - Filling up the DagBag from /home/airflow/.local/lib/python3.12/site-packages/airflow/example_dags/example_subdag_operator.py
[2024-07-31T07:58:50.233+0000] {processor.py:840} INFO - DAG(s) 'example_subdag_operator.section-1', 'example_subdag_operator.section-2', 'example_subdag_operator' retrieved from /home/airflow/.local/lib/python3.12/site-packages/airflow/example_dags/example_subdag_operator.py
[2024-07-31T07:58:50.237+0000] {logging_mixin.py:188} INFO - [2024-07-31T07:58:50.237+0000] {dag.py:3089} INFO - Sync 3 DAGs
[2024-07-31T07:58:50.260+0000] {logging_mixin.py:188} INFO - [2024-07-31T07:58:50.259+0000] {dag.py:3947} INFO - Setting next_dagrun for example_subdag_operator to 2022-01-01 00:00:00+00:00, run_after=2022-01-01 00:00:00+00:00
[2024-07-31T07:58:50.264+0000] {logging_mixin.py:188} INFO - [2024-07-31T07:58:50.264+0000] {dag.py:3947} INFO - Setting next_dagrun for example_subdag_operator.section-1 to None, run_after=None
[2024-07-31T07:58:50.266+0000] {logging_mixin.py:188} INFO - [2024-07-31T07:58:50.265+0000] {dag.py:3947} INFO - Setting next_dagrun for example_subdag_operator.section-2 to None, run_after=None
[2024-07-31T07:58:50.273+0000] {logging_mixin.py:188} INFO - [2024-07-31T07:58:50.273+0000] {dag.py:3089} INFO - Sync 2 DAGs
[2024-07-31T07:58:50.279+0000] {logging_mixin.py:188} INFO - [2024-07-31T07:58:50.279+0000] {dag.py:3947} INFO - Setting next_dagrun for example_subdag_operator.section-1 to None, run_after=None
[2024-07-31T07:58:50.279+0000] {logging_mixin.py:188} INFO - [2024-07-31T07:58:50.279+0000] {dag.py:3947} INFO - Setting next_dagrun for example_subdag_operator.section-2 to None, run_after=None
[2024-07-31T07:58:50.293+0000] {processor.py:183} INFO - Processing /home/airflow/.local/lib/python3.12/site-packages/airflow/example_dags/example_subdag_operator.py took 0.094 seconds
[2024-07-31T07:59:22.092+0000] {processor.py:161} INFO - Started process (PID=150) to work on /home/airflow/.local/lib/python3.12/site-packages/airflow/example_dags/example_subdag_operator.py
[2024-07-31T07:59:22.093+0000] {processor.py:830} INFO - Processing file /home/airflow/.local/lib/python3.12/site-packages/airflow/example_dags/example_subdag_operator.py for tasks to queue
[2024-07-31T07:59:22.095+0000] {logging_mixin.py:188} INFO - [2024-07-31T07:59:22.094+0000] {dagbag.py:545} INFO - Filling up the DagBag from /home/airflow/.local/lib/python3.12/site-packages/airflow/example_dags/example_subdag_operator.py
[2024-07-31T07:59:22.118+0000] {processor.py:840} INFO - DAG(s) 'example_subdag_operator.section-1', 'example_subdag_operator.section-2', 'example_subdag_operator' retrieved from /home/airflow/.local/lib/python3.12/site-packages/airflow/example_dags/example_subdag_operator.py
[2024-07-31T07:59:22.210+0000] {logging_mixin.py:188} INFO - [2024-07-31T07:59:22.210+0000] {dag.py:3089} INFO - Sync 3 DAGs
[2024-07-31T07:59:22.230+0000] {logging_mixin.py:188} INFO - [2024-07-31T07:59:22.230+0000] {dag.py:3947} INFO - Setting next_dagrun for example_subdag_operator to 2022-01-01 00:00:00+00:00, run_after=2022-01-01 00:00:00+00:00
[2024-07-31T07:59:22.233+0000] {logging_mixin.py:188} INFO - [2024-07-31T07:59:22.233+0000] {dag.py:3947} INFO - Setting next_dagrun for example_subdag_operator.section-1 to None, run_after=None
[2024-07-31T07:59:22.235+0000] {logging_mixin.py:188} INFO - [2024-07-31T07:59:22.234+0000] {dag.py:3947} INFO - Setting next_dagrun for example_subdag_operator.section-2 to None, run_after=None
[2024-07-31T07:59:22.244+0000] {logging_mixin.py:188} INFO - [2024-07-31T07:59:22.244+0000] {dag.py:3089} INFO - Sync 2 DAGs
[2024-07-31T07:59:22.250+0000] {logging_mixin.py:188} INFO - [2024-07-31T07:59:22.250+0000] {dag.py:3947} INFO - Setting next_dagrun for example_subdag_operator.section-1 to None, run_after=None
[2024-07-31T07:59:22.250+0000] {logging_mixin.py:188} INFO - [2024-07-31T07:59:22.250+0000] {dag.py:3947} INFO - Setting next_dagrun for example_subdag_operator.section-2 to None, run_after=None
[2024-07-31T07:59:22.261+0000] {processor.py:183} INFO - Processing /home/airflow/.local/lib/python3.12/site-packages/airflow/example_dags/example_subdag_operator.py took 0.173 seconds
[2024-07-31T07:59:52.359+0000] {processor.py:161} INFO - Started process (PID=208) to work on /home/airflow/.local/lib/python3.12/site-packages/airflow/example_dags/example_subdag_operator.py
[2024-07-31T07:59:52.360+0000] {processor.py:830} INFO - Processing file /home/airflow/.local/lib/python3.12/site-packages/airflow/example_dags/example_subdag_operator.py for tasks to queue
[2024-07-31T07:59:52.362+0000] {logging_mixin.py:188} INFO - [2024-07-31T07:59:52.362+0000] {dagbag.py:545} INFO - Filling up the DagBag from /home/airflow/.local/lib/python3.12/site-packages/airflow/example_dags/example_subdag_operator.py
[2024-07-31T07:59:52.384+0000] {processor.py:840} INFO - DAG(s) 'example_subdag_operator.section-1', 'example_subdag_operator.section-2', 'example_subdag_operator' retrieved from /home/airflow/.local/lib/python3.12/site-packages/airflow/example_dags/example_subdag_operator.py
[2024-07-31T07:59:52.399+0000] {logging_mixin.py:188} INFO - [2024-07-31T07:59:52.399+0000] {dag.py:3089} INFO - Sync 3 DAGs
[2024-07-31T07:59:52.418+0000] {logging_mixin.py:188} INFO - [2024-07-31T07:59:52.417+0000] {dag.py:3947} INFO - Setting next_dagrun for example_subdag_operator to 2022-01-01 00:00:00+00:00, run_after=2022-01-01 00:00:00+00:00
[2024-07-31T07:59:52.421+0000] {logging_mixin.py:188} INFO - [2024-07-31T07:59:52.421+0000] {dag.py:3947} INFO - Setting next_dagrun for example_subdag_operator.section-1 to None, run_after=None
[2024-07-31T07:59:52.422+0000] {logging_mixin.py:188} INFO - [2024-07-31T07:59:52.422+0000] {dag.py:3947} INFO - Setting next_dagrun for example_subdag_operator.section-2 to None, run_after=None
[2024-07-31T07:59:52.429+0000] {logging_mixin.py:188} INFO - [2024-07-31T07:59:52.428+0000] {dag.py:3089} INFO - Sync 2 DAGs
[2024-07-31T07:59:52.433+0000] {logging_mixin.py:188} INFO - [2024-07-31T07:59:52.433+0000] {dag.py:3947} INFO - Setting next_dagrun for example_subdag_operator.section-1 to None, run_after=None
[2024-07-31T07:59:52.434+0000] {logging_mixin.py:188} INFO - [2024-07-31T07:59:52.434+0000] {dag.py:3947} INFO - Setting next_dagrun for example_subdag_operator.section-2 to None, run_after=None
[2024-07-31T07:59:52.444+0000] {processor.py:183} INFO - Processing /home/airflow/.local/lib/python3.12/site-packages/airflow/example_dags/example_subdag_operator.py took 0.090 seconds
[2024-07-31T08:00:23.180+0000] {processor.py:161} INFO - Started process (PID=266) to work on /home/airflow/.local/lib/python3.12/site-packages/airflow/example_dags/example_subdag_operator.py
[2024-07-31T08:00:23.181+0000] {processor.py:830} INFO - Processing file /home/airflow/.local/lib/python3.12/site-packages/airflow/example_dags/example_subdag_operator.py for tasks to queue
[2024-07-31T08:00:23.183+0000] {logging_mixin.py:188} INFO - [2024-07-31T08:00:23.182+0000] {dagbag.py:545} INFO - Filling up the DagBag from /home/airflow/.local/lib/python3.12/site-packages/airflow/example_dags/example_subdag_operator.py
[2024-07-31T08:00:23.205+0000] {processor.py:840} INFO - DAG(s) 'example_subdag_operator.section-1', 'example_subdag_operator.section-2', 'example_subdag_operator' retrieved from /home/airflow/.local/lib/python3.12/site-packages/airflow/example_dags/example_subdag_operator.py
[2024-07-31T08:00:23.220+0000] {logging_mixin.py:188} INFO - [2024-07-31T08:00:23.219+0000] {dag.py:3089} INFO - Sync 3 DAGs
[2024-07-31T08:00:23.240+0000] {logging_mixin.py:188} INFO - [2024-07-31T08:00:23.240+0000] {dag.py:3947} INFO - Setting next_dagrun for example_subdag_operator to 2022-01-01 00:00:00+00:00, run_after=2022-01-01 00:00:00+00:00
[2024-07-31T08:00:23.244+0000] {logging_mixin.py:188} INFO - [2024-07-31T08:00:23.244+0000] {dag.py:3947} INFO - Setting next_dagrun for example_subdag_operator.section-1 to None, run_after=None
[2024-07-31T08:00:23.245+0000] {logging_mixin.py:188} INFO - [2024-07-31T08:00:23.245+0000] {dag.py:3947} INFO - Setting next_dagrun for example_subdag_operator.section-2 to None, run_after=None
[2024-07-31T08:00:23.252+0000] {logging_mixin.py:188} INFO - [2024-07-31T08:00:23.252+0000] {dag.py:3089} INFO - Sync 2 DAGs
[2024-07-31T08:00:23.257+0000] {logging_mixin.py:188} INFO - [2024-07-31T08:00:23.257+0000] {dag.py:3947} INFO - Setting next_dagrun for example_subdag_operator.section-1 to None, run_after=None
[2024-07-31T08:00:23.257+0000] {logging_mixin.py:188} INFO - [2024-07-31T08:00:23.257+0000] {dag.py:3947} INFO - Setting next_dagrun for example_subdag_operator.section-2 to None, run_after=None
[2024-07-31T08:00:23.268+0000] {processor.py:183} INFO - Processing /home/airflow/.local/lib/python3.12/site-packages/airflow/example_dags/example_subdag_operator.py took 0.093 seconds
[2024-07-31T08:00:53.587+0000] {processor.py:161} INFO - Started process (PID=324) to work on /home/airflow/.local/lib/python3.12/site-packages/airflow/example_dags/example_subdag_operator.py
[2024-07-31T08:00:53.588+0000] {processor.py:830} INFO - Processing file /home/airflow/.local/lib/python3.12/site-packages/airflow/example_dags/example_subdag_operator.py for tasks to queue
[2024-07-31T08:00:53.590+0000] {logging_mixin.py:188} INFO - [2024-07-31T08:00:53.589+0000] {dagbag.py:545} INFO - Filling up the DagBag from /home/airflow/.local/lib/python3.12/site-packages/airflow/example_dags/example_subdag_operator.py
[2024-07-31T08:00:53.614+0000] {processor.py:840} INFO - DAG(s) 'example_subdag_operator.section-1', 'example_subdag_operator.section-2', 'example_subdag_operator' retrieved from /home/airflow/.local/lib/python3.12/site-packages/airflow/example_dags/example_subdag_operator.py
[2024-07-31T08:00:53.629+0000] {logging_mixin.py:188} INFO - [2024-07-31T08:00:53.629+0000] {dag.py:3089} INFO - Sync 3 DAGs
[2024-07-31T08:00:53.650+0000] {logging_mixin.py:188} INFO - [2024-07-31T08:00:53.650+0000] {dag.py:3947} INFO - Setting next_dagrun for example_subdag_operator to 2022-01-01 00:00:00+00:00, run_after=2022-01-01 00:00:00+00:00
[2024-07-31T08:00:53.653+0000] {logging_mixin.py:188} INFO - [2024-07-31T08:00:53.653+0000] {dag.py:3947} INFO - Setting next_dagrun for example_subdag_operator.section-1 to None, run_after=None
[2024-07-31T08:00:53.654+0000] {logging_mixin.py:188} INFO - [2024-07-31T08:00:53.654+0000] {dag.py:3947} INFO - Setting next_dagrun for example_subdag_operator.section-2 to None, run_after=None
[2024-07-31T08:00:53.661+0000] {logging_mixin.py:188} INFO - [2024-07-31T08:00:53.661+0000] {dag.py:3089} INFO - Sync 2 DAGs
[2024-07-31T08:00:53.667+0000] {logging_mixin.py:188} INFO - [2024-07-31T08:00:53.667+0000] {dag.py:3947} INFO - Setting next_dagrun for example_subdag_operator.section-1 to None, run_after=None
[2024-07-31T08:00:53.667+0000] {logging_mixin.py:188} INFO - [2024-07-31T08:00:53.667+0000] {dag.py:3947} INFO - Setting next_dagrun for example_subdag_operator.section-2 to None, run_after=None
[2024-07-31T08:00:53.678+0000] {processor.py:183} INFO - Processing /home/airflow/.local/lib/python3.12/site-packages/airflow/example_dags/example_subdag_operator.py took 0.095 seconds
[2024-07-31T08:01:23.836+0000] {processor.py:161} INFO - Started process (PID=382) to work on /home/airflow/.local/lib/python3.12/site-packages/airflow/example_dags/example_subdag_operator.py
[2024-07-31T08:01:23.837+0000] {processor.py:830} INFO - Processing file /home/airflow/.local/lib/python3.12/site-packages/airflow/example_dags/example_subdag_operator.py for tasks to queue
[2024-07-31T08:01:23.839+0000] {logging_mixin.py:188} INFO - [2024-07-31T08:01:23.838+0000] {dagbag.py:545} INFO - Filling up the DagBag from /home/airflow/.local/lib/python3.12/site-packages/airflow/example_dags/example_subdag_operator.py
[2024-07-31T08:01:23.859+0000] {processor.py:840} INFO - DAG(s) 'example_subdag_operator.section-1', 'example_subdag_operator.section-2', 'example_subdag_operator' retrieved from /home/airflow/.local/lib/python3.12/site-packages/airflow/example_dags/example_subdag_operator.py
[2024-07-31T08:01:23.873+0000] {logging_mixin.py:188} INFO - [2024-07-31T08:01:23.872+0000] {dag.py:3089} INFO - Sync 3 DAGs
[2024-07-31T08:01:23.893+0000] {logging_mixin.py:188} INFO - [2024-07-31T08:01:23.893+0000] {dag.py:3947} INFO - Setting next_dagrun for example_subdag_operator to 2022-01-01 00:00:00+00:00, run_after=2022-01-01 00:00:00+00:00
[2024-07-31T08:01:23.896+0000] {logging_mixin.py:188} INFO - [2024-07-31T08:01:23.896+0000] {dag.py:3947} INFO - Setting next_dagrun for example_subdag_operator.section-1 to None, run_after=None
[2024-07-31T08:01:23.898+0000] {logging_mixin.py:188} INFO - [2024-07-31T08:01:23.897+0000] {dag.py:3947} INFO - Setting next_dagrun for example_subdag_operator.section-2 to None, run_after=None
[2024-07-31T08:01:23.905+0000] {logging_mixin.py:188} INFO - [2024-07-31T08:01:23.905+0000] {dag.py:3089} INFO - Sync 2 DAGs
[2024-07-31T08:01:23.910+0000] {logging_mixin.py:188} INFO - [2024-07-31T08:01:23.910+0000] {dag.py:3947} INFO - Setting next_dagrun for example_subdag_operator.section-1 to None, run_after=None
[2024-07-31T08:01:23.911+0000] {logging_mixin.py:188} INFO - [2024-07-31T08:01:23.911+0000] {dag.py:3947} INFO - Setting next_dagrun for example_subdag_operator.section-2 to None, run_after=None
[2024-07-31T08:01:23.921+0000] {processor.py:183} INFO - Processing /home/airflow/.local/lib/python3.12/site-packages/airflow/example_dags/example_subdag_operator.py took 0.090 seconds
[2024-07-31T08:01:54.062+0000] {processor.py:161} INFO - Started process (PID=440) to work on /home/airflow/.local/lib/python3.12/site-packages/airflow/example_dags/example_subdag_operator.py
[2024-07-31T08:01:54.063+0000] {processor.py:830} INFO - Processing file /home/airflow/.local/lib/python3.12/site-packages/airflow/example_dags/example_subdag_operator.py for tasks to queue
[2024-07-31T08:01:54.065+0000] {logging_mixin.py:188} INFO - [2024-07-31T08:01:54.064+0000] {dagbag.py:545} INFO - Filling up the DagBag from /home/airflow/.local/lib/python3.12/site-packages/airflow/example_dags/example_subdag_operator.py
[2024-07-31T08:01:54.087+0000] {processor.py:840} INFO - DAG(s) 'example_subdag_operator.section-1', 'example_subdag_operator.section-2', 'example_subdag_operator' retrieved from /home/airflow/.local/lib/python3.12/site-packages/airflow/example_dags/example_subdag_operator.py
[2024-07-31T08:01:54.101+0000] {logging_mixin.py:188} INFO - [2024-07-31T08:01:54.101+0000] {dag.py:3089} INFO - Sync 3 DAGs
[2024-07-31T08:01:54.121+0000] {logging_mixin.py:188} INFO - [2024-07-31T08:01:54.121+0000] {dag.py:3947} INFO - Setting next_dagrun for example_subdag_operator to 2022-01-01 00:00:00+00:00, run_after=2022-01-01 00:00:00+00:00
[2024-07-31T08:01:54.124+0000] {logging_mixin.py:188} INFO - [2024-07-31T08:01:54.124+0000] {dag.py:3947} INFO - Setting next_dagrun for example_subdag_operator.section-1 to None, run_after=None
[2024-07-31T08:01:54.126+0000] {logging_mixin.py:188} INFO - [2024-07-31T08:01:54.125+0000] {dag.py:3947} INFO - Setting next_dagrun for example_subdag_operator.section-2 to None, run_after=None
[2024-07-31T08:01:54.132+0000] {logging_mixin.py:188} INFO - [2024-07-31T08:01:54.132+0000] {dag.py:3089} INFO - Sync 2 DAGs
[2024-07-31T08:01:54.138+0000] {logging_mixin.py:188} INFO - [2024-07-31T08:01:54.137+0000] {dag.py:3947} INFO - Setting next_dagrun for example_subdag_operator.section-1 to None, run_after=None
[2024-07-31T08:01:54.138+0000] {logging_mixin.py:188} INFO - [2024-07-31T08:01:54.138+0000] {dag.py:3947} INFO - Setting next_dagrun for example_subdag_operator.section-2 to None, run_after=None
[2024-07-31T08:01:54.148+0000] {processor.py:183} INFO - Processing /home/airflow/.local/lib/python3.12/site-packages/airflow/example_dags/example_subdag_operator.py took 0.091 seconds
[2024-07-31T08:02:24.376+0000] {processor.py:161} INFO - Started process (PID=498) to work on /home/airflow/.local/lib/python3.12/site-packages/airflow/example_dags/example_subdag_operator.py
[2024-07-31T08:02:24.377+0000] {processor.py:830} INFO - Processing file /home/airflow/.local/lib/python3.12/site-packages/airflow/example_dags/example_subdag_operator.py for tasks to queue
[2024-07-31T08:02:24.379+0000] {logging_mixin.py:188} INFO - [2024-07-31T08:02:24.378+0000] {dagbag.py:545} INFO - Filling up the DagBag from /home/airflow/.local/lib/python3.12/site-packages/airflow/example_dags/example_subdag_operator.py
[2024-07-31T08:02:24.400+0000] {processor.py:840} INFO - DAG(s) 'example_subdag_operator.section-1', 'example_subdag_operator.section-2', 'example_subdag_operator' retrieved from /home/airflow/.local/lib/python3.12/site-packages/airflow/example_dags/example_subdag_operator.py
[2024-07-31T08:02:24.414+0000] {logging_mixin.py:188} INFO - [2024-07-31T08:02:24.414+0000] {dag.py:3089} INFO - Sync 3 DAGs
[2024-07-31T08:02:24.436+0000] {logging_mixin.py:188} INFO - [2024-07-31T08:02:24.436+0000] {dag.py:3947} INFO - Setting next_dagrun for example_subdag_operator to 2022-01-01 00:00:00+00:00, run_after=2022-01-01 00:00:00+00:00
[2024-07-31T08:02:24.440+0000] {logging_mixin.py:188} INFO - [2024-07-31T08:02:24.440+0000] {dag.py:3947} INFO - Setting next_dagrun for example_subdag_operator.section-1 to None, run_after=None
[2024-07-31T08:02:24.441+0000] {logging_mixin.py:188} INFO - [2024-07-31T08:02:24.441+0000] {dag.py:3947} INFO - Setting next_dagrun for example_subdag_operator.section-2 to None, run_after=None
[2024-07-31T08:02:24.449+0000] {logging_mixin.py:188} INFO - [2024-07-31T08:02:24.448+0000] {dag.py:3089} INFO - Sync 2 DAGs
[2024-07-31T08:02:24.454+0000] {logging_mixin.py:188} INFO - [2024-07-31T08:02:24.454+0000] {dag.py:3947} INFO - Setting next_dagrun for example_subdag_operator.section-1 to None, run_after=None
[2024-07-31T08:02:24.454+0000] {logging_mixin.py:188} INFO - [2024-07-31T08:02:24.454+0000] {dag.py:3947} INFO - Setting next_dagrun for example_subdag_operator.section-2 to None, run_after=None
[2024-07-31T08:02:24.465+0000] {processor.py:183} INFO - Processing /home/airflow/.local/lib/python3.12/site-packages/airflow/example_dags/example_subdag_operator.py took 0.095 seconds
[2024-07-31T08:02:54.857+0000] {processor.py:161} INFO - Started process (PID=556) to work on /home/airflow/.local/lib/python3.12/site-packages/airflow/example_dags/example_subdag_operator.py
[2024-07-31T08:02:54.858+0000] {processor.py:830} INFO - Processing file /home/airflow/.local/lib/python3.12/site-packages/airflow/example_dags/example_subdag_operator.py for tasks to queue
[2024-07-31T08:02:54.859+0000] {logging_mixin.py:188} INFO - [2024-07-31T08:02:54.859+0000] {dagbag.py:545} INFO - Filling up the DagBag from /home/airflow/.local/lib/python3.12/site-packages/airflow/example_dags/example_subdag_operator.py
[2024-07-31T08:02:54.882+0000] {processor.py:840} INFO - DAG(s) 'example_subdag_operator.section-1', 'example_subdag_operator.section-2', 'example_subdag_operator' retrieved from /home/airflow/.local/lib/python3.12/site-packages/airflow/example_dags/example_subdag_operator.py
[2024-07-31T08:02:54.895+0000] {logging_mixin.py:188} INFO - [2024-07-31T08:02:54.895+0000] {dag.py:3089} INFO - Sync 3 DAGs
[2024-07-31T08:02:54.914+0000] {logging_mixin.py:188} INFO - [2024-07-31T08:02:54.914+0000] {dag.py:3947} INFO - Setting next_dagrun for example_subdag_operator to 2022-01-01 00:00:00+00:00, run_after=2022-01-01 00:00:00+00:00
[2024-07-31T08:02:54.918+0000] {logging_mixin.py:188} INFO - [2024-07-31T08:02:54.918+0000] {dag.py:3947} INFO - Setting next_dagrun for example_subdag_operator.section-1 to None, run_after=None
[2024-07-31T08:02:54.919+0000] {logging_mixin.py:188} INFO - [2024-07-31T08:02:54.919+0000] {dag.py:3947} INFO - Setting next_dagrun for example_subdag_operator.section-2 to None, run_after=None
[2024-07-31T08:02:54.926+0000] {logging_mixin.py:188} INFO - [2024-07-31T08:02:54.926+0000] {dag.py:3089} INFO - Sync 2 DAGs
[2024-07-31T08:02:54.932+0000] {logging_mixin.py:188} INFO - [2024-07-31T08:02:54.932+0000] {dag.py:3947} INFO - Setting next_dagrun for example_subdag_operator.section-1 to None, run_after=None
[2024-07-31T08:02:54.933+0000] {logging_mixin.py:188} INFO - [2024-07-31T08:02:54.932+0000] {dag.py:3947} INFO - Setting next_dagrun for example_subdag_operator.section-2 to None, run_after=None
[2024-07-31T08:02:54.943+0000] {processor.py:183} INFO - Processing /home/airflow/.local/lib/python3.12/site-packages/airflow/example_dags/example_subdag_operator.py took 0.092 seconds
[2024-07-31T08:03:25.015+0000] {processor.py:161} INFO - Started process (PID=614) to work on /home/airflow/.local/lib/python3.12/site-packages/airflow/example_dags/example_subdag_operator.py
[2024-07-31T08:03:25.016+0000] {processor.py:830} INFO - Processing file /home/airflow/.local/lib/python3.12/site-packages/airflow/example_dags/example_subdag_operator.py for tasks to queue
[2024-07-31T08:03:25.017+0000] {logging_mixin.py:188} INFO - [2024-07-31T08:03:25.017+0000] {dagbag.py:545} INFO - Filling up the DagBag from /home/airflow/.local/lib/python3.12/site-packages/airflow/example_dags/example_subdag_operator.py
[2024-07-31T08:03:25.038+0000] {processor.py:840} INFO - DAG(s) 'example_subdag_operator.section-1', 'example_subdag_operator.section-2', 'example_subdag_operator' retrieved from /home/airflow/.local/lib/python3.12/site-packages/airflow/example_dags/example_subdag_operator.py
[2024-07-31T08:03:25.051+0000] {logging_mixin.py:188} INFO - [2024-07-31T08:03:25.051+0000] {dag.py:3089} INFO - Sync 3 DAGs
[2024-07-31T08:03:25.069+0000] {logging_mixin.py:188} INFO - [2024-07-31T08:03:25.069+0000] {dag.py:3947} INFO - Setting next_dagrun for example_subdag_operator to 2022-01-01 00:00:00+00:00, run_after=2022-01-01 00:00:00+00:00
[2024-07-31T08:03:25.073+0000] {logging_mixin.py:188} INFO - [2024-07-31T08:03:25.073+0000] {dag.py:3947} INFO - Setting next_dagrun for example_subdag_operator.section-1 to None, run_after=None
[2024-07-31T08:03:25.074+0000] {logging_mixin.py:188} INFO - [2024-07-31T08:03:25.074+0000] {dag.py:3947} INFO - Setting next_dagrun for example_subdag_operator.section-2 to None, run_after=None
[2024-07-31T08:03:25.081+0000] {logging_mixin.py:188} INFO - [2024-07-31T08:03:25.081+0000] {dag.py:3089} INFO - Sync 2 DAGs
[2024-07-31T08:03:25.086+0000] {logging_mixin.py:188} INFO - [2024-07-31T08:03:25.086+0000] {dag.py:3947} INFO - Setting next_dagrun for example_subdag_operator.section-1 to None, run_after=None
[2024-07-31T08:03:25.086+0000] {logging_mixin.py:188} INFO - [2024-07-31T08:03:25.086+0000] {dag.py:3947} INFO - Setting next_dagrun for example_subdag_operator.section-2 to None, run_after=None
[2024-07-31T08:03:25.099+0000] {processor.py:183} INFO - Processing /home/airflow/.local/lib/python3.12/site-packages/airflow/example_dags/example_subdag_operator.py took 0.095 seconds
[2024-07-31T08:03:55.275+0000] {processor.py:161} INFO - Started process (PID=672) to work on /home/airflow/.local/lib/python3.12/site-packages/airflow/example_dags/example_subdag_operator.py
[2024-07-31T08:03:55.276+0000] {processor.py:830} INFO - Processing file /home/airflow/.local/lib/python3.12/site-packages/airflow/example_dags/example_subdag_operator.py for tasks to queue
[2024-07-31T08:03:55.277+0000] {logging_mixin.py:188} INFO - [2024-07-31T08:03:55.277+0000] {dagbag.py:545} INFO - Filling up the DagBag from /home/airflow/.local/lib/python3.12/site-packages/airflow/example_dags/example_subdag_operator.py
[2024-07-31T08:03:55.305+0000] {processor.py:840} INFO - DAG(s) 'example_subdag_operator.section-1', 'example_subdag_operator.section-2', 'example_subdag_operator' retrieved from /home/airflow/.local/lib/python3.12/site-packages/airflow/example_dags/example_subdag_operator.py
[2024-07-31T08:03:55.321+0000] {logging_mixin.py:188} INFO - [2024-07-31T08:03:55.321+0000] {dag.py:3089} INFO - Sync 3 DAGs
[2024-07-31T08:03:55.342+0000] {logging_mixin.py:188} INFO - [2024-07-31T08:03:55.341+0000] {dag.py:3947} INFO - Setting next_dagrun for example_subdag_operator to 2022-01-01 00:00:00+00:00, run_after=2022-01-01 00:00:00+00:00
[2024-07-31T08:03:55.346+0000] {logging_mixin.py:188} INFO - [2024-07-31T08:03:55.346+0000] {dag.py:3947} INFO - Setting next_dagrun for example_subdag_operator.section-1 to None, run_after=None
[2024-07-31T08:03:55.347+0000] {logging_mixin.py:188} INFO - [2024-07-31T08:03:55.347+0000] {dag.py:3947} INFO - Setting next_dagrun for example_subdag_operator.section-2 to None, run_after=None
[2024-07-31T08:03:55.354+0000] {logging_mixin.py:188} INFO - [2024-07-31T08:03:55.354+0000] {dag.py:3089} INFO - Sync 2 DAGs
[2024-07-31T08:03:55.360+0000] {logging_mixin.py:188} INFO - [2024-07-31T08:03:55.359+0000] {dag.py:3947} INFO - Setting next_dagrun for example_subdag_operator.section-1 to None, run_after=None
[2024-07-31T08:03:55.360+0000] {logging_mixin.py:188} INFO - [2024-07-31T08:03:55.360+0000] {dag.py:3947} INFO - Setting next_dagrun for example_subdag_operator.section-2 to None, run_after=None
[2024-07-31T08:03:55.371+0000] {processor.py:183} INFO - Processing /home/airflow/.local/lib/python3.12/site-packages/airflow/example_dags/example_subdag_operator.py took 0.101 seconds
[2024-07-31T08:04:25.847+0000] {processor.py:161} INFO - Started process (PID=730) to work on /home/airflow/.local/lib/python3.12/site-packages/airflow/example_dags/example_subdag_operator.py
[2024-07-31T08:04:25.848+0000] {processor.py:830} INFO - Processing file /home/airflow/.local/lib/python3.12/site-packages/airflow/example_dags/example_subdag_operator.py for tasks to queue
[2024-07-31T08:04:25.850+0000] {logging_mixin.py:188} INFO - [2024-07-31T08:04:25.850+0000] {dagbag.py:545} INFO - Filling up the DagBag from /home/airflow/.local/lib/python3.12/site-packages/airflow/example_dags/example_subdag_operator.py
[2024-07-31T08:04:25.873+0000] {processor.py:840} INFO - DAG(s) 'example_subdag_operator.section-1', 'example_subdag_operator.section-2', 'example_subdag_operator' retrieved from /home/airflow/.local/lib/python3.12/site-packages/airflow/example_dags/example_subdag_operator.py
[2024-07-31T08:04:25.887+0000] {logging_mixin.py:188} INFO - [2024-07-31T08:04:25.887+0000] {dag.py:3089} INFO - Sync 3 DAGs
[2024-07-31T08:04:25.906+0000] {logging_mixin.py:188} INFO - [2024-07-31T08:04:25.906+0000] {dag.py:3947} INFO - Setting next_dagrun for example_subdag_operator to 2022-01-01 00:00:00+00:00, run_after=2022-01-01 00:00:00+00:00
[2024-07-31T08:04:25.910+0000] {logging_mixin.py:188} INFO - [2024-07-31T08:04:25.910+0000] {dag.py:3947} INFO - Setting next_dagrun for example_subdag_operator.section-1 to None, run_after=None
[2024-07-31T08:04:25.911+0000] {logging_mixin.py:188} INFO - [2024-07-31T08:04:25.911+0000] {dag.py:3947} INFO - Setting next_dagrun for example_subdag_operator.section-2 to None, run_after=None
[2024-07-31T08:04:25.917+0000] {logging_mixin.py:188} INFO - [2024-07-31T08:04:25.917+0000] {dag.py:3089} INFO - Sync 2 DAGs
[2024-07-31T08:04:25.922+0000] {logging_mixin.py:188} INFO - [2024-07-31T08:04:25.922+0000] {dag.py:3947} INFO - Setting next_dagrun for example_subdag_operator.section-1 to None, run_after=None
[2024-07-31T08:04:25.922+0000] {logging_mixin.py:188} INFO - [2024-07-31T08:04:25.922+0000] {dag.py:3947} INFO - Setting next_dagrun for example_subdag_operator.section-2 to None, run_after=None
[2024-07-31T08:04:25.932+0000] {processor.py:183} INFO - Processing /home/airflow/.local/lib/python3.12/site-packages/airflow/example_dags/example_subdag_operator.py took 0.091 seconds
[2024-07-31T08:04:55.990+0000] {processor.py:161} INFO - Started process (PID=788) to work on /home/airflow/.local/lib/python3.12/site-packages/airflow/example_dags/example_subdag_operator.py
[2024-07-31T08:04:55.991+0000] {processor.py:830} INFO - Processing file /home/airflow/.local/lib/python3.12/site-packages/airflow/example_dags/example_subdag_operator.py for tasks to queue
[2024-07-31T08:04:55.992+0000] {logging_mixin.py:188} INFO - [2024-07-31T08:04:55.992+0000] {dagbag.py:545} INFO - Filling up the DagBag from /home/airflow/.local/lib/python3.12/site-packages/airflow/example_dags/example_subdag_operator.py
[2024-07-31T08:04:56.013+0000] {processor.py:840} INFO - DAG(s) 'example_subdag_operator.section-1', 'example_subdag_operator.section-2', 'example_subdag_operator' retrieved from /home/airflow/.local/lib/python3.12/site-packages/airflow/example_dags/example_subdag_operator.py
[2024-07-31T08:04:56.027+0000] {logging_mixin.py:188} INFO - [2024-07-31T08:04:56.026+0000] {dag.py:3089} INFO - Sync 3 DAGs
[2024-07-31T08:04:56.046+0000] {logging_mixin.py:188} INFO - [2024-07-31T08:04:56.046+0000] {dag.py:3947} INFO - Setting next_dagrun for example_subdag_operator to 2022-01-01 00:00:00+00:00, run_after=2022-01-01 00:00:00+00:00
[2024-07-31T08:04:56.049+0000] {logging_mixin.py:188} INFO - [2024-07-31T08:04:56.049+0000] {dag.py:3947} INFO - Setting next_dagrun for example_subdag_operator.section-1 to None, run_after=None
[2024-07-31T08:04:56.050+0000] {logging_mixin.py:188} INFO - [2024-07-31T08:04:56.050+0000] {dag.py:3947} INFO - Setting next_dagrun for example_subdag_operator.section-2 to None, run_after=None
[2024-07-31T08:04:56.057+0000] {logging_mixin.py:188} INFO - [2024-07-31T08:04:56.057+0000] {dag.py:3089} INFO - Sync 2 DAGs
[2024-07-31T08:04:56.063+0000] {logging_mixin.py:188} INFO - [2024-07-31T08:04:56.063+0000] {dag.py:3947} INFO - Setting next_dagrun for example_subdag_operator.section-1 to None, run_after=None
[2024-07-31T08:04:56.063+0000] {logging_mixin.py:188} INFO - [2024-07-31T08:04:56.063+0000] {dag.py:3947} INFO - Setting next_dagrun for example_subdag_operator.section-2 to None, run_after=None
[2024-07-31T08:04:56.072+0000] {processor.py:183} INFO - Processing /home/airflow/.local/lib/python3.12/site-packages/airflow/example_dags/example_subdag_operator.py took 0.087 seconds
[2024-07-31T08:05:26.462+0000] {processor.py:161} INFO - Started process (PID=846) to work on /home/airflow/.local/lib/python3.12/site-packages/airflow/example_dags/example_subdag_operator.py
[2024-07-31T08:05:26.462+0000] {processor.py:830} INFO - Processing file /home/airflow/.local/lib/python3.12/site-packages/airflow/example_dags/example_subdag_operator.py for tasks to queue
[2024-07-31T08:05:26.464+0000] {logging_mixin.py:188} INFO - [2024-07-31T08:05:26.464+0000] {dagbag.py:545} INFO - Filling up the DagBag from /home/airflow/.local/lib/python3.12/site-packages/airflow/example_dags/example_subdag_operator.py
[2024-07-31T08:05:26.487+0000] {processor.py:840} INFO - DAG(s) 'example_subdag_operator.section-1', 'example_subdag_operator.section-2', 'example_subdag_operator' retrieved from /home/airflow/.local/lib/python3.12/site-packages/airflow/example_dags/example_subdag_operator.py
[2024-07-31T08:05:26.501+0000] {logging_mixin.py:188} INFO - [2024-07-31T08:05:26.500+0000] {dag.py:3089} INFO - Sync 3 DAGs
[2024-07-31T08:05:26.521+0000] {logging_mixin.py:188} INFO - [2024-07-31T08:05:26.521+0000] {dag.py:3947} INFO - Setting next_dagrun for example_subdag_operator to 2022-01-01 00:00:00+00:00, run_after=2022-01-01 00:00:00+00:00
[2024-07-31T08:05:26.524+0000] {logging_mixin.py:188} INFO - [2024-07-31T08:05:26.524+0000] {dag.py:3947} INFO - Setting next_dagrun for example_subdag_operator.section-1 to None, run_after=None
[2024-07-31T08:05:26.526+0000] {logging_mixin.py:188} INFO - [2024-07-31T08:05:26.525+0000] {dag.py:3947} INFO - Setting next_dagrun for example_subdag_operator.section-2 to None, run_after=None
[2024-07-31T08:05:26.532+0000] {logging_mixin.py:188} INFO - [2024-07-31T08:05:26.532+0000] {dag.py:3089} INFO - Sync 2 DAGs
[2024-07-31T08:05:26.538+0000] {logging_mixin.py:188} INFO - [2024-07-31T08:05:26.538+0000] {dag.py:3947} INFO - Setting next_dagrun for example_subdag_operator.section-1 to None, run_after=None
[2024-07-31T08:05:26.538+0000] {logging_mixin.py:188} INFO - [2024-07-31T08:05:26.538+0000] {dag.py:3947} INFO - Setting next_dagrun for example_subdag_operator.section-2 to None, run_after=None
[2024-07-31T08:05:26.549+0000] {processor.py:183} INFO - Processing /home/airflow/.local/lib/python3.12/site-packages/airflow/example_dags/example_subdag_operator.py took 0.095 seconds
[2024-07-31T08:05:56.946+0000] {processor.py:161} INFO - Started process (PID=904) to work on /home/airflow/.local/lib/python3.12/site-packages/airflow/example_dags/example_subdag_operator.py
[2024-07-31T08:05:56.948+0000] {processor.py:830} INFO - Processing file /home/airflow/.local/lib/python3.12/site-packages/airflow/example_dags/example_subdag_operator.py for tasks to queue
[2024-07-31T08:05:56.950+0000] {logging_mixin.py:188} INFO - [2024-07-31T08:05:56.950+0000] {dagbag.py:545} INFO - Filling up the DagBag from /home/airflow/.local/lib/python3.12/site-packages/airflow/example_dags/example_subdag_operator.py
[2024-07-31T08:05:56.972+0000] {processor.py:840} INFO - DAG(s) 'example_subdag_operator.section-1', 'example_subdag_operator.section-2', 'example_subdag_operator' retrieved from /home/airflow/.local/lib/python3.12/site-packages/airflow/example_dags/example_subdag_operator.py
[2024-07-31T08:05:56.987+0000] {logging_mixin.py:188} INFO - [2024-07-31T08:05:56.987+0000] {dag.py:3089} INFO - Sync 3 DAGs
[2024-07-31T08:05:57.007+0000] {logging_mixin.py:188} INFO - [2024-07-31T08:05:57.007+0000] {dag.py:3947} INFO - Setting next_dagrun for example_subdag_operator to 2022-01-01 00:00:00+00:00, run_after=2022-01-01 00:00:00+00:00
[2024-07-31T08:05:57.011+0000] {logging_mixin.py:188} INFO - [2024-07-31T08:05:57.011+0000] {dag.py:3947} INFO - Setting next_dagrun for example_subdag_operator.section-1 to None, run_after=None
[2024-07-31T08:05:57.012+0000] {logging_mixin.py:188} INFO - [2024-07-31T08:05:57.012+0000] {dag.py:3947} INFO - Setting next_dagrun for example_subdag_operator.section-2 to None, run_after=None
[2024-07-31T08:05:57.020+0000] {logging_mixin.py:188} INFO - [2024-07-31T08:05:57.019+0000] {dag.py:3089} INFO - Sync 2 DAGs
[2024-07-31T08:05:57.025+0000] {logging_mixin.py:188} INFO - [2024-07-31T08:05:57.025+0000] {dag.py:3947} INFO - Setting next_dagrun for example_subdag_operator.section-1 to None, run_after=None
[2024-07-31T08:05:57.026+0000] {logging_mixin.py:188} INFO - [2024-07-31T08:05:57.025+0000] {dag.py:3947} INFO - Setting next_dagrun for example_subdag_operator.section-2 to None, run_after=None
[2024-07-31T08:05:57.036+0000] {processor.py:183} INFO - Processing /home/airflow/.local/lib/python3.12/site-packages/airflow/example_dags/example_subdag_operator.py took 0.095 seconds
[2024-07-31T08:06:27.910+0000] {processor.py:161} INFO - Started process (PID=962) to work on /home/airflow/.local/lib/python3.12/site-packages/airflow/example_dags/example_subdag_operator.py
[2024-07-31T08:06:27.911+0000] {processor.py:830} INFO - Processing file /home/airflow/.local/lib/python3.12/site-packages/airflow/example_dags/example_subdag_operator.py for tasks to queue
[2024-07-31T08:06:27.912+0000] {logging_mixin.py:188} INFO - [2024-07-31T08:06:27.912+0000] {dagbag.py:545} INFO - Filling up the DagBag from /home/airflow/.local/lib/python3.12/site-packages/airflow/example_dags/example_subdag_operator.py
[2024-07-31T08:06:27.934+0000] {processor.py:840} INFO - DAG(s) 'example_subdag_operator.section-1', 'example_subdag_operator.section-2', 'example_subdag_operator' retrieved from /home/airflow/.local/lib/python3.12/site-packages/airflow/example_dags/example_subdag_operator.py
[2024-07-31T08:06:27.948+0000] {logging_mixin.py:188} INFO - [2024-07-31T08:06:27.947+0000] {dag.py:3089} INFO - Sync 3 DAGs
[2024-07-31T08:06:27.968+0000] {logging_mixin.py:188} INFO - [2024-07-31T08:06:27.968+0000] {dag.py:3947} INFO - Setting next_dagrun for example_subdag_operator to 2022-01-01 00:00:00+00:00, run_after=2022-01-01 00:00:00+00:00
[2024-07-31T08:06:27.972+0000] {logging_mixin.py:188} INFO - [2024-07-31T08:06:27.972+0000] {dag.py:3947} INFO - Setting next_dagrun for example_subdag_operator.section-1 to None, run_after=None
[2024-07-31T08:06:27.973+0000] {logging_mixin.py:188} INFO - [2024-07-31T08:06:27.973+0000] {dag.py:3947} INFO - Setting next_dagrun for example_subdag_operator.section-2 to None, run_after=None
[2024-07-31T08:06:27.980+0000] {logging_mixin.py:188} INFO - [2024-07-31T08:06:27.980+0000] {dag.py:3089} INFO - Sync 2 DAGs
[2024-07-31T08:06:27.986+0000] {logging_mixin.py:188} INFO - [2024-07-31T08:06:27.985+0000] {dag.py:3947} INFO - Setting next_dagrun for example_subdag_operator.section-1 to None, run_after=None
[2024-07-31T08:06:27.986+0000] {logging_mixin.py:188} INFO - [2024-07-31T08:06:27.986+0000] {dag.py:3947} INFO - Setting next_dagrun for example_subdag_operator.section-2 to None, run_after=None
[2024-07-31T08:06:27.996+0000] {processor.py:183} INFO - Processing /home/airflow/.local/lib/python3.12/site-packages/airflow/example_dags/example_subdag_operator.py took 0.091 seconds
[2024-07-31T08:06:58.276+0000] {processor.py:161} INFO - Started process (PID=1020) to work on /home/airflow/.local/lib/python3.12/site-packages/airflow/example_dags/example_subdag_operator.py
[2024-07-31T08:06:58.277+0000] {processor.py:830} INFO - Processing file /home/airflow/.local/lib/python3.12/site-packages/airflow/example_dags/example_subdag_operator.py for tasks to queue
[2024-07-31T08:06:58.279+0000] {logging_mixin.py:188} INFO - [2024-07-31T08:06:58.279+0000] {dagbag.py:545} INFO - Filling up the DagBag from /home/airflow/.local/lib/python3.12/site-packages/airflow/example_dags/example_subdag_operator.py
[2024-07-31T08:06:58.301+0000] {processor.py:840} INFO - DAG(s) 'example_subdag_operator.section-1', 'example_subdag_operator.section-2', 'example_subdag_operator' retrieved from /home/airflow/.local/lib/python3.12/site-packages/airflow/example_dags/example_subdag_operator.py
[2024-07-31T08:06:58.315+0000] {logging_mixin.py:188} INFO - [2024-07-31T08:06:58.315+0000] {dag.py:3089} INFO - Sync 3 DAGs
[2024-07-31T08:06:58.337+0000] {logging_mixin.py:188} INFO - [2024-07-31T08:06:58.337+0000] {dag.py:3947} INFO - Setting next_dagrun for example_subdag_operator to 2022-01-01 00:00:00+00:00, run_after=2022-01-01 00:00:00+00:00
[2024-07-31T08:06:58.340+0000] {logging_mixin.py:188} INFO - [2024-07-31T08:06:58.340+0000] {dag.py:3947} INFO - Setting next_dagrun for example_subdag_operator.section-1 to None, run_after=None
[2024-07-31T08:06:58.342+0000] {logging_mixin.py:188} INFO - [2024-07-31T08:06:58.341+0000] {dag.py:3947} INFO - Setting next_dagrun for example_subdag_operator.section-2 to None, run_after=None
[2024-07-31T08:06:58.348+0000] {logging_mixin.py:188} INFO - [2024-07-31T08:06:58.348+0000] {dag.py:3089} INFO - Sync 2 DAGs
[2024-07-31T08:06:58.355+0000] {logging_mixin.py:188} INFO - [2024-07-31T08:06:58.355+0000] {dag.py:3947} INFO - Setting next_dagrun for example_subdag_operator.section-1 to None, run_after=None
[2024-07-31T08:06:58.355+0000] {logging_mixin.py:188} INFO - [2024-07-31T08:06:58.355+0000] {dag.py:3947} INFO - Setting next_dagrun for example_subdag_operator.section-2 to None, run_after=None
[2024-07-31T08:06:58.364+0000] {processor.py:183} INFO - Processing /home/airflow/.local/lib/python3.12/site-packages/airflow/example_dags/example_subdag_operator.py took 0.098 seconds
[2024-07-31T08:07:28.733+0000] {processor.py:161} INFO - Started process (PID=1078) to work on /home/airflow/.local/lib/python3.12/site-packages/airflow/example_dags/example_subdag_operator.py
[2024-07-31T08:07:28.734+0000] {processor.py:830} INFO - Processing file /home/airflow/.local/lib/python3.12/site-packages/airflow/example_dags/example_subdag_operator.py for tasks to queue
[2024-07-31T08:07:28.735+0000] {logging_mixin.py:188} INFO - [2024-07-31T08:07:28.735+0000] {dagbag.py:545} INFO - Filling up the DagBag from /home/airflow/.local/lib/python3.12/site-packages/airflow/example_dags/example_subdag_operator.py
[2024-07-31T08:07:28.758+0000] {processor.py:840} INFO - DAG(s) 'example_subdag_operator.section-1', 'example_subdag_operator.section-2', 'example_subdag_operator' retrieved from /home/airflow/.local/lib/python3.12/site-packages/airflow/example_dags/example_subdag_operator.py
[2024-07-31T08:07:28.771+0000] {logging_mixin.py:188} INFO - [2024-07-31T08:07:28.771+0000] {dag.py:3089} INFO - Sync 3 DAGs
[2024-07-31T08:07:28.795+0000] {logging_mixin.py:188} INFO - [2024-07-31T08:07:28.795+0000] {dag.py:3947} INFO - Setting next_dagrun for example_subdag_operator to 2022-01-01 00:00:00+00:00, run_after=2022-01-01 00:00:00+00:00
[2024-07-31T08:07:28.798+0000] {logging_mixin.py:188} INFO - [2024-07-31T08:07:28.798+0000] {dag.py:3947} INFO - Setting next_dagrun for example_subdag_operator.section-1 to None, run_after=None
[2024-07-31T08:07:28.800+0000] {logging_mixin.py:188} INFO - [2024-07-31T08:07:28.799+0000] {dag.py:3947} INFO - Setting next_dagrun for example_subdag_operator.section-2 to None, run_after=None
[2024-07-31T08:07:28.807+0000] {logging_mixin.py:188} INFO - [2024-07-31T08:07:28.806+0000] {dag.py:3089} INFO - Sync 2 DAGs
[2024-07-31T08:07:28.813+0000] {logging_mixin.py:188} INFO - [2024-07-31T08:07:28.812+0000] {dag.py:3947} INFO - Setting next_dagrun for example_subdag_operator.section-1 to None, run_after=None
[2024-07-31T08:07:28.813+0000] {logging_mixin.py:188} INFO - [2024-07-31T08:07:28.813+0000] {dag.py:3947} INFO - Setting next_dagrun for example_subdag_operator.section-2 to None, run_after=None
[2024-07-31T08:07:28.823+0000] {processor.py:183} INFO - Processing /home/airflow/.local/lib/python3.12/site-packages/airflow/example_dags/example_subdag_operator.py took 0.095 seconds
[2024-07-31T08:07:59.146+0000] {processor.py:161} INFO - Started process (PID=1136) to work on /home/airflow/.local/lib/python3.12/site-packages/airflow/example_dags/example_subdag_operator.py
[2024-07-31T08:07:59.147+0000] {processor.py:830} INFO - Processing file /home/airflow/.local/lib/python3.12/site-packages/airflow/example_dags/example_subdag_operator.py for tasks to queue
[2024-07-31T08:07:59.149+0000] {logging_mixin.py:188} INFO - [2024-07-31T08:07:59.149+0000] {dagbag.py:545} INFO - Filling up the DagBag from /home/airflow/.local/lib/python3.12/site-packages/airflow/example_dags/example_subdag_operator.py
[2024-07-31T08:07:59.171+0000] {processor.py:840} INFO - DAG(s) 'example_subdag_operator.section-1', 'example_subdag_operator.section-2', 'example_subdag_operator' retrieved from /home/airflow/.local/lib/python3.12/site-packages/airflow/example_dags/example_subdag_operator.py
[2024-07-31T08:07:59.185+0000] {logging_mixin.py:188} INFO - [2024-07-31T08:07:59.185+0000] {dag.py:3089} INFO - Sync 3 DAGs
[2024-07-31T08:07:59.206+0000] {logging_mixin.py:188} INFO - [2024-07-31T08:07:59.205+0000] {dag.py:3947} INFO - Setting next_dagrun for example_subdag_operator to 2022-01-01 00:00:00+00:00, run_after=2022-01-01 00:00:00+00:00
[2024-07-31T08:07:59.209+0000] {logging_mixin.py:188} INFO - [2024-07-31T08:07:59.209+0000] {dag.py:3947} INFO - Setting next_dagrun for example_subdag_operator.section-1 to None, run_after=None
[2024-07-31T08:07:59.210+0000] {logging_mixin.py:188} INFO - [2024-07-31T08:07:59.210+0000] {dag.py:3947} INFO - Setting next_dagrun for example_subdag_operator.section-2 to None, run_after=None
[2024-07-31T08:07:59.217+0000] {logging_mixin.py:188} INFO - [2024-07-31T08:07:59.217+0000] {dag.py:3089} INFO - Sync 2 DAGs
[2024-07-31T08:07:59.224+0000] {logging_mixin.py:188} INFO - [2024-07-31T08:07:59.223+0000] {dag.py:3947} INFO - Setting next_dagrun for example_subdag_operator.section-1 to None, run_after=None
[2024-07-31T08:07:59.224+0000] {logging_mixin.py:188} INFO - [2024-07-31T08:07:59.224+0000] {dag.py:3947} INFO - Setting next_dagrun for example_subdag_operator.section-2 to None, run_after=None
[2024-07-31T08:07:59.236+0000] {processor.py:183} INFO - Processing /home/airflow/.local/lib/python3.12/site-packages/airflow/example_dags/example_subdag_operator.py took 0.095 seconds
[2024-07-31T08:08:29.387+0000] {processor.py:161} INFO - Started process (PID=1195) to work on /home/airflow/.local/lib/python3.12/site-packages/airflow/example_dags/example_subdag_operator.py
[2024-07-31T08:08:29.388+0000] {processor.py:830} INFO - Processing file /home/airflow/.local/lib/python3.12/site-packages/airflow/example_dags/example_subdag_operator.py for tasks to queue
[2024-07-31T08:08:29.389+0000] {logging_mixin.py:188} INFO - [2024-07-31T08:08:29.389+0000] {dagbag.py:545} INFO - Filling up the DagBag from /home/airflow/.local/lib/python3.12/site-packages/airflow/example_dags/example_subdag_operator.py
[2024-07-31T08:08:29.410+0000] {processor.py:840} INFO - DAG(s) 'example_subdag_operator.section-1', 'example_subdag_operator.section-2', 'example_subdag_operator' retrieved from /home/airflow/.local/lib/python3.12/site-packages/airflow/example_dags/example_subdag_operator.py
[2024-07-31T08:08:29.424+0000] {logging_mixin.py:188} INFO - [2024-07-31T08:08:29.423+0000] {dag.py:3089} INFO - Sync 3 DAGs
[2024-07-31T08:08:29.445+0000] {logging_mixin.py:188} INFO - [2024-07-31T08:08:29.444+0000] {dag.py:3947} INFO - Setting next_dagrun for example_subdag_operator to 2022-01-01 00:00:00+00:00, run_after=2022-01-01 00:00:00+00:00
[2024-07-31T08:08:29.448+0000] {logging_mixin.py:188} INFO - [2024-07-31T08:08:29.448+0000] {dag.py:3947} INFO - Setting next_dagrun for example_subdag_operator.section-1 to None, run_after=None
[2024-07-31T08:08:29.449+0000] {logging_mixin.py:188} INFO - [2024-07-31T08:08:29.449+0000] {dag.py:3947} INFO - Setting next_dagrun for example_subdag_operator.section-2 to None, run_after=None
[2024-07-31T08:08:29.456+0000] {logging_mixin.py:188} INFO - [2024-07-31T08:08:29.455+0000] {dag.py:3089} INFO - Sync 2 DAGs
[2024-07-31T08:08:29.460+0000] {logging_mixin.py:188} INFO - [2024-07-31T08:08:29.460+0000] {dag.py:3947} INFO - Setting next_dagrun for example_subdag_operator.section-1 to None, run_after=None
[2024-07-31T08:08:29.460+0000] {logging_mixin.py:188} INFO - [2024-07-31T08:08:29.460+0000] {dag.py:3947} INFO - Setting next_dagrun for example_subdag_operator.section-2 to None, run_after=None
[2024-07-31T08:08:29.469+0000] {processor.py:183} INFO - Processing /home/airflow/.local/lib/python3.12/site-packages/airflow/example_dags/example_subdag_operator.py took 0.091 seconds
[2024-07-31T08:08:59.582+0000] {processor.py:161} INFO - Started process (PID=1253) to work on /home/airflow/.local/lib/python3.12/site-packages/airflow/example_dags/example_subdag_operator.py
[2024-07-31T08:08:59.583+0000] {processor.py:830} INFO - Processing file /home/airflow/.local/lib/python3.12/site-packages/airflow/example_dags/example_subdag_operator.py for tasks to queue
[2024-07-31T08:08:59.585+0000] {logging_mixin.py:188} INFO - [2024-07-31T08:08:59.584+0000] {dagbag.py:545} INFO - Filling up the DagBag from /home/airflow/.local/lib/python3.12/site-packages/airflow/example_dags/example_subdag_operator.py
[2024-07-31T08:08:59.605+0000] {processor.py:840} INFO - DAG(s) 'example_subdag_operator.section-1', 'example_subdag_operator.section-2', 'example_subdag_operator' retrieved from /home/airflow/.local/lib/python3.12/site-packages/airflow/example_dags/example_subdag_operator.py
[2024-07-31T08:08:59.619+0000] {logging_mixin.py:188} INFO - [2024-07-31T08:08:59.619+0000] {dag.py:3089} INFO - Sync 3 DAGs
[2024-07-31T08:08:59.639+0000] {logging_mixin.py:188} INFO - [2024-07-31T08:08:59.639+0000] {dag.py:3947} INFO - Setting next_dagrun for example_subdag_operator to 2022-01-01 00:00:00+00:00, run_after=2022-01-01 00:00:00+00:00
[2024-07-31T08:08:59.643+0000] {logging_mixin.py:188} INFO - [2024-07-31T08:08:59.642+0000] {dag.py:3947} INFO - Setting next_dagrun for example_subdag_operator.section-1 to None, run_after=None
[2024-07-31T08:08:59.644+0000] {logging_mixin.py:188} INFO - [2024-07-31T08:08:59.644+0000] {dag.py:3947} INFO - Setting next_dagrun for example_subdag_operator.section-2 to None, run_after=None
[2024-07-31T08:08:59.650+0000] {logging_mixin.py:188} INFO - [2024-07-31T08:08:59.650+0000] {dag.py:3089} INFO - Sync 2 DAGs
[2024-07-31T08:08:59.656+0000] {logging_mixin.py:188} INFO - [2024-07-31T08:08:59.656+0000] {dag.py:3947} INFO - Setting next_dagrun for example_subdag_operator.section-1 to None, run_after=None
[2024-07-31T08:08:59.656+0000] {logging_mixin.py:188} INFO - [2024-07-31T08:08:59.656+0000] {dag.py:3947} INFO - Setting next_dagrun for example_subdag_operator.section-2 to None, run_after=None
[2024-07-31T08:08:59.667+0000] {processor.py:183} INFO - Processing /home/airflow/.local/lib/python3.12/site-packages/airflow/example_dags/example_subdag_operator.py took 0.091 seconds
[2024-07-31T08:09:30.065+0000] {processor.py:161} INFO - Started process (PID=1311) to work on /home/airflow/.local/lib/python3.12/site-packages/airflow/example_dags/example_subdag_operator.py
[2024-07-31T08:09:30.066+0000] {processor.py:830} INFO - Processing file /home/airflow/.local/lib/python3.12/site-packages/airflow/example_dags/example_subdag_operator.py for tasks to queue
[2024-07-31T08:09:30.068+0000] {logging_mixin.py:188} INFO - [2024-07-31T08:09:30.068+0000] {dagbag.py:545} INFO - Filling up the DagBag from /home/airflow/.local/lib/python3.12/site-packages/airflow/example_dags/example_subdag_operator.py
[2024-07-31T08:09:30.092+0000] {processor.py:840} INFO - DAG(s) 'example_subdag_operator.section-1', 'example_subdag_operator.section-2', 'example_subdag_operator' retrieved from /home/airflow/.local/lib/python3.12/site-packages/airflow/example_dags/example_subdag_operator.py
[2024-07-31T08:09:30.105+0000] {logging_mixin.py:188} INFO - [2024-07-31T08:09:30.105+0000] {dag.py:3089} INFO - Sync 3 DAGs
[2024-07-31T08:09:30.127+0000] {logging_mixin.py:188} INFO - [2024-07-31T08:09:30.127+0000] {dag.py:3947} INFO - Setting next_dagrun for example_subdag_operator to 2022-01-01 00:00:00+00:00, run_after=2022-01-01 00:00:00+00:00
[2024-07-31T08:09:30.131+0000] {logging_mixin.py:188} INFO - [2024-07-31T08:09:30.131+0000] {dag.py:3947} INFO - Setting next_dagrun for example_subdag_operator.section-1 to None, run_after=None
[2024-07-31T08:09:30.132+0000] {logging_mixin.py:188} INFO - [2024-07-31T08:09:30.132+0000] {dag.py:3947} INFO - Setting next_dagrun for example_subdag_operator.section-2 to None, run_after=None
[2024-07-31T08:09:30.139+0000] {logging_mixin.py:188} INFO - [2024-07-31T08:09:30.139+0000] {dag.py:3089} INFO - Sync 2 DAGs
[2024-07-31T08:09:30.145+0000] {logging_mixin.py:188} INFO - [2024-07-31T08:09:30.145+0000] {dag.py:3947} INFO - Setting next_dagrun for example_subdag_operator.section-1 to None, run_after=None
[2024-07-31T08:09:30.145+0000] {logging_mixin.py:188} INFO - [2024-07-31T08:09:30.145+0000] {dag.py:3947} INFO - Setting next_dagrun for example_subdag_operator.section-2 to None, run_after=None
[2024-07-31T08:09:30.155+0000] {processor.py:183} INFO - Processing /home/airflow/.local/lib/python3.12/site-packages/airflow/example_dags/example_subdag_operator.py took 0.100 seconds
[2024-07-31T08:10:00.266+0000] {processor.py:161} INFO - Started process (PID=1369) to work on /home/airflow/.local/lib/python3.12/site-packages/airflow/example_dags/example_subdag_operator.py
[2024-07-31T08:10:00.267+0000] {processor.py:830} INFO - Processing file /home/airflow/.local/lib/python3.12/site-packages/airflow/example_dags/example_subdag_operator.py for tasks to queue
[2024-07-31T08:10:00.268+0000] {logging_mixin.py:188} INFO - [2024-07-31T08:10:00.268+0000] {dagbag.py:545} INFO - Filling up the DagBag from /home/airflow/.local/lib/python3.12/site-packages/airflow/example_dags/example_subdag_operator.py
[2024-07-31T08:10:00.291+0000] {processor.py:840} INFO - DAG(s) 'example_subdag_operator.section-1', 'example_subdag_operator.section-2', 'example_subdag_operator' retrieved from /home/airflow/.local/lib/python3.12/site-packages/airflow/example_dags/example_subdag_operator.py
[2024-07-31T08:10:00.305+0000] {logging_mixin.py:188} INFO - [2024-07-31T08:10:00.305+0000] {dag.py:3089} INFO - Sync 3 DAGs
[2024-07-31T08:10:00.326+0000] {logging_mixin.py:188} INFO - [2024-07-31T08:10:00.326+0000] {dag.py:3947} INFO - Setting next_dagrun for example_subdag_operator to 2022-01-01 00:00:00+00:00, run_after=2022-01-01 00:00:00+00:00
[2024-07-31T08:10:00.329+0000] {logging_mixin.py:188} INFO - [2024-07-31T08:10:00.329+0000] {dag.py:3947} INFO - Setting next_dagrun for example_subdag_operator.section-1 to None, run_after=None
[2024-07-31T08:10:00.330+0000] {logging_mixin.py:188} INFO - [2024-07-31T08:10:00.330+0000] {dag.py:3947} INFO - Setting next_dagrun for example_subdag_operator.section-2 to None, run_after=None
[2024-07-31T08:10:00.337+0000] {logging_mixin.py:188} INFO - [2024-07-31T08:10:00.337+0000] {dag.py:3089} INFO - Sync 2 DAGs
[2024-07-31T08:10:00.343+0000] {logging_mixin.py:188} INFO - [2024-07-31T08:10:00.343+0000] {dag.py:3947} INFO - Setting next_dagrun for example_subdag_operator.section-1 to None, run_after=None
[2024-07-31T08:10:00.343+0000] {logging_mixin.py:188} INFO - [2024-07-31T08:10:00.343+0000] {dag.py:3947} INFO - Setting next_dagrun for example_subdag_operator.section-2 to None, run_after=None
[2024-07-31T08:10:00.353+0000] {processor.py:183} INFO - Processing /home/airflow/.local/lib/python3.12/site-packages/airflow/example_dags/example_subdag_operator.py took 0.097 seconds
[2024-07-31T08:10:30.741+0000] {processor.py:161} INFO - Started process (PID=1427) to work on /home/airflow/.local/lib/python3.12/site-packages/airflow/example_dags/example_subdag_operator.py
[2024-07-31T08:10:30.742+0000] {processor.py:830} INFO - Processing file /home/airflow/.local/lib/python3.12/site-packages/airflow/example_dags/example_subdag_operator.py for tasks to queue
[2024-07-31T08:10:30.743+0000] {logging_mixin.py:188} INFO - [2024-07-31T08:10:30.743+0000] {dagbag.py:545} INFO - Filling up the DagBag from /home/airflow/.local/lib/python3.12/site-packages/airflow/example_dags/example_subdag_operator.py
[2024-07-31T08:10:30.770+0000] {processor.py:840} INFO - DAG(s) 'example_subdag_operator.section-1', 'example_subdag_operator.section-2', 'example_subdag_operator' retrieved from /home/airflow/.local/lib/python3.12/site-packages/airflow/example_dags/example_subdag_operator.py
[2024-07-31T08:10:30.784+0000] {logging_mixin.py:188} INFO - [2024-07-31T08:10:30.784+0000] {dag.py:3089} INFO - Sync 3 DAGs
[2024-07-31T08:10:30.805+0000] {logging_mixin.py:188} INFO - [2024-07-31T08:10:30.805+0000] {dag.py:3947} INFO - Setting next_dagrun for example_subdag_operator to 2022-01-01 00:00:00+00:00, run_after=2022-01-01 00:00:00+00:00
[2024-07-31T08:10:30.808+0000] {logging_mixin.py:188} INFO - [2024-07-31T08:10:30.808+0000] {dag.py:3947} INFO - Setting next_dagrun for example_subdag_operator.section-1 to None, run_after=None
[2024-07-31T08:10:30.810+0000] {logging_mixin.py:188} INFO - [2024-07-31T08:10:30.810+0000] {dag.py:3947} INFO - Setting next_dagrun for example_subdag_operator.section-2 to None, run_after=None
[2024-07-31T08:10:30.817+0000] {logging_mixin.py:188} INFO - [2024-07-31T08:10:30.816+0000] {dag.py:3089} INFO - Sync 2 DAGs
[2024-07-31T08:10:30.823+0000] {logging_mixin.py:188} INFO - [2024-07-31T08:10:30.823+0000] {dag.py:3947} INFO - Setting next_dagrun for example_subdag_operator.section-1 to None, run_after=None
[2024-07-31T08:10:30.823+0000] {logging_mixin.py:188} INFO - [2024-07-31T08:10:30.823+0000] {dag.py:3947} INFO - Setting next_dagrun for example_subdag_operator.section-2 to None, run_after=None
[2024-07-31T08:10:30.835+0000] {processor.py:183} INFO - Processing /home/airflow/.local/lib/python3.12/site-packages/airflow/example_dags/example_subdag_operator.py took 0.099 seconds
[2024-07-31T08:11:01.081+0000] {processor.py:161} INFO - Started process (PID=1485) to work on /home/airflow/.local/lib/python3.12/site-packages/airflow/example_dags/example_subdag_operator.py
[2024-07-31T08:11:01.083+0000] {processor.py:830} INFO - Processing file /home/airflow/.local/lib/python3.12/site-packages/airflow/example_dags/example_subdag_operator.py for tasks to queue
[2024-07-31T08:11:01.085+0000] {logging_mixin.py:188} INFO - [2024-07-31T08:11:01.084+0000] {dagbag.py:545} INFO - Filling up the DagBag from /home/airflow/.local/lib/python3.12/site-packages/airflow/example_dags/example_subdag_operator.py
[2024-07-31T08:11:01.105+0000] {processor.py:840} INFO - DAG(s) 'example_subdag_operator.section-1', 'example_subdag_operator.section-2', 'example_subdag_operator' retrieved from /home/airflow/.local/lib/python3.12/site-packages/airflow/example_dags/example_subdag_operator.py
[2024-07-31T08:11:01.120+0000] {logging_mixin.py:188} INFO - [2024-07-31T08:11:01.120+0000] {dag.py:3089} INFO - Sync 3 DAGs
[2024-07-31T08:11:01.142+0000] {logging_mixin.py:188} INFO - [2024-07-31T08:11:01.142+0000] {dag.py:3947} INFO - Setting next_dagrun for example_subdag_operator to 2022-01-01 00:00:00+00:00, run_after=2022-01-01 00:00:00+00:00
[2024-07-31T08:11:01.146+0000] {logging_mixin.py:188} INFO - [2024-07-31T08:11:01.146+0000] {dag.py:3947} INFO - Setting next_dagrun for example_subdag_operator.section-1 to None, run_after=None
[2024-07-31T08:11:01.147+0000] {logging_mixin.py:188} INFO - [2024-07-31T08:11:01.147+0000] {dag.py:3947} INFO - Setting next_dagrun for example_subdag_operator.section-2 to None, run_after=None
[2024-07-31T08:11:01.154+0000] {logging_mixin.py:188} INFO - [2024-07-31T08:11:01.154+0000] {dag.py:3089} INFO - Sync 2 DAGs
[2024-07-31T08:11:01.159+0000] {logging_mixin.py:188} INFO - [2024-07-31T08:11:01.159+0000] {dag.py:3947} INFO - Setting next_dagrun for example_subdag_operator.section-1 to None, run_after=None
[2024-07-31T08:11:01.160+0000] {logging_mixin.py:188} INFO - [2024-07-31T08:11:01.160+0000] {dag.py:3947} INFO - Setting next_dagrun for example_subdag_operator.section-2 to None, run_after=None
[2024-07-31T08:11:01.170+0000] {processor.py:183} INFO - Processing /home/airflow/.local/lib/python3.12/site-packages/airflow/example_dags/example_subdag_operator.py took 0.094 seconds
[2024-07-31T08:11:31.705+0000] {processor.py:161} INFO - Started process (PID=1543) to work on /home/airflow/.local/lib/python3.12/site-packages/airflow/example_dags/example_subdag_operator.py
[2024-07-31T08:11:31.706+0000] {processor.py:830} INFO - Processing file /home/airflow/.local/lib/python3.12/site-packages/airflow/example_dags/example_subdag_operator.py for tasks to queue
[2024-07-31T08:11:31.707+0000] {logging_mixin.py:188} INFO - [2024-07-31T08:11:31.707+0000] {dagbag.py:545} INFO - Filling up the DagBag from /home/airflow/.local/lib/python3.12/site-packages/airflow/example_dags/example_subdag_operator.py
[2024-07-31T08:11:31.733+0000] {processor.py:840} INFO - DAG(s) 'example_subdag_operator.section-1', 'example_subdag_operator.section-2', 'example_subdag_operator' retrieved from /home/airflow/.local/lib/python3.12/site-packages/airflow/example_dags/example_subdag_operator.py
[2024-07-31T08:11:31.748+0000] {logging_mixin.py:188} INFO - [2024-07-31T08:11:31.748+0000] {dag.py:3089} INFO - Sync 3 DAGs
[2024-07-31T08:11:31.771+0000] {logging_mixin.py:188} INFO - [2024-07-31T08:11:31.770+0000] {dag.py:3947} INFO - Setting next_dagrun for example_subdag_operator to 2022-01-01 00:00:00+00:00, run_after=2022-01-01 00:00:00+00:00
[2024-07-31T08:11:31.774+0000] {logging_mixin.py:188} INFO - [2024-07-31T08:11:31.774+0000] {dag.py:3947} INFO - Setting next_dagrun for example_subdag_operator.section-1 to None, run_after=None
[2024-07-31T08:11:31.776+0000] {logging_mixin.py:188} INFO - [2024-07-31T08:11:31.776+0000] {dag.py:3947} INFO - Setting next_dagrun for example_subdag_operator.section-2 to None, run_after=None
[2024-07-31T08:11:31.783+0000] {logging_mixin.py:188} INFO - [2024-07-31T08:11:31.783+0000] {dag.py:3089} INFO - Sync 2 DAGs
[2024-07-31T08:11:31.789+0000] {logging_mixin.py:188} INFO - [2024-07-31T08:11:31.789+0000] {dag.py:3947} INFO - Setting next_dagrun for example_subdag_operator.section-1 to None, run_after=None
[2024-07-31T08:11:31.789+0000] {logging_mixin.py:188} INFO - [2024-07-31T08:11:31.789+0000] {dag.py:3947} INFO - Setting next_dagrun for example_subdag_operator.section-2 to None, run_after=None
[2024-07-31T08:11:31.801+0000] {processor.py:183} INFO - Processing /home/airflow/.local/lib/python3.12/site-packages/airflow/example_dags/example_subdag_operator.py took 0.106 seconds
[2024-07-31T08:12:02.048+0000] {processor.py:161} INFO - Started process (PID=1601) to work on /home/airflow/.local/lib/python3.12/site-packages/airflow/example_dags/example_subdag_operator.py
[2024-07-31T08:12:02.049+0000] {processor.py:830} INFO - Processing file /home/airflow/.local/lib/python3.12/site-packages/airflow/example_dags/example_subdag_operator.py for tasks to queue
[2024-07-31T08:12:02.051+0000] {logging_mixin.py:188} INFO - [2024-07-31T08:12:02.050+0000] {dagbag.py:545} INFO - Filling up the DagBag from /home/airflow/.local/lib/python3.12/site-packages/airflow/example_dags/example_subdag_operator.py
[2024-07-31T08:12:02.076+0000] {processor.py:840} INFO - DAG(s) 'example_subdag_operator.section-1', 'example_subdag_operator.section-2', 'example_subdag_operator' retrieved from /home/airflow/.local/lib/python3.12/site-packages/airflow/example_dags/example_subdag_operator.py
[2024-07-31T08:12:02.090+0000] {logging_mixin.py:188} INFO - [2024-07-31T08:12:02.089+0000] {dag.py:3089} INFO - Sync 3 DAGs
[2024-07-31T08:12:02.111+0000] {logging_mixin.py:188} INFO - [2024-07-31T08:12:02.110+0000] {dag.py:3947} INFO - Setting next_dagrun for example_subdag_operator to 2022-01-01 00:00:00+00:00, run_after=2022-01-01 00:00:00+00:00
[2024-07-31T08:12:02.114+0000] {logging_mixin.py:188} INFO - [2024-07-31T08:12:02.114+0000] {dag.py:3947} INFO - Setting next_dagrun for example_subdag_operator.section-1 to None, run_after=None
[2024-07-31T08:12:02.115+0000] {logging_mixin.py:188} INFO - [2024-07-31T08:12:02.115+0000] {dag.py:3947} INFO - Setting next_dagrun for example_subdag_operator.section-2 to None, run_after=None
[2024-07-31T08:12:02.122+0000] {logging_mixin.py:188} INFO - [2024-07-31T08:12:02.122+0000] {dag.py:3089} INFO - Sync 2 DAGs
[2024-07-31T08:12:02.128+0000] {logging_mixin.py:188} INFO - [2024-07-31T08:12:02.128+0000] {dag.py:3947} INFO - Setting next_dagrun for example_subdag_operator.section-1 to None, run_after=None
[2024-07-31T08:12:02.128+0000] {logging_mixin.py:188} INFO - [2024-07-31T08:12:02.128+0000] {dag.py:3947} INFO - Setting next_dagrun for example_subdag_operator.section-2 to None, run_after=None
[2024-07-31T08:12:02.139+0000] {processor.py:183} INFO - Processing /home/airflow/.local/lib/python3.12/site-packages/airflow/example_dags/example_subdag_operator.py took 0.100 seconds
