[2024-07-31T07:54:25.239+0000] {processor.py:161} INFO - Started process (PID=72) to work on /home/airflow/.local/lib/python3.12/site-packages/airflow/example_dags/example_nested_branch_dag.py
[2024-07-31T07:54:25.240+0000] {processor.py:830} INFO - Processing file /home/airflow/.local/lib/python3.12/site-packages/airflow/example_dags/example_nested_branch_dag.py for tasks to queue
[2024-07-31T07:54:25.242+0000] {logging_mixin.py:188} INFO - [2024-07-31T07:54:25.241+0000] {dagbag.py:545} INFO - Filling up the DagBag from /home/airflow/.local/lib/python3.12/site-packages/airflow/example_dags/example_nested_branch_dag.py
[2024-07-31T07:54:25.255+0000] {processor.py:840} INFO - DAG(s) 'example_nested_branch_dag' retrieved from /home/airflow/.local/lib/python3.12/site-packages/airflow/example_dags/example_nested_branch_dag.py
[2024-07-31T07:54:25.268+0000] {logging_mixin.py:188} INFO - [2024-07-31T07:54:25.267+0000] {dag.py:3089} INFO - Sync 1 DAGs
[2024-07-31T07:54:25.289+0000] {logging_mixin.py:188} INFO - [2024-07-31T07:54:25.288+0000] {dag.py:3947} INFO - Setting next_dagrun for example_nested_branch_dag to 2024-07-30 00:00:00+00:00, run_after=2024-07-31 00:00:00+00:00
[2024-07-31T07:54:25.308+0000] {processor.py:183} INFO - Processing /home/airflow/.local/lib/python3.12/site-packages/airflow/example_dags/example_nested_branch_dag.py took 0.074 seconds
[2024-07-31T07:54:44.469+0000] {processor.py:161} INFO - Started process (PID=65) to work on /home/airflow/.local/lib/python3.12/site-packages/airflow/example_dags/example_nested_branch_dag.py
[2024-07-31T07:54:44.470+0000] {processor.py:830} INFO - Processing file /home/airflow/.local/lib/python3.12/site-packages/airflow/example_dags/example_nested_branch_dag.py for tasks to queue
[2024-07-31T07:54:44.471+0000] {logging_mixin.py:188} INFO - [2024-07-31T07:54:44.471+0000] {dagbag.py:545} INFO - Filling up the DagBag from /home/airflow/.local/lib/python3.12/site-packages/airflow/example_dags/example_nested_branch_dag.py
[2024-07-31T07:54:44.487+0000] {processor.py:840} INFO - DAG(s) 'example_nested_branch_dag' retrieved from /home/airflow/.local/lib/python3.12/site-packages/airflow/example_dags/example_nested_branch_dag.py
[2024-07-31T07:54:44.645+0000] {logging_mixin.py:188} INFO - [2024-07-31T07:54:44.645+0000] {dag.py:3089} INFO - Sync 1 DAGs
[2024-07-31T07:54:44.672+0000] {logging_mixin.py:188} INFO - [2024-07-31T07:54:44.671+0000] {dag.py:3947} INFO - Setting next_dagrun for example_nested_branch_dag to 2024-07-30 00:00:00+00:00, run_after=2024-07-31 00:00:00+00:00
[2024-07-31T07:54:44.697+0000] {processor.py:183} INFO - Processing /home/airflow/.local/lib/python3.12/site-packages/airflow/example_dags/example_nested_branch_dag.py took 0.236 seconds
[2024-07-31T07:55:15.611+0000] {processor.py:161} INFO - Started process (PID=123) to work on /home/airflow/.local/lib/python3.12/site-packages/airflow/example_dags/example_nested_branch_dag.py
[2024-07-31T07:55:15.612+0000] {processor.py:830} INFO - Processing file /home/airflow/.local/lib/python3.12/site-packages/airflow/example_dags/example_nested_branch_dag.py for tasks to queue
[2024-07-31T07:55:15.613+0000] {logging_mixin.py:188} INFO - [2024-07-31T07:55:15.613+0000] {dagbag.py:545} INFO - Filling up the DagBag from /home/airflow/.local/lib/python3.12/site-packages/airflow/example_dags/example_nested_branch_dag.py
[2024-07-31T07:55:15.622+0000] {processor.py:840} INFO - DAG(s) 'example_nested_branch_dag' retrieved from /home/airflow/.local/lib/python3.12/site-packages/airflow/example_dags/example_nested_branch_dag.py
[2024-07-31T07:55:15.645+0000] {logging_mixin.py:188} INFO - [2024-07-31T07:55:15.645+0000] {dag.py:3089} INFO - Sync 1 DAGs
[2024-07-31T07:55:15.667+0000] {logging_mixin.py:188} INFO - [2024-07-31T07:55:15.667+0000] {dag.py:3947} INFO - Setting next_dagrun for example_nested_branch_dag to 2024-07-30 00:00:00+00:00, run_after=2024-07-31 00:00:00+00:00
[2024-07-31T07:55:15.686+0000] {processor.py:183} INFO - Processing /home/airflow/.local/lib/python3.12/site-packages/airflow/example_dags/example_nested_branch_dag.py took 0.085 seconds
[2024-07-31T07:55:45.942+0000] {processor.py:161} INFO - Started process (PID=181) to work on /home/airflow/.local/lib/python3.12/site-packages/airflow/example_dags/example_nested_branch_dag.py
[2024-07-31T07:55:45.943+0000] {processor.py:830} INFO - Processing file /home/airflow/.local/lib/python3.12/site-packages/airflow/example_dags/example_nested_branch_dag.py for tasks to queue
[2024-07-31T07:55:45.945+0000] {logging_mixin.py:188} INFO - [2024-07-31T07:55:45.945+0000] {dagbag.py:545} INFO - Filling up the DagBag from /home/airflow/.local/lib/python3.12/site-packages/airflow/example_dags/example_nested_branch_dag.py
[2024-07-31T07:55:45.955+0000] {processor.py:840} INFO - DAG(s) 'example_nested_branch_dag' retrieved from /home/airflow/.local/lib/python3.12/site-packages/airflow/example_dags/example_nested_branch_dag.py
[2024-07-31T07:55:45.974+0000] {logging_mixin.py:188} INFO - [2024-07-31T07:55:45.973+0000] {dag.py:3089} INFO - Sync 1 DAGs
[2024-07-31T07:55:45.994+0000] {logging_mixin.py:188} INFO - [2024-07-31T07:55:45.994+0000] {dag.py:3947} INFO - Setting next_dagrun for example_nested_branch_dag to 2024-07-30 00:00:00+00:00, run_after=2024-07-31 00:00:00+00:00
[2024-07-31T07:55:46.011+0000] {processor.py:183} INFO - Processing /home/airflow/.local/lib/python3.12/site-packages/airflow/example_dags/example_nested_branch_dag.py took 0.081 seconds
[2024-07-31T07:56:16.445+0000] {processor.py:161} INFO - Started process (PID=245) to work on /home/airflow/.local/lib/python3.12/site-packages/airflow/example_dags/example_nested_branch_dag.py
[2024-07-31T07:56:16.446+0000] {processor.py:830} INFO - Processing file /home/airflow/.local/lib/python3.12/site-packages/airflow/example_dags/example_nested_branch_dag.py for tasks to queue
[2024-07-31T07:56:16.448+0000] {logging_mixin.py:188} INFO - [2024-07-31T07:56:16.447+0000] {dagbag.py:545} INFO - Filling up the DagBag from /home/airflow/.local/lib/python3.12/site-packages/airflow/example_dags/example_nested_branch_dag.py
[2024-07-31T07:56:16.456+0000] {processor.py:840} INFO - DAG(s) 'example_nested_branch_dag' retrieved from /home/airflow/.local/lib/python3.12/site-packages/airflow/example_dags/example_nested_branch_dag.py
[2024-07-31T07:56:16.475+0000] {logging_mixin.py:188} INFO - [2024-07-31T07:56:16.475+0000] {dag.py:3089} INFO - Sync 1 DAGs
[2024-07-31T07:56:16.494+0000] {logging_mixin.py:188} INFO - [2024-07-31T07:56:16.494+0000] {dag.py:3947} INFO - Setting next_dagrun for example_nested_branch_dag to 2024-07-30 00:00:00+00:00, run_after=2024-07-31 00:00:00+00:00
[2024-07-31T07:56:16.512+0000] {processor.py:183} INFO - Processing /home/airflow/.local/lib/python3.12/site-packages/airflow/example_dags/example_nested_branch_dag.py took 0.075 seconds
[2024-07-31T07:56:46.761+0000] {processor.py:161} INFO - Started process (PID=303) to work on /home/airflow/.local/lib/python3.12/site-packages/airflow/example_dags/example_nested_branch_dag.py
[2024-07-31T07:56:46.762+0000] {processor.py:830} INFO - Processing file /home/airflow/.local/lib/python3.12/site-packages/airflow/example_dags/example_nested_branch_dag.py for tasks to queue
[2024-07-31T07:56:46.764+0000] {logging_mixin.py:188} INFO - [2024-07-31T07:56:46.763+0000] {dagbag.py:545} INFO - Filling up the DagBag from /home/airflow/.local/lib/python3.12/site-packages/airflow/example_dags/example_nested_branch_dag.py
[2024-07-31T07:56:46.772+0000] {processor.py:840} INFO - DAG(s) 'example_nested_branch_dag' retrieved from /home/airflow/.local/lib/python3.12/site-packages/airflow/example_dags/example_nested_branch_dag.py
[2024-07-31T07:56:46.793+0000] {logging_mixin.py:188} INFO - [2024-07-31T07:56:46.793+0000] {dag.py:3089} INFO - Sync 1 DAGs
[2024-07-31T07:56:46.815+0000] {logging_mixin.py:188} INFO - [2024-07-31T07:56:46.814+0000] {dag.py:3947} INFO - Setting next_dagrun for example_nested_branch_dag to 2024-07-30 00:00:00+00:00, run_after=2024-07-31 00:00:00+00:00
[2024-07-31T07:56:46.832+0000] {processor.py:183} INFO - Processing /home/airflow/.local/lib/python3.12/site-packages/airflow/example_dags/example_nested_branch_dag.py took 0.082 seconds
[2024-07-31T07:57:16.942+0000] {processor.py:161} INFO - Started process (PID=361) to work on /home/airflow/.local/lib/python3.12/site-packages/airflow/example_dags/example_nested_branch_dag.py
[2024-07-31T07:57:16.943+0000] {processor.py:830} INFO - Processing file /home/airflow/.local/lib/python3.12/site-packages/airflow/example_dags/example_nested_branch_dag.py for tasks to queue
[2024-07-31T07:57:16.945+0000] {logging_mixin.py:188} INFO - [2024-07-31T07:57:16.945+0000] {dagbag.py:545} INFO - Filling up the DagBag from /home/airflow/.local/lib/python3.12/site-packages/airflow/example_dags/example_nested_branch_dag.py
[2024-07-31T07:57:16.953+0000] {processor.py:840} INFO - DAG(s) 'example_nested_branch_dag' retrieved from /home/airflow/.local/lib/python3.12/site-packages/airflow/example_dags/example_nested_branch_dag.py
[2024-07-31T07:57:16.972+0000] {logging_mixin.py:188} INFO - [2024-07-31T07:57:16.972+0000] {dag.py:3089} INFO - Sync 1 DAGs
[2024-07-31T07:57:16.994+0000] {logging_mixin.py:188} INFO - [2024-07-31T07:57:16.994+0000] {dag.py:3947} INFO - Setting next_dagrun for example_nested_branch_dag to 2024-07-30 00:00:00+00:00, run_after=2024-07-31 00:00:00+00:00
[2024-07-31T07:57:17.011+0000] {processor.py:183} INFO - Processing /home/airflow/.local/lib/python3.12/site-packages/airflow/example_dags/example_nested_branch_dag.py took 0.080 seconds
[2024-07-31T07:57:47.358+0000] {processor.py:161} INFO - Started process (PID=419) to work on /home/airflow/.local/lib/python3.12/site-packages/airflow/example_dags/example_nested_branch_dag.py
[2024-07-31T07:57:47.359+0000] {processor.py:830} INFO - Processing file /home/airflow/.local/lib/python3.12/site-packages/airflow/example_dags/example_nested_branch_dag.py for tasks to queue
[2024-07-31T07:57:47.361+0000] {logging_mixin.py:188} INFO - [2024-07-31T07:57:47.360+0000] {dagbag.py:545} INFO - Filling up the DagBag from /home/airflow/.local/lib/python3.12/site-packages/airflow/example_dags/example_nested_branch_dag.py
[2024-07-31T07:57:47.369+0000] {processor.py:840} INFO - DAG(s) 'example_nested_branch_dag' retrieved from /home/airflow/.local/lib/python3.12/site-packages/airflow/example_dags/example_nested_branch_dag.py
[2024-07-31T07:57:47.390+0000] {logging_mixin.py:188} INFO - [2024-07-31T07:57:47.390+0000] {dag.py:3089} INFO - Sync 1 DAGs
[2024-07-31T07:57:47.412+0000] {logging_mixin.py:188} INFO - [2024-07-31T07:57:47.412+0000] {dag.py:3947} INFO - Setting next_dagrun for example_nested_branch_dag to 2024-07-30 00:00:00+00:00, run_after=2024-07-31 00:00:00+00:00
[2024-07-31T07:57:47.429+0000] {processor.py:183} INFO - Processing /home/airflow/.local/lib/python3.12/site-packages/airflow/example_dags/example_nested_branch_dag.py took 0.076 seconds
[2024-07-31T07:58:49.316+0000] {processor.py:161} INFO - Started process (PID=72) to work on /home/airflow/.local/lib/python3.12/site-packages/airflow/example_dags/example_nested_branch_dag.py
[2024-07-31T07:58:49.317+0000] {processor.py:830} INFO - Processing file /home/airflow/.local/lib/python3.12/site-packages/airflow/example_dags/example_nested_branch_dag.py for tasks to queue
[2024-07-31T07:58:49.320+0000] {logging_mixin.py:188} INFO - [2024-07-31T07:58:49.319+0000] {dagbag.py:545} INFO - Filling up the DagBag from /home/airflow/.local/lib/python3.12/site-packages/airflow/example_dags/example_nested_branch_dag.py
[2024-07-31T07:58:49.343+0000] {processor.py:840} INFO - DAG(s) 'example_nested_branch_dag' retrieved from /home/airflow/.local/lib/python3.12/site-packages/airflow/example_dags/example_nested_branch_dag.py
[2024-07-31T07:58:49.360+0000] {logging_mixin.py:188} INFO - [2024-07-31T07:58:49.360+0000] {dag.py:3089} INFO - Sync 1 DAGs
[2024-07-31T07:58:49.390+0000] {logging_mixin.py:188} INFO - [2024-07-31T07:58:49.390+0000] {dag.py:3947} INFO - Setting next_dagrun for example_nested_branch_dag to 2024-07-30 00:00:00+00:00, run_after=2024-07-31 00:00:00+00:00
[2024-07-31T07:58:49.413+0000] {processor.py:183} INFO - Processing /home/airflow/.local/lib/python3.12/site-packages/airflow/example_dags/example_nested_branch_dag.py took 0.104 seconds
[2024-07-31T07:59:20.757+0000] {processor.py:161} INFO - Started process (PID=136) to work on /home/airflow/.local/lib/python3.12/site-packages/airflow/example_dags/example_nested_branch_dag.py
[2024-07-31T07:59:20.758+0000] {processor.py:830} INFO - Processing file /home/airflow/.local/lib/python3.12/site-packages/airflow/example_dags/example_nested_branch_dag.py for tasks to queue
[2024-07-31T07:59:20.760+0000] {logging_mixin.py:188} INFO - [2024-07-31T07:59:20.760+0000] {dagbag.py:545} INFO - Filling up the DagBag from /home/airflow/.local/lib/python3.12/site-packages/airflow/example_dags/example_nested_branch_dag.py
[2024-07-31T07:59:20.772+0000] {processor.py:840} INFO - DAG(s) 'example_nested_branch_dag' retrieved from /home/airflow/.local/lib/python3.12/site-packages/airflow/example_dags/example_nested_branch_dag.py
[2024-07-31T07:59:20.880+0000] {logging_mixin.py:188} INFO - [2024-07-31T07:59:20.880+0000] {dag.py:3089} INFO - Sync 1 DAGs
[2024-07-31T07:59:20.900+0000] {logging_mixin.py:188} INFO - [2024-07-31T07:59:20.900+0000] {dag.py:3947} INFO - Setting next_dagrun for example_nested_branch_dag to 2024-07-30 00:00:00+00:00, run_after=2024-07-31 00:00:00+00:00
[2024-07-31T07:59:20.920+0000] {processor.py:183} INFO - Processing /home/airflow/.local/lib/python3.12/site-packages/airflow/example_dags/example_nested_branch_dag.py took 0.169 seconds
[2024-07-31T07:59:51.102+0000] {processor.py:161} INFO - Started process (PID=194) to work on /home/airflow/.local/lib/python3.12/site-packages/airflow/example_dags/example_nested_branch_dag.py
[2024-07-31T07:59:51.103+0000] {processor.py:830} INFO - Processing file /home/airflow/.local/lib/python3.12/site-packages/airflow/example_dags/example_nested_branch_dag.py for tasks to queue
[2024-07-31T07:59:51.105+0000] {logging_mixin.py:188} INFO - [2024-07-31T07:59:51.104+0000] {dagbag.py:545} INFO - Filling up the DagBag from /home/airflow/.local/lib/python3.12/site-packages/airflow/example_dags/example_nested_branch_dag.py
[2024-07-31T07:59:51.113+0000] {processor.py:840} INFO - DAG(s) 'example_nested_branch_dag' retrieved from /home/airflow/.local/lib/python3.12/site-packages/airflow/example_dags/example_nested_branch_dag.py
[2024-07-31T07:59:51.135+0000] {logging_mixin.py:188} INFO - [2024-07-31T07:59:51.135+0000] {dag.py:3089} INFO - Sync 1 DAGs
[2024-07-31T07:59:51.157+0000] {logging_mixin.py:188} INFO - [2024-07-31T07:59:51.156+0000] {dag.py:3947} INFO - Setting next_dagrun for example_nested_branch_dag to 2024-07-30 00:00:00+00:00, run_after=2024-07-31 00:00:00+00:00
[2024-07-31T07:59:51.173+0000] {processor.py:183} INFO - Processing /home/airflow/.local/lib/python3.12/site-packages/airflow/example_dags/example_nested_branch_dag.py took 0.080 seconds
[2024-07-31T08:00:21.361+0000] {processor.py:161} INFO - Started process (PID=252) to work on /home/airflow/.local/lib/python3.12/site-packages/airflow/example_dags/example_nested_branch_dag.py
[2024-07-31T08:00:21.362+0000] {processor.py:830} INFO - Processing file /home/airflow/.local/lib/python3.12/site-packages/airflow/example_dags/example_nested_branch_dag.py for tasks to queue
[2024-07-31T08:00:21.364+0000] {logging_mixin.py:188} INFO - [2024-07-31T08:00:21.363+0000] {dagbag.py:545} INFO - Filling up the DagBag from /home/airflow/.local/lib/python3.12/site-packages/airflow/example_dags/example_nested_branch_dag.py
[2024-07-31T08:00:21.372+0000] {processor.py:840} INFO - DAG(s) 'example_nested_branch_dag' retrieved from /home/airflow/.local/lib/python3.12/site-packages/airflow/example_dags/example_nested_branch_dag.py
[2024-07-31T08:00:21.391+0000] {logging_mixin.py:188} INFO - [2024-07-31T08:00:21.391+0000] {dag.py:3089} INFO - Sync 1 DAGs
[2024-07-31T08:00:21.412+0000] {logging_mixin.py:188} INFO - [2024-07-31T08:00:21.412+0000] {dag.py:3947} INFO - Setting next_dagrun for example_nested_branch_dag to 2024-07-30 00:00:00+00:00, run_after=2024-07-31 00:00:00+00:00
[2024-07-31T08:00:21.430+0000] {processor.py:183} INFO - Processing /home/airflow/.local/lib/python3.12/site-packages/airflow/example_dags/example_nested_branch_dag.py took 0.076 seconds
[2024-07-31T08:00:51.846+0000] {processor.py:161} INFO - Started process (PID=310) to work on /home/airflow/.local/lib/python3.12/site-packages/airflow/example_dags/example_nested_branch_dag.py
[2024-07-31T08:00:51.847+0000] {processor.py:830} INFO - Processing file /home/airflow/.local/lib/python3.12/site-packages/airflow/example_dags/example_nested_branch_dag.py for tasks to queue
[2024-07-31T08:00:51.848+0000] {logging_mixin.py:188} INFO - [2024-07-31T08:00:51.848+0000] {dagbag.py:545} INFO - Filling up the DagBag from /home/airflow/.local/lib/python3.12/site-packages/airflow/example_dags/example_nested_branch_dag.py
[2024-07-31T08:00:51.857+0000] {processor.py:840} INFO - DAG(s) 'example_nested_branch_dag' retrieved from /home/airflow/.local/lib/python3.12/site-packages/airflow/example_dags/example_nested_branch_dag.py
[2024-07-31T08:00:51.876+0000] {logging_mixin.py:188} INFO - [2024-07-31T08:00:51.876+0000] {dag.py:3089} INFO - Sync 1 DAGs
[2024-07-31T08:00:51.896+0000] {logging_mixin.py:188} INFO - [2024-07-31T08:00:51.896+0000] {dag.py:3947} INFO - Setting next_dagrun for example_nested_branch_dag to 2024-07-30 00:00:00+00:00, run_after=2024-07-31 00:00:00+00:00
[2024-07-31T08:00:51.914+0000] {processor.py:183} INFO - Processing /home/airflow/.local/lib/python3.12/site-packages/airflow/example_dags/example_nested_branch_dag.py took 0.073 seconds
[2024-07-31T08:01:22.099+0000] {processor.py:161} INFO - Started process (PID=368) to work on /home/airflow/.local/lib/python3.12/site-packages/airflow/example_dags/example_nested_branch_dag.py
[2024-07-31T08:01:22.099+0000] {processor.py:830} INFO - Processing file /home/airflow/.local/lib/python3.12/site-packages/airflow/example_dags/example_nested_branch_dag.py for tasks to queue
[2024-07-31T08:01:22.102+0000] {logging_mixin.py:188} INFO - [2024-07-31T08:01:22.101+0000] {dagbag.py:545} INFO - Filling up the DagBag from /home/airflow/.local/lib/python3.12/site-packages/airflow/example_dags/example_nested_branch_dag.py
[2024-07-31T08:01:22.112+0000] {processor.py:840} INFO - DAG(s) 'example_nested_branch_dag' retrieved from /home/airflow/.local/lib/python3.12/site-packages/airflow/example_dags/example_nested_branch_dag.py
[2024-07-31T08:01:22.135+0000] {logging_mixin.py:188} INFO - [2024-07-31T08:01:22.135+0000] {dag.py:3089} INFO - Sync 1 DAGs
[2024-07-31T08:01:22.158+0000] {logging_mixin.py:188} INFO - [2024-07-31T08:01:22.158+0000] {dag.py:3947} INFO - Setting next_dagrun for example_nested_branch_dag to 2024-07-30 00:00:00+00:00, run_after=2024-07-31 00:00:00+00:00
[2024-07-31T08:01:22.176+0000] {processor.py:183} INFO - Processing /home/airflow/.local/lib/python3.12/site-packages/airflow/example_dags/example_nested_branch_dag.py took 0.084 seconds
[2024-07-31T08:01:52.327+0000] {processor.py:161} INFO - Started process (PID=426) to work on /home/airflow/.local/lib/python3.12/site-packages/airflow/example_dags/example_nested_branch_dag.py
[2024-07-31T08:01:52.328+0000] {processor.py:830} INFO - Processing file /home/airflow/.local/lib/python3.12/site-packages/airflow/example_dags/example_nested_branch_dag.py for tasks to queue
[2024-07-31T08:01:52.329+0000] {logging_mixin.py:188} INFO - [2024-07-31T08:01:52.329+0000] {dagbag.py:545} INFO - Filling up the DagBag from /home/airflow/.local/lib/python3.12/site-packages/airflow/example_dags/example_nested_branch_dag.py
[2024-07-31T08:01:52.338+0000] {processor.py:840} INFO - DAG(s) 'example_nested_branch_dag' retrieved from /home/airflow/.local/lib/python3.12/site-packages/airflow/example_dags/example_nested_branch_dag.py
[2024-07-31T08:01:52.363+0000] {logging_mixin.py:188} INFO - [2024-07-31T08:01:52.363+0000] {dag.py:3089} INFO - Sync 1 DAGs
[2024-07-31T08:01:52.386+0000] {logging_mixin.py:188} INFO - [2024-07-31T08:01:52.385+0000] {dag.py:3947} INFO - Setting next_dagrun for example_nested_branch_dag to 2024-07-30 00:00:00+00:00, run_after=2024-07-31 00:00:00+00:00
[2024-07-31T08:01:52.402+0000] {processor.py:183} INFO - Processing /home/airflow/.local/lib/python3.12/site-packages/airflow/example_dags/example_nested_branch_dag.py took 0.080 seconds
[2024-07-31T08:02:22.662+0000] {processor.py:161} INFO - Started process (PID=484) to work on /home/airflow/.local/lib/python3.12/site-packages/airflow/example_dags/example_nested_branch_dag.py
[2024-07-31T08:02:22.663+0000] {processor.py:830} INFO - Processing file /home/airflow/.local/lib/python3.12/site-packages/airflow/example_dags/example_nested_branch_dag.py for tasks to queue
[2024-07-31T08:02:22.665+0000] {logging_mixin.py:188} INFO - [2024-07-31T08:02:22.664+0000] {dagbag.py:545} INFO - Filling up the DagBag from /home/airflow/.local/lib/python3.12/site-packages/airflow/example_dags/example_nested_branch_dag.py
[2024-07-31T08:02:22.674+0000] {processor.py:840} INFO - DAG(s) 'example_nested_branch_dag' retrieved from /home/airflow/.local/lib/python3.12/site-packages/airflow/example_dags/example_nested_branch_dag.py
[2024-07-31T08:02:22.698+0000] {logging_mixin.py:188} INFO - [2024-07-31T08:02:22.698+0000] {dag.py:3089} INFO - Sync 1 DAGs
[2024-07-31T08:02:22.721+0000] {logging_mixin.py:188} INFO - [2024-07-31T08:02:22.721+0000] {dag.py:3947} INFO - Setting next_dagrun for example_nested_branch_dag to 2024-07-30 00:00:00+00:00, run_after=2024-07-31 00:00:00+00:00
[2024-07-31T08:02:22.741+0000] {processor.py:183} INFO - Processing /home/airflow/.local/lib/python3.12/site-packages/airflow/example_dags/example_nested_branch_dag.py took 0.090 seconds
[2024-07-31T08:02:52.910+0000] {processor.py:161} INFO - Started process (PID=542) to work on /home/airflow/.local/lib/python3.12/site-packages/airflow/example_dags/example_nested_branch_dag.py
[2024-07-31T08:02:52.911+0000] {processor.py:830} INFO - Processing file /home/airflow/.local/lib/python3.12/site-packages/airflow/example_dags/example_nested_branch_dag.py for tasks to queue
[2024-07-31T08:02:52.914+0000] {logging_mixin.py:188} INFO - [2024-07-31T08:02:52.913+0000] {dagbag.py:545} INFO - Filling up the DagBag from /home/airflow/.local/lib/python3.12/site-packages/airflow/example_dags/example_nested_branch_dag.py
[2024-07-31T08:02:52.927+0000] {processor.py:840} INFO - DAG(s) 'example_nested_branch_dag' retrieved from /home/airflow/.local/lib/python3.12/site-packages/airflow/example_dags/example_nested_branch_dag.py
[2024-07-31T08:02:52.953+0000] {logging_mixin.py:188} INFO - [2024-07-31T08:02:52.952+0000] {dag.py:3089} INFO - Sync 1 DAGs
[2024-07-31T08:02:52.974+0000] {logging_mixin.py:188} INFO - [2024-07-31T08:02:52.974+0000] {dag.py:3947} INFO - Setting next_dagrun for example_nested_branch_dag to 2024-07-30 00:00:00+00:00, run_after=2024-07-31 00:00:00+00:00
[2024-07-31T08:02:52.990+0000] {processor.py:183} INFO - Processing /home/airflow/.local/lib/python3.12/site-packages/airflow/example_dags/example_nested_branch_dag.py took 0.086 seconds
[2024-07-31T08:03:23.197+0000] {processor.py:161} INFO - Started process (PID=600) to work on /home/airflow/.local/lib/python3.12/site-packages/airflow/example_dags/example_nested_branch_dag.py
[2024-07-31T08:03:23.198+0000] {processor.py:830} INFO - Processing file /home/airflow/.local/lib/python3.12/site-packages/airflow/example_dags/example_nested_branch_dag.py for tasks to queue
[2024-07-31T08:03:23.200+0000] {logging_mixin.py:188} INFO - [2024-07-31T08:03:23.199+0000] {dagbag.py:545} INFO - Filling up the DagBag from /home/airflow/.local/lib/python3.12/site-packages/airflow/example_dags/example_nested_branch_dag.py
[2024-07-31T08:03:23.208+0000] {processor.py:840} INFO - DAG(s) 'example_nested_branch_dag' retrieved from /home/airflow/.local/lib/python3.12/site-packages/airflow/example_dags/example_nested_branch_dag.py
[2024-07-31T08:03:23.228+0000] {logging_mixin.py:188} INFO - [2024-07-31T08:03:23.227+0000] {dag.py:3089} INFO - Sync 1 DAGs
[2024-07-31T08:03:23.249+0000] {logging_mixin.py:188} INFO - [2024-07-31T08:03:23.249+0000] {dag.py:3947} INFO - Setting next_dagrun for example_nested_branch_dag to 2024-07-30 00:00:00+00:00, run_after=2024-07-31 00:00:00+00:00
[2024-07-31T08:03:23.268+0000] {processor.py:183} INFO - Processing /home/airflow/.local/lib/python3.12/site-packages/airflow/example_dags/example_nested_branch_dag.py took 0.080 seconds
[2024-07-31T08:03:53.435+0000] {processor.py:161} INFO - Started process (PID=658) to work on /home/airflow/.local/lib/python3.12/site-packages/airflow/example_dags/example_nested_branch_dag.py
[2024-07-31T08:03:53.436+0000] {processor.py:830} INFO - Processing file /home/airflow/.local/lib/python3.12/site-packages/airflow/example_dags/example_nested_branch_dag.py for tasks to queue
[2024-07-31T08:03:53.439+0000] {logging_mixin.py:188} INFO - [2024-07-31T08:03:53.438+0000] {dagbag.py:545} INFO - Filling up the DagBag from /home/airflow/.local/lib/python3.12/site-packages/airflow/example_dags/example_nested_branch_dag.py
[2024-07-31T08:03:53.447+0000] {processor.py:840} INFO - DAG(s) 'example_nested_branch_dag' retrieved from /home/airflow/.local/lib/python3.12/site-packages/airflow/example_dags/example_nested_branch_dag.py
[2024-07-31T08:03:53.467+0000] {logging_mixin.py:188} INFO - [2024-07-31T08:03:53.467+0000] {dag.py:3089} INFO - Sync 1 DAGs
[2024-07-31T08:03:53.487+0000] {logging_mixin.py:188} INFO - [2024-07-31T08:03:53.487+0000] {dag.py:3947} INFO - Setting next_dagrun for example_nested_branch_dag to 2024-07-30 00:00:00+00:00, run_after=2024-07-31 00:00:00+00:00
[2024-07-31T08:03:53.505+0000] {processor.py:183} INFO - Processing /home/airflow/.local/lib/python3.12/site-packages/airflow/example_dags/example_nested_branch_dag.py took 0.081 seconds
[2024-07-31T08:04:24.033+0000] {processor.py:161} INFO - Started process (PID=716) to work on /home/airflow/.local/lib/python3.12/site-packages/airflow/example_dags/example_nested_branch_dag.py
[2024-07-31T08:04:24.034+0000] {processor.py:830} INFO - Processing file /home/airflow/.local/lib/python3.12/site-packages/airflow/example_dags/example_nested_branch_dag.py for tasks to queue
[2024-07-31T08:04:24.036+0000] {logging_mixin.py:188} INFO - [2024-07-31T08:04:24.035+0000] {dagbag.py:545} INFO - Filling up the DagBag from /home/airflow/.local/lib/python3.12/site-packages/airflow/example_dags/example_nested_branch_dag.py
[2024-07-31T08:04:24.044+0000] {processor.py:840} INFO - DAG(s) 'example_nested_branch_dag' retrieved from /home/airflow/.local/lib/python3.12/site-packages/airflow/example_dags/example_nested_branch_dag.py
[2024-07-31T08:04:24.064+0000] {logging_mixin.py:188} INFO - [2024-07-31T08:04:24.064+0000] {dag.py:3089} INFO - Sync 1 DAGs
[2024-07-31T08:04:24.087+0000] {logging_mixin.py:188} INFO - [2024-07-31T08:04:24.087+0000] {dag.py:3947} INFO - Setting next_dagrun for example_nested_branch_dag to 2024-07-30 00:00:00+00:00, run_after=2024-07-31 00:00:00+00:00
[2024-07-31T08:04:24.107+0000] {processor.py:183} INFO - Processing /home/airflow/.local/lib/python3.12/site-packages/airflow/example_dags/example_nested_branch_dag.py took 0.084 seconds
[2024-07-31T08:04:54.252+0000] {processor.py:161} INFO - Started process (PID=774) to work on /home/airflow/.local/lib/python3.12/site-packages/airflow/example_dags/example_nested_branch_dag.py
[2024-07-31T08:04:54.253+0000] {processor.py:830} INFO - Processing file /home/airflow/.local/lib/python3.12/site-packages/airflow/example_dags/example_nested_branch_dag.py for tasks to queue
[2024-07-31T08:04:54.255+0000] {logging_mixin.py:188} INFO - [2024-07-31T08:04:54.255+0000] {dagbag.py:545} INFO - Filling up the DagBag from /home/airflow/.local/lib/python3.12/site-packages/airflow/example_dags/example_nested_branch_dag.py
[2024-07-31T08:04:54.263+0000] {processor.py:840} INFO - DAG(s) 'example_nested_branch_dag' retrieved from /home/airflow/.local/lib/python3.12/site-packages/airflow/example_dags/example_nested_branch_dag.py
[2024-07-31T08:04:54.285+0000] {logging_mixin.py:188} INFO - [2024-07-31T08:04:54.285+0000] {dag.py:3089} INFO - Sync 1 DAGs
[2024-07-31T08:04:54.307+0000] {logging_mixin.py:188} INFO - [2024-07-31T08:04:54.307+0000] {dag.py:3947} INFO - Setting next_dagrun for example_nested_branch_dag to 2024-07-30 00:00:00+00:00, run_after=2024-07-31 00:00:00+00:00
[2024-07-31T08:04:54.325+0000] {processor.py:183} INFO - Processing /home/airflow/.local/lib/python3.12/site-packages/airflow/example_dags/example_nested_branch_dag.py took 0.078 seconds
[2024-07-31T08:05:24.526+0000] {processor.py:161} INFO - Started process (PID=832) to work on /home/airflow/.local/lib/python3.12/site-packages/airflow/example_dags/example_nested_branch_dag.py
[2024-07-31T08:05:24.527+0000] {processor.py:830} INFO - Processing file /home/airflow/.local/lib/python3.12/site-packages/airflow/example_dags/example_nested_branch_dag.py for tasks to queue
[2024-07-31T08:05:24.528+0000] {logging_mixin.py:188} INFO - [2024-07-31T08:05:24.528+0000] {dagbag.py:545} INFO - Filling up the DagBag from /home/airflow/.local/lib/python3.12/site-packages/airflow/example_dags/example_nested_branch_dag.py
[2024-07-31T08:05:24.537+0000] {processor.py:840} INFO - DAG(s) 'example_nested_branch_dag' retrieved from /home/airflow/.local/lib/python3.12/site-packages/airflow/example_dags/example_nested_branch_dag.py
[2024-07-31T08:05:24.565+0000] {logging_mixin.py:188} INFO - [2024-07-31T08:05:24.565+0000] {dag.py:3089} INFO - Sync 1 DAGs
[2024-07-31T08:05:24.591+0000] {logging_mixin.py:188} INFO - [2024-07-31T08:05:24.591+0000] {dag.py:3947} INFO - Setting next_dagrun for example_nested_branch_dag to 2024-07-30 00:00:00+00:00, run_after=2024-07-31 00:00:00+00:00
[2024-07-31T08:05:24.613+0000] {processor.py:183} INFO - Processing /home/airflow/.local/lib/python3.12/site-packages/airflow/example_dags/example_nested_branch_dag.py took 0.092 seconds
[2024-07-31T08:05:54.661+0000] {processor.py:161} INFO - Started process (PID=889) to work on /home/airflow/.local/lib/python3.12/site-packages/airflow/example_dags/example_nested_branch_dag.py
[2024-07-31T08:05:54.662+0000] {processor.py:830} INFO - Processing file /home/airflow/.local/lib/python3.12/site-packages/airflow/example_dags/example_nested_branch_dag.py for tasks to queue
[2024-07-31T08:05:54.665+0000] {logging_mixin.py:188} INFO - [2024-07-31T08:05:54.664+0000] {dagbag.py:545} INFO - Filling up the DagBag from /home/airflow/.local/lib/python3.12/site-packages/airflow/example_dags/example_nested_branch_dag.py
[2024-07-31T08:05:54.673+0000] {processor.py:840} INFO - DAG(s) 'example_nested_branch_dag' retrieved from /home/airflow/.local/lib/python3.12/site-packages/airflow/example_dags/example_nested_branch_dag.py
[2024-07-31T08:05:54.695+0000] {logging_mixin.py:188} INFO - [2024-07-31T08:05:54.694+0000] {dag.py:3089} INFO - Sync 1 DAGs
[2024-07-31T08:05:54.717+0000] {logging_mixin.py:188} INFO - [2024-07-31T08:05:54.716+0000] {dag.py:3947} INFO - Setting next_dagrun for example_nested_branch_dag to 2024-07-30 00:00:00+00:00, run_after=2024-07-31 00:00:00+00:00
[2024-07-31T08:05:54.737+0000] {processor.py:183} INFO - Processing /home/airflow/.local/lib/python3.12/site-packages/airflow/example_dags/example_nested_branch_dag.py took 0.083 seconds
[2024-07-31T08:06:24.898+0000] {processor.py:161} INFO - Started process (PID=947) to work on /home/airflow/.local/lib/python3.12/site-packages/airflow/example_dags/example_nested_branch_dag.py
[2024-07-31T08:06:24.899+0000] {processor.py:830} INFO - Processing file /home/airflow/.local/lib/python3.12/site-packages/airflow/example_dags/example_nested_branch_dag.py for tasks to queue
[2024-07-31T08:06:24.900+0000] {logging_mixin.py:188} INFO - [2024-07-31T08:06:24.900+0000] {dagbag.py:545} INFO - Filling up the DagBag from /home/airflow/.local/lib/python3.12/site-packages/airflow/example_dags/example_nested_branch_dag.py
[2024-07-31T08:06:24.910+0000] {processor.py:840} INFO - DAG(s) 'example_nested_branch_dag' retrieved from /home/airflow/.local/lib/python3.12/site-packages/airflow/example_dags/example_nested_branch_dag.py
[2024-07-31T08:06:24.929+0000] {logging_mixin.py:188} INFO - [2024-07-31T08:06:24.929+0000] {dag.py:3089} INFO - Sync 1 DAGs
[2024-07-31T08:06:24.949+0000] {logging_mixin.py:188} INFO - [2024-07-31T08:06:24.949+0000] {dag.py:3947} INFO - Setting next_dagrun for example_nested_branch_dag to 2024-07-30 00:00:00+00:00, run_after=2024-07-31 00:00:00+00:00
[2024-07-31T08:06:24.967+0000] {processor.py:183} INFO - Processing /home/airflow/.local/lib/python3.12/site-packages/airflow/example_dags/example_nested_branch_dag.py took 0.074 seconds
[2024-07-31T08:06:55.329+0000] {processor.py:161} INFO - Started process (PID=1005) to work on /home/airflow/.local/lib/python3.12/site-packages/airflow/example_dags/example_nested_branch_dag.py
[2024-07-31T08:06:55.331+0000] {processor.py:830} INFO - Processing file /home/airflow/.local/lib/python3.12/site-packages/airflow/example_dags/example_nested_branch_dag.py for tasks to queue
[2024-07-31T08:06:55.332+0000] {logging_mixin.py:188} INFO - [2024-07-31T08:06:55.332+0000] {dagbag.py:545} INFO - Filling up the DagBag from /home/airflow/.local/lib/python3.12/site-packages/airflow/example_dags/example_nested_branch_dag.py
[2024-07-31T08:06:55.340+0000] {processor.py:840} INFO - DAG(s) 'example_nested_branch_dag' retrieved from /home/airflow/.local/lib/python3.12/site-packages/airflow/example_dags/example_nested_branch_dag.py
[2024-07-31T08:06:55.361+0000] {logging_mixin.py:188} INFO - [2024-07-31T08:06:55.361+0000] {dag.py:3089} INFO - Sync 1 DAGs
[2024-07-31T08:06:55.382+0000] {logging_mixin.py:188} INFO - [2024-07-31T08:06:55.382+0000] {dag.py:3947} INFO - Setting next_dagrun for example_nested_branch_dag to 2024-07-30 00:00:00+00:00, run_after=2024-07-31 00:00:00+00:00
[2024-07-31T08:06:55.398+0000] {processor.py:183} INFO - Processing /home/airflow/.local/lib/python3.12/site-packages/airflow/example_dags/example_nested_branch_dag.py took 0.080 seconds
[2024-07-31T08:07:25.618+0000] {processor.py:161} INFO - Started process (PID=1063) to work on /home/airflow/.local/lib/python3.12/site-packages/airflow/example_dags/example_nested_branch_dag.py
[2024-07-31T08:07:25.619+0000] {processor.py:830} INFO - Processing file /home/airflow/.local/lib/python3.12/site-packages/airflow/example_dags/example_nested_branch_dag.py for tasks to queue
[2024-07-31T08:07:25.620+0000] {logging_mixin.py:188} INFO - [2024-07-31T08:07:25.620+0000] {dagbag.py:545} INFO - Filling up the DagBag from /home/airflow/.local/lib/python3.12/site-packages/airflow/example_dags/example_nested_branch_dag.py
[2024-07-31T08:07:25.629+0000] {processor.py:840} INFO - DAG(s) 'example_nested_branch_dag' retrieved from /home/airflow/.local/lib/python3.12/site-packages/airflow/example_dags/example_nested_branch_dag.py
[2024-07-31T08:07:25.650+0000] {logging_mixin.py:188} INFO - [2024-07-31T08:07:25.650+0000] {dag.py:3089} INFO - Sync 1 DAGs
[2024-07-31T08:07:25.672+0000] {logging_mixin.py:188} INFO - [2024-07-31T08:07:25.671+0000] {dag.py:3947} INFO - Setting next_dagrun for example_nested_branch_dag to 2024-07-30 00:00:00+00:00, run_after=2024-07-31 00:00:00+00:00
[2024-07-31T08:07:25.689+0000] {processor.py:183} INFO - Processing /home/airflow/.local/lib/python3.12/site-packages/airflow/example_dags/example_nested_branch_dag.py took 0.076 seconds
[2024-07-31T08:07:56.021+0000] {processor.py:161} INFO - Started process (PID=1121) to work on /home/airflow/.local/lib/python3.12/site-packages/airflow/example_dags/example_nested_branch_dag.py
[2024-07-31T08:07:56.022+0000] {processor.py:830} INFO - Processing file /home/airflow/.local/lib/python3.12/site-packages/airflow/example_dags/example_nested_branch_dag.py for tasks to queue
[2024-07-31T08:07:56.025+0000] {logging_mixin.py:188} INFO - [2024-07-31T08:07:56.024+0000] {dagbag.py:545} INFO - Filling up the DagBag from /home/airflow/.local/lib/python3.12/site-packages/airflow/example_dags/example_nested_branch_dag.py
[2024-07-31T08:07:56.036+0000] {processor.py:840} INFO - DAG(s) 'example_nested_branch_dag' retrieved from /home/airflow/.local/lib/python3.12/site-packages/airflow/example_dags/example_nested_branch_dag.py
[2024-07-31T08:07:56.057+0000] {logging_mixin.py:188} INFO - [2024-07-31T08:07:56.057+0000] {dag.py:3089} INFO - Sync 1 DAGs
[2024-07-31T08:07:56.080+0000] {logging_mixin.py:188} INFO - [2024-07-31T08:07:56.080+0000] {dag.py:3947} INFO - Setting next_dagrun for example_nested_branch_dag to 2024-07-30 00:00:00+00:00, run_after=2024-07-31 00:00:00+00:00
[2024-07-31T08:07:56.098+0000] {processor.py:183} INFO - Processing /home/airflow/.local/lib/python3.12/site-packages/airflow/example_dags/example_nested_branch_dag.py took 0.082 seconds
[2024-07-31T08:08:26.525+0000] {processor.py:161} INFO - Started process (PID=1180) to work on /home/airflow/.local/lib/python3.12/site-packages/airflow/example_dags/example_nested_branch_dag.py
[2024-07-31T08:08:26.526+0000] {processor.py:830} INFO - Processing file /home/airflow/.local/lib/python3.12/site-packages/airflow/example_dags/example_nested_branch_dag.py for tasks to queue
[2024-07-31T08:08:26.527+0000] {logging_mixin.py:188} INFO - [2024-07-31T08:08:26.527+0000] {dagbag.py:545} INFO - Filling up the DagBag from /home/airflow/.local/lib/python3.12/site-packages/airflow/example_dags/example_nested_branch_dag.py
[2024-07-31T08:08:26.535+0000] {processor.py:840} INFO - DAG(s) 'example_nested_branch_dag' retrieved from /home/airflow/.local/lib/python3.12/site-packages/airflow/example_dags/example_nested_branch_dag.py
[2024-07-31T08:08:26.554+0000] {logging_mixin.py:188} INFO - [2024-07-31T08:08:26.554+0000] {dag.py:3089} INFO - Sync 1 DAGs
[2024-07-31T08:08:26.574+0000] {logging_mixin.py:188} INFO - [2024-07-31T08:08:26.574+0000] {dag.py:3947} INFO - Setting next_dagrun for example_nested_branch_dag to 2024-07-30 00:00:00+00:00, run_after=2024-07-31 00:00:00+00:00
[2024-07-31T08:08:26.591+0000] {processor.py:183} INFO - Processing /home/airflow/.local/lib/python3.12/site-packages/airflow/example_dags/example_nested_branch_dag.py took 0.072 seconds
[2024-07-31T08:08:56.709+0000] {processor.py:161} INFO - Started process (PID=1238) to work on /home/airflow/.local/lib/python3.12/site-packages/airflow/example_dags/example_nested_branch_dag.py
[2024-07-31T08:08:56.710+0000] {processor.py:830} INFO - Processing file /home/airflow/.local/lib/python3.12/site-packages/airflow/example_dags/example_nested_branch_dag.py for tasks to queue
[2024-07-31T08:08:56.712+0000] {logging_mixin.py:188} INFO - [2024-07-31T08:08:56.712+0000] {dagbag.py:545} INFO - Filling up the DagBag from /home/airflow/.local/lib/python3.12/site-packages/airflow/example_dags/example_nested_branch_dag.py
[2024-07-31T08:08:56.720+0000] {processor.py:840} INFO - DAG(s) 'example_nested_branch_dag' retrieved from /home/airflow/.local/lib/python3.12/site-packages/airflow/example_dags/example_nested_branch_dag.py
[2024-07-31T08:08:56.740+0000] {logging_mixin.py:188} INFO - [2024-07-31T08:08:56.739+0000] {dag.py:3089} INFO - Sync 1 DAGs
[2024-07-31T08:08:56.759+0000] {logging_mixin.py:188} INFO - [2024-07-31T08:08:56.759+0000] {dag.py:3947} INFO - Setting next_dagrun for example_nested_branch_dag to 2024-07-30 00:00:00+00:00, run_after=2024-07-31 00:00:00+00:00
[2024-07-31T08:08:56.775+0000] {processor.py:183} INFO - Processing /home/airflow/.local/lib/python3.12/site-packages/airflow/example_dags/example_nested_branch_dag.py took 0.076 seconds
[2024-07-31T08:09:27.146+0000] {processor.py:161} INFO - Started process (PID=1296) to work on /home/airflow/.local/lib/python3.12/site-packages/airflow/example_dags/example_nested_branch_dag.py
[2024-07-31T08:09:27.147+0000] {processor.py:830} INFO - Processing file /home/airflow/.local/lib/python3.12/site-packages/airflow/example_dags/example_nested_branch_dag.py for tasks to queue
[2024-07-31T08:09:27.149+0000] {logging_mixin.py:188} INFO - [2024-07-31T08:09:27.148+0000] {dagbag.py:545} INFO - Filling up the DagBag from /home/airflow/.local/lib/python3.12/site-packages/airflow/example_dags/example_nested_branch_dag.py
[2024-07-31T08:09:27.157+0000] {processor.py:840} INFO - DAG(s) 'example_nested_branch_dag' retrieved from /home/airflow/.local/lib/python3.12/site-packages/airflow/example_dags/example_nested_branch_dag.py
[2024-07-31T08:09:27.179+0000] {logging_mixin.py:188} INFO - [2024-07-31T08:09:27.178+0000] {dag.py:3089} INFO - Sync 1 DAGs
[2024-07-31T08:09:27.200+0000] {logging_mixin.py:188} INFO - [2024-07-31T08:09:27.200+0000] {dag.py:3947} INFO - Setting next_dagrun for example_nested_branch_dag to 2024-07-30 00:00:00+00:00, run_after=2024-07-31 00:00:00+00:00
[2024-07-31T08:09:27.218+0000] {processor.py:183} INFO - Processing /home/airflow/.local/lib/python3.12/site-packages/airflow/example_dags/example_nested_branch_dag.py took 0.077 seconds
[2024-07-31T08:09:57.502+0000] {processor.py:161} INFO - Started process (PID=1354) to work on /home/airflow/.local/lib/python3.12/site-packages/airflow/example_dags/example_nested_branch_dag.py
[2024-07-31T08:09:57.503+0000] {processor.py:830} INFO - Processing file /home/airflow/.local/lib/python3.12/site-packages/airflow/example_dags/example_nested_branch_dag.py for tasks to queue
[2024-07-31T08:09:57.507+0000] {logging_mixin.py:188} INFO - [2024-07-31T08:09:57.506+0000] {dagbag.py:545} INFO - Filling up the DagBag from /home/airflow/.local/lib/python3.12/site-packages/airflow/example_dags/example_nested_branch_dag.py
[2024-07-31T08:09:57.518+0000] {processor.py:840} INFO - DAG(s) 'example_nested_branch_dag' retrieved from /home/airflow/.local/lib/python3.12/site-packages/airflow/example_dags/example_nested_branch_dag.py
[2024-07-31T08:09:57.540+0000] {logging_mixin.py:188} INFO - [2024-07-31T08:09:57.540+0000] {dag.py:3089} INFO - Sync 1 DAGs
[2024-07-31T08:09:57.562+0000] {logging_mixin.py:188} INFO - [2024-07-31T08:09:57.562+0000] {dag.py:3947} INFO - Setting next_dagrun for example_nested_branch_dag to 2024-07-30 00:00:00+00:00, run_after=2024-07-31 00:00:00+00:00
[2024-07-31T08:09:57.578+0000] {processor.py:183} INFO - Processing /home/airflow/.local/lib/python3.12/site-packages/airflow/example_dags/example_nested_branch_dag.py took 0.085 seconds
[2024-07-31T08:10:27.865+0000] {processor.py:161} INFO - Started process (PID=1412) to work on /home/airflow/.local/lib/python3.12/site-packages/airflow/example_dags/example_nested_branch_dag.py
[2024-07-31T08:10:27.866+0000] {processor.py:830} INFO - Processing file /home/airflow/.local/lib/python3.12/site-packages/airflow/example_dags/example_nested_branch_dag.py for tasks to queue
[2024-07-31T08:10:27.868+0000] {logging_mixin.py:188} INFO - [2024-07-31T08:10:27.867+0000] {dagbag.py:545} INFO - Filling up the DagBag from /home/airflow/.local/lib/python3.12/site-packages/airflow/example_dags/example_nested_branch_dag.py
[2024-07-31T08:10:27.877+0000] {processor.py:840} INFO - DAG(s) 'example_nested_branch_dag' retrieved from /home/airflow/.local/lib/python3.12/site-packages/airflow/example_dags/example_nested_branch_dag.py
[2024-07-31T08:10:27.896+0000] {logging_mixin.py:188} INFO - [2024-07-31T08:10:27.896+0000] {dag.py:3089} INFO - Sync 1 DAGs
[2024-07-31T08:10:27.917+0000] {logging_mixin.py:188} INFO - [2024-07-31T08:10:27.917+0000] {dag.py:3947} INFO - Setting next_dagrun for example_nested_branch_dag to 2024-07-30 00:00:00+00:00, run_after=2024-07-31 00:00:00+00:00
[2024-07-31T08:10:27.935+0000] {processor.py:183} INFO - Processing /home/airflow/.local/lib/python3.12/site-packages/airflow/example_dags/example_nested_branch_dag.py took 0.076 seconds
[2024-07-31T08:10:58.122+0000] {processor.py:161} INFO - Started process (PID=1470) to work on /home/airflow/.local/lib/python3.12/site-packages/airflow/example_dags/example_nested_branch_dag.py
[2024-07-31T08:10:58.122+0000] {processor.py:830} INFO - Processing file /home/airflow/.local/lib/python3.12/site-packages/airflow/example_dags/example_nested_branch_dag.py for tasks to queue
[2024-07-31T08:10:58.124+0000] {logging_mixin.py:188} INFO - [2024-07-31T08:10:58.124+0000] {dagbag.py:545} INFO - Filling up the DagBag from /home/airflow/.local/lib/python3.12/site-packages/airflow/example_dags/example_nested_branch_dag.py
[2024-07-31T08:10:58.133+0000] {processor.py:840} INFO - DAG(s) 'example_nested_branch_dag' retrieved from /home/airflow/.local/lib/python3.12/site-packages/airflow/example_dags/example_nested_branch_dag.py
[2024-07-31T08:10:58.154+0000] {logging_mixin.py:188} INFO - [2024-07-31T08:10:58.154+0000] {dag.py:3089} INFO - Sync 1 DAGs
[2024-07-31T08:10:58.177+0000] {logging_mixin.py:188} INFO - [2024-07-31T08:10:58.177+0000] {dag.py:3947} INFO - Setting next_dagrun for example_nested_branch_dag to 2024-07-30 00:00:00+00:00, run_after=2024-07-31 00:00:00+00:00
[2024-07-31T08:10:58.199+0000] {processor.py:183} INFO - Processing /home/airflow/.local/lib/python3.12/site-packages/airflow/example_dags/example_nested_branch_dag.py took 0.084 seconds
[2024-07-31T08:11:28.750+0000] {processor.py:161} INFO - Started process (PID=1528) to work on /home/airflow/.local/lib/python3.12/site-packages/airflow/example_dags/example_nested_branch_dag.py
[2024-07-31T08:11:28.751+0000] {processor.py:830} INFO - Processing file /home/airflow/.local/lib/python3.12/site-packages/airflow/example_dags/example_nested_branch_dag.py for tasks to queue
[2024-07-31T08:11:28.753+0000] {logging_mixin.py:188} INFO - [2024-07-31T08:11:28.753+0000] {dagbag.py:545} INFO - Filling up the DagBag from /home/airflow/.local/lib/python3.12/site-packages/airflow/example_dags/example_nested_branch_dag.py
[2024-07-31T08:11:28.762+0000] {processor.py:840} INFO - DAG(s) 'example_nested_branch_dag' retrieved from /home/airflow/.local/lib/python3.12/site-packages/airflow/example_dags/example_nested_branch_dag.py
[2024-07-31T08:11:28.786+0000] {logging_mixin.py:188} INFO - [2024-07-31T08:11:28.786+0000] {dag.py:3089} INFO - Sync 1 DAGs
[2024-07-31T08:11:28.808+0000] {logging_mixin.py:188} INFO - [2024-07-31T08:11:28.808+0000] {dag.py:3947} INFO - Setting next_dagrun for example_nested_branch_dag to 2024-07-30 00:00:00+00:00, run_after=2024-07-31 00:00:00+00:00
[2024-07-31T08:11:28.824+0000] {processor.py:183} INFO - Processing /home/airflow/.local/lib/python3.12/site-packages/airflow/example_dags/example_nested_branch_dag.py took 0.082 seconds
[2024-07-31T08:11:59.067+0000] {processor.py:161} INFO - Started process (PID=1586) to work on /home/airflow/.local/lib/python3.12/site-packages/airflow/example_dags/example_nested_branch_dag.py
[2024-07-31T08:11:59.068+0000] {processor.py:830} INFO - Processing file /home/airflow/.local/lib/python3.12/site-packages/airflow/example_dags/example_nested_branch_dag.py for tasks to queue
[2024-07-31T08:11:59.070+0000] {logging_mixin.py:188} INFO - [2024-07-31T08:11:59.069+0000] {dagbag.py:545} INFO - Filling up the DagBag from /home/airflow/.local/lib/python3.12/site-packages/airflow/example_dags/example_nested_branch_dag.py
[2024-07-31T08:11:59.079+0000] {processor.py:840} INFO - DAG(s) 'example_nested_branch_dag' retrieved from /home/airflow/.local/lib/python3.12/site-packages/airflow/example_dags/example_nested_branch_dag.py
[2024-07-31T08:11:59.101+0000] {logging_mixin.py:188} INFO - [2024-07-31T08:11:59.101+0000] {dag.py:3089} INFO - Sync 1 DAGs
[2024-07-31T08:11:59.123+0000] {logging_mixin.py:188} INFO - [2024-07-31T08:11:59.123+0000] {dag.py:3947} INFO - Setting next_dagrun for example_nested_branch_dag to 2024-07-30 00:00:00+00:00, run_after=2024-07-31 00:00:00+00:00
[2024-07-31T08:11:59.141+0000] {processor.py:183} INFO - Processing /home/airflow/.local/lib/python3.12/site-packages/airflow/example_dags/example_nested_branch_dag.py took 0.084 seconds
