[2024-07-31T07:54:23.910+0000] {processor.py:161} INFO - Started process (PID=53) to work on /home/airflow/.local/lib/python3.12/site-packages/airflow/example_dags/example_bash_decorator.py
[2024-07-31T07:54:23.911+0000] {processor.py:830} INFO - Processing file /home/airflow/.local/lib/python3.12/site-packages/airflow/example_dags/example_bash_decorator.py for tasks to queue
[2024-07-31T07:54:23.913+0000] {logging_mixin.py:188} INFO - [2024-07-31T07:54:23.913+0000] {dagbag.py:545} INFO - Filling up the DagBag from /home/airflow/.local/lib/python3.12/site-packages/airflow/example_dags/example_bash_decorator.py
[2024-07-31T07:54:23.936+0000] {processor.py:840} INFO - DAG(s) 'example_bash_decorator' retrieved from /home/airflow/.local/lib/python3.12/site-packages/airflow/example_dags/example_bash_decorator.py
[2024-07-31T07:54:23.965+0000] {logging_mixin.py:188} INFO - [2024-07-31T07:54:23.965+0000] {dag.py:3089} INFO - Sync 1 DAGs
[2024-07-31T07:54:23.976+0000] {logging_mixin.py:188} INFO - [2024-07-31T07:54:23.976+0000] {dag.py:3947} INFO - Setting next_dagrun for example_bash_decorator to None, run_after=None
[2024-07-31T07:54:23.996+0000] {processor.py:183} INFO - Processing /home/airflow/.local/lib/python3.12/site-packages/airflow/example_dags/example_bash_decorator.py took 0.096 seconds
[2024-07-31T07:54:42.005+0000] {processor.py:161} INFO - Started process (PID=46) to work on /home/airflow/.local/lib/python3.12/site-packages/airflow/example_dags/example_bash_decorator.py
[2024-07-31T07:54:42.006+0000] {processor.py:830} INFO - Processing file /home/airflow/.local/lib/python3.12/site-packages/airflow/example_dags/example_bash_decorator.py for tasks to queue
[2024-07-31T07:54:42.007+0000] {logging_mixin.py:188} INFO - [2024-07-31T07:54:42.007+0000] {dagbag.py:545} INFO - Filling up the DagBag from /home/airflow/.local/lib/python3.12/site-packages/airflow/example_dags/example_bash_decorator.py
[2024-07-31T07:54:42.023+0000] {processor.py:840} INFO - DAG(s) 'example_bash_decorator' retrieved from /home/airflow/.local/lib/python3.12/site-packages/airflow/example_dags/example_bash_decorator.py
[2024-07-31T07:54:42.261+0000] {logging_mixin.py:188} INFO - [2024-07-31T07:54:42.261+0000] {dag.py:3089} INFO - Sync 1 DAGs
[2024-07-31T07:54:42.273+0000] {logging_mixin.py:188} INFO - [2024-07-31T07:54:42.273+0000] {dag.py:3947} INFO - Setting next_dagrun for example_bash_decorator to None, run_after=None
[2024-07-31T07:54:42.295+0000] {processor.py:183} INFO - Processing /home/airflow/.local/lib/python3.12/site-packages/airflow/example_dags/example_bash_decorator.py took 0.295 seconds
[2024-07-31T07:55:12.580+0000] {processor.py:161} INFO - Started process (PID=104) to work on /home/airflow/.local/lib/python3.12/site-packages/airflow/example_dags/example_bash_decorator.py
[2024-07-31T07:55:12.581+0000] {processor.py:830} INFO - Processing file /home/airflow/.local/lib/python3.12/site-packages/airflow/example_dags/example_bash_decorator.py for tasks to queue
[2024-07-31T07:55:12.582+0000] {logging_mixin.py:188} INFO - [2024-07-31T07:55:12.582+0000] {dagbag.py:545} INFO - Filling up the DagBag from /home/airflow/.local/lib/python3.12/site-packages/airflow/example_dags/example_bash_decorator.py
[2024-07-31T07:55:12.594+0000] {processor.py:840} INFO - DAG(s) 'example_bash_decorator' retrieved from /home/airflow/.local/lib/python3.12/site-packages/airflow/example_dags/example_bash_decorator.py
[2024-07-31T07:55:12.618+0000] {logging_mixin.py:188} INFO - [2024-07-31T07:55:12.618+0000] {dag.py:3089} INFO - Sync 1 DAGs
[2024-07-31T07:55:12.630+0000] {logging_mixin.py:188} INFO - [2024-07-31T07:55:12.630+0000] {dag.py:3947} INFO - Setting next_dagrun for example_bash_decorator to None, run_after=None
[2024-07-31T07:55:12.646+0000] {processor.py:183} INFO - Processing /home/airflow/.local/lib/python3.12/site-packages/airflow/example_dags/example_bash_decorator.py took 0.076 seconds
[2024-07-31T07:55:42.913+0000] {processor.py:161} INFO - Started process (PID=162) to work on /home/airflow/.local/lib/python3.12/site-packages/airflow/example_dags/example_bash_decorator.py
[2024-07-31T07:55:42.914+0000] {processor.py:830} INFO - Processing file /home/airflow/.local/lib/python3.12/site-packages/airflow/example_dags/example_bash_decorator.py for tasks to queue
[2024-07-31T07:55:42.915+0000] {logging_mixin.py:188} INFO - [2024-07-31T07:55:42.915+0000] {dagbag.py:545} INFO - Filling up the DagBag from /home/airflow/.local/lib/python3.12/site-packages/airflow/example_dags/example_bash_decorator.py
[2024-07-31T07:55:42.926+0000] {processor.py:840} INFO - DAG(s) 'example_bash_decorator' retrieved from /home/airflow/.local/lib/python3.12/site-packages/airflow/example_dags/example_bash_decorator.py
[2024-07-31T07:55:42.950+0000] {logging_mixin.py:188} INFO - [2024-07-31T07:55:42.950+0000] {dag.py:3089} INFO - Sync 1 DAGs
[2024-07-31T07:55:42.962+0000] {logging_mixin.py:188} INFO - [2024-07-31T07:55:42.962+0000] {dag.py:3947} INFO - Setting next_dagrun for example_bash_decorator to None, run_after=None
[2024-07-31T07:55:42.979+0000] {processor.py:183} INFO - Processing /home/airflow/.local/lib/python3.12/site-packages/airflow/example_dags/example_bash_decorator.py took 0.077 seconds
[2024-07-31T07:56:13.406+0000] {processor.py:161} INFO - Started process (PID=220) to work on /home/airflow/.local/lib/python3.12/site-packages/airflow/example_dags/example_bash_decorator.py
[2024-07-31T07:56:13.408+0000] {processor.py:830} INFO - Processing file /home/airflow/.local/lib/python3.12/site-packages/airflow/example_dags/example_bash_decorator.py for tasks to queue
[2024-07-31T07:56:13.409+0000] {logging_mixin.py:188} INFO - [2024-07-31T07:56:13.409+0000] {dagbag.py:545} INFO - Filling up the DagBag from /home/airflow/.local/lib/python3.12/site-packages/airflow/example_dags/example_bash_decorator.py
[2024-07-31T07:56:13.420+0000] {processor.py:840} INFO - DAG(s) 'example_bash_decorator' retrieved from /home/airflow/.local/lib/python3.12/site-packages/airflow/example_dags/example_bash_decorator.py
[2024-07-31T07:56:13.444+0000] {logging_mixin.py:188} INFO - [2024-07-31T07:56:13.444+0000] {dag.py:3089} INFO - Sync 1 DAGs
[2024-07-31T07:56:13.456+0000] {logging_mixin.py:188} INFO - [2024-07-31T07:56:13.456+0000] {dag.py:3947} INFO - Setting next_dagrun for example_bash_decorator to None, run_after=None
[2024-07-31T07:56:13.475+0000] {processor.py:183} INFO - Processing /home/airflow/.local/lib/python3.12/site-packages/airflow/example_dags/example_bash_decorator.py took 0.077 seconds
[2024-07-31T07:56:43.586+0000] {processor.py:161} INFO - Started process (PID=278) to work on /home/airflow/.local/lib/python3.12/site-packages/airflow/example_dags/example_bash_decorator.py
[2024-07-31T07:56:43.587+0000] {processor.py:830} INFO - Processing file /home/airflow/.local/lib/python3.12/site-packages/airflow/example_dags/example_bash_decorator.py for tasks to queue
[2024-07-31T07:56:43.589+0000] {logging_mixin.py:188} INFO - [2024-07-31T07:56:43.588+0000] {dagbag.py:545} INFO - Filling up the DagBag from /home/airflow/.local/lib/python3.12/site-packages/airflow/example_dags/example_bash_decorator.py
[2024-07-31T07:56:43.601+0000] {processor.py:840} INFO - DAG(s) 'example_bash_decorator' retrieved from /home/airflow/.local/lib/python3.12/site-packages/airflow/example_dags/example_bash_decorator.py
[2024-07-31T07:56:43.628+0000] {logging_mixin.py:188} INFO - [2024-07-31T07:56:43.627+0000] {dag.py:3089} INFO - Sync 1 DAGs
[2024-07-31T07:56:43.640+0000] {logging_mixin.py:188} INFO - [2024-07-31T07:56:43.640+0000] {dag.py:3947} INFO - Setting next_dagrun for example_bash_decorator to None, run_after=None
[2024-07-31T07:56:43.658+0000] {processor.py:183} INFO - Processing /home/airflow/.local/lib/python3.12/site-packages/airflow/example_dags/example_bash_decorator.py took 0.078 seconds
[2024-07-31T07:57:13.785+0000] {processor.py:161} INFO - Started process (PID=336) to work on /home/airflow/.local/lib/python3.12/site-packages/airflow/example_dags/example_bash_decorator.py
[2024-07-31T07:57:13.787+0000] {processor.py:830} INFO - Processing file /home/airflow/.local/lib/python3.12/site-packages/airflow/example_dags/example_bash_decorator.py for tasks to queue
[2024-07-31T07:57:13.788+0000] {logging_mixin.py:188} INFO - [2024-07-31T07:57:13.788+0000] {dagbag.py:545} INFO - Filling up the DagBag from /home/airflow/.local/lib/python3.12/site-packages/airflow/example_dags/example_bash_decorator.py
[2024-07-31T07:57:13.799+0000] {processor.py:840} INFO - DAG(s) 'example_bash_decorator' retrieved from /home/airflow/.local/lib/python3.12/site-packages/airflow/example_dags/example_bash_decorator.py
[2024-07-31T07:57:13.831+0000] {logging_mixin.py:188} INFO - [2024-07-31T07:57:13.831+0000] {dag.py:3089} INFO - Sync 1 DAGs
[2024-07-31T07:57:13.844+0000] {logging_mixin.py:188} INFO - [2024-07-31T07:57:13.844+0000] {dag.py:3947} INFO - Setting next_dagrun for example_bash_decorator to None, run_after=None
[2024-07-31T07:57:13.863+0000] {processor.py:183} INFO - Processing /home/airflow/.local/lib/python3.12/site-packages/airflow/example_dags/example_bash_decorator.py took 0.089 seconds
[2024-07-31T07:57:44.310+0000] {processor.py:161} INFO - Started process (PID=394) to work on /home/airflow/.local/lib/python3.12/site-packages/airflow/example_dags/example_bash_decorator.py
[2024-07-31T07:57:44.311+0000] {processor.py:830} INFO - Processing file /home/airflow/.local/lib/python3.12/site-packages/airflow/example_dags/example_bash_decorator.py for tasks to queue
[2024-07-31T07:57:44.313+0000] {logging_mixin.py:188} INFO - [2024-07-31T07:57:44.312+0000] {dagbag.py:545} INFO - Filling up the DagBag from /home/airflow/.local/lib/python3.12/site-packages/airflow/example_dags/example_bash_decorator.py
[2024-07-31T07:57:44.323+0000] {processor.py:840} INFO - DAG(s) 'example_bash_decorator' retrieved from /home/airflow/.local/lib/python3.12/site-packages/airflow/example_dags/example_bash_decorator.py
[2024-07-31T07:57:44.346+0000] {logging_mixin.py:188} INFO - [2024-07-31T07:57:44.345+0000] {dag.py:3089} INFO - Sync 1 DAGs
[2024-07-31T07:57:44.358+0000] {logging_mixin.py:188} INFO - [2024-07-31T07:57:44.357+0000] {dag.py:3947} INFO - Setting next_dagrun for example_bash_decorator to None, run_after=None
[2024-07-31T07:57:44.376+0000] {processor.py:183} INFO - Processing /home/airflow/.local/lib/python3.12/site-packages/airflow/example_dags/example_bash_decorator.py took 0.076 seconds
[2024-07-31T07:58:47.953+0000] {processor.py:161} INFO - Started process (PID=53) to work on /home/airflow/.local/lib/python3.12/site-packages/airflow/example_dags/example_bash_decorator.py
[2024-07-31T07:58:47.954+0000] {processor.py:830} INFO - Processing file /home/airflow/.local/lib/python3.12/site-packages/airflow/example_dags/example_bash_decorator.py for tasks to queue
[2024-07-31T07:58:47.955+0000] {logging_mixin.py:188} INFO - [2024-07-31T07:58:47.955+0000] {dagbag.py:545} INFO - Filling up the DagBag from /home/airflow/.local/lib/python3.12/site-packages/airflow/example_dags/example_bash_decorator.py
[2024-07-31T07:58:47.985+0000] {processor.py:840} INFO - DAG(s) 'example_bash_decorator' retrieved from /home/airflow/.local/lib/python3.12/site-packages/airflow/example_dags/example_bash_decorator.py
[2024-07-31T07:58:48.018+0000] {logging_mixin.py:188} INFO - [2024-07-31T07:58:48.018+0000] {dag.py:3089} INFO - Sync 1 DAGs
[2024-07-31T07:58:48.030+0000] {logging_mixin.py:188} INFO - [2024-07-31T07:58:48.030+0000] {dag.py:3947} INFO - Setting next_dagrun for example_bash_decorator to None, run_after=None
[2024-07-31T07:58:48.051+0000] {processor.py:183} INFO - Processing /home/airflow/.local/lib/python3.12/site-packages/airflow/example_dags/example_bash_decorator.py took 0.106 seconds
[2024-07-31T07:59:18.385+0000] {processor.py:161} INFO - Started process (PID=111) to work on /home/airflow/.local/lib/python3.12/site-packages/airflow/example_dags/example_bash_decorator.py
[2024-07-31T07:59:18.386+0000] {processor.py:830} INFO - Processing file /home/airflow/.local/lib/python3.12/site-packages/airflow/example_dags/example_bash_decorator.py for tasks to queue
[2024-07-31T07:59:18.388+0000] {logging_mixin.py:188} INFO - [2024-07-31T07:59:18.388+0000] {dagbag.py:545} INFO - Filling up the DagBag from /home/airflow/.local/lib/python3.12/site-packages/airflow/example_dags/example_bash_decorator.py
[2024-07-31T07:59:18.401+0000] {processor.py:840} INFO - DAG(s) 'example_bash_decorator' retrieved from /home/airflow/.local/lib/python3.12/site-packages/airflow/example_dags/example_bash_decorator.py
[2024-07-31T07:59:18.648+0000] {logging_mixin.py:188} INFO - [2024-07-31T07:59:18.648+0000] {dag.py:3089} INFO - Sync 1 DAGs
[2024-07-31T07:59:18.662+0000] {logging_mixin.py:188} INFO - [2024-07-31T07:59:18.662+0000] {dag.py:3947} INFO - Setting next_dagrun for example_bash_decorator to None, run_after=None
[2024-07-31T07:59:18.688+0000] {processor.py:183} INFO - Processing /home/airflow/.local/lib/python3.12/site-packages/airflow/example_dags/example_bash_decorator.py took 0.311 seconds
[2024-07-31T07:59:49.017+0000] {processor.py:161} INFO - Started process (PID=169) to work on /home/airflow/.local/lib/python3.12/site-packages/airflow/example_dags/example_bash_decorator.py
[2024-07-31T07:59:49.018+0000] {processor.py:830} INFO - Processing file /home/airflow/.local/lib/python3.12/site-packages/airflow/example_dags/example_bash_decorator.py for tasks to queue
[2024-07-31T07:59:49.021+0000] {logging_mixin.py:188} INFO - [2024-07-31T07:59:49.020+0000] {dagbag.py:545} INFO - Filling up the DagBag from /home/airflow/.local/lib/python3.12/site-packages/airflow/example_dags/example_bash_decorator.py
[2024-07-31T07:59:49.038+0000] {processor.py:840} INFO - DAG(s) 'example_bash_decorator' retrieved from /home/airflow/.local/lib/python3.12/site-packages/airflow/example_dags/example_bash_decorator.py
[2024-07-31T07:59:49.066+0000] {logging_mixin.py:188} INFO - [2024-07-31T07:59:49.066+0000] {dag.py:3089} INFO - Sync 1 DAGs
[2024-07-31T07:59:49.081+0000] {logging_mixin.py:188} INFO - [2024-07-31T07:59:49.081+0000] {dag.py:3947} INFO - Setting next_dagrun for example_bash_decorator to None, run_after=None
[2024-07-31T07:59:49.101+0000] {processor.py:183} INFO - Processing /home/airflow/.local/lib/python3.12/site-packages/airflow/example_dags/example_bash_decorator.py took 0.095 seconds
[2024-07-31T08:00:19.190+0000] {processor.py:161} INFO - Started process (PID=227) to work on /home/airflow/.local/lib/python3.12/site-packages/airflow/example_dags/example_bash_decorator.py
[2024-07-31T08:00:19.192+0000] {processor.py:830} INFO - Processing file /home/airflow/.local/lib/python3.12/site-packages/airflow/example_dags/example_bash_decorator.py for tasks to queue
[2024-07-31T08:00:19.194+0000] {logging_mixin.py:188} INFO - [2024-07-31T08:00:19.194+0000] {dagbag.py:545} INFO - Filling up the DagBag from /home/airflow/.local/lib/python3.12/site-packages/airflow/example_dags/example_bash_decorator.py
[2024-07-31T08:00:19.205+0000] {processor.py:840} INFO - DAG(s) 'example_bash_decorator' retrieved from /home/airflow/.local/lib/python3.12/site-packages/airflow/example_dags/example_bash_decorator.py
[2024-07-31T08:00:19.230+0000] {logging_mixin.py:188} INFO - [2024-07-31T08:00:19.230+0000] {dag.py:3089} INFO - Sync 1 DAGs
[2024-07-31T08:00:19.242+0000] {logging_mixin.py:188} INFO - [2024-07-31T08:00:19.242+0000] {dag.py:3947} INFO - Setting next_dagrun for example_bash_decorator to None, run_after=None
[2024-07-31T08:00:19.258+0000] {processor.py:183} INFO - Processing /home/airflow/.local/lib/python3.12/site-packages/airflow/example_dags/example_bash_decorator.py took 0.076 seconds
[2024-07-31T08:00:49.684+0000] {processor.py:161} INFO - Started process (PID=285) to work on /home/airflow/.local/lib/python3.12/site-packages/airflow/example_dags/example_bash_decorator.py
[2024-07-31T08:00:49.685+0000] {processor.py:830} INFO - Processing file /home/airflow/.local/lib/python3.12/site-packages/airflow/example_dags/example_bash_decorator.py for tasks to queue
[2024-07-31T08:00:49.686+0000] {logging_mixin.py:188} INFO - [2024-07-31T08:00:49.686+0000] {dagbag.py:545} INFO - Filling up the DagBag from /home/airflow/.local/lib/python3.12/site-packages/airflow/example_dags/example_bash_decorator.py
[2024-07-31T08:00:49.697+0000] {processor.py:840} INFO - DAG(s) 'example_bash_decorator' retrieved from /home/airflow/.local/lib/python3.12/site-packages/airflow/example_dags/example_bash_decorator.py
[2024-07-31T08:00:49.721+0000] {logging_mixin.py:188} INFO - [2024-07-31T08:00:49.720+0000] {dag.py:3089} INFO - Sync 1 DAGs
[2024-07-31T08:00:49.733+0000] {logging_mixin.py:188} INFO - [2024-07-31T08:00:49.733+0000] {dag.py:3947} INFO - Setting next_dagrun for example_bash_decorator to None, run_after=None
[2024-07-31T08:00:49.751+0000] {processor.py:183} INFO - Processing /home/airflow/.local/lib/python3.12/site-packages/airflow/example_dags/example_bash_decorator.py took 0.078 seconds
[2024-07-31T08:01:20.027+0000] {processor.py:161} INFO - Started process (PID=343) to work on /home/airflow/.local/lib/python3.12/site-packages/airflow/example_dags/example_bash_decorator.py
[2024-07-31T08:01:20.028+0000] {processor.py:830} INFO - Processing file /home/airflow/.local/lib/python3.12/site-packages/airflow/example_dags/example_bash_decorator.py for tasks to queue
[2024-07-31T08:01:20.030+0000] {logging_mixin.py:188} INFO - [2024-07-31T08:01:20.030+0000] {dagbag.py:545} INFO - Filling up the DagBag from /home/airflow/.local/lib/python3.12/site-packages/airflow/example_dags/example_bash_decorator.py
[2024-07-31T08:01:20.042+0000] {processor.py:840} INFO - DAG(s) 'example_bash_decorator' retrieved from /home/airflow/.local/lib/python3.12/site-packages/airflow/example_dags/example_bash_decorator.py
[2024-07-31T08:01:20.068+0000] {logging_mixin.py:188} INFO - [2024-07-31T08:01:20.068+0000] {dag.py:3089} INFO - Sync 1 DAGs
[2024-07-31T08:01:20.080+0000] {logging_mixin.py:188} INFO - [2024-07-31T08:01:20.080+0000] {dag.py:3947} INFO - Setting next_dagrun for example_bash_decorator to None, run_after=None
[2024-07-31T08:01:20.099+0000] {processor.py:183} INFO - Processing /home/airflow/.local/lib/python3.12/site-packages/airflow/example_dags/example_bash_decorator.py took 0.077 seconds
[2024-07-31T08:01:50.173+0000] {processor.py:161} INFO - Started process (PID=401) to work on /home/airflow/.local/lib/python3.12/site-packages/airflow/example_dags/example_bash_decorator.py
[2024-07-31T08:01:50.174+0000] {processor.py:830} INFO - Processing file /home/airflow/.local/lib/python3.12/site-packages/airflow/example_dags/example_bash_decorator.py for tasks to queue
[2024-07-31T08:01:50.176+0000] {logging_mixin.py:188} INFO - [2024-07-31T08:01:50.176+0000] {dagbag.py:545} INFO - Filling up the DagBag from /home/airflow/.local/lib/python3.12/site-packages/airflow/example_dags/example_bash_decorator.py
[2024-07-31T08:01:50.188+0000] {processor.py:840} INFO - DAG(s) 'example_bash_decorator' retrieved from /home/airflow/.local/lib/python3.12/site-packages/airflow/example_dags/example_bash_decorator.py
[2024-07-31T08:01:50.210+0000] {logging_mixin.py:188} INFO - [2024-07-31T08:01:50.209+0000] {dag.py:3089} INFO - Sync 1 DAGs
[2024-07-31T08:01:50.220+0000] {logging_mixin.py:188} INFO - [2024-07-31T08:01:50.220+0000] {dag.py:3947} INFO - Setting next_dagrun for example_bash_decorator to None, run_after=None
[2024-07-31T08:01:50.237+0000] {processor.py:183} INFO - Processing /home/airflow/.local/lib/python3.12/site-packages/airflow/example_dags/example_bash_decorator.py took 0.074 seconds
[2024-07-31T08:02:20.447+0000] {processor.py:161} INFO - Started process (PID=459) to work on /home/airflow/.local/lib/python3.12/site-packages/airflow/example_dags/example_bash_decorator.py
[2024-07-31T08:02:20.448+0000] {processor.py:830} INFO - Processing file /home/airflow/.local/lib/python3.12/site-packages/airflow/example_dags/example_bash_decorator.py for tasks to queue
[2024-07-31T08:02:20.449+0000] {logging_mixin.py:188} INFO - [2024-07-31T08:02:20.449+0000] {dagbag.py:545} INFO - Filling up the DagBag from /home/airflow/.local/lib/python3.12/site-packages/airflow/example_dags/example_bash_decorator.py
[2024-07-31T08:02:20.461+0000] {processor.py:840} INFO - DAG(s) 'example_bash_decorator' retrieved from /home/airflow/.local/lib/python3.12/site-packages/airflow/example_dags/example_bash_decorator.py
[2024-07-31T08:02:20.488+0000] {logging_mixin.py:188} INFO - [2024-07-31T08:02:20.488+0000] {dag.py:3089} INFO - Sync 1 DAGs
[2024-07-31T08:02:20.502+0000] {logging_mixin.py:188} INFO - [2024-07-31T08:02:20.502+0000] {dag.py:3947} INFO - Setting next_dagrun for example_bash_decorator to None, run_after=None
[2024-07-31T08:02:20.524+0000] {processor.py:183} INFO - Processing /home/airflow/.local/lib/python3.12/site-packages/airflow/example_dags/example_bash_decorator.py took 0.082 seconds
[2024-07-31T08:02:50.767+0000] {processor.py:161} INFO - Started process (PID=517) to work on /home/airflow/.local/lib/python3.12/site-packages/airflow/example_dags/example_bash_decorator.py
[2024-07-31T08:02:50.768+0000] {processor.py:830} INFO - Processing file /home/airflow/.local/lib/python3.12/site-packages/airflow/example_dags/example_bash_decorator.py for tasks to queue
[2024-07-31T08:02:50.770+0000] {logging_mixin.py:188} INFO - [2024-07-31T08:02:50.770+0000] {dagbag.py:545} INFO - Filling up the DagBag from /home/airflow/.local/lib/python3.12/site-packages/airflow/example_dags/example_bash_decorator.py
[2024-07-31T08:02:50.781+0000] {processor.py:840} INFO - DAG(s) 'example_bash_decorator' retrieved from /home/airflow/.local/lib/python3.12/site-packages/airflow/example_dags/example_bash_decorator.py
[2024-07-31T08:02:50.806+0000] {logging_mixin.py:188} INFO - [2024-07-31T08:02:50.805+0000] {dag.py:3089} INFO - Sync 1 DAGs
[2024-07-31T08:02:50.819+0000] {logging_mixin.py:188} INFO - [2024-07-31T08:02:50.819+0000] {dag.py:3947} INFO - Setting next_dagrun for example_bash_decorator to None, run_after=None
[2024-07-31T08:02:50.838+0000] {processor.py:183} INFO - Processing /home/airflow/.local/lib/python3.12/site-packages/airflow/example_dags/example_bash_decorator.py took 0.076 seconds
[2024-07-31T08:03:21.057+0000] {processor.py:161} INFO - Started process (PID=581) to work on /home/airflow/.local/lib/python3.12/site-packages/airflow/example_dags/example_bash_decorator.py
[2024-07-31T08:03:21.058+0000] {processor.py:830} INFO - Processing file /home/airflow/.local/lib/python3.12/site-packages/airflow/example_dags/example_bash_decorator.py for tasks to queue
[2024-07-31T08:03:21.059+0000] {logging_mixin.py:188} INFO - [2024-07-31T08:03:21.059+0000] {dagbag.py:545} INFO - Filling up the DagBag from /home/airflow/.local/lib/python3.12/site-packages/airflow/example_dags/example_bash_decorator.py
[2024-07-31T08:03:21.070+0000] {processor.py:840} INFO - DAG(s) 'example_bash_decorator' retrieved from /home/airflow/.local/lib/python3.12/site-packages/airflow/example_dags/example_bash_decorator.py
[2024-07-31T08:03:21.092+0000] {logging_mixin.py:188} INFO - [2024-07-31T08:03:21.092+0000] {dag.py:3089} INFO - Sync 1 DAGs
[2024-07-31T08:03:21.104+0000] {logging_mixin.py:188} INFO - [2024-07-31T08:03:21.104+0000] {dag.py:3947} INFO - Setting next_dagrun for example_bash_decorator to None, run_after=None
[2024-07-31T08:03:21.121+0000] {processor.py:183} INFO - Processing /home/airflow/.local/lib/python3.12/site-packages/airflow/example_dags/example_bash_decorator.py took 0.073 seconds
[2024-07-31T08:03:51.220+0000] {processor.py:161} INFO - Started process (PID=639) to work on /home/airflow/.local/lib/python3.12/site-packages/airflow/example_dags/example_bash_decorator.py
[2024-07-31T08:03:51.221+0000] {processor.py:830} INFO - Processing file /home/airflow/.local/lib/python3.12/site-packages/airflow/example_dags/example_bash_decorator.py for tasks to queue
[2024-07-31T08:03:51.222+0000] {logging_mixin.py:188} INFO - [2024-07-31T08:03:51.222+0000] {dagbag.py:545} INFO - Filling up the DagBag from /home/airflow/.local/lib/python3.12/site-packages/airflow/example_dags/example_bash_decorator.py
[2024-07-31T08:03:51.236+0000] {processor.py:840} INFO - DAG(s) 'example_bash_decorator' retrieved from /home/airflow/.local/lib/python3.12/site-packages/airflow/example_dags/example_bash_decorator.py
[2024-07-31T08:03:51.262+0000] {logging_mixin.py:188} INFO - [2024-07-31T08:03:51.262+0000] {dag.py:3089} INFO - Sync 1 DAGs
[2024-07-31T08:03:51.274+0000] {logging_mixin.py:188} INFO - [2024-07-31T08:03:51.274+0000] {dag.py:3947} INFO - Setting next_dagrun for example_bash_decorator to None, run_after=None
[2024-07-31T08:03:51.292+0000] {processor.py:183} INFO - Processing /home/airflow/.local/lib/python3.12/site-packages/airflow/example_dags/example_bash_decorator.py took 0.078 seconds
[2024-07-31T08:04:21.737+0000] {processor.py:161} INFO - Started process (PID=697) to work on /home/airflow/.local/lib/python3.12/site-packages/airflow/example_dags/example_bash_decorator.py
[2024-07-31T08:04:21.738+0000] {processor.py:830} INFO - Processing file /home/airflow/.local/lib/python3.12/site-packages/airflow/example_dags/example_bash_decorator.py for tasks to queue
[2024-07-31T08:04:21.740+0000] {logging_mixin.py:188} INFO - [2024-07-31T08:04:21.739+0000] {dagbag.py:545} INFO - Filling up the DagBag from /home/airflow/.local/lib/python3.12/site-packages/airflow/example_dags/example_bash_decorator.py
[2024-07-31T08:04:21.751+0000] {processor.py:840} INFO - DAG(s) 'example_bash_decorator' retrieved from /home/airflow/.local/lib/python3.12/site-packages/airflow/example_dags/example_bash_decorator.py
[2024-07-31T08:04:21.777+0000] {logging_mixin.py:188} INFO - [2024-07-31T08:04:21.777+0000] {dag.py:3089} INFO - Sync 1 DAGs
[2024-07-31T08:04:21.788+0000] {logging_mixin.py:188} INFO - [2024-07-31T08:04:21.788+0000] {dag.py:3947} INFO - Setting next_dagrun for example_bash_decorator to None, run_after=None
[2024-07-31T08:04:21.806+0000] {processor.py:183} INFO - Processing /home/airflow/.local/lib/python3.12/site-packages/airflow/example_dags/example_bash_decorator.py took 0.074 seconds
[2024-07-31T08:04:51.949+0000] {processor.py:161} INFO - Started process (PID=755) to work on /home/airflow/.local/lib/python3.12/site-packages/airflow/example_dags/example_bash_decorator.py
[2024-07-31T08:04:51.950+0000] {processor.py:830} INFO - Processing file /home/airflow/.local/lib/python3.12/site-packages/airflow/example_dags/example_bash_decorator.py for tasks to queue
[2024-07-31T08:04:51.954+0000] {logging_mixin.py:188} INFO - [2024-07-31T08:04:51.954+0000] {dagbag.py:545} INFO - Filling up the DagBag from /home/airflow/.local/lib/python3.12/site-packages/airflow/example_dags/example_bash_decorator.py
[2024-07-31T08:04:51.966+0000] {processor.py:840} INFO - DAG(s) 'example_bash_decorator' retrieved from /home/airflow/.local/lib/python3.12/site-packages/airflow/example_dags/example_bash_decorator.py
[2024-07-31T08:04:51.988+0000] {logging_mixin.py:188} INFO - [2024-07-31T08:04:51.988+0000] {dag.py:3089} INFO - Sync 1 DAGs
[2024-07-31T08:04:52.001+0000] {logging_mixin.py:188} INFO - [2024-07-31T08:04:52.001+0000] {dag.py:3947} INFO - Setting next_dagrun for example_bash_decorator to None, run_after=None
[2024-07-31T08:04:52.018+0000] {processor.py:183} INFO - Processing /home/airflow/.local/lib/python3.12/site-packages/airflow/example_dags/example_bash_decorator.py took 0.074 seconds
[2024-07-31T08:05:22.272+0000] {processor.py:161} INFO - Started process (PID=813) to work on /home/airflow/.local/lib/python3.12/site-packages/airflow/example_dags/example_bash_decorator.py
[2024-07-31T08:05:22.273+0000] {processor.py:830} INFO - Processing file /home/airflow/.local/lib/python3.12/site-packages/airflow/example_dags/example_bash_decorator.py for tasks to queue
[2024-07-31T08:05:22.275+0000] {logging_mixin.py:188} INFO - [2024-07-31T08:05:22.275+0000] {dagbag.py:545} INFO - Filling up the DagBag from /home/airflow/.local/lib/python3.12/site-packages/airflow/example_dags/example_bash_decorator.py
[2024-07-31T08:05:22.288+0000] {processor.py:840} INFO - DAG(s) 'example_bash_decorator' retrieved from /home/airflow/.local/lib/python3.12/site-packages/airflow/example_dags/example_bash_decorator.py
[2024-07-31T08:05:22.318+0000] {logging_mixin.py:188} INFO - [2024-07-31T08:05:22.317+0000] {dag.py:3089} INFO - Sync 1 DAGs
[2024-07-31T08:05:22.330+0000] {logging_mixin.py:188} INFO - [2024-07-31T08:05:22.330+0000] {dag.py:3947} INFO - Setting next_dagrun for example_bash_decorator to None, run_after=None
[2024-07-31T08:05:22.350+0000] {processor.py:183} INFO - Processing /home/airflow/.local/lib/python3.12/site-packages/airflow/example_dags/example_bash_decorator.py took 0.084 seconds
[2024-07-31T08:05:52.469+0000] {processor.py:161} INFO - Started process (PID=871) to work on /home/airflow/.local/lib/python3.12/site-packages/airflow/example_dags/example_bash_decorator.py
[2024-07-31T08:05:52.470+0000] {processor.py:830} INFO - Processing file /home/airflow/.local/lib/python3.12/site-packages/airflow/example_dags/example_bash_decorator.py for tasks to queue
[2024-07-31T08:05:52.471+0000] {logging_mixin.py:188} INFO - [2024-07-31T08:05:52.471+0000] {dagbag.py:545} INFO - Filling up the DagBag from /home/airflow/.local/lib/python3.12/site-packages/airflow/example_dags/example_bash_decorator.py
[2024-07-31T08:05:52.484+0000] {processor.py:840} INFO - DAG(s) 'example_bash_decorator' retrieved from /home/airflow/.local/lib/python3.12/site-packages/airflow/example_dags/example_bash_decorator.py
[2024-07-31T08:05:52.509+0000] {logging_mixin.py:188} INFO - [2024-07-31T08:05:52.508+0000] {dag.py:3089} INFO - Sync 1 DAGs
[2024-07-31T08:05:52.522+0000] {logging_mixin.py:188} INFO - [2024-07-31T08:05:52.522+0000] {dag.py:3947} INFO - Setting next_dagrun for example_bash_decorator to None, run_after=None
[2024-07-31T08:05:52.542+0000] {processor.py:183} INFO - Processing /home/airflow/.local/lib/python3.12/site-packages/airflow/example_dags/example_bash_decorator.py took 0.082 seconds
[2024-07-31T08:06:22.932+0000] {processor.py:161} INFO - Started process (PID=929) to work on /home/airflow/.local/lib/python3.12/site-packages/airflow/example_dags/example_bash_decorator.py
[2024-07-31T08:06:22.933+0000] {processor.py:830} INFO - Processing file /home/airflow/.local/lib/python3.12/site-packages/airflow/example_dags/example_bash_decorator.py for tasks to queue
[2024-07-31T08:06:22.935+0000] {logging_mixin.py:188} INFO - [2024-07-31T08:06:22.935+0000] {dagbag.py:545} INFO - Filling up the DagBag from /home/airflow/.local/lib/python3.12/site-packages/airflow/example_dags/example_bash_decorator.py
[2024-07-31T08:06:22.948+0000] {processor.py:840} INFO - DAG(s) 'example_bash_decorator' retrieved from /home/airflow/.local/lib/python3.12/site-packages/airflow/example_dags/example_bash_decorator.py
[2024-07-31T08:06:22.972+0000] {logging_mixin.py:188} INFO - [2024-07-31T08:06:22.972+0000] {dag.py:3089} INFO - Sync 1 DAGs
[2024-07-31T08:06:22.985+0000] {logging_mixin.py:188} INFO - [2024-07-31T08:06:22.985+0000] {dag.py:3947} INFO - Setting next_dagrun for example_bash_decorator to None, run_after=None
[2024-07-31T08:06:23.005+0000] {processor.py:183} INFO - Processing /home/airflow/.local/lib/python3.12/site-packages/airflow/example_dags/example_bash_decorator.py took 0.083 seconds
[2024-07-31T08:06:53.307+0000] {processor.py:161} INFO - Started process (PID=987) to work on /home/airflow/.local/lib/python3.12/site-packages/airflow/example_dags/example_bash_decorator.py
[2024-07-31T08:06:53.308+0000] {processor.py:830} INFO - Processing file /home/airflow/.local/lib/python3.12/site-packages/airflow/example_dags/example_bash_decorator.py for tasks to queue
[2024-07-31T08:06:53.310+0000] {logging_mixin.py:188} INFO - [2024-07-31T08:06:53.309+0000] {dagbag.py:545} INFO - Filling up the DagBag from /home/airflow/.local/lib/python3.12/site-packages/airflow/example_dags/example_bash_decorator.py
[2024-07-31T08:06:53.324+0000] {processor.py:840} INFO - DAG(s) 'example_bash_decorator' retrieved from /home/airflow/.local/lib/python3.12/site-packages/airflow/example_dags/example_bash_decorator.py
[2024-07-31T08:06:53.348+0000] {logging_mixin.py:188} INFO - [2024-07-31T08:06:53.348+0000] {dag.py:3089} INFO - Sync 1 DAGs
[2024-07-31T08:06:53.360+0000] {logging_mixin.py:188} INFO - [2024-07-31T08:06:53.360+0000] {dag.py:3947} INFO - Setting next_dagrun for example_bash_decorator to None, run_after=None
[2024-07-31T08:06:53.381+0000] {processor.py:183} INFO - Processing /home/airflow/.local/lib/python3.12/site-packages/airflow/example_dags/example_bash_decorator.py took 0.083 seconds
[2024-07-31T08:07:23.710+0000] {processor.py:161} INFO - Started process (PID=1045) to work on /home/airflow/.local/lib/python3.12/site-packages/airflow/example_dags/example_bash_decorator.py
[2024-07-31T08:07:23.711+0000] {processor.py:830} INFO - Processing file /home/airflow/.local/lib/python3.12/site-packages/airflow/example_dags/example_bash_decorator.py for tasks to queue
[2024-07-31T08:07:23.712+0000] {logging_mixin.py:188} INFO - [2024-07-31T08:07:23.712+0000] {dagbag.py:545} INFO - Filling up the DagBag from /home/airflow/.local/lib/python3.12/site-packages/airflow/example_dags/example_bash_decorator.py
[2024-07-31T08:07:23.724+0000] {processor.py:840} INFO - DAG(s) 'example_bash_decorator' retrieved from /home/airflow/.local/lib/python3.12/site-packages/airflow/example_dags/example_bash_decorator.py
[2024-07-31T08:07:23.745+0000] {logging_mixin.py:188} INFO - [2024-07-31T08:07:23.745+0000] {dag.py:3089} INFO - Sync 1 DAGs
[2024-07-31T08:07:23.757+0000] {logging_mixin.py:188} INFO - [2024-07-31T08:07:23.757+0000] {dag.py:3947} INFO - Setting next_dagrun for example_bash_decorator to None, run_after=None
[2024-07-31T08:07:23.773+0000] {processor.py:183} INFO - Processing /home/airflow/.local/lib/python3.12/site-packages/airflow/example_dags/example_bash_decorator.py took 0.075 seconds
[2024-07-31T08:07:54.087+0000] {processor.py:161} INFO - Started process (PID=1103) to work on /home/airflow/.local/lib/python3.12/site-packages/airflow/example_dags/example_bash_decorator.py
[2024-07-31T08:07:54.088+0000] {processor.py:830} INFO - Processing file /home/airflow/.local/lib/python3.12/site-packages/airflow/example_dags/example_bash_decorator.py for tasks to queue
[2024-07-31T08:07:54.089+0000] {logging_mixin.py:188} INFO - [2024-07-31T08:07:54.089+0000] {dagbag.py:545} INFO - Filling up the DagBag from /home/airflow/.local/lib/python3.12/site-packages/airflow/example_dags/example_bash_decorator.py
[2024-07-31T08:07:54.101+0000] {processor.py:840} INFO - DAG(s) 'example_bash_decorator' retrieved from /home/airflow/.local/lib/python3.12/site-packages/airflow/example_dags/example_bash_decorator.py
[2024-07-31T08:07:54.123+0000] {logging_mixin.py:188} INFO - [2024-07-31T08:07:54.123+0000] {dag.py:3089} INFO - Sync 1 DAGs
[2024-07-31T08:07:54.134+0000] {logging_mixin.py:188} INFO - [2024-07-31T08:07:54.134+0000] {dag.py:3947} INFO - Setting next_dagrun for example_bash_decorator to None, run_after=None
[2024-07-31T08:07:54.150+0000] {processor.py:183} INFO - Processing /home/airflow/.local/lib/python3.12/site-packages/airflow/example_dags/example_bash_decorator.py took 0.073 seconds
[2024-07-31T08:08:24.581+0000] {processor.py:161} INFO - Started process (PID=1162) to work on /home/airflow/.local/lib/python3.12/site-packages/airflow/example_dags/example_bash_decorator.py
[2024-07-31T08:08:24.582+0000] {processor.py:830} INFO - Processing file /home/airflow/.local/lib/python3.12/site-packages/airflow/example_dags/example_bash_decorator.py for tasks to queue
[2024-07-31T08:08:24.584+0000] {logging_mixin.py:188} INFO - [2024-07-31T08:08:24.584+0000] {dagbag.py:545} INFO - Filling up the DagBag from /home/airflow/.local/lib/python3.12/site-packages/airflow/example_dags/example_bash_decorator.py
[2024-07-31T08:08:24.596+0000] {processor.py:840} INFO - DAG(s) 'example_bash_decorator' retrieved from /home/airflow/.local/lib/python3.12/site-packages/airflow/example_dags/example_bash_decorator.py
[2024-07-31T08:08:24.620+0000] {logging_mixin.py:188} INFO - [2024-07-31T08:08:24.620+0000] {dag.py:3089} INFO - Sync 1 DAGs
[2024-07-31T08:08:24.632+0000] {logging_mixin.py:188} INFO - [2024-07-31T08:08:24.632+0000] {dag.py:3947} INFO - Setting next_dagrun for example_bash_decorator to None, run_after=None
[2024-07-31T08:08:24.652+0000] {processor.py:183} INFO - Processing /home/airflow/.local/lib/python3.12/site-packages/airflow/example_dags/example_bash_decorator.py took 0.081 seconds
[2024-07-31T08:08:54.754+0000] {processor.py:161} INFO - Started process (PID=1220) to work on /home/airflow/.local/lib/python3.12/site-packages/airflow/example_dags/example_bash_decorator.py
[2024-07-31T08:08:54.755+0000] {processor.py:830} INFO - Processing file /home/airflow/.local/lib/python3.12/site-packages/airflow/example_dags/example_bash_decorator.py for tasks to queue
[2024-07-31T08:08:54.756+0000] {logging_mixin.py:188} INFO - [2024-07-31T08:08:54.756+0000] {dagbag.py:545} INFO - Filling up the DagBag from /home/airflow/.local/lib/python3.12/site-packages/airflow/example_dags/example_bash_decorator.py
[2024-07-31T08:08:54.767+0000] {processor.py:840} INFO - DAG(s) 'example_bash_decorator' retrieved from /home/airflow/.local/lib/python3.12/site-packages/airflow/example_dags/example_bash_decorator.py
[2024-07-31T08:08:54.793+0000] {logging_mixin.py:188} INFO - [2024-07-31T08:08:54.793+0000] {dag.py:3089} INFO - Sync 1 DAGs
[2024-07-31T08:08:54.806+0000] {logging_mixin.py:188} INFO - [2024-07-31T08:08:54.805+0000] {dag.py:3947} INFO - Setting next_dagrun for example_bash_decorator to None, run_after=None
[2024-07-31T08:08:54.824+0000] {processor.py:183} INFO - Processing /home/airflow/.local/lib/python3.12/site-packages/airflow/example_dags/example_bash_decorator.py took 0.075 seconds
[2024-07-31T08:09:25.202+0000] {processor.py:161} INFO - Started process (PID=1278) to work on /home/airflow/.local/lib/python3.12/site-packages/airflow/example_dags/example_bash_decorator.py
[2024-07-31T08:09:25.203+0000] {processor.py:830} INFO - Processing file /home/airflow/.local/lib/python3.12/site-packages/airflow/example_dags/example_bash_decorator.py for tasks to queue
[2024-07-31T08:09:25.204+0000] {logging_mixin.py:188} INFO - [2024-07-31T08:09:25.204+0000] {dagbag.py:545} INFO - Filling up the DagBag from /home/airflow/.local/lib/python3.12/site-packages/airflow/example_dags/example_bash_decorator.py
[2024-07-31T08:09:25.215+0000] {processor.py:840} INFO - DAG(s) 'example_bash_decorator' retrieved from /home/airflow/.local/lib/python3.12/site-packages/airflow/example_dags/example_bash_decorator.py
[2024-07-31T08:09:25.240+0000] {logging_mixin.py:188} INFO - [2024-07-31T08:09:25.239+0000] {dag.py:3089} INFO - Sync 1 DAGs
[2024-07-31T08:09:25.252+0000] {logging_mixin.py:188} INFO - [2024-07-31T08:09:25.251+0000] {dag.py:3947} INFO - Setting next_dagrun for example_bash_decorator to None, run_after=None
[2024-07-31T08:09:25.268+0000] {processor.py:183} INFO - Processing /home/airflow/.local/lib/python3.12/site-packages/airflow/example_dags/example_bash_decorator.py took 0.071 seconds
[2024-07-31T08:09:55.444+0000] {processor.py:161} INFO - Started process (PID=1336) to work on /home/airflow/.local/lib/python3.12/site-packages/airflow/example_dags/example_bash_decorator.py
[2024-07-31T08:09:55.445+0000] {processor.py:830} INFO - Processing file /home/airflow/.local/lib/python3.12/site-packages/airflow/example_dags/example_bash_decorator.py for tasks to queue
[2024-07-31T08:09:55.446+0000] {logging_mixin.py:188} INFO - [2024-07-31T08:09:55.446+0000] {dagbag.py:545} INFO - Filling up the DagBag from /home/airflow/.local/lib/python3.12/site-packages/airflow/example_dags/example_bash_decorator.py
[2024-07-31T08:09:55.457+0000] {processor.py:840} INFO - DAG(s) 'example_bash_decorator' retrieved from /home/airflow/.local/lib/python3.12/site-packages/airflow/example_dags/example_bash_decorator.py
[2024-07-31T08:09:55.481+0000] {logging_mixin.py:188} INFO - [2024-07-31T08:09:55.480+0000] {dag.py:3089} INFO - Sync 1 DAGs
[2024-07-31T08:09:55.492+0000] {logging_mixin.py:188} INFO - [2024-07-31T08:09:55.492+0000] {dag.py:3947} INFO - Setting next_dagrun for example_bash_decorator to None, run_after=None
[2024-07-31T08:09:55.509+0000] {processor.py:183} INFO - Processing /home/airflow/.local/lib/python3.12/site-packages/airflow/example_dags/example_bash_decorator.py took 0.076 seconds
[2024-07-31T08:10:25.890+0000] {processor.py:161} INFO - Started process (PID=1394) to work on /home/airflow/.local/lib/python3.12/site-packages/airflow/example_dags/example_bash_decorator.py
[2024-07-31T08:10:25.891+0000] {processor.py:830} INFO - Processing file /home/airflow/.local/lib/python3.12/site-packages/airflow/example_dags/example_bash_decorator.py for tasks to queue
[2024-07-31T08:10:25.893+0000] {logging_mixin.py:188} INFO - [2024-07-31T08:10:25.893+0000] {dagbag.py:545} INFO - Filling up the DagBag from /home/airflow/.local/lib/python3.12/site-packages/airflow/example_dags/example_bash_decorator.py
[2024-07-31T08:10:25.904+0000] {processor.py:840} INFO - DAG(s) 'example_bash_decorator' retrieved from /home/airflow/.local/lib/python3.12/site-packages/airflow/example_dags/example_bash_decorator.py
[2024-07-31T08:10:25.928+0000] {logging_mixin.py:188} INFO - [2024-07-31T08:10:25.928+0000] {dag.py:3089} INFO - Sync 1 DAGs
[2024-07-31T08:10:25.939+0000] {logging_mixin.py:188} INFO - [2024-07-31T08:10:25.939+0000] {dag.py:3947} INFO - Setting next_dagrun for example_bash_decorator to None, run_after=None
[2024-07-31T08:10:25.956+0000] {processor.py:183} INFO - Processing /home/airflow/.local/lib/python3.12/site-packages/airflow/example_dags/example_bash_decorator.py took 0.077 seconds
[2024-07-31T08:10:56.165+0000] {processor.py:161} INFO - Started process (PID=1452) to work on /home/airflow/.local/lib/python3.12/site-packages/airflow/example_dags/example_bash_decorator.py
[2024-07-31T08:10:56.166+0000] {processor.py:830} INFO - Processing file /home/airflow/.local/lib/python3.12/site-packages/airflow/example_dags/example_bash_decorator.py for tasks to queue
[2024-07-31T08:10:56.169+0000] {logging_mixin.py:188} INFO - [2024-07-31T08:10:56.169+0000] {dagbag.py:545} INFO - Filling up the DagBag from /home/airflow/.local/lib/python3.12/site-packages/airflow/example_dags/example_bash_decorator.py
[2024-07-31T08:10:56.181+0000] {processor.py:840} INFO - DAG(s) 'example_bash_decorator' retrieved from /home/airflow/.local/lib/python3.12/site-packages/airflow/example_dags/example_bash_decorator.py
[2024-07-31T08:10:56.203+0000] {logging_mixin.py:188} INFO - [2024-07-31T08:10:56.203+0000] {dag.py:3089} INFO - Sync 1 DAGs
[2024-07-31T08:10:56.214+0000] {logging_mixin.py:188} INFO - [2024-07-31T08:10:56.214+0000] {dag.py:3947} INFO - Setting next_dagrun for example_bash_decorator to None, run_after=None
[2024-07-31T08:10:56.231+0000] {processor.py:183} INFO - Processing /home/airflow/.local/lib/python3.12/site-packages/airflow/example_dags/example_bash_decorator.py took 0.071 seconds
[2024-07-31T08:11:26.768+0000] {processor.py:161} INFO - Started process (PID=1510) to work on /home/airflow/.local/lib/python3.12/site-packages/airflow/example_dags/example_bash_decorator.py
[2024-07-31T08:11:26.769+0000] {processor.py:830} INFO - Processing file /home/airflow/.local/lib/python3.12/site-packages/airflow/example_dags/example_bash_decorator.py for tasks to queue
[2024-07-31T08:11:26.771+0000] {logging_mixin.py:188} INFO - [2024-07-31T08:11:26.770+0000] {dagbag.py:545} INFO - Filling up the DagBag from /home/airflow/.local/lib/python3.12/site-packages/airflow/example_dags/example_bash_decorator.py
[2024-07-31T08:11:26.784+0000] {processor.py:840} INFO - DAG(s) 'example_bash_decorator' retrieved from /home/airflow/.local/lib/python3.12/site-packages/airflow/example_dags/example_bash_decorator.py
[2024-07-31T08:11:26.811+0000] {logging_mixin.py:188} INFO - [2024-07-31T08:11:26.811+0000] {dag.py:3089} INFO - Sync 1 DAGs
[2024-07-31T08:11:26.824+0000] {logging_mixin.py:188} INFO - [2024-07-31T08:11:26.824+0000] {dag.py:3947} INFO - Setting next_dagrun for example_bash_decorator to None, run_after=None
[2024-07-31T08:11:26.845+0000] {processor.py:183} INFO - Processing /home/airflow/.local/lib/python3.12/site-packages/airflow/example_dags/example_bash_decorator.py took 0.090 seconds
[2024-07-31T08:11:57.133+0000] {processor.py:161} INFO - Started process (PID=1568) to work on /home/airflow/.local/lib/python3.12/site-packages/airflow/example_dags/example_bash_decorator.py
[2024-07-31T08:11:57.134+0000] {processor.py:830} INFO - Processing file /home/airflow/.local/lib/python3.12/site-packages/airflow/example_dags/example_bash_decorator.py for tasks to queue
[2024-07-31T08:11:57.136+0000] {logging_mixin.py:188} INFO - [2024-07-31T08:11:57.136+0000] {dagbag.py:545} INFO - Filling up the DagBag from /home/airflow/.local/lib/python3.12/site-packages/airflow/example_dags/example_bash_decorator.py
[2024-07-31T08:11:57.148+0000] {processor.py:840} INFO - DAG(s) 'example_bash_decorator' retrieved from /home/airflow/.local/lib/python3.12/site-packages/airflow/example_dags/example_bash_decorator.py
[2024-07-31T08:11:57.171+0000] {logging_mixin.py:188} INFO - [2024-07-31T08:11:57.171+0000] {dag.py:3089} INFO - Sync 1 DAGs
[2024-07-31T08:11:57.183+0000] {logging_mixin.py:188} INFO - [2024-07-31T08:11:57.182+0000] {dag.py:3947} INFO - Setting next_dagrun for example_bash_decorator to None, run_after=None
[2024-07-31T08:11:57.200+0000] {processor.py:183} INFO - Processing /home/airflow/.local/lib/python3.12/site-packages/airflow/example_dags/example_bash_decorator.py took 0.074 seconds
