[2024-07-31T07:54:26.519+0000] {processor.py:161} INFO - Started process (PID=94) to work on /home/airflow/.local/lib/python3.12/site-packages/airflow/example_dags/tutorial.py
[2024-07-31T07:54:26.519+0000] {processor.py:830} INFO - Processing file /home/airflow/.local/lib/python3.12/site-packages/airflow/example_dags/tutorial.py for tasks to queue
[2024-07-31T07:54:26.521+0000] {logging_mixin.py:188} INFO - [2024-07-31T07:54:26.521+0000] {dagbag.py:545} INFO - Filling up the DagBag from /home/airflow/.local/lib/python3.12/site-packages/airflow/example_dags/tutorial.py
[2024-07-31T07:54:26.527+0000] {processor.py:840} INFO - DAG(s) 'tutorial' retrieved from /home/airflow/.local/lib/python3.12/site-packages/airflow/example_dags/tutorial.py
[2024-07-31T07:54:26.538+0000] {logging_mixin.py:188} INFO - [2024-07-31T07:54:26.538+0000] {dag.py:3089} INFO - Sync 1 DAGs
[2024-07-31T07:54:26.563+0000] {logging_mixin.py:188} INFO - [2024-07-31T07:54:26.563+0000] {dag.py:3947} INFO - Setting next_dagrun for tutorial to 2024-07-30 00:00:00+00:00, run_after=2024-07-31 00:00:00+00:00
[2024-07-31T07:54:26.583+0000] {processor.py:183} INFO - Processing /home/airflow/.local/lib/python3.12/site-packages/airflow/example_dags/tutorial.py took 0.074 seconds
[2024-07-31T07:54:47.199+0000] {processor.py:161} INFO - Started process (PID=93) to work on /home/airflow/.local/lib/python3.12/site-packages/airflow/example_dags/tutorial.py
[2024-07-31T07:54:47.200+0000] {processor.py:830} INFO - Processing file /home/airflow/.local/lib/python3.12/site-packages/airflow/example_dags/tutorial.py for tasks to queue
[2024-07-31T07:54:47.202+0000] {logging_mixin.py:188} INFO - [2024-07-31T07:54:47.202+0000] {dagbag.py:545} INFO - Filling up the DagBag from /home/airflow/.local/lib/python3.12/site-packages/airflow/example_dags/tutorial.py
[2024-07-31T07:54:47.208+0000] {processor.py:840} INFO - DAG(s) 'tutorial' retrieved from /home/airflow/.local/lib/python3.12/site-packages/airflow/example_dags/tutorial.py
[2024-07-31T07:54:47.308+0000] {logging_mixin.py:188} INFO - [2024-07-31T07:54:47.308+0000] {dag.py:3089} INFO - Sync 1 DAGs
[2024-07-31T07:54:47.328+0000] {logging_mixin.py:188} INFO - [2024-07-31T07:54:47.328+0000] {dag.py:3947} INFO - Setting next_dagrun for tutorial to 2024-07-30 00:00:00+00:00, run_after=2024-07-31 00:00:00+00:00
[2024-07-31T07:54:47.347+0000] {processor.py:183} INFO - Processing /home/airflow/.local/lib/python3.12/site-packages/airflow/example_dags/tutorial.py took 0.153 seconds
[2024-07-31T07:55:18.213+0000] {processor.py:161} INFO - Started process (PID=151) to work on /home/airflow/.local/lib/python3.12/site-packages/airflow/example_dags/tutorial.py
[2024-07-31T07:55:18.214+0000] {processor.py:830} INFO - Processing file /home/airflow/.local/lib/python3.12/site-packages/airflow/example_dags/tutorial.py for tasks to queue
[2024-07-31T07:55:18.215+0000] {logging_mixin.py:188} INFO - [2024-07-31T07:55:18.215+0000] {dagbag.py:545} INFO - Filling up the DagBag from /home/airflow/.local/lib/python3.12/site-packages/airflow/example_dags/tutorial.py
[2024-07-31T07:55:18.220+0000] {processor.py:840} INFO - DAG(s) 'tutorial' retrieved from /home/airflow/.local/lib/python3.12/site-packages/airflow/example_dags/tutorial.py
[2024-07-31T07:55:18.240+0000] {logging_mixin.py:188} INFO - [2024-07-31T07:55:18.240+0000] {dag.py:3089} INFO - Sync 1 DAGs
[2024-07-31T07:55:18.262+0000] {logging_mixin.py:188} INFO - [2024-07-31T07:55:18.262+0000] {dag.py:3947} INFO - Setting next_dagrun for tutorial to 2024-07-30 00:00:00+00:00, run_after=2024-07-31 00:00:00+00:00
[2024-07-31T07:55:18.279+0000] {processor.py:183} INFO - Processing /home/airflow/.local/lib/python3.12/site-packages/airflow/example_dags/tutorial.py took 0.072 seconds
[2024-07-31T07:55:48.347+0000] {processor.py:161} INFO - Started process (PID=209) to work on /home/airflow/.local/lib/python3.12/site-packages/airflow/example_dags/tutorial.py
[2024-07-31T07:55:48.348+0000] {processor.py:830} INFO - Processing file /home/airflow/.local/lib/python3.12/site-packages/airflow/example_dags/tutorial.py for tasks to queue
[2024-07-31T07:55:48.349+0000] {logging_mixin.py:188} INFO - [2024-07-31T07:55:48.349+0000] {dagbag.py:545} INFO - Filling up the DagBag from /home/airflow/.local/lib/python3.12/site-packages/airflow/example_dags/tutorial.py
[2024-07-31T07:55:48.354+0000] {processor.py:840} INFO - DAG(s) 'tutorial' retrieved from /home/airflow/.local/lib/python3.12/site-packages/airflow/example_dags/tutorial.py
[2024-07-31T07:55:48.372+0000] {logging_mixin.py:188} INFO - [2024-07-31T07:55:48.371+0000] {dag.py:3089} INFO - Sync 1 DAGs
[2024-07-31T07:55:48.391+0000] {logging_mixin.py:188} INFO - [2024-07-31T07:55:48.391+0000] {dag.py:3947} INFO - Setting next_dagrun for tutorial to 2024-07-30 00:00:00+00:00, run_after=2024-07-31 00:00:00+00:00
[2024-07-31T07:55:48.409+0000] {processor.py:183} INFO - Processing /home/airflow/.local/lib/python3.12/site-packages/airflow/example_dags/tutorial.py took 0.067 seconds
[2024-07-31T07:56:18.967+0000] {processor.py:161} INFO - Started process (PID=267) to work on /home/airflow/.local/lib/python3.12/site-packages/airflow/example_dags/tutorial.py
[2024-07-31T07:56:18.968+0000] {processor.py:830} INFO - Processing file /home/airflow/.local/lib/python3.12/site-packages/airflow/example_dags/tutorial.py for tasks to queue
[2024-07-31T07:56:18.970+0000] {logging_mixin.py:188} INFO - [2024-07-31T07:56:18.969+0000] {dagbag.py:545} INFO - Filling up the DagBag from /home/airflow/.local/lib/python3.12/site-packages/airflow/example_dags/tutorial.py
[2024-07-31T07:56:18.974+0000] {processor.py:840} INFO - DAG(s) 'tutorial' retrieved from /home/airflow/.local/lib/python3.12/site-packages/airflow/example_dags/tutorial.py
[2024-07-31T07:56:18.991+0000] {logging_mixin.py:188} INFO - [2024-07-31T07:56:18.991+0000] {dag.py:3089} INFO - Sync 1 DAGs
[2024-07-31T07:56:19.011+0000] {logging_mixin.py:188} INFO - [2024-07-31T07:56:19.011+0000] {dag.py:3947} INFO - Setting next_dagrun for tutorial to 2024-07-30 00:00:00+00:00, run_after=2024-07-31 00:00:00+00:00
[2024-07-31T07:56:19.030+0000] {processor.py:183} INFO - Processing /home/airflow/.local/lib/python3.12/site-packages/airflow/example_dags/tutorial.py took 0.073 seconds
[2024-07-31T07:56:49.125+0000] {processor.py:161} INFO - Started process (PID=325) to work on /home/airflow/.local/lib/python3.12/site-packages/airflow/example_dags/tutorial.py
[2024-07-31T07:56:49.126+0000] {processor.py:830} INFO - Processing file /home/airflow/.local/lib/python3.12/site-packages/airflow/example_dags/tutorial.py for tasks to queue
[2024-07-31T07:56:49.129+0000] {logging_mixin.py:188} INFO - [2024-07-31T07:56:49.128+0000] {dagbag.py:545} INFO - Filling up the DagBag from /home/airflow/.local/lib/python3.12/site-packages/airflow/example_dags/tutorial.py
[2024-07-31T07:56:49.134+0000] {processor.py:840} INFO - DAG(s) 'tutorial' retrieved from /home/airflow/.local/lib/python3.12/site-packages/airflow/example_dags/tutorial.py
[2024-07-31T07:56:49.152+0000] {logging_mixin.py:188} INFO - [2024-07-31T07:56:49.152+0000] {dag.py:3089} INFO - Sync 1 DAGs
[2024-07-31T07:56:49.175+0000] {logging_mixin.py:188} INFO - [2024-07-31T07:56:49.174+0000] {dag.py:3947} INFO - Setting next_dagrun for tutorial to 2024-07-30 00:00:00+00:00, run_after=2024-07-31 00:00:00+00:00
[2024-07-31T07:56:49.193+0000] {processor.py:183} INFO - Processing /home/airflow/.local/lib/python3.12/site-packages/airflow/example_dags/tutorial.py took 0.073 seconds
[2024-07-31T07:57:19.360+0000] {processor.py:161} INFO - Started process (PID=383) to work on /home/airflow/.local/lib/python3.12/site-packages/airflow/example_dags/tutorial.py
[2024-07-31T07:57:19.361+0000] {processor.py:830} INFO - Processing file /home/airflow/.local/lib/python3.12/site-packages/airflow/example_dags/tutorial.py for tasks to queue
[2024-07-31T07:57:19.363+0000] {logging_mixin.py:188} INFO - [2024-07-31T07:57:19.363+0000] {dagbag.py:545} INFO - Filling up the DagBag from /home/airflow/.local/lib/python3.12/site-packages/airflow/example_dags/tutorial.py
[2024-07-31T07:57:19.369+0000] {processor.py:840} INFO - DAG(s) 'tutorial' retrieved from /home/airflow/.local/lib/python3.12/site-packages/airflow/example_dags/tutorial.py
[2024-07-31T07:57:19.391+0000] {logging_mixin.py:188} INFO - [2024-07-31T07:57:19.390+0000] {dag.py:3089} INFO - Sync 1 DAGs
[2024-07-31T07:57:19.413+0000] {logging_mixin.py:188} INFO - [2024-07-31T07:57:19.413+0000] {dag.py:3947} INFO - Setting next_dagrun for tutorial to 2024-07-30 00:00:00+00:00, run_after=2024-07-31 00:00:00+00:00
[2024-07-31T07:57:19.433+0000] {processor.py:183} INFO - Processing /home/airflow/.local/lib/python3.12/site-packages/airflow/example_dags/tutorial.py took 0.083 seconds
[2024-07-31T07:58:50.650+0000] {processor.py:161} INFO - Started process (PID=100) to work on /home/airflow/.local/lib/python3.12/site-packages/airflow/example_dags/tutorial.py
[2024-07-31T07:58:50.651+0000] {processor.py:830} INFO - Processing file /home/airflow/.local/lib/python3.12/site-packages/airflow/example_dags/tutorial.py for tasks to queue
[2024-07-31T07:58:50.652+0000] {logging_mixin.py:188} INFO - [2024-07-31T07:58:50.652+0000] {dagbag.py:545} INFO - Filling up the DagBag from /home/airflow/.local/lib/python3.12/site-packages/airflow/example_dags/tutorial.py
[2024-07-31T07:58:50.659+0000] {processor.py:840} INFO - DAG(s) 'tutorial' retrieved from /home/airflow/.local/lib/python3.12/site-packages/airflow/example_dags/tutorial.py
[2024-07-31T07:58:50.673+0000] {logging_mixin.py:188} INFO - [2024-07-31T07:58:50.673+0000] {dag.py:3089} INFO - Sync 1 DAGs
[2024-07-31T07:58:50.701+0000] {logging_mixin.py:188} INFO - [2024-07-31T07:58:50.700+0000] {dag.py:3947} INFO - Setting next_dagrun for tutorial to 2024-07-30 00:00:00+00:00, run_after=2024-07-31 00:00:00+00:00
[2024-07-31T07:58:50.723+0000] {processor.py:183} INFO - Processing /home/airflow/.local/lib/python3.12/site-packages/airflow/example_dags/tutorial.py took 0.079 seconds
[2024-07-31T07:59:22.843+0000] {processor.py:161} INFO - Started process (PID=158) to work on /home/airflow/.local/lib/python3.12/site-packages/airflow/example_dags/tutorial.py
[2024-07-31T07:59:22.844+0000] {processor.py:830} INFO - Processing file /home/airflow/.local/lib/python3.12/site-packages/airflow/example_dags/tutorial.py for tasks to queue
[2024-07-31T07:59:22.845+0000] {logging_mixin.py:188} INFO - [2024-07-31T07:59:22.845+0000] {dagbag.py:545} INFO - Filling up the DagBag from /home/airflow/.local/lib/python3.12/site-packages/airflow/example_dags/tutorial.py
[2024-07-31T07:59:22.851+0000] {processor.py:840} INFO - DAG(s) 'tutorial' retrieved from /home/airflow/.local/lib/python3.12/site-packages/airflow/example_dags/tutorial.py
[2024-07-31T07:59:22.951+0000] {logging_mixin.py:188} INFO - [2024-07-31T07:59:22.951+0000] {dag.py:3089} INFO - Sync 1 DAGs
[2024-07-31T07:59:22.971+0000] {logging_mixin.py:188} INFO - [2024-07-31T07:59:22.970+0000] {dag.py:3947} INFO - Setting next_dagrun for tutorial to 2024-07-30 00:00:00+00:00, run_after=2024-07-31 00:00:00+00:00
[2024-07-31T07:59:22.990+0000] {processor.py:183} INFO - Processing /home/airflow/.local/lib/python3.12/site-packages/airflow/example_dags/tutorial.py took 0.152 seconds
[2024-07-31T07:59:53.104+0000] {processor.py:161} INFO - Started process (PID=216) to work on /home/airflow/.local/lib/python3.12/site-packages/airflow/example_dags/tutorial.py
[2024-07-31T07:59:53.105+0000] {processor.py:830} INFO - Processing file /home/airflow/.local/lib/python3.12/site-packages/airflow/example_dags/tutorial.py for tasks to queue
[2024-07-31T07:59:53.108+0000] {logging_mixin.py:188} INFO - [2024-07-31T07:59:53.108+0000] {dagbag.py:545} INFO - Filling up the DagBag from /home/airflow/.local/lib/python3.12/site-packages/airflow/example_dags/tutorial.py
[2024-07-31T07:59:53.113+0000] {processor.py:840} INFO - DAG(s) 'tutorial' retrieved from /home/airflow/.local/lib/python3.12/site-packages/airflow/example_dags/tutorial.py
[2024-07-31T07:59:53.134+0000] {logging_mixin.py:188} INFO - [2024-07-31T07:59:53.134+0000] {dag.py:3089} INFO - Sync 1 DAGs
[2024-07-31T07:59:53.153+0000] {logging_mixin.py:188} INFO - [2024-07-31T07:59:53.153+0000] {dag.py:3947} INFO - Setting next_dagrun for tutorial to 2024-07-30 00:00:00+00:00, run_after=2024-07-31 00:00:00+00:00
[2024-07-31T07:59:53.169+0000] {processor.py:183} INFO - Processing /home/airflow/.local/lib/python3.12/site-packages/airflow/example_dags/tutorial.py took 0.076 seconds
[2024-07-31T08:00:23.702+0000] {processor.py:161} INFO - Started process (PID=274) to work on /home/airflow/.local/lib/python3.12/site-packages/airflow/example_dags/tutorial.py
[2024-07-31T08:00:23.703+0000] {processor.py:830} INFO - Processing file /home/airflow/.local/lib/python3.12/site-packages/airflow/example_dags/tutorial.py for tasks to queue
[2024-07-31T08:00:23.706+0000] {logging_mixin.py:188} INFO - [2024-07-31T08:00:23.706+0000] {dagbag.py:545} INFO - Filling up the DagBag from /home/airflow/.local/lib/python3.12/site-packages/airflow/example_dags/tutorial.py
[2024-07-31T08:00:23.711+0000] {processor.py:840} INFO - DAG(s) 'tutorial' retrieved from /home/airflow/.local/lib/python3.12/site-packages/airflow/example_dags/tutorial.py
[2024-07-31T08:00:23.740+0000] {logging_mixin.py:188} INFO - [2024-07-31T08:00:23.740+0000] {dag.py:3089} INFO - Sync 1 DAGs
[2024-07-31T08:00:23.764+0000] {logging_mixin.py:188} INFO - [2024-07-31T08:00:23.764+0000] {dag.py:3947} INFO - Setting next_dagrun for tutorial to 2024-07-30 00:00:00+00:00, run_after=2024-07-31 00:00:00+00:00
[2024-07-31T08:00:23.782+0000] {processor.py:183} INFO - Processing /home/airflow/.local/lib/python3.12/site-packages/airflow/example_dags/tutorial.py took 0.084 seconds
[2024-07-31T08:00:54.012+0000] {processor.py:161} INFO - Started process (PID=332) to work on /home/airflow/.local/lib/python3.12/site-packages/airflow/example_dags/tutorial.py
[2024-07-31T08:00:54.013+0000] {processor.py:830} INFO - Processing file /home/airflow/.local/lib/python3.12/site-packages/airflow/example_dags/tutorial.py for tasks to queue
[2024-07-31T08:00:54.014+0000] {logging_mixin.py:188} INFO - [2024-07-31T08:00:54.014+0000] {dagbag.py:545} INFO - Filling up the DagBag from /home/airflow/.local/lib/python3.12/site-packages/airflow/example_dags/tutorial.py
[2024-07-31T08:00:54.020+0000] {processor.py:840} INFO - DAG(s) 'tutorial' retrieved from /home/airflow/.local/lib/python3.12/site-packages/airflow/example_dags/tutorial.py
[2024-07-31T08:00:54.039+0000] {logging_mixin.py:188} INFO - [2024-07-31T08:00:54.039+0000] {dag.py:3089} INFO - Sync 1 DAGs
[2024-07-31T08:00:54.059+0000] {logging_mixin.py:188} INFO - [2024-07-31T08:00:54.059+0000] {dag.py:3947} INFO - Setting next_dagrun for tutorial to 2024-07-30 00:00:00+00:00, run_after=2024-07-31 00:00:00+00:00
[2024-07-31T08:00:54.077+0000] {processor.py:183} INFO - Processing /home/airflow/.local/lib/python3.12/site-packages/airflow/example_dags/tutorial.py took 0.070 seconds
[2024-07-31T08:01:24.265+0000] {processor.py:161} INFO - Started process (PID=390) to work on /home/airflow/.local/lib/python3.12/site-packages/airflow/example_dags/tutorial.py
[2024-07-31T08:01:24.267+0000] {processor.py:830} INFO - Processing file /home/airflow/.local/lib/python3.12/site-packages/airflow/example_dags/tutorial.py for tasks to queue
[2024-07-31T08:01:24.269+0000] {logging_mixin.py:188} INFO - [2024-07-31T08:01:24.269+0000] {dagbag.py:545} INFO - Filling up the DagBag from /home/airflow/.local/lib/python3.12/site-packages/airflow/example_dags/tutorial.py
[2024-07-31T08:01:24.274+0000] {processor.py:840} INFO - DAG(s) 'tutorial' retrieved from /home/airflow/.local/lib/python3.12/site-packages/airflow/example_dags/tutorial.py
[2024-07-31T08:01:24.291+0000] {logging_mixin.py:188} INFO - [2024-07-31T08:01:24.291+0000] {dag.py:3089} INFO - Sync 1 DAGs
[2024-07-31T08:01:24.311+0000] {logging_mixin.py:188} INFO - [2024-07-31T08:01:24.311+0000] {dag.py:3947} INFO - Setting next_dagrun for tutorial to 2024-07-30 00:00:00+00:00, run_after=2024-07-31 00:00:00+00:00
[2024-07-31T08:01:24.329+0000] {processor.py:183} INFO - Processing /home/airflow/.local/lib/python3.12/site-packages/airflow/example_dags/tutorial.py took 0.073 seconds
[2024-07-31T08:01:54.472+0000] {processor.py:161} INFO - Started process (PID=448) to work on /home/airflow/.local/lib/python3.12/site-packages/airflow/example_dags/tutorial.py
[2024-07-31T08:01:54.473+0000] {processor.py:830} INFO - Processing file /home/airflow/.local/lib/python3.12/site-packages/airflow/example_dags/tutorial.py for tasks to queue
[2024-07-31T08:01:54.475+0000] {logging_mixin.py:188} INFO - [2024-07-31T08:01:54.475+0000] {dagbag.py:545} INFO - Filling up the DagBag from /home/airflow/.local/lib/python3.12/site-packages/airflow/example_dags/tutorial.py
[2024-07-31T08:01:54.480+0000] {processor.py:840} INFO - DAG(s) 'tutorial' retrieved from /home/airflow/.local/lib/python3.12/site-packages/airflow/example_dags/tutorial.py
[2024-07-31T08:01:54.499+0000] {logging_mixin.py:188} INFO - [2024-07-31T08:01:54.499+0000] {dag.py:3089} INFO - Sync 1 DAGs
[2024-07-31T08:01:54.519+0000] {logging_mixin.py:188} INFO - [2024-07-31T08:01:54.519+0000] {dag.py:3947} INFO - Setting next_dagrun for tutorial to 2024-07-30 00:00:00+00:00, run_after=2024-07-31 00:00:00+00:00
[2024-07-31T08:01:54.537+0000] {processor.py:183} INFO - Processing /home/airflow/.local/lib/python3.12/site-packages/airflow/example_dags/tutorial.py took 0.069 seconds
[2024-07-31T08:02:24.811+0000] {processor.py:161} INFO - Started process (PID=506) to work on /home/airflow/.local/lib/python3.12/site-packages/airflow/example_dags/tutorial.py
[2024-07-31T08:02:24.812+0000] {processor.py:830} INFO - Processing file /home/airflow/.local/lib/python3.12/site-packages/airflow/example_dags/tutorial.py for tasks to queue
[2024-07-31T08:02:24.813+0000] {logging_mixin.py:188} INFO - [2024-07-31T08:02:24.813+0000] {dagbag.py:545} INFO - Filling up the DagBag from /home/airflow/.local/lib/python3.12/site-packages/airflow/example_dags/tutorial.py
[2024-07-31T08:02:24.819+0000] {processor.py:840} INFO - DAG(s) 'tutorial' retrieved from /home/airflow/.local/lib/python3.12/site-packages/airflow/example_dags/tutorial.py
[2024-07-31T08:02:24.837+0000] {logging_mixin.py:188} INFO - [2024-07-31T08:02:24.836+0000] {dag.py:3089} INFO - Sync 1 DAGs
[2024-07-31T08:02:24.856+0000] {logging_mixin.py:188} INFO - [2024-07-31T08:02:24.856+0000] {dag.py:3947} INFO - Setting next_dagrun for tutorial to 2024-07-30 00:00:00+00:00, run_after=2024-07-31 00:00:00+00:00
[2024-07-31T08:02:24.874+0000] {processor.py:183} INFO - Processing /home/airflow/.local/lib/python3.12/site-packages/airflow/example_dags/tutorial.py took 0.068 seconds
[2024-07-31T08:02:55.423+0000] {processor.py:161} INFO - Started process (PID=564) to work on /home/airflow/.local/lib/python3.12/site-packages/airflow/example_dags/tutorial.py
[2024-07-31T08:02:55.423+0000] {processor.py:830} INFO - Processing file /home/airflow/.local/lib/python3.12/site-packages/airflow/example_dags/tutorial.py for tasks to queue
[2024-07-31T08:02:55.425+0000] {logging_mixin.py:188} INFO - [2024-07-31T08:02:55.425+0000] {dagbag.py:545} INFO - Filling up the DagBag from /home/airflow/.local/lib/python3.12/site-packages/airflow/example_dags/tutorial.py
[2024-07-31T08:02:55.430+0000] {processor.py:840} INFO - DAG(s) 'tutorial' retrieved from /home/airflow/.local/lib/python3.12/site-packages/airflow/example_dags/tutorial.py
[2024-07-31T08:02:55.447+0000] {logging_mixin.py:188} INFO - [2024-07-31T08:02:55.447+0000] {dag.py:3089} INFO - Sync 1 DAGs
[2024-07-31T08:02:55.466+0000] {logging_mixin.py:188} INFO - [2024-07-31T08:02:55.466+0000] {dag.py:3947} INFO - Setting next_dagrun for tutorial to 2024-07-30 00:00:00+00:00, run_after=2024-07-31 00:00:00+00:00
[2024-07-31T08:02:55.484+0000] {processor.py:183} INFO - Processing /home/airflow/.local/lib/python3.12/site-packages/airflow/example_dags/tutorial.py took 0.072 seconds
[2024-07-31T08:03:25.539+0000] {processor.py:161} INFO - Started process (PID=622) to work on /home/airflow/.local/lib/python3.12/site-packages/airflow/example_dags/tutorial.py
[2024-07-31T08:03:25.539+0000] {processor.py:830} INFO - Processing file /home/airflow/.local/lib/python3.12/site-packages/airflow/example_dags/tutorial.py for tasks to queue
[2024-07-31T08:03:25.541+0000] {logging_mixin.py:188} INFO - [2024-07-31T08:03:25.541+0000] {dagbag.py:545} INFO - Filling up the DagBag from /home/airflow/.local/lib/python3.12/site-packages/airflow/example_dags/tutorial.py
[2024-07-31T08:03:25.546+0000] {processor.py:840} INFO - DAG(s) 'tutorial' retrieved from /home/airflow/.local/lib/python3.12/site-packages/airflow/example_dags/tutorial.py
[2024-07-31T08:03:25.563+0000] {logging_mixin.py:188} INFO - [2024-07-31T08:03:25.563+0000] {dag.py:3089} INFO - Sync 1 DAGs
[2024-07-31T08:03:25.584+0000] {logging_mixin.py:188} INFO - [2024-07-31T08:03:25.583+0000] {dag.py:3947} INFO - Setting next_dagrun for tutorial to 2024-07-30 00:00:00+00:00, run_after=2024-07-31 00:00:00+00:00
[2024-07-31T08:03:25.601+0000] {processor.py:183} INFO - Processing /home/airflow/.local/lib/python3.12/site-packages/airflow/example_dags/tutorial.py took 0.073 seconds
[2024-07-31T08:03:55.734+0000] {processor.py:161} INFO - Started process (PID=680) to work on /home/airflow/.local/lib/python3.12/site-packages/airflow/example_dags/tutorial.py
[2024-07-31T08:03:55.735+0000] {processor.py:830} INFO - Processing file /home/airflow/.local/lib/python3.12/site-packages/airflow/example_dags/tutorial.py for tasks to queue
[2024-07-31T08:03:55.736+0000] {logging_mixin.py:188} INFO - [2024-07-31T08:03:55.736+0000] {dagbag.py:545} INFO - Filling up the DagBag from /home/airflow/.local/lib/python3.12/site-packages/airflow/example_dags/tutorial.py
[2024-07-31T08:03:55.742+0000] {processor.py:840} INFO - DAG(s) 'tutorial' retrieved from /home/airflow/.local/lib/python3.12/site-packages/airflow/example_dags/tutorial.py
[2024-07-31T08:03:55.766+0000] {logging_mixin.py:188} INFO - [2024-07-31T08:03:55.765+0000] {dag.py:3089} INFO - Sync 1 DAGs
[2024-07-31T08:03:55.787+0000] {logging_mixin.py:188} INFO - [2024-07-31T08:03:55.787+0000] {dag.py:3947} INFO - Setting next_dagrun for tutorial to 2024-07-30 00:00:00+00:00, run_after=2024-07-31 00:00:00+00:00
[2024-07-31T08:03:55.805+0000] {processor.py:183} INFO - Processing /home/airflow/.local/lib/python3.12/site-packages/airflow/example_dags/tutorial.py took 0.077 seconds
[2024-07-31T08:04:26.375+0000] {processor.py:161} INFO - Started process (PID=738) to work on /home/airflow/.local/lib/python3.12/site-packages/airflow/example_dags/tutorial.py
[2024-07-31T08:04:26.376+0000] {processor.py:830} INFO - Processing file /home/airflow/.local/lib/python3.12/site-packages/airflow/example_dags/tutorial.py for tasks to queue
[2024-07-31T08:04:26.377+0000] {logging_mixin.py:188} INFO - [2024-07-31T08:04:26.377+0000] {dagbag.py:545} INFO - Filling up the DagBag from /home/airflow/.local/lib/python3.12/site-packages/airflow/example_dags/tutorial.py
[2024-07-31T08:04:26.384+0000] {processor.py:840} INFO - DAG(s) 'tutorial' retrieved from /home/airflow/.local/lib/python3.12/site-packages/airflow/example_dags/tutorial.py
[2024-07-31T08:04:26.410+0000] {logging_mixin.py:188} INFO - [2024-07-31T08:04:26.409+0000] {dag.py:3089} INFO - Sync 1 DAGs
[2024-07-31T08:04:26.431+0000] {logging_mixin.py:188} INFO - [2024-07-31T08:04:26.431+0000] {dag.py:3947} INFO - Setting next_dagrun for tutorial to 2024-07-30 00:00:00+00:00, run_after=2024-07-31 00:00:00+00:00
[2024-07-31T08:04:26.450+0000] {processor.py:183} INFO - Processing /home/airflow/.local/lib/python3.12/site-packages/airflow/example_dags/tutorial.py took 0.081 seconds
[2024-07-31T08:04:56.585+0000] {processor.py:161} INFO - Started process (PID=796) to work on /home/airflow/.local/lib/python3.12/site-packages/airflow/example_dags/tutorial.py
[2024-07-31T08:04:56.587+0000] {processor.py:830} INFO - Processing file /home/airflow/.local/lib/python3.12/site-packages/airflow/example_dags/tutorial.py for tasks to queue
[2024-07-31T08:04:56.589+0000] {logging_mixin.py:188} INFO - [2024-07-31T08:04:56.588+0000] {dagbag.py:545} INFO - Filling up the DagBag from /home/airflow/.local/lib/python3.12/site-packages/airflow/example_dags/tutorial.py
[2024-07-31T08:04:56.593+0000] {processor.py:840} INFO - DAG(s) 'tutorial' retrieved from /home/airflow/.local/lib/python3.12/site-packages/airflow/example_dags/tutorial.py
[2024-07-31T08:04:56.612+0000] {logging_mixin.py:188} INFO - [2024-07-31T08:04:56.612+0000] {dag.py:3089} INFO - Sync 1 DAGs
[2024-07-31T08:04:56.633+0000] {logging_mixin.py:188} INFO - [2024-07-31T08:04:56.633+0000] {dag.py:3947} INFO - Setting next_dagrun for tutorial to 2024-07-30 00:00:00+00:00, run_after=2024-07-31 00:00:00+00:00
[2024-07-31T08:04:56.650+0000] {processor.py:183} INFO - Processing /home/airflow/.local/lib/python3.12/site-packages/airflow/example_dags/tutorial.py took 0.076 seconds
[2024-07-31T08:05:26.919+0000] {processor.py:161} INFO - Started process (PID=854) to work on /home/airflow/.local/lib/python3.12/site-packages/airflow/example_dags/tutorial.py
[2024-07-31T08:05:26.920+0000] {processor.py:830} INFO - Processing file /home/airflow/.local/lib/python3.12/site-packages/airflow/example_dags/tutorial.py for tasks to queue
[2024-07-31T08:05:26.922+0000] {logging_mixin.py:188} INFO - [2024-07-31T08:05:26.922+0000] {dagbag.py:545} INFO - Filling up the DagBag from /home/airflow/.local/lib/python3.12/site-packages/airflow/example_dags/tutorial.py
[2024-07-31T08:05:26.927+0000] {processor.py:840} INFO - DAG(s) 'tutorial' retrieved from /home/airflow/.local/lib/python3.12/site-packages/airflow/example_dags/tutorial.py
[2024-07-31T08:05:26.947+0000] {logging_mixin.py:188} INFO - [2024-07-31T08:05:26.947+0000] {dag.py:3089} INFO - Sync 1 DAGs
[2024-07-31T08:05:26.967+0000] {logging_mixin.py:188} INFO - [2024-07-31T08:05:26.967+0000] {dag.py:3947} INFO - Setting next_dagrun for tutorial to 2024-07-30 00:00:00+00:00, run_after=2024-07-31 00:00:00+00:00
[2024-07-31T08:05:26.986+0000] {processor.py:183} INFO - Processing /home/airflow/.local/lib/python3.12/site-packages/airflow/example_dags/tutorial.py took 0.076 seconds
[2024-07-31T08:05:57.382+0000] {processor.py:161} INFO - Started process (PID=912) to work on /home/airflow/.local/lib/python3.12/site-packages/airflow/example_dags/tutorial.py
[2024-07-31T08:05:57.383+0000] {processor.py:830} INFO - Processing file /home/airflow/.local/lib/python3.12/site-packages/airflow/example_dags/tutorial.py for tasks to queue
[2024-07-31T08:05:57.385+0000] {logging_mixin.py:188} INFO - [2024-07-31T08:05:57.385+0000] {dagbag.py:545} INFO - Filling up the DagBag from /home/airflow/.local/lib/python3.12/site-packages/airflow/example_dags/tutorial.py
[2024-07-31T08:05:57.390+0000] {processor.py:840} INFO - DAG(s) 'tutorial' retrieved from /home/airflow/.local/lib/python3.12/site-packages/airflow/example_dags/tutorial.py
[2024-07-31T08:05:57.411+0000] {logging_mixin.py:188} INFO - [2024-07-31T08:05:57.410+0000] {dag.py:3089} INFO - Sync 1 DAGs
[2024-07-31T08:05:57.434+0000] {logging_mixin.py:188} INFO - [2024-07-31T08:05:57.434+0000] {dag.py:3947} INFO - Setting next_dagrun for tutorial to 2024-07-30 00:00:00+00:00, run_after=2024-07-31 00:00:00+00:00
[2024-07-31T08:05:57.452+0000] {processor.py:183} INFO - Processing /home/airflow/.local/lib/python3.12/site-packages/airflow/example_dags/tutorial.py took 0.075 seconds
[2024-07-31T08:06:28.349+0000] {processor.py:161} INFO - Started process (PID=970) to work on /home/airflow/.local/lib/python3.12/site-packages/airflow/example_dags/tutorial.py
[2024-07-31T08:06:28.350+0000] {processor.py:830} INFO - Processing file /home/airflow/.local/lib/python3.12/site-packages/airflow/example_dags/tutorial.py for tasks to queue
[2024-07-31T08:06:28.351+0000] {logging_mixin.py:188} INFO - [2024-07-31T08:06:28.351+0000] {dagbag.py:545} INFO - Filling up the DagBag from /home/airflow/.local/lib/python3.12/site-packages/airflow/example_dags/tutorial.py
[2024-07-31T08:06:28.356+0000] {processor.py:840} INFO - DAG(s) 'tutorial' retrieved from /home/airflow/.local/lib/python3.12/site-packages/airflow/example_dags/tutorial.py
[2024-07-31T08:06:28.376+0000] {logging_mixin.py:188} INFO - [2024-07-31T08:06:28.376+0000] {dag.py:3089} INFO - Sync 1 DAGs
[2024-07-31T08:06:28.397+0000] {logging_mixin.py:188} INFO - [2024-07-31T08:06:28.397+0000] {dag.py:3947} INFO - Setting next_dagrun for tutorial to 2024-07-30 00:00:00+00:00, run_after=2024-07-31 00:00:00+00:00
[2024-07-31T08:06:28.414+0000] {processor.py:183} INFO - Processing /home/airflow/.local/lib/python3.12/site-packages/airflow/example_dags/tutorial.py took 0.076 seconds
[2024-07-31T08:06:58.703+0000] {processor.py:161} INFO - Started process (PID=1028) to work on /home/airflow/.local/lib/python3.12/site-packages/airflow/example_dags/tutorial.py
[2024-07-31T08:06:58.704+0000] {processor.py:830} INFO - Processing file /home/airflow/.local/lib/python3.12/site-packages/airflow/example_dags/tutorial.py for tasks to queue
[2024-07-31T08:06:58.705+0000] {logging_mixin.py:188} INFO - [2024-07-31T08:06:58.705+0000] {dagbag.py:545} INFO - Filling up the DagBag from /home/airflow/.local/lib/python3.12/site-packages/airflow/example_dags/tutorial.py
[2024-07-31T08:06:58.711+0000] {processor.py:840} INFO - DAG(s) 'tutorial' retrieved from /home/airflow/.local/lib/python3.12/site-packages/airflow/example_dags/tutorial.py
[2024-07-31T08:06:58.732+0000] {logging_mixin.py:188} INFO - [2024-07-31T08:06:58.732+0000] {dag.py:3089} INFO - Sync 1 DAGs
[2024-07-31T08:06:58.753+0000] {logging_mixin.py:188} INFO - [2024-07-31T08:06:58.753+0000] {dag.py:3947} INFO - Setting next_dagrun for tutorial to 2024-07-30 00:00:00+00:00, run_after=2024-07-31 00:00:00+00:00
[2024-07-31T08:06:58.769+0000] {processor.py:183} INFO - Processing /home/airflow/.local/lib/python3.12/site-packages/airflow/example_dags/tutorial.py took 0.078 seconds
[2024-07-31T08:07:29.150+0000] {processor.py:161} INFO - Started process (PID=1086) to work on /home/airflow/.local/lib/python3.12/site-packages/airflow/example_dags/tutorial.py
[2024-07-31T08:07:29.151+0000] {processor.py:830} INFO - Processing file /home/airflow/.local/lib/python3.12/site-packages/airflow/example_dags/tutorial.py for tasks to queue
[2024-07-31T08:07:29.152+0000] {logging_mixin.py:188} INFO - [2024-07-31T08:07:29.152+0000] {dagbag.py:545} INFO - Filling up the DagBag from /home/airflow/.local/lib/python3.12/site-packages/airflow/example_dags/tutorial.py
[2024-07-31T08:07:29.157+0000] {processor.py:840} INFO - DAG(s) 'tutorial' retrieved from /home/airflow/.local/lib/python3.12/site-packages/airflow/example_dags/tutorial.py
[2024-07-31T08:07:29.175+0000] {logging_mixin.py:188} INFO - [2024-07-31T08:07:29.175+0000] {dag.py:3089} INFO - Sync 1 DAGs
[2024-07-31T08:07:29.197+0000] {logging_mixin.py:188} INFO - [2024-07-31T08:07:29.197+0000] {dag.py:3947} INFO - Setting next_dagrun for tutorial to 2024-07-30 00:00:00+00:00, run_after=2024-07-31 00:00:00+00:00
[2024-07-31T08:07:29.214+0000] {processor.py:183} INFO - Processing /home/airflow/.local/lib/python3.12/site-packages/airflow/example_dags/tutorial.py took 0.069 seconds
[2024-07-31T08:07:59.566+0000] {processor.py:161} INFO - Started process (PID=1144) to work on /home/airflow/.local/lib/python3.12/site-packages/airflow/example_dags/tutorial.py
[2024-07-31T08:07:59.567+0000] {processor.py:830} INFO - Processing file /home/airflow/.local/lib/python3.12/site-packages/airflow/example_dags/tutorial.py for tasks to queue
[2024-07-31T08:07:59.568+0000] {logging_mixin.py:188} INFO - [2024-07-31T08:07:59.568+0000] {dagbag.py:545} INFO - Filling up the DagBag from /home/airflow/.local/lib/python3.12/site-packages/airflow/example_dags/tutorial.py
[2024-07-31T08:07:59.573+0000] {processor.py:840} INFO - DAG(s) 'tutorial' retrieved from /home/airflow/.local/lib/python3.12/site-packages/airflow/example_dags/tutorial.py
[2024-07-31T08:07:59.593+0000] {logging_mixin.py:188} INFO - [2024-07-31T08:07:59.593+0000] {dag.py:3089} INFO - Sync 1 DAGs
[2024-07-31T08:07:59.612+0000] {logging_mixin.py:188} INFO - [2024-07-31T08:07:59.612+0000] {dag.py:3947} INFO - Setting next_dagrun for tutorial to 2024-07-30 00:00:00+00:00, run_after=2024-07-31 00:00:00+00:00
[2024-07-31T08:07:59.628+0000] {processor.py:183} INFO - Processing /home/airflow/.local/lib/python3.12/site-packages/airflow/example_dags/tutorial.py took 0.068 seconds
[2024-07-31T08:08:29.810+0000] {processor.py:161} INFO - Started process (PID=1203) to work on /home/airflow/.local/lib/python3.12/site-packages/airflow/example_dags/tutorial.py
[2024-07-31T08:08:29.811+0000] {processor.py:830} INFO - Processing file /home/airflow/.local/lib/python3.12/site-packages/airflow/example_dags/tutorial.py for tasks to queue
[2024-07-31T08:08:29.812+0000] {logging_mixin.py:188} INFO - [2024-07-31T08:08:29.812+0000] {dagbag.py:545} INFO - Filling up the DagBag from /home/airflow/.local/lib/python3.12/site-packages/airflow/example_dags/tutorial.py
[2024-07-31T08:08:29.817+0000] {processor.py:840} INFO - DAG(s) 'tutorial' retrieved from /home/airflow/.local/lib/python3.12/site-packages/airflow/example_dags/tutorial.py
[2024-07-31T08:08:29.835+0000] {logging_mixin.py:188} INFO - [2024-07-31T08:08:29.834+0000] {dag.py:3089} INFO - Sync 1 DAGs
[2024-07-31T08:08:29.854+0000] {logging_mixin.py:188} INFO - [2024-07-31T08:08:29.854+0000] {dag.py:3947} INFO - Setting next_dagrun for tutorial to 2024-07-30 00:00:00+00:00, run_after=2024-07-31 00:00:00+00:00
[2024-07-31T08:08:29.870+0000] {processor.py:183} INFO - Processing /home/airflow/.local/lib/python3.12/site-packages/airflow/example_dags/tutorial.py took 0.070 seconds
[2024-07-31T08:09:00.152+0000] {processor.py:161} INFO - Started process (PID=1261) to work on /home/airflow/.local/lib/python3.12/site-packages/airflow/example_dags/tutorial.py
[2024-07-31T08:09:00.153+0000] {processor.py:830} INFO - Processing file /home/airflow/.local/lib/python3.12/site-packages/airflow/example_dags/tutorial.py for tasks to queue
[2024-07-31T08:09:00.155+0000] {logging_mixin.py:188} INFO - [2024-07-31T08:09:00.155+0000] {dagbag.py:545} INFO - Filling up the DagBag from /home/airflow/.local/lib/python3.12/site-packages/airflow/example_dags/tutorial.py
[2024-07-31T08:09:00.160+0000] {processor.py:840} INFO - DAG(s) 'tutorial' retrieved from /home/airflow/.local/lib/python3.12/site-packages/airflow/example_dags/tutorial.py
[2024-07-31T08:09:00.182+0000] {logging_mixin.py:188} INFO - [2024-07-31T08:09:00.182+0000] {dag.py:3089} INFO - Sync 1 DAGs
[2024-07-31T08:09:00.203+0000] {logging_mixin.py:188} INFO - [2024-07-31T08:09:00.203+0000] {dag.py:3947} INFO - Setting next_dagrun for tutorial to 2024-07-30 00:00:00+00:00, run_after=2024-07-31 00:00:00+00:00
[2024-07-31T08:09:00.220+0000] {processor.py:183} INFO - Processing /home/airflow/.local/lib/python3.12/site-packages/airflow/example_dags/tutorial.py took 0.080 seconds
[2024-07-31T08:09:30.522+0000] {processor.py:161} INFO - Started process (PID=1319) to work on /home/airflow/.local/lib/python3.12/site-packages/airflow/example_dags/tutorial.py
[2024-07-31T08:09:30.523+0000] {processor.py:830} INFO - Processing file /home/airflow/.local/lib/python3.12/site-packages/airflow/example_dags/tutorial.py for tasks to queue
[2024-07-31T08:09:30.524+0000] {logging_mixin.py:188} INFO - [2024-07-31T08:09:30.524+0000] {dagbag.py:545} INFO - Filling up the DagBag from /home/airflow/.local/lib/python3.12/site-packages/airflow/example_dags/tutorial.py
[2024-07-31T08:09:30.529+0000] {processor.py:840} INFO - DAG(s) 'tutorial' retrieved from /home/airflow/.local/lib/python3.12/site-packages/airflow/example_dags/tutorial.py
[2024-07-31T08:09:30.548+0000] {logging_mixin.py:188} INFO - [2024-07-31T08:09:30.548+0000] {dag.py:3089} INFO - Sync 1 DAGs
[2024-07-31T08:09:30.570+0000] {logging_mixin.py:188} INFO - [2024-07-31T08:09:30.569+0000] {dag.py:3947} INFO - Setting next_dagrun for tutorial to 2024-07-30 00:00:00+00:00, run_after=2024-07-31 00:00:00+00:00
[2024-07-31T08:09:30.587+0000] {processor.py:183} INFO - Processing /home/airflow/.local/lib/python3.12/site-packages/airflow/example_dags/tutorial.py took 0.071 seconds
[2024-07-31T08:10:00.814+0000] {processor.py:161} INFO - Started process (PID=1377) to work on /home/airflow/.local/lib/python3.12/site-packages/airflow/example_dags/tutorial.py
[2024-07-31T08:10:00.815+0000] {processor.py:830} INFO - Processing file /home/airflow/.local/lib/python3.12/site-packages/airflow/example_dags/tutorial.py for tasks to queue
[2024-07-31T08:10:00.817+0000] {logging_mixin.py:188} INFO - [2024-07-31T08:10:00.817+0000] {dagbag.py:545} INFO - Filling up the DagBag from /home/airflow/.local/lib/python3.12/site-packages/airflow/example_dags/tutorial.py
[2024-07-31T08:10:00.822+0000] {processor.py:840} INFO - DAG(s) 'tutorial' retrieved from /home/airflow/.local/lib/python3.12/site-packages/airflow/example_dags/tutorial.py
[2024-07-31T08:10:00.841+0000] {logging_mixin.py:188} INFO - [2024-07-31T08:10:00.840+0000] {dag.py:3089} INFO - Sync 1 DAGs
[2024-07-31T08:10:00.861+0000] {logging_mixin.py:188} INFO - [2024-07-31T08:10:00.861+0000] {dag.py:3947} INFO - Setting next_dagrun for tutorial to 2024-07-30 00:00:00+00:00, run_after=2024-07-31 00:00:00+00:00
[2024-07-31T08:10:00.880+0000] {processor.py:183} INFO - Processing /home/airflow/.local/lib/python3.12/site-packages/airflow/example_dags/tutorial.py took 0.076 seconds
[2024-07-31T08:10:31.199+0000] {processor.py:161} INFO - Started process (PID=1435) to work on /home/airflow/.local/lib/python3.12/site-packages/airflow/example_dags/tutorial.py
[2024-07-31T08:10:31.199+0000] {processor.py:830} INFO - Processing file /home/airflow/.local/lib/python3.12/site-packages/airflow/example_dags/tutorial.py for tasks to queue
[2024-07-31T08:10:31.201+0000] {logging_mixin.py:188} INFO - [2024-07-31T08:10:31.201+0000] {dagbag.py:545} INFO - Filling up the DagBag from /home/airflow/.local/lib/python3.12/site-packages/airflow/example_dags/tutorial.py
[2024-07-31T08:10:31.206+0000] {processor.py:840} INFO - DAG(s) 'tutorial' retrieved from /home/airflow/.local/lib/python3.12/site-packages/airflow/example_dags/tutorial.py
[2024-07-31T08:10:31.227+0000] {logging_mixin.py:188} INFO - [2024-07-31T08:10:31.226+0000] {dag.py:3089} INFO - Sync 1 DAGs
[2024-07-31T08:10:31.247+0000] {logging_mixin.py:188} INFO - [2024-07-31T08:10:31.247+0000] {dag.py:3947} INFO - Setting next_dagrun for tutorial to 2024-07-30 00:00:00+00:00, run_after=2024-07-31 00:00:00+00:00
[2024-07-31T08:10:31.267+0000] {processor.py:183} INFO - Processing /home/airflow/.local/lib/python3.12/site-packages/airflow/example_dags/tutorial.py took 0.073 seconds
[2024-07-31T08:11:01.617+0000] {processor.py:161} INFO - Started process (PID=1493) to work on /home/airflow/.local/lib/python3.12/site-packages/airflow/example_dags/tutorial.py
[2024-07-31T08:11:01.618+0000] {processor.py:830} INFO - Processing file /home/airflow/.local/lib/python3.12/site-packages/airflow/example_dags/tutorial.py for tasks to queue
[2024-07-31T08:11:01.619+0000] {logging_mixin.py:188} INFO - [2024-07-31T08:11:01.619+0000] {dagbag.py:545} INFO - Filling up the DagBag from /home/airflow/.local/lib/python3.12/site-packages/airflow/example_dags/tutorial.py
[2024-07-31T08:11:01.624+0000] {processor.py:840} INFO - DAG(s) 'tutorial' retrieved from /home/airflow/.local/lib/python3.12/site-packages/airflow/example_dags/tutorial.py
[2024-07-31T08:11:01.642+0000] {logging_mixin.py:188} INFO - [2024-07-31T08:11:01.642+0000] {dag.py:3089} INFO - Sync 1 DAGs
[2024-07-31T08:11:01.661+0000] {logging_mixin.py:188} INFO - [2024-07-31T08:11:01.661+0000] {dag.py:3947} INFO - Setting next_dagrun for tutorial to 2024-07-30 00:00:00+00:00, run_after=2024-07-31 00:00:00+00:00
[2024-07-31T08:11:01.680+0000] {processor.py:183} INFO - Processing /home/airflow/.local/lib/python3.12/site-packages/airflow/example_dags/tutorial.py took 0.074 seconds
[2024-07-31T08:11:32.170+0000] {processor.py:161} INFO - Started process (PID=1551) to work on /home/airflow/.local/lib/python3.12/site-packages/airflow/example_dags/tutorial.py
[2024-07-31T08:11:32.171+0000] {processor.py:830} INFO - Processing file /home/airflow/.local/lib/python3.12/site-packages/airflow/example_dags/tutorial.py for tasks to queue
[2024-07-31T08:11:32.172+0000] {logging_mixin.py:188} INFO - [2024-07-31T08:11:32.172+0000] {dagbag.py:545} INFO - Filling up the DagBag from /home/airflow/.local/lib/python3.12/site-packages/airflow/example_dags/tutorial.py
[2024-07-31T08:11:32.179+0000] {processor.py:840} INFO - DAG(s) 'tutorial' retrieved from /home/airflow/.local/lib/python3.12/site-packages/airflow/example_dags/tutorial.py
[2024-07-31T08:11:32.201+0000] {logging_mixin.py:188} INFO - [2024-07-31T08:11:32.201+0000] {dag.py:3089} INFO - Sync 1 DAGs
[2024-07-31T08:11:32.229+0000] {logging_mixin.py:188} INFO - [2024-07-31T08:11:32.229+0000] {dag.py:3947} INFO - Setting next_dagrun for tutorial to 2024-07-30 00:00:00+00:00, run_after=2024-07-31 00:00:00+00:00
[2024-07-31T08:11:32.249+0000] {processor.py:183} INFO - Processing /home/airflow/.local/lib/python3.12/site-packages/airflow/example_dags/tutorial.py took 0.088 seconds
[2024-07-31T08:12:02.527+0000] {processor.py:161} INFO - Started process (PID=1609) to work on /home/airflow/.local/lib/python3.12/site-packages/airflow/example_dags/tutorial.py
[2024-07-31T08:12:02.528+0000] {processor.py:830} INFO - Processing file /home/airflow/.local/lib/python3.12/site-packages/airflow/example_dags/tutorial.py for tasks to queue
[2024-07-31T08:12:02.530+0000] {logging_mixin.py:188} INFO - [2024-07-31T08:12:02.530+0000] {dagbag.py:545} INFO - Filling up the DagBag from /home/airflow/.local/lib/python3.12/site-packages/airflow/example_dags/tutorial.py
[2024-07-31T08:12:02.535+0000] {processor.py:840} INFO - DAG(s) 'tutorial' retrieved from /home/airflow/.local/lib/python3.12/site-packages/airflow/example_dags/tutorial.py
[2024-07-31T08:12:02.557+0000] {logging_mixin.py:188} INFO - [2024-07-31T08:12:02.557+0000] {dag.py:3089} INFO - Sync 1 DAGs
[2024-07-31T08:12:02.586+0000] {logging_mixin.py:188} INFO - [2024-07-31T08:12:02.586+0000] {dag.py:3947} INFO - Setting next_dagrun for tutorial to 2024-07-30 00:00:00+00:00, run_after=2024-07-31 00:00:00+00:00
[2024-07-31T08:12:02.759+0000] {processor.py:183} INFO - Processing /home/airflow/.local/lib/python3.12/site-packages/airflow/example_dags/tutorial.py took 0.237 seconds
